<?xml version="1.0" encoding="UTF-8"?>
<testsuite name="CSCI5308.GroupFormationTool.Service.MailServiceTest" tests="3" skipped="0" failures="0" errors="0" timestamp="2020-07-06T19:13:46" hostname="Prabhjots-MacBook-Pro.local" time="0.003">
  <properties/>
  <testcase name="sendBatchMailTest()" classname="CSCI5308.GroupFormationTool.Service.MailServiceTest" time="0.001"/>
  <testcase name="setupMailSenderTest()" classname="CSCI5308.GroupFormationTool.Service.MailServiceTest" time="0.002"/>
  <testcase name="sendForgotPasswordMailTest()" classname="CSCI5308.GroupFormationTool.Service.MailServiceTest" time="0.0"/>
  <system-out><![CDATA[]]></system-out>
  <system-err><![CDATA[]]></system-err>
</testsuite>
