<?xml version="1.0" encoding="UTF-8"?>
<<<<<<< HEAD:build/test-results/test/TEST-CSCI5308.GroupFormationTool.SecurityTest.TokenGeneratorTest.xml
<testsuite name="CSCI5308.GroupFormationTool.SecurityTest.TokenGeneratorTest" tests="1" skipped="0" failures="0" errors="0" timestamp="2020-06-18T20:08:57" hostname="Prabhjots-MacBook-Pro.local" time="0.002">
  <properties/>
  <testcase name="encryptPasswordTest()" classname="CSCI5308.GroupFormationTool.SecurityTest.TokenGeneratorTest" time="0.002"/>
  <system-out><![CDATA[2020-06-18 17:08:57.064  INFO 17970 --- [    Test worker] .b.t.c.SpringBootTestContextBootstrapper : Neither @ContextConfiguration nor @ContextHierarchy found for test class [CSCI5308.GroupFormationTool.SecurityTest.TokenGeneratorTest], using SpringBootContextLoader
2020-06-18 17:08:57.065  INFO 17970 --- [    Test worker] o.s.t.c.support.AbstractContextLoader    : Could not detect default resource locations for test class [CSCI5308.GroupFormationTool.SecurityTest.TokenGeneratorTest]: no resource found for suffixes {-context.xml, Context.groovy}.
2020-06-18 17:08:57.065  INFO 17970 --- [    Test worker] t.c.s.AnnotationConfigContextLoaderUtils : Could not detect default configuration classes for test class [CSCI5308.GroupFormationTool.SecurityTest.TokenGeneratorTest]: TokenGeneratorTest does not declare any static, non-private, non-final, nested classes annotated with @Configuration.
2020-06-18 17:08:57.066  INFO 17970 --- [    Test worker] .b.t.c.SpringBootTestContextBootstrapper : Found @SpringBootConfiguration CSCI5308.GroupFormationTool.GroupFormationToolApplication for test class CSCI5308.GroupFormationTool.SecurityTest.TokenGeneratorTest
2020-06-18 17:08:57.067  INFO 17970 --- [    Test worker] .b.t.c.SpringBootTestContextBootstrapper : Loaded default TestExecutionListener class names from location [META-INF/spring.factories]: [org.springframework.security.test.context.support.WithSecurityContextTestExecutionListener, org.springframework.security.test.context.support.ReactorContextTestExecutionListener, org.springframework.boot.test.autoconfigure.restdocs.RestDocsTestExecutionListener, org.springframework.boot.test.autoconfigure.web.client.MockRestServiceServerResetTestExecutionListener, org.springframework.boot.test.autoconfigure.web.servlet.MockMvcPrintOnlyOnFailureTestExecutionListener, org.springframework.boot.test.autoconfigure.web.servlet.WebDriverTestExecutionListener, org.springframework.boot.test.mock.mockito.MockitoTestExecutionListener, org.springframework.boot.test.mock.mockito.ResetMocksTestExecutionListener, org.springframework.test.context.web.ServletTestExecutionListener, org.springframework.test.context.support.DirtiesContextBeforeModesTestExecutionListener, org.springframework.test.context.support.DependencyInjectionTestExecutionListener, org.springframework.test.context.support.DirtiesContextTestExecutionListener, org.springframework.test.context.transaction.TransactionalTestExecutionListener, org.springframework.test.context.jdbc.SqlScriptsTestExecutionListener, org.springframework.test.context.event.EventPublishingTestExecutionListener]
2020-06-18 17:08:57.067  INFO 17970 --- [    Test worker] .b.t.c.SpringBootTestContextBootstrapper : Using TestExecutionListeners: [org.springframework.test.context.web.ServletTestExecutionListener@f4e0279, org.springframework.test.context.support.DirtiesContextBeforeModesTestExecutionListener@68921aa3, org.springframework.boot.test.mock.mockito.MockitoTestExecutionListener@490c0bb5, org.springframework.boot.test.autoconfigure.SpringBootDependencyInjectionTestExecutionListener@102d3f23, org.springframework.test.context.support.DirtiesContextTestExecutionListener@6f0faa95, org.springframework.security.test.context.support.WithSecurityContextTestExecutionListener@17b0e2d5, org.springframework.test.context.event.EventPublishingTestExecutionListener@3ec80235, org.springframework.security.test.context.support.ReactorContextTestExecutionListener@4765e6e8, org.springframework.boot.test.autoconfigure.restdocs.RestDocsTestExecutionListener@552ca793, org.springframework.boot.test.autoconfigure.web.client.MockRestServiceServerResetTestExecutionListener@459a51a9, org.springframework.boot.test.autoconfigure.web.servlet.MockMvcPrintOnlyOnFailureTestExecutionListener@3bbd3a85, org.springframework.boot.test.autoconfigure.web.servlet.WebDriverTestExecutionListener@5307c9bc, org.springframework.boot.test.mock.mockito.ResetMocksTestExecutionListener@63a7fc70]
=======
<testsuite name="CSCI5308.GroupFormationTool.Security.BCryptEncryptionTest" tests="1" skipped="0" failures="0" errors="0" timestamp="2020-07-07T18:40:36" hostname="Prabhjots-MacBook-Pro.local" time="0.001">
  <properties/>
  <testcase name="encryptPasswordTest()" classname="CSCI5308.GroupFormationTool.Security.BCryptEncryptionTest" time="0.001"/>
  <system-out><![CDATA[2020-07-07 15:40:36.669  INFO 22184 --- [    Test worker] .b.t.c.SpringBootTestContextBootstrapper : Neither @ContextConfiguration nor @ContextHierarchy found for test class [CSCI5308.GroupFormationTool.Security.BCryptEncryptionTest], using SpringBootContextLoader
2020-07-07 15:40:36.670  INFO 22184 --- [    Test worker] o.s.t.c.support.AbstractContextLoader    : Could not detect default resource locations for test class [CSCI5308.GroupFormationTool.Security.BCryptEncryptionTest]: no resource found for suffixes {-context.xml, Context.groovy}.
2020-07-07 15:40:36.670  INFO 22184 --- [    Test worker] t.c.s.AnnotationConfigContextLoaderUtils : Could not detect default configuration classes for test class [CSCI5308.GroupFormationTool.Security.BCryptEncryptionTest]: BCryptEncryptionTest does not declare any static, non-private, non-final, nested classes annotated with @Configuration.
2020-07-07 15:40:36.676  INFO 22184 --- [    Test worker] .b.t.c.SpringBootTestContextBootstrapper : Found @SpringBootConfiguration CSCI5308.GroupFormationTool.GroupFormationToolApplication for test class CSCI5308.GroupFormationTool.Security.BCryptEncryptionTest
2020-07-07 15:40:36.677  INFO 22184 --- [    Test worker] .b.t.c.SpringBootTestContextBootstrapper : Loaded default TestExecutionListener class names from location [META-INF/spring.factories]: [org.springframework.security.test.context.support.WithSecurityContextTestExecutionListener, org.springframework.security.test.context.support.ReactorContextTestExecutionListener, org.springframework.boot.test.autoconfigure.restdocs.RestDocsTestExecutionListener, org.springframework.boot.test.autoconfigure.web.client.MockRestServiceServerResetTestExecutionListener, org.springframework.boot.test.autoconfigure.web.servlet.MockMvcPrintOnlyOnFailureTestExecutionListener, org.springframework.boot.test.autoconfigure.web.servlet.WebDriverTestExecutionListener, org.springframework.boot.test.mock.mockito.MockitoTestExecutionListener, org.springframework.boot.test.mock.mockito.ResetMocksTestExecutionListener, org.springframework.test.context.web.ServletTestExecutionListener, org.springframework.test.context.support.DirtiesContextBeforeModesTestExecutionListener, org.springframework.test.context.support.DependencyInjectionTestExecutionListener, org.springframework.test.context.support.DirtiesContextTestExecutionListener, org.springframework.test.context.transaction.TransactionalTestExecutionListener, org.springframework.test.context.jdbc.SqlScriptsTestExecutionListener, org.springframework.test.context.event.EventPublishingTestExecutionListener]
2020-07-07 15:40:36.678  INFO 22184 --- [    Test worker] .b.t.c.SpringBootTestContextBootstrapper : Using TestExecutionListeners: [org.springframework.test.context.web.ServletTestExecutionListener@66d28d27, org.springframework.test.context.support.DirtiesContextBeforeModesTestExecutionListener@7726022a, org.springframework.boot.test.mock.mockito.MockitoTestExecutionListener@3ad9b154, org.springframework.boot.test.autoconfigure.SpringBootDependencyInjectionTestExecutionListener@3c4daac, org.springframework.test.context.support.DirtiesContextTestExecutionListener@710dc446, org.springframework.security.test.context.support.WithSecurityContextTestExecutionListener@36fdbf1f, org.springframework.test.context.event.EventPublishingTestExecutionListener@41d9fb85, org.springframework.security.test.context.support.ReactorContextTestExecutionListener@646d58a8, org.springframework.boot.test.autoconfigure.restdocs.RestDocsTestExecutionListener@7bdd9f97, org.springframework.boot.test.autoconfigure.web.client.MockRestServiceServerResetTestExecutionListener@2003d2b4, org.springframework.boot.test.autoconfigure.web.servlet.MockMvcPrintOnlyOnFailureTestExecutionListener@2e8810e2, org.springframework.boot.test.autoconfigure.web.servlet.WebDriverTestExecutionListener@20aea583, org.springframework.boot.test.mock.mockito.ResetMocksTestExecutionListener@3718b726]
>>>>>>> hotfix:build/test-results/test/TEST-CSCI5308.GroupFormationTool.Security.BCryptEncryptionTest.xml
]]></system-out>
  <system-err><![CDATA[]]></system-err>
</testsuite>
