<?xml version="1.0" encoding="UTF-8"?>
<testsuite name="CSCI5308.GroupFormationTool.Survey.SurveyControllerTest" tests="1" skipped="0" failures="0" errors="0" timestamp="2020-07-16T02:08:46" hostname="Prabhjots-MacBook-Pro.local" time="0.021">
  <properties/>
  <testcase name="publishSurveyTest()" classname="CSCI5308.GroupFormationTool.Survey.SurveyControllerTest" time="0.021"/>
  <system-out><![CDATA[
  .   ____          _            __ _ _
 /\\ / ___'_ __ _ _(_)_ __  __ _ \ \ \ \
( ( )\___ | '_ | '_| | '_ \/ _` | \ \ \ \
 \\/  ___)| |_)| | | | | || (_| |  ) ) ) )
  '  |____| .__|_| |_|_| |_\__, | / / / /
 =========|_|==============|___/=/_/_/_/
 :: Spring Boot ::        (v2.2.7.RELEASE)

2020-07-15 23:08:46.420  INFO 38787 --- [    Test worker] C.G.Survey.SurveyControllerTest          : Starting SurveyControllerTest on Prabhjots-MacBook-Pro.local with PID 38787 (started by prabhjotkaur in /Users/prabhjotkaur/git/group22)
2020-07-15 23:08:46.420  INFO 38787 --- [    Test worker] C.G.Survey.SurveyControllerTest          : No active profile set, falling back to default profiles: default
2020-07-15 23:08:46.724  INFO 38787 --- [    Test worker] C.G.Survey.SurveyControllerTest          : Started SurveyControllerTest in 0.313 seconds (JVM running for 8.55)
2020-07-15 23:08:46.728  INFO 38787 --- [    Test worker] C.G.Course.InstructorCourseController    : Getting survey id for the course
2020-07-15 23:08:46.728  INFO 38787 --- [    Test worker] C.GroupFormationTool.Survey.Survey       : Getting survey id based on course id
2020-07-15 23:08:46.729  INFO 38787 --- [    Test worker] C.G.Course.InstructorCourseController    : Survey id for the courseSDCis 0
2020-07-15 23:08:46.729  INFO 38787 --- [    Test worker] C.GroupFormationTool.Survey.Survey       : Publishing the survey
2020-07-15 23:08:46.729  INFO 38787 --- [    Test worker] C.G.Course.InstructorCourseController    : Check condition for survey published or not result value true

MockHttpServletRequest:
      HTTP Method = POST
      Request URI = /survey/publishSurvey
       Parameters = {courseName=[SDC], courseId=[CSCI3901], _csrf=[00e8d33e-882b-404d-8db0-e15d792f54c1]}
          Headers = []
             Body = <no character encoding set>
    Session Attrs = {}

Handler:
             Type = CSCI5308.GroupFormationTool.Survey.SurveyController
           Method = CSCI5308.GroupFormationTool.Survey.SurveyController#publishSurvey(String, String, Model)

Async:
    Async started = false
     Async result = null

Resolved Exception:
             Type = null

ModelAndView:
        View name = course/instructorCourseDetails
             View = null
        Attribute = published
            value = true
        Attribute = courseId
            value = CSCI3901
        Attribute = courseName
            value = SDC
        Attribute = created
            value = 0

FlashMap:
       Attributes = null

MockHttpServletResponse:
           Status = 200
    Error message = null
          Headers = [Content-Language:"en", Content-Type:"text/html;charset=UTF-8", X-Content-Type-Options:"nosniff", X-XSS-Protection:"1; mode=block", Cache-Control:"no-cache, no-store, max-age=0, must-revalidate", Pragma:"no-cache", Expires:"0", X-Frame-Options:"DENY"]
     Content type = text/html;charset=UTF-8
             Body = <!DOCTYPE html>
<html lang="en" xmlns="http://www.w3.org/1999/xhtml">
<head>
    <meta charset="utf-8"/>
    <meta content="IE=edge" http-equiv="X-UA-Compatible"/>
    <meta content="width=device-width, initial-scale=1" name="viewport"/>
    <link href="favicon.ico" rel="icon"/>
    <title>Instructor Course Details</title>
    <link
            crossorigin="anonymous"
            href="//maxcdn.bootstrapcdn.com/bootstrap/3.3.7/css/bootstrap.min.css"
            integrity="sha384-BVYiiSIFeK1dGmJRAkycuHAHRg32OmUcww7on3RYdg4Va+PmSTsz/K68vbdEjh4u"
            rel="stylesheet"/>

</head>
<body style="background-color: #e7ebee">
<div class="container">
    <div>
        <p>You have not yet logged in to the application. Please login to
            continue...</p>
        <a href="/login">Click here to log in!</a>
    </div>
    
</body>
</html>
    Forwarded URL = null
   Redirected URL = null
          Cookies = []
2020-07-15 23:08:46.743  INFO 38787 --- [    Test worker] C.G.Course.InstructorCourseController    : Getting survey id for the course
2020-07-15 23:08:46.743  INFO 38787 --- [    Test worker] C.GroupFormationTool.Survey.Survey       : Getting survey id based on course id
2020-07-15 23:08:46.743  INFO 38787 --- [    Test worker] C.G.Course.InstructorCourseController    : Survey id for the courseSDCis 0
2020-07-15 23:08:46.743  INFO 38787 --- [    Test worker] C.GroupFormationTool.Survey.Survey       : Publishing the survey
2020-07-15 23:08:46.744  INFO 38787 --- [    Test worker] C.G.Course.InstructorCourseController    : Check condition for survey published or not result value false

MockHttpServletRequest:
      HTTP Method = POST
      Request URI = /survey/publishSurvey
       Parameters = {courseName=[SDC], courseId=[CSCI3901], _csrf=[621f3f9d-e02b-430e-9095-36a04f3401fd]}
          Headers = []
             Body = <no character encoding set>
    Session Attrs = {}

Handler:
             Type = CSCI5308.GroupFormationTool.Survey.SurveyController
           Method = CSCI5308.GroupFormationTool.Survey.SurveyController#publishSurvey(String, String, Model)

Async:
    Async started = false
     Async result = null

Resolved Exception:
             Type = null

ModelAndView:
        View name = course/instructorCourseDetails
             View = null
        Attribute = published
            value = false
        Attribute = questionError
            value = Add atleast one question to the survey to publish the survey!!
        Attribute = courseId
            value = CSCI3901
        Attribute = courseName
            value = SDC
        Attribute = created
            value = 0

FlashMap:
       Attributes = null

MockHttpServletResponse:
           Status = 200
    Error message = null
          Headers = [Content-Language:"en", Content-Type:"text/html;charset=UTF-8", X-Content-Type-Options:"nosniff", X-XSS-Protection:"1; mode=block", Cache-Control:"no-cache, no-store, max-age=0, must-revalidate", Pragma:"no-cache", Expires:"0", X-Frame-Options:"DENY"]
     Content type = text/html;charset=UTF-8
             Body = <!DOCTYPE html>
<html lang="en" xmlns="http://www.w3.org/1999/xhtml">
<head>
    <meta charset="utf-8"/>
    <meta content="IE=edge" http-equiv="X-UA-Compatible"/>
    <meta content="width=device-width, initial-scale=1" name="viewport"/>
    <link href="favicon.ico" rel="icon"/>
    <title>Instructor Course Details</title>
    <link
            crossorigin="anonymous"
            href="//maxcdn.bootstrapcdn.com/bootstrap/3.3.7/css/bootstrap.min.css"
            integrity="sha384-BVYiiSIFeK1dGmJRAkycuHAHRg32OmUcww7on3RYdg4Va+PmSTsz/K68vbdEjh4u"
            rel="stylesheet"/>

</head>
<body style="background-color: #e7ebee">
<div class="container">
    <div>
        <p>You have not yet logged in to the application. Please login to
            continue...</p>
        <a href="/login">Click here to log in!</a>
    </div>
    
</body>
</html>
    Forwarded URL = null
   Redirected URL = null
          Cookies = []
]]></system-out>
  <system-err><![CDATA[]]></system-err>
</testsuite>
