<?xml version="1.0" encoding="UTF-8"?>
<testsuite name="CSCI5308.GroupFormationTool.Course.StudentRepositoryTest" tests="1" skipped="0" failures="0" errors="0" timestamp="2020-07-10T05:03:24" hostname="Prabhjots-MacBook-Pro.local" time="0.001">
  <properties/>
  <testcase name="createStudentTest()" classname="CSCI5308.GroupFormationTool.Course.StudentRepositoryTest" time="0.001"/>
  <system-out><![CDATA[2020-07-10 02:03:24.985  INFO 10909 --- [    Test worker] .b.t.c.SpringBootTestContextBootstrapper : Neither @ContextConfiguration nor @ContextHierarchy found for test class [CSCI5308.GroupFormationTool.Course.StudentRepositoryTest], using SpringBootContextLoader
2020-07-10 02:03:24.986  INFO 10909 --- [    Test worker] o.s.t.c.support.AbstractContextLoader    : Could not detect default resource locations for test class [CSCI5308.GroupFormationTool.Course.StudentRepositoryTest]: no resource found for suffixes {-context.xml, Context.groovy}.
2020-07-10 02:03:24.986  INFO 10909 --- [    Test worker] t.c.s.AnnotationConfigContextLoaderUtils : Could not detect default configuration classes for test class [CSCI5308.GroupFormationTool.Course.StudentRepositoryTest]: StudentRepositoryTest does not declare any static, non-private, non-final, nested classes annotated with @Configuration.
2020-07-10 02:03:24.987  INFO 10909 --- [    Test worker] .b.t.c.SpringBootTestContextBootstrapper : Found @SpringBootConfiguration CSCI5308.GroupFormationTool.GroupFormationToolApplication for test class CSCI5308.GroupFormationTool.Course.StudentRepositoryTest
2020-07-10 02:03:24.988  INFO 10909 --- [    Test worker] .b.t.c.SpringBootTestContextBootstrapper : Loaded default TestExecutionListener class names from location [META-INF/spring.factories]: [org.springframework.security.test.context.support.WithSecurityContextTestExecutionListener, org.springframework.security.test.context.support.ReactorContextTestExecutionListener, org.springframework.boot.test.autoconfigure.restdocs.RestDocsTestExecutionListener, org.springframework.boot.test.autoconfigure.web.client.MockRestServiceServerResetTestExecutionListener, org.springframework.boot.test.autoconfigure.web.servlet.MockMvcPrintOnlyOnFailureTestExecutionListener, org.springframework.boot.test.autoconfigure.web.servlet.WebDriverTestExecutionListener, org.springframework.boot.test.mock.mockito.MockitoTestExecutionListener, org.springframework.boot.test.mock.mockito.ResetMocksTestExecutionListener, org.springframework.test.context.web.ServletTestExecutionListener, org.springframework.test.context.support.DirtiesContextBeforeModesTestExecutionListener, org.springframework.test.context.support.DependencyInjectionTestExecutionListener, org.springframework.test.context.support.DirtiesContextTestExecutionListener, org.springframework.test.context.transaction.TransactionalTestExecutionListener, org.springframework.test.context.jdbc.SqlScriptsTestExecutionListener, org.springframework.test.context.event.EventPublishingTestExecutionListener]
2020-07-10 02:03:24.988  INFO 10909 --- [    Test worker] .b.t.c.SpringBootTestContextBootstrapper : Using TestExecutionListeners: [org.springframework.test.context.web.ServletTestExecutionListener@133ea3a1, org.springframework.test.context.support.DirtiesContextBeforeModesTestExecutionListener@37c2d806, org.springframework.boot.test.mock.mockito.MockitoTestExecutionListener@465a8693, org.springframework.boot.test.autoconfigure.SpringBootDependencyInjectionTestExecutionListener@267d9630, org.springframework.test.context.support.DirtiesContextTestExecutionListener@40381af5, org.springframework.security.test.context.support.WithSecurityContextTestExecutionListener@611bf81c, org.springframework.test.context.event.EventPublishingTestExecutionListener@73e784b2, org.springframework.security.test.context.support.ReactorContextTestExecutionListener@39e140e8, org.springframework.boot.test.autoconfigure.restdocs.RestDocsTestExecutionListener@398e1a93, org.springframework.boot.test.autoconfigure.web.client.MockRestServiceServerResetTestExecutionListener@7ebcea6, org.springframework.boot.test.autoconfigure.web.servlet.MockMvcPrintOnlyOnFailureTestExecutionListener@48e618fd, org.springframework.boot.test.autoconfigure.web.servlet.WebDriverTestExecutionListener@7b33e709, org.springframework.boot.test.mock.mockito.ResetMocksTestExecutionListener@32a0207e]
]]></system-out>
  <system-err><![CDATA[]]></system-err>
</testsuite>
