<?xml version="1.0" encoding="UTF-8"?>
<testsuite name="CSCI5308.GroupFormationTool.User.UserTest" tests="16" skipped="0" failures="0" errors="0" timestamp="2020-07-09T16:37:34" hostname="Prabhjots-MacBook-Pro.local" time="0.025">
  <properties/>
  <testcase name="getPasswordTest()" classname="CSCI5308.GroupFormationTool.User.UserTest" time="0.001"/>
  <testcase name="getFirstNameTest()" classname="CSCI5308.GroupFormationTool.User.UserTest" time="0.001"/>
  <testcase name="setLastNameTest()" classname="CSCI5308.GroupFormationTool.User.UserTest" time="0.001"/>
  <testcase name="setBannerIdTest()" classname="CSCI5308.GroupFormationTool.User.UserTest" time="0.001"/>
  <testcase name="setPasswordTest()" classname="CSCI5308.GroupFormationTool.User.UserTest" time="0.001"/>
  <testcase name="setEmailIdTest()" classname="CSCI5308.GroupFormationTool.User.UserTest" time="0.001"/>
  <testcase name="getConfirmPasswordTest()" classname="CSCI5308.GroupFormationTool.User.UserTest" time="0.001"/>
  <testcase name="setIdTest()" classname="CSCI5308.GroupFormationTool.User.UserTest" time="0.001"/>
  <testcase name="setConfirmPasswordTest()" classname="CSCI5308.GroupFormationTool.User.UserTest" time="0.001"/>
  <testcase name="getIdTest()" classname="CSCI5308.GroupFormationTool.User.UserTest" time="0.001"/>
  <testcase name="checkCurrentUserIsAdminTest()" classname="CSCI5308.GroupFormationTool.User.UserTest" time="0.002"/>
  <testcase name="createUserTest()" classname="CSCI5308.GroupFormationTool.User.UserTest" time="0.004"/>
  <testcase name="setFirstNameTest()" classname="CSCI5308.GroupFormationTool.User.UserTest" time="0.001"/>
  <testcase name="getEmailIdTest()" classname="CSCI5308.GroupFormationTool.User.UserTest" time="0.001"/>
  <testcase name="getLastNameTest()" classname="CSCI5308.GroupFormationTool.User.UserTest" time="0.001"/>
  <testcase name="getBannerIdTest()" classname="CSCI5308.GroupFormationTool.User.UserTest" time="0.001"/>
  <system-out><![CDATA[2020-07-09 13:37:34.184  INFO 7318 --- [    Test worker] .b.t.c.SpringBootTestContextBootstrapper : Neither @ContextConfiguration nor @ContextHierarchy found for test class [CSCI5308.GroupFormationTool.User.UserTest], using SpringBootContextLoader
2020-07-09 13:37:34.184  INFO 7318 --- [    Test worker] o.s.t.c.support.AbstractContextLoader    : Could not detect default resource locations for test class [CSCI5308.GroupFormationTool.User.UserTest]: no resource found for suffixes {-context.xml, Context.groovy}.
2020-07-09 13:37:34.184  INFO 7318 --- [    Test worker] t.c.s.AnnotationConfigContextLoaderUtils : Could not detect default configuration classes for test class [CSCI5308.GroupFormationTool.User.UserTest]: UserTest does not declare any static, non-private, non-final, nested classes annotated with @Configuration.
2020-07-09 13:37:34.187  INFO 7318 --- [    Test worker] .b.t.c.SpringBootTestContextBootstrapper : Found @SpringBootConfiguration CSCI5308.GroupFormationTool.GroupFormationToolApplication for test class CSCI5308.GroupFormationTool.User.UserTest
2020-07-09 13:37:34.188  INFO 7318 --- [    Test worker] .b.t.c.SpringBootTestContextBootstrapper : Loaded default TestExecutionListener class names from location [META-INF/spring.factories]: [org.springframework.security.test.context.support.WithSecurityContextTestExecutionListener, org.springframework.security.test.context.support.ReactorContextTestExecutionListener, org.springframework.boot.test.autoconfigure.restdocs.RestDocsTestExecutionListener, org.springframework.boot.test.autoconfigure.web.client.MockRestServiceServerResetTestExecutionListener, org.springframework.boot.test.autoconfigure.web.servlet.MockMvcPrintOnlyOnFailureTestExecutionListener, org.springframework.boot.test.autoconfigure.web.servlet.WebDriverTestExecutionListener, org.springframework.boot.test.mock.mockito.MockitoTestExecutionListener, org.springframework.boot.test.mock.mockito.ResetMocksTestExecutionListener, org.springframework.test.context.web.ServletTestExecutionListener, org.springframework.test.context.support.DirtiesContextBeforeModesTestExecutionListener, org.springframework.test.context.support.DependencyInjectionTestExecutionListener, org.springframework.test.context.support.DirtiesContextTestExecutionListener, org.springframework.test.context.transaction.TransactionalTestExecutionListener, org.springframework.test.context.jdbc.SqlScriptsTestExecutionListener, org.springframework.test.context.event.EventPublishingTestExecutionListener]
2020-07-09 13:37:34.189  INFO 7318 --- [    Test worker] .b.t.c.SpringBootTestContextBootstrapper : Using TestExecutionListeners: [org.springframework.test.context.web.ServletTestExecutionListener@6ed2dcaf, org.springframework.test.context.support.DirtiesContextBeforeModesTestExecutionListener@7afd2ca6, org.springframework.boot.test.mock.mockito.MockitoTestExecutionListener@550783a1, org.springframework.boot.test.autoconfigure.SpringBootDependencyInjectionTestExecutionListener@77f91df9, org.springframework.test.context.support.DirtiesContextTestExecutionListener@fb6800d, org.springframework.security.test.context.support.WithSecurityContextTestExecutionListener@1c3d0541, org.springframework.test.context.event.EventPublishingTestExecutionListener@754e97ec, org.springframework.security.test.context.support.ReactorContextTestExecutionListener@4ae75a69, org.springframework.boot.test.autoconfigure.restdocs.RestDocsTestExecutionListener@71ea1dd0, org.springframework.boot.test.autoconfigure.web.client.MockRestServiceServerResetTestExecutionListener@50909a1, org.springframework.boot.test.autoconfigure.web.servlet.MockMvcPrintOnlyOnFailureTestExecutionListener@4f91f1b, org.springframework.boot.test.autoconfigure.web.servlet.WebDriverTestExecutionListener@743d29ff, org.springframework.boot.test.mock.mockito.ResetMocksTestExecutionListener@5518be35]
]]></system-out>
  <system-err><![CDATA[]]></system-err>
</testsuite>
