<?xml version="1.0" encoding="UTF-8"?>
<testsuite name="CSCI5308.GroupFormationTool.GroupFormationToolApplicationTests" tests="1" skipped="0" failures="0" errors="0" timestamp="2020-06-04T21:50:07" hostname="Prabhjots-MacBook-Pro.local" time="0.378">
  <properties/>
  <testcase name="contextLoads()" classname="CSCI5308.GroupFormationTool.GroupFormationToolApplicationTests" time="0.378"/>
  <system-out><![CDATA[18:50:05.333 [Test worker] DEBUG org.springframework.test.context.BootstrapUtils - Instantiating CacheAwareContextLoaderDelegate from class [org.springframework.test.context.cache.DefaultCacheAwareContextLoaderDelegate]
18:50:05.345 [Test worker] DEBUG org.springframework.test.context.BootstrapUtils - Instantiating BootstrapContext using constructor [public org.springframework.test.context.support.DefaultBootstrapContext(java.lang.Class,org.springframework.test.context.CacheAwareContextLoaderDelegate)]
18:50:05.371 [Test worker] DEBUG org.springframework.test.context.BootstrapUtils - Instantiating TestContextBootstrapper for test class [CSCI5308.GroupFormationTool.GroupFormationToolApplicationTests] from class [org.springframework.boot.test.context.SpringBootTestContextBootstrapper]
18:50:05.385 [Test worker] INFO org.springframework.boot.test.context.SpringBootTestContextBootstrapper - Neither @ContextConfiguration nor @ContextHierarchy found for test class [CSCI5308.GroupFormationTool.GroupFormationToolApplicationTests], using SpringBootContextLoader
18:50:05.389 [Test worker] DEBUG org.springframework.test.context.support.AbstractContextLoader - Did not detect default resource location for test class [CSCI5308.GroupFormationTool.GroupFormationToolApplicationTests]: class path resource [CSCI5308/GroupFormationTool/GroupFormationToolApplicationTests-context.xml] does not exist
18:50:05.389 [Test worker] DEBUG org.springframework.test.context.support.AbstractContextLoader - Did not detect default resource location for test class [CSCI5308.GroupFormationTool.GroupFormationToolApplicationTests]: class path resource [CSCI5308/GroupFormationTool/GroupFormationToolApplicationTestsContext.groovy] does not exist
18:50:05.389 [Test worker] INFO org.springframework.test.context.support.AbstractContextLoader - Could not detect default resource locations for test class [CSCI5308.GroupFormationTool.GroupFormationToolApplicationTests]: no resource found for suffixes {-context.xml, Context.groovy}.
18:50:05.390 [Test worker] INFO org.springframework.test.context.support.AnnotationConfigContextLoaderUtils - Could not detect default configuration classes for test class [CSCI5308.GroupFormationTool.GroupFormationToolApplicationTests]: GroupFormationToolApplicationTests does not declare any static, non-private, non-final, nested classes annotated with @Configuration.
18:50:05.426 [Test worker] DEBUG org.springframework.test.context.support.ActiveProfilesUtils - Could not find an 'annotation declaring class' for annotation type [org.springframework.test.context.ActiveProfiles] and class [CSCI5308.GroupFormationTool.GroupFormationToolApplicationTests]
18:50:05.484 [Test worker] DEBUG org.springframework.context.annotation.ClassPathScanningCandidateComponentProvider - Identified candidate component class: file [/Users/prabhjotkaur/git/group22/build/classes/java/main/CSCI5308/GroupFormationTool/GroupFormationToolApplication.class]
18:50:05.485 [Test worker] INFO org.springframework.boot.test.context.SpringBootTestContextBootstrapper - Found @SpringBootConfiguration CSCI5308.GroupFormationTool.GroupFormationToolApplication for test class CSCI5308.GroupFormationTool.GroupFormationToolApplicationTests
18:50:05.559 [Test worker] DEBUG org.springframework.boot.test.context.SpringBootTestContextBootstrapper - @TestExecutionListeners is not present for class [CSCI5308.GroupFormationTool.GroupFormationToolApplicationTests]: using defaults.
18:50:05.560 [Test worker] INFO org.springframework.boot.test.context.SpringBootTestContextBootstrapper - Loaded default TestExecutionListener class names from location [META-INF/spring.factories]: [org.springframework.security.test.context.support.WithSecurityContextTestExecutionListener, org.springframework.security.test.context.support.ReactorContextTestExecutionListener, org.springframework.boot.test.autoconfigure.restdocs.RestDocsTestExecutionListener, org.springframework.boot.test.autoconfigure.web.client.MockRestServiceServerResetTestExecutionListener, org.springframework.boot.test.autoconfigure.web.servlet.MockMvcPrintOnlyOnFailureTestExecutionListener, org.springframework.boot.test.autoconfigure.web.servlet.WebDriverTestExecutionListener, org.springframework.boot.test.mock.mockito.MockitoTestExecutionListener, org.springframework.boot.test.mock.mockito.ResetMocksTestExecutionListener, org.springframework.test.context.web.ServletTestExecutionListener, org.springframework.test.context.support.DirtiesContextBeforeModesTestExecutionListener, org.springframework.test.context.support.DependencyInjectionTestExecutionListener, org.springframework.test.context.support.DirtiesContextTestExecutionListener, org.springframework.test.context.transaction.TransactionalTestExecutionListener, org.springframework.test.context.jdbc.SqlScriptsTestExecutionListener, org.springframework.test.context.event.EventPublishingTestExecutionListener]
18:50:05.573 [Test worker] DEBUG org.springframework.boot.test.context.SpringBootTestContextBootstrapper - Skipping candidate TestExecutionListener [org.springframework.test.context.transaction.TransactionalTestExecutionListener] due to a missing dependency. Specify custom listener classes or make the default listener classes and their required dependencies available. Offending class: [org/springframework/transaction/interceptor/TransactionAttributeSource]
18:50:05.573 [Test worker] DEBUG org.springframework.boot.test.context.SpringBootTestContextBootstrapper - Skipping candidate TestExecutionListener [org.springframework.test.context.jdbc.SqlScriptsTestExecutionListener] due to a missing dependency. Specify custom listener classes or make the default listener classes and their required dependencies available. Offending class: [org/springframework/transaction/interceptor/TransactionAttribute]
18:50:05.574 [Test worker] INFO org.springframework.boot.test.context.SpringBootTestContextBootstrapper - Using TestExecutionListeners: [org.springframework.test.context.web.ServletTestExecutionListener@251ed6f3, org.springframework.test.context.support.DirtiesContextBeforeModesTestExecutionListener@30889444, org.springframework.boot.test.mock.mockito.MockitoTestExecutionListener@60519d46, org.springframework.boot.test.autoconfigure.SpringBootDependencyInjectionTestExecutionListener@68251cb0, org.springframework.test.context.support.DirtiesContextTestExecutionListener@3bdfe609, org.springframework.security.test.context.support.WithSecurityContextTestExecutionListener@4f816f82, org.springframework.test.context.event.EventPublishingTestExecutionListener@23d66099, org.springframework.security.test.context.support.ReactorContextTestExecutionListener@63d638cf, org.springframework.boot.test.autoconfigure.restdocs.RestDocsTestExecutionListener@277d6512, org.springframework.boot.test.autoconfigure.web.client.MockRestServiceServerResetTestExecutionListener@6344f300, org.springframework.boot.test.autoconfigure.web.servlet.MockMvcPrintOnlyOnFailureTestExecutionListener@73068559, org.springframework.boot.test.autoconfigure.web.servlet.WebDriverTestExecutionListener@2144cbb6, org.springframework.boot.test.mock.mockito.ResetMocksTestExecutionListener@6d5d7f79]
18:50:05.576 [Test worker] DEBUG org.springframework.test.context.support.AbstractDirtiesContextTestExecutionListener - Before test class: context [DefaultTestContext@11183962 testClass = GroupFormationToolApplicationTests, testInstance = [null], testMethod = [null], testException = [null], mergedContextConfiguration = [WebMergedContextConfiguration@6c20f55d testClass = GroupFormationToolApplicationTests, locations = '{}', classes = '{class CSCI5308.GroupFormationTool.GroupFormationToolApplication}', contextInitializerClasses = '[]', activeProfiles = '{}', propertySourceLocations = '{}', propertySourceProperties = '{org.springframework.boot.test.context.SpringBootTestContextBootstrapper=true}', contextCustomizers = set[org.springframework.boot.test.autoconfigure.properties.PropertyMappingContextCustomizer@0, org.springframework.boot.test.autoconfigure.web.servlet.WebDriverContextCustomizerFactory$Customizer@2d9a73eb, org.springframework.boot.test.context.filter.ExcludeFilterContextCustomizer@3e2e2c2f, org.springframework.boot.test.json.DuplicateJsonObjectContextCustomizerFactory$DuplicateJsonObjectContextCustomizer@4bf04134, org.springframework.boot.test.mock.mockito.MockitoContextCustomizer@0, org.springframework.boot.test.web.client.TestRestTemplateContextCustomizer@718dc462, org.springframework.boot.test.context.SpringBootTestArgs@1], resourceBasePath = 'src/main/webapp', contextLoader = 'org.springframework.boot.test.context.SpringBootContextLoader', parent = [null]], attributes = map['org.springframework.test.context.web.ServletTestExecutionListener.activateListener' -> true]], class annotated with @DirtiesContext [false] with mode [null].
18:50:05.601 [Test worker] DEBUG org.springframework.test.context.support.TestPropertySourceUtils - Adding inlined properties to environment: {spring.jmx.enabled=false, org.springframework.boot.test.context.SpringBootTestContextBootstrapper=true, server.port=-1}

  .   ____          _            __ _ _
 /\\ / ___'_ __ _ _(_)_ __  __ _ \ \ \ \
( ( )\___ | '_ | '_| | '_ \/ _` | \ \ \ \
 \\/  ___)| |_)| | | | | || (_| |  ) ) ) )
  '  |____| .__|_| |_|_| |_\__, | / / / /
 =========|_|==============|___/=/_/_/_/
 :: Spring Boot ::        (v2.2.7.RELEASE)

2020-06-04 18:50:05.846  INFO 36983 --- [    Test worker] C.G.GroupFormationToolApplicationTests   : Starting GroupFormationToolApplicationTests on Prabhjots-MacBook-Pro.local with PID 36983 (started by prabhjotkaur in /Users/prabhjotkaur/git/group22)
2020-06-04 18:50:05.847  INFO 36983 --- [    Test worker] C.G.GroupFormationToolApplicationTests   : No active profile set, falling back to default profiles: default
2020-06-04 18:50:06.895  INFO 36983 --- [    Test worker] o.s.s.web.DefaultSecurityFilterChain     : Creating filter chain: Ant [pattern='/resources/**'], []
2020-06-04 18:50:06.978  INFO 36983 --- [    Test worker] o.s.s.web.DefaultSecurityFilterChain     : Creating filter chain: any request, [org.springframework.security.web.context.request.async.WebAsyncManagerIntegrationFilter@13d220b6, org.springframework.security.web.context.SecurityContextPersistenceFilter@3083ffc4, org.springframework.security.web.header.HeaderWriterFilter@6a5ead7f, org.springframework.security.web.csrf.CsrfFilter@69a45e88, org.springframework.security.web.authentication.logout.LogoutFilter@45aa66b, org.springframework.security.web.authentication.UsernamePasswordAuthenticationFilter@79eaac50, org.springframework.security.web.savedrequest.RequestCacheAwareFilter@1c56d654, org.springframework.security.web.servletapi.SecurityContextHolderAwareRequestFilter@2fc466e7, org.springframework.security.web.authentication.AnonymousAuthenticationFilter@19411962, org.springframework.security.web.session.SessionManagementFilter@3fc2b099, org.springframework.security.web.access.ExceptionTranslationFilter@32698703, org.springframework.security.web.access.intercept.FilterSecurityInterceptor@5880e912]
2020-06-04 18:50:07.215  INFO 36983 --- [    Test worker] o.s.s.concurrent.ThreadPoolTaskExecutor  : Initializing ExecutorService 'applicationTaskExecutor'
2020-06-04 18:50:07.288  INFO 36983 --- [    Test worker] o.s.b.a.w.s.WelcomePageHandlerMapping    : Adding welcome page template: index
2020-06-04 18:50:07.480  INFO 36983 --- [    Test worker] C.G.GroupFormationToolApplicationTests   : Started GroupFormationToolApplicationTests in 1.868 seconds (JVM running for 2.818)
]]></system-out>
  <system-err><![CDATA[]]></system-err>
</testsuite>
