<?xml version="1.0" encoding="UTF-8"?>
<testsuite name="CSCI5308.GroupFormationTool.Password.ForgotPasswordManagerTest" tests="2" skipped="0" failures="0" errors="0" timestamp="2020-07-13T16:07:19" hostname="Prabhjots-MacBook-Pro.local" time="0.039">
  <properties/>
  <testcase name="updatePasswordTest()" classname="CSCI5308.GroupFormationTool.Password.ForgotPasswordManagerTest" time="0.034"/>
  <testcase name="notifyUserTest()" classname="CSCI5308.GroupFormationTool.Password.ForgotPasswordManagerTest" time="0.004"/>
  <system-out><![CDATA[2020-07-13 13:07:20.025  INFO 22716 --- [    Test worker] C.GroupFormationTool.Password.Policy     : Calling the Policy Repository to check if the password follows enabled security policies
2020-07-13 13:07:20.025  INFO 22716 --- [    Test worker] C.GroupFormationTool.Password.Policy     : Checking if the password follows enabled security policies
2020-07-13 13:07:20.027  INFO 22716 --- [    Test worker] C.GroupFormationTool.Password.Policy     : Calling the Policy Repository to check if the password follows enabled security policies
2020-07-13 13:07:20.027  INFO 22716 --- [    Test worker] C.GroupFormationTool.Password.Policy     : Checking if the password follows enabled security policies
2020-07-13 13:07:20.027 ERROR 22716 --- [    Test worker] C.GroupFormationTool.Password.Policy     : Minimum password length security policy is violated
2020-07-13 13:07:20.028  INFO 22716 --- [    Test worker] C.GroupFormationTool.Password.Policy     : Calling the Policy Repository to check if the password follows enabled security policies
2020-07-13 13:07:20.028  INFO 22716 --- [    Test worker] C.GroupFormationTool.Password.Policy     : Checking if the password follows enabled security policies
2020-07-13 13:07:20.029  INFO 22716 --- [    Test worker] C.GroupFormationTool.Password.Policy     : Calling the Policy Repository to check if the password follows enabled security policies
2020-07-13 13:07:20.030  INFO 22716 --- [    Test worker] C.GroupFormationTool.Password.Policy     : Checking if the password follows enabled security policies
2020-07-13 13:07:20.030  INFO 22716 --- [    Test worker] C.G.Password.ForgotPasswordManager       : User violated history while updating password
2020-07-13 13:07:20.031  INFO 22716 --- [    Test worker] C.GroupFormationTool.Password.Policy     : Calling the Policy Repository to check if the password follows enabled security policies
2020-07-13 13:07:20.031  INFO 22716 --- [    Test worker] C.GroupFormationTool.Password.Policy     : Checking if the password follows enabled security policies
2020-07-13 13:07:20.035  INFO 22716 --- [    Test worker] C.G.Password.ForgotPasswordManager       : User is updating existing token
2020-07-13 13:07:20.036  INFO 22716 --- [    Test worker] C.G.Password.ForgotPasswordManager       : User is adding new token
]]></system-out>
  <system-err><![CDATA[]]></system-err>
</testsuite>
