<?xml version="1.0" encoding="UTF-8"?>
<testsuite name="CSCI5308.GroupFormationTool.Question.ChoiceTest" tests="4" skipped="0" failures="0" errors="0" timestamp="2020-07-10T05:03:30" hostname="Prabhjots-MacBook-Pro.local" time="0.005">
  <properties/>
  <testcase name="getText()" classname="CSCI5308.GroupFormationTool.Question.ChoiceTest" time="0.001"/>
  <testcase name="setValue()" classname="CSCI5308.GroupFormationTool.Question.ChoiceTest" time="0.001"/>
  <testcase name="getValue()" classname="CSCI5308.GroupFormationTool.Question.ChoiceTest" time="0.001"/>
  <testcase name="setText()" classname="CSCI5308.GroupFormationTool.Question.ChoiceTest" time="0.001"/>
  <system-out><![CDATA[2020-07-10 02:03:30.664  INFO 10909 --- [    Test worker] .b.t.c.SpringBootTestContextBootstrapper : Neither @ContextConfiguration nor @ContextHierarchy found for test class [CSCI5308.GroupFormationTool.Question.ChoiceTest], using SpringBootContextLoader
2020-07-10 02:03:30.664  INFO 10909 --- [    Test worker] o.s.t.c.support.AbstractContextLoader    : Could not detect default resource locations for test class [CSCI5308.GroupFormationTool.Question.ChoiceTest]: no resource found for suffixes {-context.xml, Context.groovy}.
2020-07-10 02:03:30.664  INFO 10909 --- [    Test worker] t.c.s.AnnotationConfigContextLoaderUtils : Could not detect default configuration classes for test class [CSCI5308.GroupFormationTool.Question.ChoiceTest]: ChoiceTest does not declare any static, non-private, non-final, nested classes annotated with @Configuration.
2020-07-10 02:03:30.665  INFO 10909 --- [    Test worker] .b.t.c.SpringBootTestContextBootstrapper : Found @SpringBootConfiguration CSCI5308.GroupFormationTool.GroupFormationToolApplication for test class CSCI5308.GroupFormationTool.Question.ChoiceTest
2020-07-10 02:03:30.666  INFO 10909 --- [    Test worker] .b.t.c.SpringBootTestContextBootstrapper : Loaded default TestExecutionListener class names from location [META-INF/spring.factories]: [org.springframework.security.test.context.support.WithSecurityContextTestExecutionListener, org.springframework.security.test.context.support.ReactorContextTestExecutionListener, org.springframework.boot.test.autoconfigure.restdocs.RestDocsTestExecutionListener, org.springframework.boot.test.autoconfigure.web.client.MockRestServiceServerResetTestExecutionListener, org.springframework.boot.test.autoconfigure.web.servlet.MockMvcPrintOnlyOnFailureTestExecutionListener, org.springframework.boot.test.autoconfigure.web.servlet.WebDriverTestExecutionListener, org.springframework.boot.test.mock.mockito.MockitoTestExecutionListener, org.springframework.boot.test.mock.mockito.ResetMocksTestExecutionListener, org.springframework.test.context.web.ServletTestExecutionListener, org.springframework.test.context.support.DirtiesContextBeforeModesTestExecutionListener, org.springframework.test.context.support.DependencyInjectionTestExecutionListener, org.springframework.test.context.support.DirtiesContextTestExecutionListener, org.springframework.test.context.transaction.TransactionalTestExecutionListener, org.springframework.test.context.jdbc.SqlScriptsTestExecutionListener, org.springframework.test.context.event.EventPublishingTestExecutionListener]
2020-07-10 02:03:30.666  INFO 10909 --- [    Test worker] .b.t.c.SpringBootTestContextBootstrapper : Using TestExecutionListeners: [org.springframework.test.context.web.ServletTestExecutionListener@51bada21, org.springframework.test.context.support.DirtiesContextBeforeModesTestExecutionListener@6e00dfb6, org.springframework.boot.test.mock.mockito.MockitoTestExecutionListener@2da46d46, org.springframework.boot.test.autoconfigure.SpringBootDependencyInjectionTestExecutionListener@457fdf48, org.springframework.test.context.support.DirtiesContextTestExecutionListener@42137e14, org.springframework.security.test.context.support.WithSecurityContextTestExecutionListener@2a06f48f, org.springframework.test.context.event.EventPublishingTestExecutionListener@24c662d4, org.springframework.security.test.context.support.ReactorContextTestExecutionListener@1f787c9b, org.springframework.boot.test.autoconfigure.restdocs.RestDocsTestExecutionListener@46c242be, org.springframework.boot.test.autoconfigure.web.client.MockRestServiceServerResetTestExecutionListener@5b7d6465, org.springframework.boot.test.autoconfigure.web.servlet.MockMvcPrintOnlyOnFailureTestExecutionListener@4cba7d1c, org.springframework.boot.test.autoconfigure.web.servlet.WebDriverTestExecutionListener@10fa4cb4, org.springframework.boot.test.mock.mockito.ResetMocksTestExecutionListener@44793ba7]
]]></system-out>
  <system-err><![CDATA[]]></system-err>
</testsuite>
