<?xml version="1.0" encoding="UTF-8"?>
<testsuite name="CSCI5308.GroupFormationTool.Password.PolicyRepositoryTest" tests="2" skipped="0" failures="0" errors="0" timestamp="2020-07-09T16:37:31" hostname="Prabhjots-MacBook-Pro.local" time="0.004">
  <properties/>
  <testcase name="getPoliciesTest()" classname="CSCI5308.GroupFormationTool.Password.PolicyRepositoryTest" time="0.002"/>
  <testcase name="passwordSPolicyCheckTest()" classname="CSCI5308.GroupFormationTool.Password.PolicyRepositoryTest" time="0.001"/>
  <system-out><![CDATA[2020-07-09 13:37:31.222  INFO 7318 --- [    Test worker] .b.t.c.SpringBootTestContextBootstrapper : Neither @ContextConfiguration nor @ContextHierarchy found for test class [CSCI5308.GroupFormationTool.Password.PolicyRepositoryTest], using SpringBootContextLoader
2020-07-09 13:37:31.223  INFO 7318 --- [    Test worker] o.s.t.c.support.AbstractContextLoader    : Could not detect default resource locations for test class [CSCI5308.GroupFormationTool.Password.PolicyRepositoryTest]: no resource found for suffixes {-context.xml, Context.groovy}.
2020-07-09 13:37:31.223  INFO 7318 --- [    Test worker] t.c.s.AnnotationConfigContextLoaderUtils : Could not detect default configuration classes for test class [CSCI5308.GroupFormationTool.Password.PolicyRepositoryTest]: PolicyRepositoryTest does not declare any static, non-private, non-final, nested classes annotated with @Configuration.
2020-07-09 13:37:31.224  INFO 7318 --- [    Test worker] .b.t.c.SpringBootTestContextBootstrapper : Found @SpringBootConfiguration CSCI5308.GroupFormationTool.GroupFormationToolApplication for test class CSCI5308.GroupFormationTool.Password.PolicyRepositoryTest
2020-07-09 13:37:31.225  INFO 7318 --- [    Test worker] .b.t.c.SpringBootTestContextBootstrapper : Loaded default TestExecutionListener class names from location [META-INF/spring.factories]: [org.springframework.security.test.context.support.WithSecurityContextTestExecutionListener, org.springframework.security.test.context.support.ReactorContextTestExecutionListener, org.springframework.boot.test.autoconfigure.restdocs.RestDocsTestExecutionListener, org.springframework.boot.test.autoconfigure.web.client.MockRestServiceServerResetTestExecutionListener, org.springframework.boot.test.autoconfigure.web.servlet.MockMvcPrintOnlyOnFailureTestExecutionListener, org.springframework.boot.test.autoconfigure.web.servlet.WebDriverTestExecutionListener, org.springframework.boot.test.mock.mockito.MockitoTestExecutionListener, org.springframework.boot.test.mock.mockito.ResetMocksTestExecutionListener, org.springframework.test.context.web.ServletTestExecutionListener, org.springframework.test.context.support.DirtiesContextBeforeModesTestExecutionListener, org.springframework.test.context.support.DependencyInjectionTestExecutionListener, org.springframework.test.context.support.DirtiesContextTestExecutionListener, org.springframework.test.context.transaction.TransactionalTestExecutionListener, org.springframework.test.context.jdbc.SqlScriptsTestExecutionListener, org.springframework.test.context.event.EventPublishingTestExecutionListener]
2020-07-09 13:37:31.228  INFO 7318 --- [    Test worker] .b.t.c.SpringBootTestContextBootstrapper : Using TestExecutionListeners: [org.springframework.test.context.web.ServletTestExecutionListener@19bf8bc2, org.springframework.test.context.support.DirtiesContextBeforeModesTestExecutionListener@1366c704, org.springframework.boot.test.mock.mockito.MockitoTestExecutionListener@67d13ba5, org.springframework.boot.test.autoconfigure.SpringBootDependencyInjectionTestExecutionListener@1b73cbbc, org.springframework.test.context.support.DirtiesContextTestExecutionListener@7e77a28b, org.springframework.security.test.context.support.WithSecurityContextTestExecutionListener@5b0c14a6, org.springframework.test.context.event.EventPublishingTestExecutionListener@356e0071, org.springframework.security.test.context.support.ReactorContextTestExecutionListener@3045034b, org.springframework.boot.test.autoconfigure.restdocs.RestDocsTestExecutionListener@73e59c32, org.springframework.boot.test.autoconfigure.web.client.MockRestServiceServerResetTestExecutionListener@48770fcc, org.springframework.boot.test.autoconfigure.web.servlet.MockMvcPrintOnlyOnFailureTestExecutionListener@d5ff33b, org.springframework.boot.test.autoconfigure.web.servlet.WebDriverTestExecutionListener@1518e680, org.springframework.boot.test.mock.mockito.ResetMocksTestExecutionListener@4ac3fc1d]
]]></system-out>
  <system-err><![CDATA[]]></system-err>
</testsuite>
