<?xml version="1.0" encoding="UTF-8"?>
<testsuite name="CSCI5308.GroupFormationTool.Question.QuestionManagerControllerTest" tests="3" skipped="0" failures="0" errors="0" timestamp="2020-07-09T16:19:42" hostname="Prabhjots-MacBook-Pro.local" time="0.305">
  <properties/>
  <testcase name="saveQuestion()" classname="CSCI5308.GroupFormationTool.Question.QuestionManagerControllerTest" time="0.279"/>
  <testcase name="createQuestion()" classname="CSCI5308.GroupFormationTool.Question.QuestionManagerControllerTest" time="0.008"/>
  <testcase name="deleteQuestion()" classname="CSCI5308.GroupFormationTool.Question.QuestionManagerControllerTest" time="0.016"/>
  <system-out><![CDATA[2020-07-09 13:19:41.777  INFO 7122 --- [    Test worker] .b.t.a.w.s.WebMvcTestContextBootstrapper : Neither @ContextConfiguration nor @ContextHierarchy found for test class [CSCI5308.GroupFormationTool.Question.QuestionManagerControllerTest], using SpringBootContextLoader
2020-07-09 13:19:41.778  INFO 7122 --- [    Test worker] o.s.t.c.support.AbstractContextLoader    : Could not detect default resource locations for test class [CSCI5308.GroupFormationTool.Question.QuestionManagerControllerTest]: no resource found for suffixes {-context.xml, Context.groovy}.
2020-07-09 13:19:41.778  INFO 7122 --- [    Test worker] t.c.s.AnnotationConfigContextLoaderUtils : Could not detect default configuration classes for test class [CSCI5308.GroupFormationTool.Question.QuestionManagerControllerTest]: QuestionManagerControllerTest does not declare any static, non-private, non-final, nested classes annotated with @Configuration.
2020-07-09 13:19:41.787  INFO 7122 --- [    Test worker] .b.t.c.SpringBootTestContextBootstrapper : Found @SpringBootConfiguration CSCI5308.GroupFormationTool.GroupFormationToolApplication for test class CSCI5308.GroupFormationTool.Question.QuestionManagerControllerTest
2020-07-09 13:19:41.788  INFO 7122 --- [    Test worker] .b.t.a.w.s.WebMvcTestContextBootstrapper : Loaded default TestExecutionListener class names from location [META-INF/spring.factories]: [org.springframework.security.test.context.support.WithSecurityContextTestExecutionListener, org.springframework.security.test.context.support.ReactorContextTestExecutionListener, org.springframework.boot.test.autoconfigure.restdocs.RestDocsTestExecutionListener, org.springframework.boot.test.autoconfigure.web.client.MockRestServiceServerResetTestExecutionListener, org.springframework.boot.test.autoconfigure.web.servlet.MockMvcPrintOnlyOnFailureTestExecutionListener, org.springframework.boot.test.autoconfigure.web.servlet.WebDriverTestExecutionListener, org.springframework.boot.test.mock.mockito.MockitoTestExecutionListener, org.springframework.boot.test.mock.mockito.ResetMocksTestExecutionListener, org.springframework.test.context.web.ServletTestExecutionListener, org.springframework.test.context.support.DirtiesContextBeforeModesTestExecutionListener, org.springframework.test.context.support.DependencyInjectionTestExecutionListener, org.springframework.test.context.support.DirtiesContextTestExecutionListener, org.springframework.test.context.transaction.TransactionalTestExecutionListener, org.springframework.test.context.jdbc.SqlScriptsTestExecutionListener, org.springframework.test.context.event.EventPublishingTestExecutionListener]
2020-07-09 13:19:41.789  INFO 7122 --- [    Test worker] .b.t.a.w.s.WebMvcTestContextBootstrapper : Using TestExecutionListeners: [org.springframework.test.context.web.ServletTestExecutionListener@69475eb2, org.springframework.test.context.support.DirtiesContextBeforeModesTestExecutionListener@5fc302a0, org.springframework.boot.test.mock.mockito.MockitoTestExecutionListener@1ff3ddad, org.springframework.boot.test.autoconfigure.SpringBootDependencyInjectionTestExecutionListener@49f38329, org.springframework.test.context.support.DirtiesContextTestExecutionListener@1a12e66b, org.springframework.security.test.context.support.WithSecurityContextTestExecutionListener@5d83218b, org.springframework.test.context.event.EventPublishingTestExecutionListener@5c1c9123, org.springframework.security.test.context.support.ReactorContextTestExecutionListener@9a3bb42, org.springframework.boot.test.autoconfigure.restdocs.RestDocsTestExecutionListener@48f25a3, org.springframework.boot.test.autoconfigure.web.client.MockRestServiceServerResetTestExecutionListener@40c4d3c0, org.springframework.boot.test.autoconfigure.web.servlet.MockMvcPrintOnlyOnFailureTestExecutionListener@78e9d772, org.springframework.boot.test.autoconfigure.web.servlet.WebDriverTestExecutionListener@6c840a86, org.springframework.boot.test.mock.mockito.ResetMocksTestExecutionListener@115b9888]

  .   ____          _            __ _ _
 /\\ / ___'_ __ _ _(_)_ __  __ _ \ \ \ \
( ( )\___ | '_ | '_| | '_ \/ _` | \ \ \ \
 \\/  ___)| |_)| | | | | || (_| |  ) ) ) )
  '  |____| .__|_| |_|_| |_\__, | / / / /
 =========|_|==============|___/=/_/_/_/
 :: Spring Boot ::        (v2.2.7.RELEASE)

2020-07-09 13:19:41.805  INFO 7122 --- [    Test worker] C.G.Q.QuestionManagerControllerTest      : Starting QuestionManagerControllerTest on Prabhjots-MacBook-Pro.local with PID 7122 (started by prabhjotkaur in /Users/prabhjotkaur/git/group22)
2020-07-09 13:19:41.806  INFO 7122 --- [    Test worker] C.G.Q.QuestionManagerControllerTest      : No active profile set, falling back to default profiles: default
2020-07-09 13:19:41.970  INFO 7122 --- [    Test worker] o.s.s.web.DefaultSecurityFilterChain     : Creating filter chain: Ant [pattern='/resources/**'], []
2020-07-09 13:19:42.018  INFO 7122 --- [    Test worker] o.s.s.web.DefaultSecurityFilterChain     : Creating filter chain: any request, [org.springframework.security.web.context.request.async.WebAsyncManagerIntegrationFilter@26b0f3aa, org.springframework.security.web.context.SecurityContextPersistenceFilter@49ec5ad3, org.springframework.security.web.header.HeaderWriterFilter@4715cdd9, org.springframework.security.web.csrf.CsrfFilter@fddd08e, org.springframework.security.web.authentication.logout.LogoutFilter@2c7514f5, org.springframework.security.web.authentication.UsernamePasswordAuthenticationFilter@161986e3, org.springframework.security.web.savedrequest.RequestCacheAwareFilter@6398620f, org.springframework.security.web.servletapi.SecurityContextHolderAwareRequestFilter@a8a00a0, org.springframework.security.web.authentication.AnonymousAuthenticationFilter@6d74641, org.springframework.security.web.session.SessionManagementFilter@2854b6f7, org.springframework.security.web.access.ExceptionTranslationFilter@1e269f0e, org.springframework.security.web.access.intercept.FilterSecurityInterceptor@5f67d638]
2020-07-09 13:19:42.094  INFO 7122 --- [    Test worker] o.s.s.concurrent.ThreadPoolTaskExecutor  : Initializing ExecutorService 'applicationTaskExecutor'
2020-07-09 13:19:42.114  INFO 7122 --- [    Test worker] o.s.b.a.w.s.WelcomePageHandlerMapping    : Adding welcome page template: index
2020-07-09 13:19:42.213  INFO 7122 --- [    Test worker] o.s.b.t.m.w.SpringBootMockServletContext : Initializing Spring TestDispatcherServlet ''
2020-07-09 13:19:42.213  INFO 7122 --- [    Test worker] o.s.t.web.servlet.TestDispatcherServlet  : Initializing Servlet ''
2020-07-09 13:19:42.221  INFO 7122 --- [    Test worker] o.s.t.web.servlet.TestDispatcherServlet  : Completed initialization in 8 ms
2020-07-09 13:19:42.230  INFO 7122 --- [    Test worker] C.G.Q.QuestionManagerControllerTest      : Started QuestionManagerControllerTest in 0.44 seconds (JVM running for 4.388)

MockHttpServletRequest:
      HTTP Method = POST
      Request URI = /questionManager/createQuestion
       Parameters = {questionTitle=[Sample title], questionText=[Sample text], questionType=[1], optionText=[], optionValue=[], _csrf=[44299426-5e61-4a4d-8474-3b4fd9c3ce25]}
          Headers = []
             Body = <no character encoding set>
    Session Attrs = {}

Handler:
             Type = CSCI5308.GroupFormationTool.Question.QuestionManagerController
           Method = CSCI5308.GroupFormationTool.Question.QuestionManagerController#saveQuestion(Model, String, String, String, List, List)

Async:
    Async started = false
     Async result = null

Resolved Exception:
             Type = null

ModelAndView:
        View name = redirect:/questionManager/viewQuestion?questionId=5
             View = null
            Model = null

FlashMap:
       Attributes = null

MockHttpServletResponse:
           Status = 302
    Error message = null
          Headers = [Content-Language:"en", X-Content-Type-Options:"nosniff", X-XSS-Protection:"1; mode=block", Cache-Control:"no-cache, no-store, max-age=0, must-revalidate", Pragma:"no-cache", Expires:"0", X-Frame-Options:"DENY", Location:"/questionManager/viewQuestion?questionId=5"]
     Content type = null
             Body = 
    Forwarded URL = null
   Redirected URL = /questionManager/viewQuestion?questionId=5
          Cookies = []

MockHttpServletRequest:
      HTTP Method = POST
      Request URI = /questionManager/createQuestion
       Parameters = {questionTitle=[], questionText=[Sample text], questionType=[1], optionText=[], optionValue=[], _csrf=[db7b2aba-536e-445e-ba10-3186900a5f56]}
          Headers = []
             Body = <no character encoding set>
    Session Attrs = {}

Handler:
             Type = CSCI5308.GroupFormationTool.Question.QuestionManagerController
           Method = CSCI5308.GroupFormationTool.Question.QuestionManagerController#saveQuestion(Model, String, String, String, List, List)

Async:
    Async started = false
     Async result = null

Resolved Exception:
             Type = null

ModelAndView:
        View name = question/createQuestion
             View = null
        Attribute = invalidData
            value = One or more fields have invalid/empty data! Please enter and try again

FlashMap:
       Attributes = null

MockHttpServletResponse:
           Status = 200
    Error message = null
          Headers = [Content-Language:"en", Content-Type:"text/html;charset=UTF-8", X-Content-Type-Options:"nosniff", X-XSS-Protection:"1; mode=block", Cache-Control:"no-cache, no-store, max-age=0, must-revalidate", Pragma:"no-cache", Expires:"0", X-Frame-Options:"DENY"]
     Content type = text/html;charset=UTF-8
             Body = <!DOCTYPE html>
<html lang="en" xmlns="http://www.w3.org/1999/xhtml">
<head>
    <meta charset="utf-8"/>
    <meta http-equiv="X-UA-Compatible" content="IE=edge"/>
    <meta name="viewport" content="width=device-width, initial-scale=1"/>

    <link rel="icon" href="favicon.ico"/>
    <title>Instructor Create Question</title>
    <link
            href="//maxcdn.bootstrapcdn.com/bootstrap/3.3.7/css/bootstrap.min.css"
            rel="stylesheet"
            integrity="sha384-BVYiiSIFeK1dGmJRAkycuHAHRg32OmUcww7on3RYdg4Va+PmSTsz/K68vbdEjh4u"
            crossorigin="anonymous"/>

    <style>
	hr {
		margin-top: 2rem;
		margin-bottom: 2rem;
		border-top: 3px solid #2e6da4;
	}
	textarea {
		resize: vertical;
	}
    </style>

</head>
<body style="background-color: #e7ebee">
<div class="container" style="padding: 10px;">
    <div>
        <p>You have not yet logged in to the application. Please login to
            continue...</p>
        <a href="/login">Click here to log in!</a>
    </div>

    
</div>

</body>
<script>
	document
			.getElementById('questionType')
			.addEventListener(
					'change',
					function(e) {
						if (this.value == 2 || this.value == 3) {
							document.getElementById("choices").style.display = "block";
							document.getElementById("addMoreBtn").style.display = "block";
						} else {
							document.getElementById("choices").style.display = "none";
							document.getElementById("addMoreBtn").style.display = "none";
							document.getElementById("addedChoices").innerHTML = '';
							document.getElementById("addedChoices").style.display = "none";
						}
					});

	function showMoreOptions() {
		document.getElementById("addedChoices").style.display = "block";
		document.getElementById("addedChoices").innerHTML += "<br /><div class='row' style='margin-left: -30px'>"
				+ "<div class='col-xs-6' style='width: 35%;'><label for='questionTitle'>Enter the option displayed as"
				+ " here</label> <input type='text' name='optionText'"
				+ "placeholder='Option display text' class='form-control'/>"
				+ "<span class='glyphicon form-control-feedback' aria-hidden='true'></span></div>"
				+ "<div class='col-xs-6' style='width: 35%;'><label for='questionTitle'>Enter the option stored as"
				+ " here</label> <input type='text' name='optionValue'"
				+ "placeholder='Option stored as value' class='form-control'"
				+ " /> <span class='glyphicon form-control-feedback'"
				+ "aria-hidden='true'></span></div></div>";
	}
</script>
</html>

    Forwarded URL = null
   Redirected URL = null
          Cookies = []

MockHttpServletRequest:
      HTTP Method = GET
      Request URI = /questionManager/createQuestion
       Parameters = {}
          Headers = []
             Body = <no character encoding set>
    Session Attrs = {org.springframework.security.web.csrf.HttpSessionCsrfTokenRepository.CSRF_TOKEN=org.springframework.security.web.csrf.DefaultCsrfToken@1e82c4d8}

Handler:
             Type = CSCI5308.GroupFormationTool.Question.QuestionManagerController
           Method = CSCI5308.GroupFormationTool.Question.QuestionManagerController#createQuestion(Model)

Async:
    Async started = false
     Async result = null

Resolved Exception:
             Type = null

ModelAndView:
        View name = question/createQuestion
             View = null
            Model = null

FlashMap:
       Attributes = null

MockHttpServletResponse:
           Status = 200
    Error message = null
          Headers = [Content-Language:"en", Content-Type:"text/html;charset=UTF-8", X-Content-Type-Options:"nosniff", X-XSS-Protection:"1; mode=block", Cache-Control:"no-cache, no-store, max-age=0, must-revalidate", Pragma:"no-cache", Expires:"0", X-Frame-Options:"DENY"]
     Content type = text/html;charset=UTF-8
             Body = <!DOCTYPE html>
<html lang="en" xmlns="http://www.w3.org/1999/xhtml">
<head>
    <meta charset="utf-8"/>
    <meta http-equiv="X-UA-Compatible" content="IE=edge"/>
    <meta name="viewport" content="width=device-width, initial-scale=1"/>

    <link rel="icon" href="favicon.ico"/>
    <title>Instructor Create Question</title>
    <link
            href="//maxcdn.bootstrapcdn.com/bootstrap/3.3.7/css/bootstrap.min.css"
            rel="stylesheet"
            integrity="sha384-BVYiiSIFeK1dGmJRAkycuHAHRg32OmUcww7on3RYdg4Va+PmSTsz/K68vbdEjh4u"
            crossorigin="anonymous"/>

    <style>
	hr {
		margin-top: 2rem;
		margin-bottom: 2rem;
		border-top: 3px solid #2e6da4;
	}
	textarea {
		resize: vertical;
	}
    </style>

</head>
<body style="background-color: #e7ebee">
<div class="container" style="padding: 10px;">
    <div>
        <p>You have not yet logged in to the application. Please login to
            continue...</p>
        <a href="/login">Click here to log in!</a>
    </div>

    
</div>

</body>
<script>
	document
			.getElementById('questionType')
			.addEventListener(
					'change',
					function(e) {
						if (this.value == 2 || this.value == 3) {
							document.getElementById("choices").style.display = "block";
							document.getElementById("addMoreBtn").style.display = "block";
						} else {
							document.getElementById("choices").style.display = "none";
							document.getElementById("addMoreBtn").style.display = "none";
							document.getElementById("addedChoices").innerHTML = '';
							document.getElementById("addedChoices").style.display = "none";
						}
					});

	function showMoreOptions() {
		document.getElementById("addedChoices").style.display = "block";
		document.getElementById("addedChoices").innerHTML += "<br /><div class='row' style='margin-left: -30px'>"
				+ "<div class='col-xs-6' style='width: 35%;'><label for='questionTitle'>Enter the option displayed as"
				+ " here</label> <input type='text' name='optionText'"
				+ "placeholder='Option display text' class='form-control'/>"
				+ "<span class='glyphicon form-control-feedback' aria-hidden='true'></span></div>"
				+ "<div class='col-xs-6' style='width: 35%;'><label for='questionTitle'>Enter the option stored as"
				+ " here</label> <input type='text' name='optionValue'"
				+ "placeholder='Option stored as value' class='form-control'"
				+ " /> <span class='glyphicon form-control-feedback'"
				+ "aria-hidden='true'></span></div></div>";
	}
</script>
</html>

    Forwarded URL = null
   Redirected URL = null
          Cookies = []

MockHttpServletRequest:
      HTTP Method = GET
      Request URI = /questionManager/deleteQuestion
       Parameters = {questionId=[1]}
          Headers = []
             Body = <no character encoding set>
    Session Attrs = {org.springframework.security.web.csrf.HttpSessionCsrfTokenRepository.CSRF_TOKEN=org.springframework.security.web.csrf.DefaultCsrfToken@5ae99a45}

Handler:
             Type = CSCI5308.GroupFormationTool.Question.QuestionManagerController
           Method = CSCI5308.GroupFormationTool.Question.QuestionManagerController#deleteQuestion(long, Model)

Async:
    Async started = false
     Async result = null

Resolved Exception:
             Type = null

ModelAndView:
        View name = question/questionManager
             View = null
        Attribute = successMessage
            value = The question 1 is successfully deleted!
        Attribute = questionList
            value = []

FlashMap:
       Attributes = null

MockHttpServletResponse:
           Status = 200
    Error message = null
          Headers = [Content-Language:"en", Content-Type:"text/html;charset=UTF-8", X-Content-Type-Options:"nosniff", X-XSS-Protection:"1; mode=block", Cache-Control:"no-cache, no-store, max-age=0, must-revalidate", Pragma:"no-cache", Expires:"0", X-Frame-Options:"DENY"]
     Content type = text/html;charset=UTF-8
             Body = <!DOCTYPE html>
<html lang="en" xmlns="http://www.w3.org/1999/xhtml">
<head>
    <meta charset="utf-8"/>
    <meta http-equiv="X-UA-Compatible" content="IE=edge"/>
    <meta name="viewport" content="width=device-width, initial-scale=1"/>
    <link rel="icon" href="favicon.ico"/>
    <title>Instructor Question Manager</title>
    <link
            href="//maxcdn.bootstrapcdn.com/bootstrap/3.3.7/css/bootstrap.min.css"
            rel="stylesheet"
            integrity="sha384-BVYiiSIFeK1dGmJRAkycuHAHRg32OmUcww7on3RYdg4Va+PmSTsz/K68vbdEjh4u"
            crossorigin="anonymous"/>

</head>
<body style="background-color: #e7ebee">
<div class="container">
    <div>
        <p>You have not yet logged in to the application. Please login to
            continue...</p>
        <a href="/login">Click here to log in!</a>
    </div>

    
</div>
</body>
</html>
    Forwarded URL = null
   Redirected URL = null
          Cookies = []

MockHttpServletRequest:
      HTTP Method = GET
      Request URI = /questionManager/deleteQuestion
       Parameters = {questionId=[1]}
          Headers = []
             Body = <no character encoding set>
    Session Attrs = {org.springframework.security.web.csrf.HttpSessionCsrfTokenRepository.CSRF_TOKEN=org.springframework.security.web.csrf.DefaultCsrfToken@25b38c30}

Handler:
             Type = CSCI5308.GroupFormationTool.Question.QuestionManagerController
           Method = CSCI5308.GroupFormationTool.Question.QuestionManagerController#deleteQuestion(long, Model)

Async:
    Async started = false
     Async result = null

Resolved Exception:
             Type = null

ModelAndView:
        View name = question/questionManager
             View = null
        Attribute = failureMessage
            value = The question can not not be deleted.
        Attribute = questionList
            value = []

FlashMap:
       Attributes = null

MockHttpServletResponse:
           Status = 200
    Error message = null
          Headers = [Content-Language:"en", Content-Type:"text/html;charset=UTF-8", X-Content-Type-Options:"nosniff", X-XSS-Protection:"1; mode=block", Cache-Control:"no-cache, no-store, max-age=0, must-revalidate", Pragma:"no-cache", Expires:"0", X-Frame-Options:"DENY"]
     Content type = text/html;charset=UTF-8
             Body = <!DOCTYPE html>
<html lang="en" xmlns="http://www.w3.org/1999/xhtml">
<head>
    <meta charset="utf-8"/>
    <meta http-equiv="X-UA-Compatible" content="IE=edge"/>
    <meta name="viewport" content="width=device-width, initial-scale=1"/>
    <link rel="icon" href="favicon.ico"/>
    <title>Instructor Question Manager</title>
    <link
            href="//maxcdn.bootstrapcdn.com/bootstrap/3.3.7/css/bootstrap.min.css"
            rel="stylesheet"
            integrity="sha384-BVYiiSIFeK1dGmJRAkycuHAHRg32OmUcww7on3RYdg4Va+PmSTsz/K68vbdEjh4u"
            crossorigin="anonymous"/>

</head>
<body style="background-color: #e7ebee">
<div class="container">
    <div>
        <p>You have not yet logged in to the application. Please login to
            continue...</p>
        <a href="/login">Click here to log in!</a>
    </div>

    
</div>
</body>
</html>
    Forwarded URL = null
   Redirected URL = null
          Cookies = []
]]></system-out>
  <system-err><![CDATA[]]></system-err>
</testsuite>
