<?xml version="1.0" encoding="UTF-8"?>
<testsuite name="CSCI5308.GroupFormationTool.Question.QuestionAdminRepositoryTest" tests="4" skipped="0" failures="0" errors="0" timestamp="2020-07-09T16:37:34" hostname="Prabhjots-MacBook-Pro.local" time="0.005">
  <properties/>
  <testcase name="getQuestionListForInstructorTest()" classname="CSCI5308.GroupFormationTool.Question.QuestionAdminRepositoryTest" time="0.001"/>
  <testcase name="getSortedQuestionListForInstructorTest()" classname="CSCI5308.GroupFormationTool.Question.QuestionAdminRepositoryTest" time="0.001"/>
  <testcase name="getQuestionByIdTest()" classname="CSCI5308.GroupFormationTool.Question.QuestionAdminRepositoryTest" time="0.002"/>
  <testcase name="getOptionsForTheQuestionTest()" classname="CSCI5308.GroupFormationTool.Question.QuestionAdminRepositoryTest" time="0.001"/>
  <system-out><![CDATA[2020-07-09 13:37:34.281  INFO 7318 --- [    Test worker] .b.t.c.SpringBootTestContextBootstrapper : Neither @ContextConfiguration nor @ContextHierarchy found for test class [CSCI5308.GroupFormationTool.Question.QuestionAdminRepositoryTest], using SpringBootContextLoader
2020-07-09 13:37:34.282  INFO 7318 --- [    Test worker] o.s.t.c.support.AbstractContextLoader    : Could not detect default resource locations for test class [CSCI5308.GroupFormationTool.Question.QuestionAdminRepositoryTest]: no resource found for suffixes {-context.xml, Context.groovy}.
2020-07-09 13:37:34.282  INFO 7318 --- [    Test worker] t.c.s.AnnotationConfigContextLoaderUtils : Could not detect default configuration classes for test class [CSCI5308.GroupFormationTool.Question.QuestionAdminRepositoryTest]: QuestionAdminRepositoryTest does not declare any static, non-private, non-final, nested classes annotated with @Configuration.
2020-07-09 13:37:34.282  INFO 7318 --- [    Test worker] .b.t.c.SpringBootTestContextBootstrapper : Found @SpringBootConfiguration CSCI5308.GroupFormationTool.GroupFormationToolApplication for test class CSCI5308.GroupFormationTool.Question.QuestionAdminRepositoryTest
2020-07-09 13:37:34.283  INFO 7318 --- [    Test worker] .b.t.c.SpringBootTestContextBootstrapper : Loaded default TestExecutionListener class names from location [META-INF/spring.factories]: [org.springframework.security.test.context.support.WithSecurityContextTestExecutionListener, org.springframework.security.test.context.support.ReactorContextTestExecutionListener, org.springframework.boot.test.autoconfigure.restdocs.RestDocsTestExecutionListener, org.springframework.boot.test.autoconfigure.web.client.MockRestServiceServerResetTestExecutionListener, org.springframework.boot.test.autoconfigure.web.servlet.MockMvcPrintOnlyOnFailureTestExecutionListener, org.springframework.boot.test.autoconfigure.web.servlet.WebDriverTestExecutionListener, org.springframework.boot.test.mock.mockito.MockitoTestExecutionListener, org.springframework.boot.test.mock.mockito.ResetMocksTestExecutionListener, org.springframework.test.context.web.ServletTestExecutionListener, org.springframework.test.context.support.DirtiesContextBeforeModesTestExecutionListener, org.springframework.test.context.support.DependencyInjectionTestExecutionListener, org.springframework.test.context.support.DirtiesContextTestExecutionListener, org.springframework.test.context.transaction.TransactionalTestExecutionListener, org.springframework.test.context.jdbc.SqlScriptsTestExecutionListener, org.springframework.test.context.event.EventPublishingTestExecutionListener]
2020-07-09 13:37:34.284  INFO 7318 --- [    Test worker] .b.t.c.SpringBootTestContextBootstrapper : Using TestExecutionListeners: [org.springframework.test.context.web.ServletTestExecutionListener@709e3819, org.springframework.test.context.support.DirtiesContextBeforeModesTestExecutionListener@da26828, org.springframework.boot.test.mock.mockito.MockitoTestExecutionListener@2b41a707, org.springframework.boot.test.autoconfigure.SpringBootDependencyInjectionTestExecutionListener@4aaf7cf6, org.springframework.test.context.support.DirtiesContextTestExecutionListener@4bf0db4a, org.springframework.security.test.context.support.WithSecurityContextTestExecutionListener@550d1934, org.springframework.test.context.event.EventPublishingTestExecutionListener@73d2f50d, org.springframework.security.test.context.support.ReactorContextTestExecutionListener@42ab6f4d, org.springframework.boot.test.autoconfigure.restdocs.RestDocsTestExecutionListener@f4cd6d9, org.springframework.boot.test.autoconfigure.web.client.MockRestServiceServerResetTestExecutionListener@32b5aabd, org.springframework.boot.test.autoconfigure.web.servlet.MockMvcPrintOnlyOnFailureTestExecutionListener@56ab4b7b, org.springframework.boot.test.autoconfigure.web.servlet.WebDriverTestExecutionListener@4fe397e4, org.springframework.boot.test.mock.mockito.ResetMocksTestExecutionListener@26706adf]
]]></system-out>
  <system-err><![CDATA[]]></system-err>
</testsuite>
