<?xml version="1.0" encoding="UTF-8"?>
<testsuite name="CSCI5308.GroupFormationTool.Password.PasswordHistoryManagerTest" tests="3" skipped="0" failures="0" errors="0" timestamp="2020-07-09T16:37:31" hostname="Prabhjots-MacBook-Pro.local" time="0.014">
  <properties/>
  <testcase name="isHistoryViolatedTest()" classname="CSCI5308.GroupFormationTool.Password.PasswordHistoryManagerTest" time="0.012"/>
  <testcase name="getSettingValueTest()" classname="CSCI5308.GroupFormationTool.Password.PasswordHistoryManagerTest" time="0.001"/>
  <testcase name="addPasswordHistoryTest()" classname="CSCI5308.GroupFormationTool.Password.PasswordHistoryManagerTest" time="0.001"/>
  <system-out><![CDATA[]]></system-out>
  <system-err><![CDATA[]]></system-err>
</testsuite>
