<?xml version="1.0" encoding="UTF-8"?>
<testsuite name="CSCI5308.GroupFormationTool.Password.ForgotPasswordManagerTest" tests="2" skipped="0" failures="0" errors="0" timestamp="2020-07-07T18:40:36" hostname="Prabhjots-MacBook-Pro.local" time="0.078">
  <properties/>
  <testcase name="updatePasswordTest()" classname="CSCI5308.GroupFormationTool.Password.ForgotPasswordManagerTest" time="0.07"/>
  <testcase name="notifyUserTest()" classname="CSCI5308.GroupFormationTool.Password.ForgotPasswordManagerTest" time="0.007"/>
  <system-out><![CDATA[2020-07-07 15:40:36.276  INFO 22184 --- [    Test worker] .b.t.c.SpringBootTestContextBootstrapper : Neither @ContextConfiguration nor @ContextHierarchy found for test class [CSCI5308.GroupFormationTool.Password.ForgotPasswordManagerTest], using SpringBootContextLoader
2020-07-07 15:40:36.279  INFO 22184 --- [    Test worker] o.s.t.c.support.AbstractContextLoader    : Could not detect default resource locations for test class [CSCI5308.GroupFormationTool.Password.ForgotPasswordManagerTest]: no resource found for suffixes {-context.xml, Context.groovy}.
2020-07-07 15:40:36.279  INFO 22184 --- [    Test worker] t.c.s.AnnotationConfigContextLoaderUtils : Could not detect default configuration classes for test class [CSCI5308.GroupFormationTool.Password.ForgotPasswordManagerTest]: ForgotPasswordManagerTest does not declare any static, non-private, non-final, nested classes annotated with @Configuration.
2020-07-07 15:40:36.280  INFO 22184 --- [    Test worker] .b.t.c.SpringBootTestContextBootstrapper : Found @SpringBootConfiguration CSCI5308.GroupFormationTool.GroupFormationToolApplication for test class CSCI5308.GroupFormationTool.Password.ForgotPasswordManagerTest
2020-07-07 15:40:36.282  INFO 22184 --- [    Test worker] .b.t.c.SpringBootTestContextBootstrapper : Loaded default TestExecutionListener class names from location [META-INF/spring.factories]: [org.springframework.security.test.context.support.WithSecurityContextTestExecutionListener, org.springframework.security.test.context.support.ReactorContextTestExecutionListener, org.springframework.boot.test.autoconfigure.restdocs.RestDocsTestExecutionListener, org.springframework.boot.test.autoconfigure.web.client.MockRestServiceServerResetTestExecutionListener, org.springframework.boot.test.autoconfigure.web.servlet.MockMvcPrintOnlyOnFailureTestExecutionListener, org.springframework.boot.test.autoconfigure.web.servlet.WebDriverTestExecutionListener, org.springframework.boot.test.mock.mockito.MockitoTestExecutionListener, org.springframework.boot.test.mock.mockito.ResetMocksTestExecutionListener, org.springframework.test.context.web.ServletTestExecutionListener, org.springframework.test.context.support.DirtiesContextBeforeModesTestExecutionListener, org.springframework.test.context.support.DependencyInjectionTestExecutionListener, org.springframework.test.context.support.DirtiesContextTestExecutionListener, org.springframework.test.context.transaction.TransactionalTestExecutionListener, org.springframework.test.context.jdbc.SqlScriptsTestExecutionListener, org.springframework.test.context.event.EventPublishingTestExecutionListener]
2020-07-07 15:40:36.283  INFO 22184 --- [    Test worker] .b.t.c.SpringBootTestContextBootstrapper : Using TestExecutionListeners: [org.springframework.test.context.web.ServletTestExecutionListener@41a9d90d, org.springframework.test.context.support.DirtiesContextBeforeModesTestExecutionListener@6e4f69df, org.springframework.boot.test.mock.mockito.MockitoTestExecutionListener@156d25e1, org.springframework.boot.test.autoconfigure.SpringBootDependencyInjectionTestExecutionListener@19b7d393, org.springframework.test.context.support.DirtiesContextTestExecutionListener@16d90019, org.springframework.security.test.context.support.WithSecurityContextTestExecutionListener@3cd928c, org.springframework.test.context.event.EventPublishingTestExecutionListener@7ff3fd39, org.springframework.security.test.context.support.ReactorContextTestExecutionListener@587f921f, org.springframework.boot.test.autoconfigure.restdocs.RestDocsTestExecutionListener@67898c1, org.springframework.boot.test.autoconfigure.web.client.MockRestServiceServerResetTestExecutionListener@694e3370, org.springframework.boot.test.autoconfigure.web.servlet.MockMvcPrintOnlyOnFailureTestExecutionListener@9b41155, org.springframework.boot.test.autoconfigure.web.servlet.WebDriverTestExecutionListener@2d7f8516, org.springframework.boot.test.mock.mockito.ResetMocksTestExecutionListener@6f03bee8]
]]></system-out>
  <system-err><![CDATA[]]></system-err>
</testsuite>
