<?xml version="1.0" encoding="UTF-8"?>
<testsuite name="CSCI5308.GroupFormationTool.Security.BCryptEncryptionTest" tests="1" skipped="0" failures="0" errors="0" timestamp="2020-07-09T16:19:41" hostname="Prabhjots-MacBook-Pro.local" time="0.001">
  <properties/>
  <testcase name="encryptPasswordTest()" classname="CSCI5308.GroupFormationTool.Security.BCryptEncryptionTest" time="0.001"/>
  <system-out><![CDATA[2020-07-09 13:19:41.619  INFO 7122 --- [    Test worker] .b.t.c.SpringBootTestContextBootstrapper : Neither @ContextConfiguration nor @ContextHierarchy found for test class [CSCI5308.GroupFormationTool.Security.BCryptEncryptionTest], using SpringBootContextLoader
2020-07-09 13:19:41.619  INFO 7122 --- [    Test worker] o.s.t.c.support.AbstractContextLoader    : Could not detect default resource locations for test class [CSCI5308.GroupFormationTool.Security.BCryptEncryptionTest]: no resource found for suffixes {-context.xml, Context.groovy}.
2020-07-09 13:19:41.619  INFO 7122 --- [    Test worker] t.c.s.AnnotationConfigContextLoaderUtils : Could not detect default configuration classes for test class [CSCI5308.GroupFormationTool.Security.BCryptEncryptionTest]: BCryptEncryptionTest does not declare any static, non-private, non-final, nested classes annotated with @Configuration.
2020-07-09 13:19:41.624  INFO 7122 --- [    Test worker] .b.t.c.SpringBootTestContextBootstrapper : Found @SpringBootConfiguration CSCI5308.GroupFormationTool.GroupFormationToolApplication for test class CSCI5308.GroupFormationTool.Security.BCryptEncryptionTest
2020-07-09 13:19:41.624  INFO 7122 --- [    Test worker] .b.t.c.SpringBootTestContextBootstrapper : Loaded default TestExecutionListener class names from location [META-INF/spring.factories]: [org.springframework.security.test.context.support.WithSecurityContextTestExecutionListener, org.springframework.security.test.context.support.ReactorContextTestExecutionListener, org.springframework.boot.test.autoconfigure.restdocs.RestDocsTestExecutionListener, org.springframework.boot.test.autoconfigure.web.client.MockRestServiceServerResetTestExecutionListener, org.springframework.boot.test.autoconfigure.web.servlet.MockMvcPrintOnlyOnFailureTestExecutionListener, org.springframework.boot.test.autoconfigure.web.servlet.WebDriverTestExecutionListener, org.springframework.boot.test.mock.mockito.MockitoTestExecutionListener, org.springframework.boot.test.mock.mockito.ResetMocksTestExecutionListener, org.springframework.test.context.web.ServletTestExecutionListener, org.springframework.test.context.support.DirtiesContextBeforeModesTestExecutionListener, org.springframework.test.context.support.DependencyInjectionTestExecutionListener, org.springframework.test.context.support.DirtiesContextTestExecutionListener, org.springframework.test.context.transaction.TransactionalTestExecutionListener, org.springframework.test.context.jdbc.SqlScriptsTestExecutionListener, org.springframework.test.context.event.EventPublishingTestExecutionListener]
2020-07-09 13:19:41.625  INFO 7122 --- [    Test worker] .b.t.c.SpringBootTestContextBootstrapper : Using TestExecutionListeners: [org.springframework.test.context.web.ServletTestExecutionListener@20ba619f, org.springframework.test.context.support.DirtiesContextBeforeModesTestExecutionListener@3d3bea7b, org.springframework.boot.test.mock.mockito.MockitoTestExecutionListener@50a8f286, org.springframework.boot.test.autoconfigure.SpringBootDependencyInjectionTestExecutionListener@523ba01a, org.springframework.test.context.support.DirtiesContextTestExecutionListener@21fe955b, org.springframework.security.test.context.support.WithSecurityContextTestExecutionListener@4374db2d, org.springframework.test.context.event.EventPublishingTestExecutionListener@545f2d07, org.springframework.security.test.context.support.ReactorContextTestExecutionListener@5b6b6ce6, org.springframework.boot.test.autoconfigure.restdocs.RestDocsTestExecutionListener@e6a7e9d, org.springframework.boot.test.autoconfigure.web.client.MockRestServiceServerResetTestExecutionListener@6b2261ce, org.springframework.boot.test.autoconfigure.web.servlet.MockMvcPrintOnlyOnFailureTestExecutionListener@46b85eb8, org.springframework.boot.test.autoconfigure.web.servlet.WebDriverTestExecutionListener@46b406d5, org.springframework.boot.test.mock.mockito.ResetMocksTestExecutionListener@1b770608]
]]></system-out>
  <system-err><![CDATA[]]></system-err>
</testsuite>
