<?xml version="1.0" encoding="UTF-8"?>
<testsuite name="CSCI5308.GroupFormationTool.RepositoryTest.PolicyRepositoryTest" tests="2" skipped="0" failures="0" errors="0" timestamp="2020-07-06T19:13:45" hostname="Prabhjots-MacBook-Pro.local" time="0.004">
  <properties/>
  <testcase name="getPoliciesTest()" classname="CSCI5308.GroupFormationTool.RepositoryTest.PolicyRepositoryTest" time="0.002"/>
  <testcase name="passwordSPolicyCheckTest()" classname="CSCI5308.GroupFormationTool.RepositoryTest.PolicyRepositoryTest" time="0.001"/>
  <system-out><![CDATA[2020-07-06 16:13:45.749  INFO 19189 --- [    Test worker] .b.t.c.SpringBootTestContextBootstrapper : Neither @ContextConfiguration nor @ContextHierarchy found for test class [CSCI5308.GroupFormationTool.RepositoryTest.PolicyRepositoryTest], using SpringBootContextLoader
2020-07-06 16:13:45.750  INFO 19189 --- [    Test worker] o.s.t.c.support.AbstractContextLoader    : Could not detect default resource locations for test class [CSCI5308.GroupFormationTool.RepositoryTest.PolicyRepositoryTest]: no resource found for suffixes {-context.xml, Context.groovy}.
2020-07-06 16:13:45.750  INFO 19189 --- [    Test worker] t.c.s.AnnotationConfigContextLoaderUtils : Could not detect default configuration classes for test class [CSCI5308.GroupFormationTool.RepositoryTest.PolicyRepositoryTest]: PolicyRepositoryTest does not declare any static, non-private, non-final, nested classes annotated with @Configuration.
2020-07-06 16:13:45.751  INFO 19189 --- [    Test worker] .b.t.c.SpringBootTestContextBootstrapper : Found @SpringBootConfiguration CSCI5308.GroupFormationTool.GroupFormationToolApplication for test class CSCI5308.GroupFormationTool.RepositoryTest.PolicyRepositoryTest
2020-07-06 16:13:45.752  INFO 19189 --- [    Test worker] .b.t.c.SpringBootTestContextBootstrapper : Loaded default TestExecutionListener class names from location [META-INF/spring.factories]: [org.springframework.security.test.context.support.WithSecurityContextTestExecutionListener, org.springframework.security.test.context.support.ReactorContextTestExecutionListener, org.springframework.boot.test.autoconfigure.restdocs.RestDocsTestExecutionListener, org.springframework.boot.test.autoconfigure.web.client.MockRestServiceServerResetTestExecutionListener, org.springframework.boot.test.autoconfigure.web.servlet.MockMvcPrintOnlyOnFailureTestExecutionListener, org.springframework.boot.test.autoconfigure.web.servlet.WebDriverTestExecutionListener, org.springframework.boot.test.mock.mockito.MockitoTestExecutionListener, org.springframework.boot.test.mock.mockito.ResetMocksTestExecutionListener, org.springframework.test.context.web.ServletTestExecutionListener, org.springframework.test.context.support.DirtiesContextBeforeModesTestExecutionListener, org.springframework.test.context.support.DependencyInjectionTestExecutionListener, org.springframework.test.context.support.DirtiesContextTestExecutionListener, org.springframework.test.context.transaction.TransactionalTestExecutionListener, org.springframework.test.context.jdbc.SqlScriptsTestExecutionListener, org.springframework.test.context.event.EventPublishingTestExecutionListener]
2020-07-06 16:13:45.753  INFO 19189 --- [    Test worker] .b.t.c.SpringBootTestContextBootstrapper : Using TestExecutionListeners: [org.springframework.test.context.web.ServletTestExecutionListener@360f5b15, org.springframework.test.context.support.DirtiesContextBeforeModesTestExecutionListener@694b2101, org.springframework.boot.test.mock.mockito.MockitoTestExecutionListener@51ec06fb, org.springframework.boot.test.autoconfigure.SpringBootDependencyInjectionTestExecutionListener@71aac2b6, org.springframework.test.context.support.DirtiesContextTestExecutionListener@3d31e865, org.springframework.security.test.context.support.WithSecurityContextTestExecutionListener@dc285eb, org.springframework.test.context.event.EventPublishingTestExecutionListener@3c289176, org.springframework.security.test.context.support.ReactorContextTestExecutionListener@1bb04b37, org.springframework.boot.test.autoconfigure.restdocs.RestDocsTestExecutionListener@2970eae4, org.springframework.boot.test.autoconfigure.web.client.MockRestServiceServerResetTestExecutionListener@3004dffc, org.springframework.boot.test.autoconfigure.web.servlet.MockMvcPrintOnlyOnFailureTestExecutionListener@485f4bab, org.springframework.boot.test.autoconfigure.web.servlet.WebDriverTestExecutionListener@51af5864, org.springframework.boot.test.mock.mockito.ResetMocksTestExecutionListener@7f26bf7f]
]]></system-out>
  <system-err><![CDATA[]]></system-err>
</testsuite>
