<?xml version="1.0" encoding="UTF-8"?>
<testsuite name="CSCI5308.GroupFormationTool.Course.UserCoursesTest" tests="19" skipped="0" failures="0" errors="0" timestamp="2020-07-10T05:03:24" hostname="Prabhjots-MacBook-Pro.local" time="0.056">
  <properties/>
  <testcase name="getInstructorCoursesTest()" classname="CSCI5308.GroupFormationTool.Course.UserCoursesTest" time="0.02"/>
  <testcase name="getStudentCoursesTest()" classname="CSCI5308.GroupFormationTool.Course.UserCoursesTest" time="0.002"/>
  <testcase name="getCourseIdTest()" classname="CSCI5308.GroupFormationTool.Course.UserCoursesTest" time="0.001"/>
  <testcase name="setBannerIdTest()" classname="CSCI5308.GroupFormationTool.Course.UserCoursesTest" time="0.001"/>
  <testcase name="usersCurrentlyNotInstructorsForCourseTest()" classname="CSCI5308.GroupFormationTool.Course.UserCoursesTest" time="0.002"/>
  <testcase name="getTAForCourseTest()" classname="CSCI5308.GroupFormationTool.Course.UserCoursesTest" time="0.002"/>
  <testcase name="setCourseDescriptionTest()" classname="CSCI5308.GroupFormationTool.Course.UserCoursesTest" time="0.001"/>
  <testcase name="setCourseNameTest()" classname="CSCI5308.GroupFormationTool.Course.UserCoursesTest" time="0.002"/>
  <testcase name="addInstructorsToCourseTest()" classname="CSCI5308.GroupFormationTool.Course.UserCoursesTest" time="0.002"/>
  <testcase name="enrollTAForCourseUsingEmailIdTest()" classname="CSCI5308.GroupFormationTool.Course.UserCoursesTest" time="0.001"/>
  <testcase name="setIdTest()" classname="CSCI5308.GroupFormationTool.Course.UserCoursesTest" time="0.001"/>
  <testcase name="getUserRoleByEmailIdTest()" classname="CSCI5308.GroupFormationTool.Course.UserCoursesTest" time="0.002"/>
  <testcase name="getCourseDescriptionTest()" classname="CSCI5308.GroupFormationTool.Course.UserCoursesTest" time="0.001"/>
  <testcase name="getUserRoleTest()" classname="CSCI5308.GroupFormationTool.Course.UserCoursesTest" time="0.001"/>
  <testcase name="getTACoursesTest()" classname="CSCI5308.GroupFormationTool.Course.UserCoursesTest" time="0.002"/>
  <testcase name="getCourseNameTest()" classname="CSCI5308.GroupFormationTool.Course.UserCoursesTest" time="0.002"/>
  <testcase name="setUserRoleTest()" classname="CSCI5308.GroupFormationTool.Course.UserCoursesTest" time="0.002"/>
  <testcase name="getBannerIdTest()" classname="CSCI5308.GroupFormationTool.Course.UserCoursesTest" time="0.001"/>
  <testcase name="getInstructorsForCourseTest()" classname="CSCI5308.GroupFormationTool.Course.UserCoursesTest" time="0.001"/>
  <system-out><![CDATA[2020-07-10 02:03:24.923  INFO 10909 --- [    Test worker] .b.t.c.SpringBootTestContextBootstrapper : Neither @ContextConfiguration nor @ContextHierarchy found for test class [CSCI5308.GroupFormationTool.Course.UserCoursesTest], using SpringBootContextLoader
2020-07-10 02:03:24.923  INFO 10909 --- [    Test worker] o.s.t.c.support.AbstractContextLoader    : Could not detect default resource locations for test class [CSCI5308.GroupFormationTool.Course.UserCoursesTest]: no resource found for suffixes {-context.xml, Context.groovy}.
2020-07-10 02:03:24.923  INFO 10909 --- [    Test worker] t.c.s.AnnotationConfigContextLoaderUtils : Could not detect default configuration classes for test class [CSCI5308.GroupFormationTool.Course.UserCoursesTest]: UserCoursesTest does not declare any static, non-private, non-final, nested classes annotated with @Configuration.
2020-07-10 02:03:24.924  INFO 10909 --- [    Test worker] .b.t.c.SpringBootTestContextBootstrapper : Found @SpringBootConfiguration CSCI5308.GroupFormationTool.GroupFormationToolApplication for test class CSCI5308.GroupFormationTool.Course.UserCoursesTest
2020-07-10 02:03:24.925  INFO 10909 --- [    Test worker] .b.t.c.SpringBootTestContextBootstrapper : Loaded default TestExecutionListener class names from location [META-INF/spring.factories]: [org.springframework.security.test.context.support.WithSecurityContextTestExecutionListener, org.springframework.security.test.context.support.ReactorContextTestExecutionListener, org.springframework.boot.test.autoconfigure.restdocs.RestDocsTestExecutionListener, org.springframework.boot.test.autoconfigure.web.client.MockRestServiceServerResetTestExecutionListener, org.springframework.boot.test.autoconfigure.web.servlet.MockMvcPrintOnlyOnFailureTestExecutionListener, org.springframework.boot.test.autoconfigure.web.servlet.WebDriverTestExecutionListener, org.springframework.boot.test.mock.mockito.MockitoTestExecutionListener, org.springframework.boot.test.mock.mockito.ResetMocksTestExecutionListener, org.springframework.test.context.web.ServletTestExecutionListener, org.springframework.test.context.support.DirtiesContextBeforeModesTestExecutionListener, org.springframework.test.context.support.DependencyInjectionTestExecutionListener, org.springframework.test.context.support.DirtiesContextTestExecutionListener, org.springframework.test.context.transaction.TransactionalTestExecutionListener, org.springframework.test.context.jdbc.SqlScriptsTestExecutionListener, org.springframework.test.context.event.EventPublishingTestExecutionListener]
2020-07-10 02:03:24.926  INFO 10909 --- [    Test worker] .b.t.c.SpringBootTestContextBootstrapper : Using TestExecutionListeners: [org.springframework.test.context.web.ServletTestExecutionListener@61cb56d6, org.springframework.test.context.support.DirtiesContextBeforeModesTestExecutionListener@23178a2c, org.springframework.boot.test.mock.mockito.MockitoTestExecutionListener@69c87982, org.springframework.boot.test.autoconfigure.SpringBootDependencyInjectionTestExecutionListener@5f3b2a7f, org.springframework.test.context.support.DirtiesContextTestExecutionListener@64fdaaa8, org.springframework.security.test.context.support.WithSecurityContextTestExecutionListener@7b240af1, org.springframework.test.context.event.EventPublishingTestExecutionListener@518a787e, org.springframework.security.test.context.support.ReactorContextTestExecutionListener@57e4c8e2, org.springframework.boot.test.autoconfigure.restdocs.RestDocsTestExecutionListener@5ec5805c, org.springframework.boot.test.autoconfigure.web.client.MockRestServiceServerResetTestExecutionListener@56d6af7, org.springframework.boot.test.autoconfigure.web.servlet.MockMvcPrintOnlyOnFailureTestExecutionListener@726abac, org.springframework.boot.test.autoconfigure.web.servlet.WebDriverTestExecutionListener@76f4d072, org.springframework.boot.test.mock.mockito.ResetMocksTestExecutionListener@4c17990]
]]></system-out>
  <system-err><![CDATA[]]></system-err>
</testsuite>
