<?xml version="1.0" encoding="UTF-8"?>
<testsuite name="CSCI5308.GroupFormationTool.RepositoryTest.UserRepositoryTest" tests="4" skipped="0" failures="0" errors="0" timestamp="2020-06-04T21:50:08" hostname="Prabhjots-MacBook-Pro.local" time="0.008">
  <properties/>
  <testcase name="createUserTest()" classname="CSCI5308.GroupFormationTool.RepositoryTest.UserRepositoryTest" time="0.002"/>
  <testcase name="getUserByBannerIdTest()" classname="CSCI5308.GroupFormationTool.RepositoryTest.UserRepositoryTest" time="0.002"/>
  <testcase name="getUserByEmailIdTest()" classname="CSCI5308.GroupFormationTool.RepositoryTest.UserRepositoryTest" time="0.002"/>
  <testcase name="getAdminDetailsTest()" classname="CSCI5308.GroupFormationTool.RepositoryTest.UserRepositoryTest" time="0.002"/>
  <system-out><![CDATA[2020-06-04 18:50:08.082  INFO 36983 --- [    Test worker] .b.t.c.SpringBootTestContextBootstrapper : Neither @ContextConfiguration nor @ContextHierarchy found for test class [CSCI5308.GroupFormationTool.RepositoryTest.UserRepositoryTest], using SpringBootContextLoader
2020-06-04 18:50:08.083  INFO 36983 --- [    Test worker] o.s.t.c.support.AbstractContextLoader    : Could not detect default resource locations for test class [CSCI5308.GroupFormationTool.RepositoryTest.UserRepositoryTest]: no resource found for suffixes {-context.xml, Context.groovy}.
2020-06-04 18:50:08.083  INFO 36983 --- [    Test worker] t.c.s.AnnotationConfigContextLoaderUtils : Could not detect default configuration classes for test class [CSCI5308.GroupFormationTool.RepositoryTest.UserRepositoryTest]: UserRepositoryTest does not declare any static, non-private, non-final, nested classes annotated with @Configuration.
2020-06-04 18:50:08.084  INFO 36983 --- [    Test worker] .b.t.c.SpringBootTestContextBootstrapper : Found @SpringBootConfiguration CSCI5308.GroupFormationTool.GroupFormationToolApplication for test class CSCI5308.GroupFormationTool.RepositoryTest.UserRepositoryTest
2020-06-04 18:50:08.085  INFO 36983 --- [    Test worker] .b.t.c.SpringBootTestContextBootstrapper : Loaded default TestExecutionListener class names from location [META-INF/spring.factories]: [org.springframework.security.test.context.support.WithSecurityContextTestExecutionListener, org.springframework.security.test.context.support.ReactorContextTestExecutionListener, org.springframework.boot.test.autoconfigure.restdocs.RestDocsTestExecutionListener, org.springframework.boot.test.autoconfigure.web.client.MockRestServiceServerResetTestExecutionListener, org.springframework.boot.test.autoconfigure.web.servlet.MockMvcPrintOnlyOnFailureTestExecutionListener, org.springframework.boot.test.autoconfigure.web.servlet.WebDriverTestExecutionListener, org.springframework.boot.test.mock.mockito.MockitoTestExecutionListener, org.springframework.boot.test.mock.mockito.ResetMocksTestExecutionListener, org.springframework.test.context.web.ServletTestExecutionListener, org.springframework.test.context.support.DirtiesContextBeforeModesTestExecutionListener, org.springframework.test.context.support.DependencyInjectionTestExecutionListener, org.springframework.test.context.support.DirtiesContextTestExecutionListener, org.springframework.test.context.transaction.TransactionalTestExecutionListener, org.springframework.test.context.jdbc.SqlScriptsTestExecutionListener, org.springframework.test.context.event.EventPublishingTestExecutionListener]
2020-06-04 18:50:08.086  INFO 36983 --- [    Test worker] .b.t.c.SpringBootTestContextBootstrapper : Using TestExecutionListeners: [org.springframework.test.context.web.ServletTestExecutionListener@3908bad1, org.springframework.test.context.support.DirtiesContextBeforeModesTestExecutionListener@19bf8bc2, org.springframework.boot.test.mock.mockito.MockitoTestExecutionListener@1366c704, org.springframework.boot.test.autoconfigure.SpringBootDependencyInjectionTestExecutionListener@67d13ba5, org.springframework.test.context.support.DirtiesContextTestExecutionListener@1b73cbbc, org.springframework.security.test.context.support.WithSecurityContextTestExecutionListener@7e77a28b, org.springframework.test.context.event.EventPublishingTestExecutionListener@5b0c14a6, org.springframework.security.test.context.support.ReactorContextTestExecutionListener@356e0071, org.springframework.boot.test.autoconfigure.restdocs.RestDocsTestExecutionListener@3045034b, org.springframework.boot.test.autoconfigure.web.client.MockRestServiceServerResetTestExecutionListener@73e59c32, org.springframework.boot.test.autoconfigure.web.servlet.MockMvcPrintOnlyOnFailureTestExecutionListener@48770fcc, org.springframework.boot.test.autoconfigure.web.servlet.WebDriverTestExecutionListener@d5ff33b, org.springframework.boot.test.mock.mockito.ResetMocksTestExecutionListener@1518e680]
]]></system-out>
  <system-err><![CDATA[]]></system-err>
</testsuite>
