<?xml version="1.0" encoding="UTF-8"?>
<testsuite name="CSCI5308.GroupFormationTool.Question.QuestionManagerRepositoryTest" tests="2" skipped="0" failures="0" errors="0" timestamp="2020-07-07T18:40:38" hostname="Prabhjots-MacBook-Pro.local" time="0.002">
  <properties/>
  <testcase name="deleteQuestionTest()" classname="CSCI5308.GroupFormationTool.Question.QuestionManagerRepositoryTest" time="0.001"/>
  <testcase name="createQuestionTest()" classname="CSCI5308.GroupFormationTool.Question.QuestionManagerRepositoryTest" time="0.001"/>
  <system-out><![CDATA[2020-07-07 15:40:38.168  INFO 22184 --- [    Test worker] .b.t.c.SpringBootTestContextBootstrapper : Neither @ContextConfiguration nor @ContextHierarchy found for test class [CSCI5308.GroupFormationTool.Question.QuestionManagerRepositoryTest], using SpringBootContextLoader
2020-07-07 15:40:38.169  INFO 22184 --- [    Test worker] o.s.t.c.support.AbstractContextLoader    : Could not detect default resource locations for test class [CSCI5308.GroupFormationTool.Question.QuestionManagerRepositoryTest]: no resource found for suffixes {-context.xml, Context.groovy}.
2020-07-07 15:40:38.169  INFO 22184 --- [    Test worker] t.c.s.AnnotationConfigContextLoaderUtils : Could not detect default configuration classes for test class [CSCI5308.GroupFormationTool.Question.QuestionManagerRepositoryTest]: QuestionManagerRepositoryTest does not declare any static, non-private, non-final, nested classes annotated with @Configuration.
2020-07-07 15:40:38.170  INFO 22184 --- [    Test worker] .b.t.c.SpringBootTestContextBootstrapper : Found @SpringBootConfiguration CSCI5308.GroupFormationTool.GroupFormationToolApplication for test class CSCI5308.GroupFormationTool.Question.QuestionManagerRepositoryTest
2020-07-07 15:40:38.171  INFO 22184 --- [    Test worker] .b.t.c.SpringBootTestContextBootstrapper : Loaded default TestExecutionListener class names from location [META-INF/spring.factories]: [org.springframework.security.test.context.support.WithSecurityContextTestExecutionListener, org.springframework.security.test.context.support.ReactorContextTestExecutionListener, org.springframework.boot.test.autoconfigure.restdocs.RestDocsTestExecutionListener, org.springframework.boot.test.autoconfigure.web.client.MockRestServiceServerResetTestExecutionListener, org.springframework.boot.test.autoconfigure.web.servlet.MockMvcPrintOnlyOnFailureTestExecutionListener, org.springframework.boot.test.autoconfigure.web.servlet.WebDriverTestExecutionListener, org.springframework.boot.test.mock.mockito.MockitoTestExecutionListener, org.springframework.boot.test.mock.mockito.ResetMocksTestExecutionListener, org.springframework.test.context.web.ServletTestExecutionListener, org.springframework.test.context.support.DirtiesContextBeforeModesTestExecutionListener, org.springframework.test.context.support.DependencyInjectionTestExecutionListener, org.springframework.test.context.support.DirtiesContextTestExecutionListener, org.springframework.test.context.transaction.TransactionalTestExecutionListener, org.springframework.test.context.jdbc.SqlScriptsTestExecutionListener, org.springframework.test.context.event.EventPublishingTestExecutionListener]
2020-07-07 15:40:38.172  INFO 22184 --- [    Test worker] .b.t.c.SpringBootTestContextBootstrapper : Using TestExecutionListeners: [org.springframework.test.context.web.ServletTestExecutionListener@4f998d7b, org.springframework.test.context.support.DirtiesContextBeforeModesTestExecutionListener@28a635e5, org.springframework.boot.test.mock.mockito.MockitoTestExecutionListener@5c07bace, org.springframework.boot.test.autoconfigure.SpringBootDependencyInjectionTestExecutionListener@6e3916ff, org.springframework.test.context.support.DirtiesContextTestExecutionListener@6dc8bc16, org.springframework.security.test.context.support.WithSecurityContextTestExecutionListener@7458a557, org.springframework.test.context.event.EventPublishingTestExecutionListener@15e8a0d8, org.springframework.security.test.context.support.ReactorContextTestExecutionListener@33c0d274, org.springframework.boot.test.autoconfigure.restdocs.RestDocsTestExecutionListener@1bc0f016, org.springframework.boot.test.autoconfigure.web.client.MockRestServiceServerResetTestExecutionListener@2a839c24, org.springframework.boot.test.autoconfigure.web.servlet.MockMvcPrintOnlyOnFailureTestExecutionListener@7abd17cc, org.springframework.boot.test.autoconfigure.web.servlet.WebDriverTestExecutionListener@4fdb299d, org.springframework.boot.test.mock.mockito.ResetMocksTestExecutionListener@53873030]
]]></system-out>
  <system-err><![CDATA[]]></system-err>
</testsuite>
