<?xml version="1.0" encoding="UTF-8"?>
<testsuite name="CSCI5308.GroupFormationTool.RepositoryTest.UserRepositoryTest" tests="4" skipped="0" failures="0" errors="0" timestamp="2020-06-18T20:08:56" hostname="Prabhjots-MacBook-Pro.local" time="0.007">
  <properties/>
  <testcase name="createUserTest()" classname="CSCI5308.GroupFormationTool.RepositoryTest.UserRepositoryTest" time="0.001"/>
  <testcase name="getUserByBannerIdTest()" classname="CSCI5308.GroupFormationTool.RepositoryTest.UserRepositoryTest" time="0.001"/>
  <testcase name="getUserByEmailIdTest()" classname="CSCI5308.GroupFormationTool.RepositoryTest.UserRepositoryTest" time="0.001"/>
  <testcase name="getAdminDetailsTest()" classname="CSCI5308.GroupFormationTool.RepositoryTest.UserRepositoryTest" time="0.002"/>
  <system-out><![CDATA[2020-06-18 17:08:56.890  INFO 17970 --- [    Test worker] .b.t.c.SpringBootTestContextBootstrapper : Neither @ContextConfiguration nor @ContextHierarchy found for test class [CSCI5308.GroupFormationTool.RepositoryTest.UserRepositoryTest], using SpringBootContextLoader
2020-06-18 17:08:56.891  INFO 17970 --- [    Test worker] o.s.t.c.support.AbstractContextLoader    : Could not detect default resource locations for test class [CSCI5308.GroupFormationTool.RepositoryTest.UserRepositoryTest]: no resource found for suffixes {-context.xml, Context.groovy}.
2020-06-18 17:08:56.891  INFO 17970 --- [    Test worker] t.c.s.AnnotationConfigContextLoaderUtils : Could not detect default configuration classes for test class [CSCI5308.GroupFormationTool.RepositoryTest.UserRepositoryTest]: UserRepositoryTest does not declare any static, non-private, non-final, nested classes annotated with @Configuration.
2020-06-18 17:08:56.892  INFO 17970 --- [    Test worker] .b.t.c.SpringBootTestContextBootstrapper : Found @SpringBootConfiguration CSCI5308.GroupFormationTool.GroupFormationToolApplication for test class CSCI5308.GroupFormationTool.RepositoryTest.UserRepositoryTest
2020-06-18 17:08:56.893  INFO 17970 --- [    Test worker] .b.t.c.SpringBootTestContextBootstrapper : Loaded default TestExecutionListener class names from location [META-INF/spring.factories]: [org.springframework.security.test.context.support.WithSecurityContextTestExecutionListener, org.springframework.security.test.context.support.ReactorContextTestExecutionListener, org.springframework.boot.test.autoconfigure.restdocs.RestDocsTestExecutionListener, org.springframework.boot.test.autoconfigure.web.client.MockRestServiceServerResetTestExecutionListener, org.springframework.boot.test.autoconfigure.web.servlet.MockMvcPrintOnlyOnFailureTestExecutionListener, org.springframework.boot.test.autoconfigure.web.servlet.WebDriverTestExecutionListener, org.springframework.boot.test.mock.mockito.MockitoTestExecutionListener, org.springframework.boot.test.mock.mockito.ResetMocksTestExecutionListener, org.springframework.test.context.web.ServletTestExecutionListener, org.springframework.test.context.support.DirtiesContextBeforeModesTestExecutionListener, org.springframework.test.context.support.DependencyInjectionTestExecutionListener, org.springframework.test.context.support.DirtiesContextTestExecutionListener, org.springframework.test.context.transaction.TransactionalTestExecutionListener, org.springframework.test.context.jdbc.SqlScriptsTestExecutionListener, org.springframework.test.context.event.EventPublishingTestExecutionListener]
2020-06-18 17:08:56.894  INFO 17970 --- [    Test worker] .b.t.c.SpringBootTestContextBootstrapper : Using TestExecutionListeners: [org.springframework.test.context.web.ServletTestExecutionListener@11ef63b7, org.springframework.test.context.support.DirtiesContextBeforeModesTestExecutionListener@6c233389, org.springframework.boot.test.mock.mockito.MockitoTestExecutionListener@1c2d0438, org.springframework.boot.test.autoconfigure.SpringBootDependencyInjectionTestExecutionListener@7067d166, org.springframework.test.context.support.DirtiesContextTestExecutionListener@1affe606, org.springframework.security.test.context.support.WithSecurityContextTestExecutionListener@6fb531ab, org.springframework.test.context.event.EventPublishingTestExecutionListener@1bcdf4a1, org.springframework.security.test.context.support.ReactorContextTestExecutionListener@55effa5f, org.springframework.boot.test.autoconfigure.restdocs.RestDocsTestExecutionListener@3045f932, org.springframework.boot.test.autoconfigure.web.client.MockRestServiceServerResetTestExecutionListener@76bbbef8, org.springframework.boot.test.autoconfigure.web.servlet.MockMvcPrintOnlyOnFailureTestExecutionListener@2a72472, org.springframework.boot.test.autoconfigure.web.servlet.WebDriverTestExecutionListener@28301b7b, org.springframework.boot.test.mock.mockito.ResetMocksTestExecutionListener@3723eb26]
]]></system-out>
  <system-err><![CDATA[]]></system-err>
</testsuite>
