<?xml version="1.0" encoding="UTF-8"?>
<testsuite name="CSCI5308.GroupFormationTool.Security.UserRegistrationControllerTest" tests="1" skipped="0" failures="0" errors="0" timestamp="2020-07-16T02:08:45" hostname="Prabhjots-MacBook-Pro.local" time="0.024">
  <properties/>
  <testcase name="registerTest()" classname="CSCI5308.GroupFormationTool.Security.UserRegistrationControllerTest" time="0.024"/>
  <system-out><![CDATA[
  .   ____          _            __ _ _
 /\\ / ___'_ __ _ _(_)_ __  __ _ \ \ \ \
( ( )\___ | '_ | '_| | '_ \/ _` | \ \ \ \
 \\/  ___)| |_)| | | | | || (_| |  ) ) ) )
  '  |____| .__|_| |_|_| |_\__, | / / / /
 =========|_|==============|___/=/_/_/_/
 :: Spring Boot ::        (v2.2.7.RELEASE)

2020-07-15 23:08:44.812  INFO 38787 --- [    Test worker] C.G.S.UserRegistrationControllerTest     : Starting UserRegistrationControllerTest on Prabhjots-MacBook-Pro.local with PID 38787 (started by prabhjotkaur in /Users/prabhjotkaur/git/group22)
2020-07-15 23:08:44.812  INFO 38787 --- [    Test worker] C.G.S.UserRegistrationControllerTest     : No active profile set, falling back to default profiles: default
2020-07-15 23:08:45.121  INFO 38787 --- [    Test worker] C.G.S.UserRegistrationControllerTest     : Started UserRegistrationControllerTest in 0.32 seconds (JVM running for 6.947)
2020-07-15 23:08:45.126  INFO 38787 --- [    Test worker] C.G.Security.UserRegistrationController  : Fetching the password policies of the system
2020-07-15 23:08:45.126  INFO 38787 --- [    Test worker] C.GroupFormationTool.Password.Policy     : Calling the Policy Repository to fetch all the password security policies from database

MockHttpServletRequest:
      HTTP Method = GET
      Request URI = /register
       Parameters = {}
          Headers = []
             Body = <no character encoding set>
    Session Attrs = {org.springframework.security.web.csrf.HttpSessionCsrfTokenRepository.CSRF_TOKEN=org.springframework.security.web.csrf.DefaultCsrfToken@51ca9aa3}

Handler:
             Type = CSCI5308.GroupFormationTool.Security.UserRegistrationController
           Method = CSCI5308.GroupFormationTool.Security.UserRegistrationController#register(User, Model)

Async:
    Async started = false
     Async result = null

Resolved Exception:
             Type = null

ModelAndView:
        View name = user/signup
             View = null
        Attribute = user
            value = CSCI5308.GroupFormationTool.User.User@6ea5349d
           errors = []
        Attribute = policies
            value = []

FlashMap:
       Attributes = null

MockHttpServletResponse:
           Status = 200
    Error message = null
          Headers = [Content-Language:"en", Content-Type:"text/html;charset=UTF-8", X-Content-Type-Options:"nosniff", X-XSS-Protection:"1; mode=block", Cache-Control:"no-cache, no-store, max-age=0, must-revalidate", Pragma:"no-cache", Expires:"0", X-Frame-Options:"DENY"]
     Content type = text/html;charset=UTF-8
             Body = <!DOCTYPE html>
<html lang="en">
<head>
    <meta charset="utf-8"/>
    <meta content="IE=edge" http-equiv="X-UA-Compatible"/>
    <meta content="width=device-width, initial-scale=1" name="viewport"/>
    <link href="favicon.ico" rel="icon"/>
    <title>User Registration Page</title>
    <link
            crossorigin="anonymous"
            href="//maxcdn.bootstrapcdn.com/bootstrap/3.3.7/css/bootstrap.min.css"
            integrity="sha384-BVYiiSIFeK1dGmJRAkycuHAHRg32OmUcww7on3RYdg4Va+PmSTsz/K68vbdEjh4u"
            rel="stylesheet"/>

</head>
<body style="background-color: #e7ebee">
<div class="flex align-items-center text-center" style="padding: 20px;">
    <br/>
    <div>
        <h4>Create Account</h4>
        <form action="/register" autocomplete="off" class="m-t col-md-4 col-md-offset-4"
              data-toggle="validator" method="post"
              role="form"><input type="hidden" name="_csrf" value="2dee3d3f-a97e-4b2d-b4e0-0b09eb5aca9f"/>

            
            <br>

            

            

            

            

            

            

            <div class="form-group input-group has-feedback">
                 <span
                    class="input-group-addon"> <span
                    class="glyphicon glyphicon-user"></span>
					</span> <input class="form-control" placeholder="First Name"
                                   required type="text" id="firstName" name="firstName" value=""/> <span
                    aria-hidden="true" class="glyphicon form-control-feedback"></span>
            </div>


            <div class="form-group input-group has-feedback">
                 <span
                    class="input-group-addon"> <span
                    class="glyphicon glyphicon-user"></span>
					</span> <input class="form-control" placeholder="Last Name" required
                                   type="text" id="lastName" name="lastName" value=""/> <span
                    aria-hidden="true" class="glyphicon form-control-feedback"></span>
            </div>


            <div class="form-group input-group has-feedback">
                 <span
                    class="input-group-addon"> <span
                    class="glyphicon glyphicon-envelope"></span>
					</span> <input class="form-control" placeholder="Email address"
                                   required type="email" id="emailId" name="emailId" value=""/> <span
                    aria-hidden="true" class="glyphicon form-control-feedback"></span>
            </div>

            <div class="form-group input-group has-feedback">
					<span class="input-group-addon"> <span
                            class="glyphicon glyphicon-file"></span>
					</span> <input class="form-control" placeholder="Banner Id" type="text" id="bannerId" name="bannerId" value=""/> <span
                    aria-hidden="true" class="glyphicon form-control-feedback"></span>
            </div>

            <div class="form-group input-group has-feedback">
                 <span
                    class="input-group-addon"> <span
                    class="glyphicon glyphicon-lock"></span>
					</span> <input class="form-control" placeholder="Password"
                                   required type="password" id="password" name="password" value=""/> <span
                    aria-hidden="true" class="glyphicon form-control-feedback"></span>
            </div>

            <div class="form-group input-group has-feedback">
                
                <span class="input-group-addon"> <span
                        class="glyphicon glyphicon-lock"></span>
					</span> <input class="form-control" placeholder="Confirm Password"
                                   required type="password" id="confirmPassword" name="confirmPassword" value=""/> <span
                    aria-hidden="true" class="glyphicon form-control-feedback"></span>
            </div>

            <div class="text-center">
                <button class="btn btn-primary btn-sm btn-block" type="submit">Register</button>
                <br/>
                <button class="btn btn-danger btn-sm btn-block" type="reset">Cancel</button>
            </div>

            <br/>
            <div>
                <a class="text-primary" href="/login">Are you an existing
                    user? Click here to log in!</a>
            </div>
        </form>
        <br/>
        
    </div>
</div>
</body>
</html>
    Forwarded URL = null
   Redirected URL = null
          Cookies = []
]]></system-out>
  <system-err><![CDATA[]]></system-err>
</testsuite>
