<?xml version="1.0" encoding="UTF-8"?>
<testsuite name="CSCI5308.GroupFormationTool.Model.PolicyTest" tests="8" skipped="0" failures="0" errors="0" timestamp="2020-06-18T20:08:57" hostname="Prabhjots-MacBook-Pro.local" time="0.011">
  <properties/>
  <testcase name="getEnabledTest()" classname="CSCI5308.GroupFormationTool.Model.PolicyTest" time="0.001"/>
  <testcase name="getValueTest()" classname="CSCI5308.GroupFormationTool.Model.PolicyTest" time="0.001"/>
  <testcase name="getSettingTest()" classname="CSCI5308.GroupFormationTool.Model.PolicyTest" time="0.001"/>
  <testcase name="setIdTest()" classname="CSCI5308.GroupFormationTool.Model.PolicyTest" time="0.001"/>
  <testcase name="setEnabledTest()" classname="CSCI5308.GroupFormationTool.Model.PolicyTest" time="0.001"/>
  <testcase name="getIdTest()" classname="CSCI5308.GroupFormationTool.Model.PolicyTest" time="0.001"/>
  <testcase name="setValueTest()" classname="CSCI5308.GroupFormationTool.Model.PolicyTest" time="0.001"/>
  <testcase name="setSettingTest()" classname="CSCI5308.GroupFormationTool.Model.PolicyTest" time="0.001"/>
  <system-out><![CDATA[2020-06-18 17:08:57.002  INFO 17970 --- [    Test worker] .b.t.c.SpringBootTestContextBootstrapper : Neither @ContextConfiguration nor @ContextHierarchy found for test class [CSCI5308.GroupFormationTool.Model.PolicyTest], using SpringBootContextLoader
2020-06-18 17:08:57.003  INFO 17970 --- [    Test worker] o.s.t.c.support.AbstractContextLoader    : Could not detect default resource locations for test class [CSCI5308.GroupFormationTool.Model.PolicyTest]: no resource found for suffixes {-context.xml, Context.groovy}.
2020-06-18 17:08:57.003  INFO 17970 --- [    Test worker] t.c.s.AnnotationConfigContextLoaderUtils : Could not detect default configuration classes for test class [CSCI5308.GroupFormationTool.Model.PolicyTest]: PolicyTest does not declare any static, non-private, non-final, nested classes annotated with @Configuration.
2020-06-18 17:08:57.004  INFO 17970 --- [    Test worker] .b.t.c.SpringBootTestContextBootstrapper : Found @SpringBootConfiguration CSCI5308.GroupFormationTool.GroupFormationToolApplication for test class CSCI5308.GroupFormationTool.Model.PolicyTest
2020-06-18 17:08:57.005  INFO 17970 --- [    Test worker] .b.t.c.SpringBootTestContextBootstrapper : Loaded default TestExecutionListener class names from location [META-INF/spring.factories]: [org.springframework.security.test.context.support.WithSecurityContextTestExecutionListener, org.springframework.security.test.context.support.ReactorContextTestExecutionListener, org.springframework.boot.test.autoconfigure.restdocs.RestDocsTestExecutionListener, org.springframework.boot.test.autoconfigure.web.client.MockRestServiceServerResetTestExecutionListener, org.springframework.boot.test.autoconfigure.web.servlet.MockMvcPrintOnlyOnFailureTestExecutionListener, org.springframework.boot.test.autoconfigure.web.servlet.WebDriverTestExecutionListener, org.springframework.boot.test.mock.mockito.MockitoTestExecutionListener, org.springframework.boot.test.mock.mockito.ResetMocksTestExecutionListener, org.springframework.test.context.web.ServletTestExecutionListener, org.springframework.test.context.support.DirtiesContextBeforeModesTestExecutionListener, org.springframework.test.context.support.DependencyInjectionTestExecutionListener, org.springframework.test.context.support.DirtiesContextTestExecutionListener, org.springframework.test.context.transaction.TransactionalTestExecutionListener, org.springframework.test.context.jdbc.SqlScriptsTestExecutionListener, org.springframework.test.context.event.EventPublishingTestExecutionListener]
2020-06-18 17:08:57.005  INFO 17970 --- [    Test worker] .b.t.c.SpringBootTestContextBootstrapper : Using TestExecutionListeners: [org.springframework.test.context.web.ServletTestExecutionListener@16d90019, org.springframework.test.context.support.DirtiesContextBeforeModesTestExecutionListener@3cd928c, org.springframework.boot.test.mock.mockito.MockitoTestExecutionListener@7ff3fd39, org.springframework.boot.test.autoconfigure.SpringBootDependencyInjectionTestExecutionListener@587f921f, org.springframework.test.context.support.DirtiesContextTestExecutionListener@67898c1, org.springframework.security.test.context.support.WithSecurityContextTestExecutionListener@694e3370, org.springframework.test.context.event.EventPublishingTestExecutionListener@9b41155, org.springframework.security.test.context.support.ReactorContextTestExecutionListener@2d7f8516, org.springframework.boot.test.autoconfigure.restdocs.RestDocsTestExecutionListener@6f03bee8, org.springframework.boot.test.autoconfigure.web.client.MockRestServiceServerResetTestExecutionListener@77ced5cb, org.springframework.boot.test.autoconfigure.web.servlet.MockMvcPrintOnlyOnFailureTestExecutionListener@5ed95cde, org.springframework.boot.test.autoconfigure.web.servlet.WebDriverTestExecutionListener@fdf3526, org.springframework.boot.test.mock.mockito.ResetMocksTestExecutionListener@7d593ecb]
]]></system-out>
  <system-err><![CDATA[]]></system-err>
</testsuite>
