<?xml version="1.0" encoding="UTF-8"?>
<testsuite name="CSCI5308.GroupFormationTool.Question.ChoiceTest" tests="4" skipped="0" failures="0" errors="0" timestamp="2020-07-07T18:40:38" hostname="Prabhjots-MacBook-Pro.local" time="0.004">
  <properties/>
  <testcase name="getText()" classname="CSCI5308.GroupFormationTool.Question.ChoiceTest" time="0.001"/>
  <testcase name="setValue()" classname="CSCI5308.GroupFormationTool.Question.ChoiceTest" time="0.001"/>
  <testcase name="getValue()" classname="CSCI5308.GroupFormationTool.Question.ChoiceTest" time="0.001"/>
  <testcase name="setText()" classname="CSCI5308.GroupFormationTool.Question.ChoiceTest" time="0.001"/>
  <system-out><![CDATA[2020-07-07 15:40:38.177  INFO 22184 --- [    Test worker] .b.t.c.SpringBootTestContextBootstrapper : Neither @ContextConfiguration nor @ContextHierarchy found for test class [CSCI5308.GroupFormationTool.Question.ChoiceTest], using SpringBootContextLoader
2020-07-07 15:40:38.177  INFO 22184 --- [    Test worker] o.s.t.c.support.AbstractContextLoader    : Could not detect default resource locations for test class [CSCI5308.GroupFormationTool.Question.ChoiceTest]: no resource found for suffixes {-context.xml, Context.groovy}.
2020-07-07 15:40:38.177  INFO 22184 --- [    Test worker] t.c.s.AnnotationConfigContextLoaderUtils : Could not detect default configuration classes for test class [CSCI5308.GroupFormationTool.Question.ChoiceTest]: ChoiceTest does not declare any static, non-private, non-final, nested classes annotated with @Configuration.
2020-07-07 15:40:38.178  INFO 22184 --- [    Test worker] .b.t.c.SpringBootTestContextBootstrapper : Found @SpringBootConfiguration CSCI5308.GroupFormationTool.GroupFormationToolApplication for test class CSCI5308.GroupFormationTool.Question.ChoiceTest
2020-07-07 15:40:38.179  INFO 22184 --- [    Test worker] .b.t.c.SpringBootTestContextBootstrapper : Loaded default TestExecutionListener class names from location [META-INF/spring.factories]: [org.springframework.security.test.context.support.WithSecurityContextTestExecutionListener, org.springframework.security.test.context.support.ReactorContextTestExecutionListener, org.springframework.boot.test.autoconfigure.restdocs.RestDocsTestExecutionListener, org.springframework.boot.test.autoconfigure.web.client.MockRestServiceServerResetTestExecutionListener, org.springframework.boot.test.autoconfigure.web.servlet.MockMvcPrintOnlyOnFailureTestExecutionListener, org.springframework.boot.test.autoconfigure.web.servlet.WebDriverTestExecutionListener, org.springframework.boot.test.mock.mockito.MockitoTestExecutionListener, org.springframework.boot.test.mock.mockito.ResetMocksTestExecutionListener, org.springframework.test.context.web.ServletTestExecutionListener, org.springframework.test.context.support.DirtiesContextBeforeModesTestExecutionListener, org.springframework.test.context.support.DependencyInjectionTestExecutionListener, org.springframework.test.context.support.DirtiesContextTestExecutionListener, org.springframework.test.context.transaction.TransactionalTestExecutionListener, org.springframework.test.context.jdbc.SqlScriptsTestExecutionListener, org.springframework.test.context.event.EventPublishingTestExecutionListener]
2020-07-07 15:40:38.179  INFO 22184 --- [    Test worker] .b.t.c.SpringBootTestContextBootstrapper : Using TestExecutionListeners: [org.springframework.test.context.web.ServletTestExecutionListener@65d3f4d8, org.springframework.test.context.support.DirtiesContextBeforeModesTestExecutionListener@77c29cd9, org.springframework.boot.test.mock.mockito.MockitoTestExecutionListener@6143d47d, org.springframework.boot.test.autoconfigure.SpringBootDependencyInjectionTestExecutionListener@baf7ed5, org.springframework.test.context.support.DirtiesContextTestExecutionListener@71a03e4c, org.springframework.security.test.context.support.WithSecurityContextTestExecutionListener@126740f5, org.springframework.test.context.event.EventPublishingTestExecutionListener@6d788ef8, org.springframework.security.test.context.support.ReactorContextTestExecutionListener@1d510c54, org.springframework.boot.test.autoconfigure.restdocs.RestDocsTestExecutionListener@6d7303ec, org.springframework.boot.test.autoconfigure.web.client.MockRestServiceServerResetTestExecutionListener@45bb865f, org.springframework.boot.test.autoconfigure.web.servlet.MockMvcPrintOnlyOnFailureTestExecutionListener@6c1ddf5e, org.springframework.boot.test.autoconfigure.web.servlet.WebDriverTestExecutionListener@79bb4d25, org.springframework.boot.test.mock.mockito.ResetMocksTestExecutionListener@c225d9d]
]]></system-out>
  <system-err><![CDATA[]]></system-err>
</testsuite>
