<?xml version="1.0" encoding="UTF-8"?>
<testsuite name="CSCI5308.GroupFormationTool.SecurityTest.TokenGeneratorTest" tests="1" skipped="0" failures="0" errors="0" timestamp="2020-07-07T17:16:50" hostname="Prabhjots-MacBook-Pro.local" time="0.001">
  <properties/>
  <testcase name="encryptPasswordTest()" classname="CSCI5308.GroupFormationTool.SecurityTest.TokenGeneratorTest" time="0.001"/>
  <system-out><![CDATA[2020-07-07 14:16:50.569  INFO 21487 --- [    Test worker] .b.t.c.SpringBootTestContextBootstrapper : Neither @ContextConfiguration nor @ContextHierarchy found for test class [CSCI5308.GroupFormationTool.SecurityTest.TokenGeneratorTest], using SpringBootContextLoader
2020-07-07 14:16:50.569  INFO 21487 --- [    Test worker] o.s.t.c.support.AbstractContextLoader    : Could not detect default resource locations for test class [CSCI5308.GroupFormationTool.SecurityTest.TokenGeneratorTest]: no resource found for suffixes {-context.xml, Context.groovy}.
2020-07-07 14:16:50.569  INFO 21487 --- [    Test worker] t.c.s.AnnotationConfigContextLoaderUtils : Could not detect default configuration classes for test class [CSCI5308.GroupFormationTool.SecurityTest.TokenGeneratorTest]: TokenGeneratorTest does not declare any static, non-private, non-final, nested classes annotated with @Configuration.
2020-07-07 14:16:50.570  INFO 21487 --- [    Test worker] .b.t.c.SpringBootTestContextBootstrapper : Found @SpringBootConfiguration CSCI5308.GroupFormationTool.GroupFormationToolApplication for test class CSCI5308.GroupFormationTool.SecurityTest.TokenGeneratorTest
2020-07-07 14:16:50.571  INFO 21487 --- [    Test worker] .b.t.c.SpringBootTestContextBootstrapper : Loaded default TestExecutionListener class names from location [META-INF/spring.factories]: [org.springframework.security.test.context.support.WithSecurityContextTestExecutionListener, org.springframework.security.test.context.support.ReactorContextTestExecutionListener, org.springframework.boot.test.autoconfigure.restdocs.RestDocsTestExecutionListener, org.springframework.boot.test.autoconfigure.web.client.MockRestServiceServerResetTestExecutionListener, org.springframework.boot.test.autoconfigure.web.servlet.MockMvcPrintOnlyOnFailureTestExecutionListener, org.springframework.boot.test.autoconfigure.web.servlet.WebDriverTestExecutionListener, org.springframework.boot.test.mock.mockito.MockitoTestExecutionListener, org.springframework.boot.test.mock.mockito.ResetMocksTestExecutionListener, org.springframework.test.context.web.ServletTestExecutionListener, org.springframework.test.context.support.DirtiesContextBeforeModesTestExecutionListener, org.springframework.test.context.support.DependencyInjectionTestExecutionListener, org.springframework.test.context.support.DirtiesContextTestExecutionListener, org.springframework.test.context.transaction.TransactionalTestExecutionListener, org.springframework.test.context.jdbc.SqlScriptsTestExecutionListener, org.springframework.test.context.event.EventPublishingTestExecutionListener]
2020-07-07 14:16:50.572  INFO 21487 --- [    Test worker] .b.t.c.SpringBootTestContextBootstrapper : Using TestExecutionListeners: [org.springframework.test.context.web.ServletTestExecutionListener@2b0d9f48, org.springframework.test.context.support.DirtiesContextBeforeModesTestExecutionListener@d7b7ef9, org.springframework.boot.test.mock.mockito.MockitoTestExecutionListener@5b716c34, org.springframework.boot.test.autoconfigure.SpringBootDependencyInjectionTestExecutionListener@2f4c821e, org.springframework.test.context.support.DirtiesContextTestExecutionListener@68fcaf60, org.springframework.security.test.context.support.WithSecurityContextTestExecutionListener@3ea69830, org.springframework.test.context.event.EventPublishingTestExecutionListener@6e66531c, org.springframework.security.test.context.support.ReactorContextTestExecutionListener@257170bc, org.springframework.boot.test.autoconfigure.restdocs.RestDocsTestExecutionListener@287b5cdd, org.springframework.boot.test.autoconfigure.web.client.MockRestServiceServerResetTestExecutionListener@229636fa, org.springframework.boot.test.autoconfigure.web.servlet.MockMvcPrintOnlyOnFailureTestExecutionListener@7e347f07, org.springframework.boot.test.autoconfigure.web.servlet.WebDriverTestExecutionListener@506e14ed, org.springframework.boot.test.mock.mockito.ResetMocksTestExecutionListener@22812789]
]]></system-out>
  <system-err><![CDATA[]]></system-err>
</testsuite>
