<?xml version="1.0" encoding="UTF-8"?>
<testsuite name="CSCI5308.GroupFormationTool.Service.CourseServiceTest" tests="4" skipped="0" failures="0" errors="0" timestamp="2020-07-06T19:13:46" hostname="Prabhjots-MacBook-Pro.local" time="0.017">
  <properties/>
  <testcase name="getAllCoursesTest()" classname="CSCI5308.GroupFormationTool.Service.CourseServiceTest" time="0.01"/>
  <testcase name="createCourseTest()" classname="CSCI5308.GroupFormationTool.Service.CourseServiceTest" time="0.002"/>
  <testcase name="getCourseByIdTest()" classname="CSCI5308.GroupFormationTool.Service.CourseServiceTest" time="0.002"/>
  <testcase name="deleteCourseTest()" classname="CSCI5308.GroupFormationTool.Service.CourseServiceTest" time="0.002"/>
  <system-out><![CDATA[2020-07-06 16:13:46.369  INFO 19189 --- [    Test worker] .b.t.c.SpringBootTestContextBootstrapper : Neither @ContextConfiguration nor @ContextHierarchy found for test class [CSCI5308.GroupFormationTool.Service.CourseServiceTest], using SpringBootContextLoader
2020-07-06 16:13:46.370  INFO 19189 --- [    Test worker] o.s.t.c.support.AbstractContextLoader    : Could not detect default resource locations for test class [CSCI5308.GroupFormationTool.Service.CourseServiceTest]: no resource found for suffixes {-context.xml, Context.groovy}.
2020-07-06 16:13:46.370  INFO 19189 --- [    Test worker] t.c.s.AnnotationConfigContextLoaderUtils : Could not detect default configuration classes for test class [CSCI5308.GroupFormationTool.Service.CourseServiceTest]: CourseServiceTest does not declare any static, non-private, non-final, nested classes annotated with @Configuration.
2020-07-06 16:13:46.371  INFO 19189 --- [    Test worker] .b.t.c.SpringBootTestContextBootstrapper : Found @SpringBootConfiguration CSCI5308.GroupFormationTool.GroupFormationToolApplication for test class CSCI5308.GroupFormationTool.Service.CourseServiceTest
2020-07-06 16:13:46.372  INFO 19189 --- [    Test worker] .b.t.c.SpringBootTestContextBootstrapper : Loaded default TestExecutionListener class names from location [META-INF/spring.factories]: [org.springframework.security.test.context.support.WithSecurityContextTestExecutionListener, org.springframework.security.test.context.support.ReactorContextTestExecutionListener, org.springframework.boot.test.autoconfigure.restdocs.RestDocsTestExecutionListener, org.springframework.boot.test.autoconfigure.web.client.MockRestServiceServerResetTestExecutionListener, org.springframework.boot.test.autoconfigure.web.servlet.MockMvcPrintOnlyOnFailureTestExecutionListener, org.springframework.boot.test.autoconfigure.web.servlet.WebDriverTestExecutionListener, org.springframework.boot.test.mock.mockito.MockitoTestExecutionListener, org.springframework.boot.test.mock.mockito.ResetMocksTestExecutionListener, org.springframework.test.context.web.ServletTestExecutionListener, org.springframework.test.context.support.DirtiesContextBeforeModesTestExecutionListener, org.springframework.test.context.support.DependencyInjectionTestExecutionListener, org.springframework.test.context.support.DirtiesContextTestExecutionListener, org.springframework.test.context.transaction.TransactionalTestExecutionListener, org.springframework.test.context.jdbc.SqlScriptsTestExecutionListener, org.springframework.test.context.event.EventPublishingTestExecutionListener]
2020-07-06 16:13:46.372  INFO 19189 --- [    Test worker] .b.t.c.SpringBootTestContextBootstrapper : Using TestExecutionListeners: [org.springframework.test.context.web.ServletTestExecutionListener@27e60eea, org.springframework.test.context.support.DirtiesContextBeforeModesTestExecutionListener@22b0a665, org.springframework.boot.test.mock.mockito.MockitoTestExecutionListener@62d19df, org.springframework.boot.test.autoconfigure.SpringBootDependencyInjectionTestExecutionListener@61b0572f, org.springframework.test.context.support.DirtiesContextTestExecutionListener@76b694ad, org.springframework.security.test.context.support.WithSecurityContextTestExecutionListener@51928790, org.springframework.test.context.event.EventPublishingTestExecutionListener@3f9f8f9c, org.springframework.security.test.context.support.ReactorContextTestExecutionListener@5c75be6f, org.springframework.boot.test.autoconfigure.restdocs.RestDocsTestExecutionListener@1e245ab0, org.springframework.boot.test.autoconfigure.web.client.MockRestServiceServerResetTestExecutionListener@5b4ff0e3, org.springframework.boot.test.autoconfigure.web.servlet.MockMvcPrintOnlyOnFailureTestExecutionListener@18ef6779, org.springframework.boot.test.autoconfigure.web.servlet.WebDriverTestExecutionListener@699834cd, org.springframework.boot.test.mock.mockito.ResetMocksTestExecutionListener@55551294]
]]></system-out>
  <system-err><![CDATA[]]></system-err>
</testsuite>
