<?xml version="1.0" encoding="UTF-8"?>
<testsuite name="CSCI5308.GroupFormationTool.Question.QuestionTest" tests="19" skipped="0" failures="0" errors="0" timestamp="2020-07-07T18:40:36" hostname="Prabhjots-MacBook-Pro.local" time="0.053">
  <properties/>
  <testcase name="getTitleTest()" classname="CSCI5308.GroupFormationTool.Question.QuestionTest" time="0.019"/>
  <testcase name="getQuestionListForInstructorTest()" classname="CSCI5308.GroupFormationTool.Question.QuestionTest" time="0.002"/>
  <testcase name="setCreatedDateTest()" classname="CSCI5308.GroupFormationTool.Question.QuestionTest" time="0.001"/>
  <testcase name="deleteQuestionTest()" classname="CSCI5308.GroupFormationTool.Question.QuestionTest" time="0.001"/>
  <testcase name="getChoicesTest()" classname="CSCI5308.GroupFormationTool.Question.QuestionTest" time="0.001"/>
  <testcase name="getSortedQuestionListForInstructorTest()" classname="CSCI5308.GroupFormationTool.Question.QuestionTest" time="0.002"/>
  <testcase name="setTitleTest()" classname="CSCI5308.GroupFormationTool.Question.QuestionTest" time="0.002"/>
  <testcase name="getQuestionByIdTest()" classname="CSCI5308.GroupFormationTool.Question.QuestionTest" time="0.002"/>
  <testcase name="setIdTest()" classname="CSCI5308.GroupFormationTool.Question.QuestionTest" time="0.001"/>
  <testcase name="getIdTest()" classname="CSCI5308.GroupFormationTool.Question.QuestionTest" time="0.001"/>
  <testcase name="setInstructorTest()" classname="CSCI5308.GroupFormationTool.Question.QuestionTest" time="0.001"/>
  <testcase name="setTextTest()" classname="CSCI5308.GroupFormationTool.Question.QuestionTest" time="0.001"/>
  <testcase name="getTextTest()" classname="CSCI5308.GroupFormationTool.Question.QuestionTest" time="0.001"/>
  <testcase name="setTypeTest()" classname="CSCI5308.GroupFormationTool.Question.QuestionTest" time="0.001"/>
  <testcase name="setChoicesTest()" classname="CSCI5308.GroupFormationTool.Question.QuestionTest" time="0.001"/>
  <testcase name="getTypeTest()" classname="CSCI5308.GroupFormationTool.Question.QuestionTest" time="0.001"/>
  <testcase name="createQuestionTest()" classname="CSCI5308.GroupFormationTool.Question.QuestionTest" time="0.003"/>
  <testcase name="getCreatedDateTest()" classname="CSCI5308.GroupFormationTool.Question.QuestionTest" time="0.002"/>
  <testcase name="getInstructorTest()" classname="CSCI5308.GroupFormationTool.Question.QuestionTest" time="0.001"/>
  <system-out><![CDATA[2020-07-07 15:40:36.763  INFO 22184 --- [    Test worker] .b.t.c.SpringBootTestContextBootstrapper : Neither @ContextConfiguration nor @ContextHierarchy found for test class [CSCI5308.GroupFormationTool.Question.QuestionTest], using SpringBootContextLoader
2020-07-07 15:40:36.764  INFO 22184 --- [    Test worker] o.s.t.c.support.AbstractContextLoader    : Could not detect default resource locations for test class [CSCI5308.GroupFormationTool.Question.QuestionTest]: no resource found for suffixes {-context.xml, Context.groovy}.
2020-07-07 15:40:36.764  INFO 22184 --- [    Test worker] t.c.s.AnnotationConfigContextLoaderUtils : Could not detect default configuration classes for test class [CSCI5308.GroupFormationTool.Question.QuestionTest]: QuestionTest does not declare any static, non-private, non-final, nested classes annotated with @Configuration.
2020-07-07 15:40:36.777  INFO 22184 --- [    Test worker] .b.t.c.SpringBootTestContextBootstrapper : Found @SpringBootConfiguration CSCI5308.GroupFormationTool.GroupFormationToolApplication for test class CSCI5308.GroupFormationTool.Question.QuestionTest
2020-07-07 15:40:36.779  INFO 22184 --- [    Test worker] .b.t.c.SpringBootTestContextBootstrapper : Loaded default TestExecutionListener class names from location [META-INF/spring.factories]: [org.springframework.security.test.context.support.WithSecurityContextTestExecutionListener, org.springframework.security.test.context.support.ReactorContextTestExecutionListener, org.springframework.boot.test.autoconfigure.restdocs.RestDocsTestExecutionListener, org.springframework.boot.test.autoconfigure.web.client.MockRestServiceServerResetTestExecutionListener, org.springframework.boot.test.autoconfigure.web.servlet.MockMvcPrintOnlyOnFailureTestExecutionListener, org.springframework.boot.test.autoconfigure.web.servlet.WebDriverTestExecutionListener, org.springframework.boot.test.mock.mockito.MockitoTestExecutionListener, org.springframework.boot.test.mock.mockito.ResetMocksTestExecutionListener, org.springframework.test.context.web.ServletTestExecutionListener, org.springframework.test.context.support.DirtiesContextBeforeModesTestExecutionListener, org.springframework.test.context.support.DependencyInjectionTestExecutionListener, org.springframework.test.context.support.DirtiesContextTestExecutionListener, org.springframework.test.context.transaction.TransactionalTestExecutionListener, org.springframework.test.context.jdbc.SqlScriptsTestExecutionListener, org.springframework.test.context.event.EventPublishingTestExecutionListener]
2020-07-07 15:40:36.782  INFO 22184 --- [    Test worker] .b.t.c.SpringBootTestContextBootstrapper : Using TestExecutionListeners: [org.springframework.test.context.web.ServletTestExecutionListener@268b3b5c, org.springframework.test.context.support.DirtiesContextBeforeModesTestExecutionListener@68dfcc43, org.springframework.boot.test.mock.mockito.MockitoTestExecutionListener@69bbb008, org.springframework.boot.test.autoconfigure.SpringBootDependencyInjectionTestExecutionListener@512a85f5, org.springframework.test.context.support.DirtiesContextTestExecutionListener@2e841557, org.springframework.security.test.context.support.WithSecurityContextTestExecutionListener@38af7910, org.springframework.test.context.event.EventPublishingTestExecutionListener@ca0a5fd, org.springframework.security.test.context.support.ReactorContextTestExecutionListener@9209cb1, org.springframework.boot.test.autoconfigure.restdocs.RestDocsTestExecutionListener@7001e6f, org.springframework.boot.test.autoconfigure.web.client.MockRestServiceServerResetTestExecutionListener@44a48066, org.springframework.boot.test.autoconfigure.web.servlet.MockMvcPrintOnlyOnFailureTestExecutionListener@4da25a42, org.springframework.boot.test.autoconfigure.web.servlet.WebDriverTestExecutionListener@406a8253, org.springframework.boot.test.mock.mockito.ResetMocksTestExecutionListener@479e1f57]
]]></system-out>
  <system-err><![CDATA[]]></system-err>
</testsuite>
