<?xml version="1.0" encoding="UTF-8"?>
<testsuite name="CSCI5308.GroupFormationTool.Course.AdminControllerTest" tests="3" skipped="0" failures="0" errors="0" timestamp="2020-07-10T05:03:28" hostname="Prabhjots-MacBook-Pro.local" time="0.035">
  <properties/>
  <testcase name="assignInstructorToCourseTest()" classname="CSCI5308.GroupFormationTool.Course.AdminControllerTest" time="0.01"/>
  <testcase name="assignInstructorTest()" classname="CSCI5308.GroupFormationTool.Course.AdminControllerTest" time="0.018"/>
  <testcase name="adminCoursesTest()" classname="CSCI5308.GroupFormationTool.Course.AdminControllerTest" time="0.005"/>
  <system-out><![CDATA[2020-07-10 02:03:27.720  INFO 10909 --- [    Test worker] .b.t.a.w.s.WebMvcTestContextBootstrapper : Neither @ContextConfiguration nor @ContextHierarchy found for test class [CSCI5308.GroupFormationTool.Course.AdminControllerTest], using SpringBootContextLoader
2020-07-10 02:03:27.720  INFO 10909 --- [    Test worker] o.s.t.c.support.AbstractContextLoader    : Could not detect default resource locations for test class [CSCI5308.GroupFormationTool.Course.AdminControllerTest]: no resource found for suffixes {-context.xml, Context.groovy}.
2020-07-10 02:03:27.720  INFO 10909 --- [    Test worker] t.c.s.AnnotationConfigContextLoaderUtils : Could not detect default configuration classes for test class [CSCI5308.GroupFormationTool.Course.AdminControllerTest]: AdminControllerTest does not declare any static, non-private, non-final, nested classes annotated with @Configuration.
2020-07-10 02:03:27.721  INFO 10909 --- [    Test worker] .b.t.c.SpringBootTestContextBootstrapper : Found @SpringBootConfiguration CSCI5308.GroupFormationTool.GroupFormationToolApplication for test class CSCI5308.GroupFormationTool.Course.AdminControllerTest
2020-07-10 02:03:27.722  INFO 10909 --- [    Test worker] .b.t.a.w.s.WebMvcTestContextBootstrapper : Loaded default TestExecutionListener class names from location [META-INF/spring.factories]: [org.springframework.security.test.context.support.WithSecurityContextTestExecutionListener, org.springframework.security.test.context.support.ReactorContextTestExecutionListener, org.springframework.boot.test.autoconfigure.restdocs.RestDocsTestExecutionListener, org.springframework.boot.test.autoconfigure.web.client.MockRestServiceServerResetTestExecutionListener, org.springframework.boot.test.autoconfigure.web.servlet.MockMvcPrintOnlyOnFailureTestExecutionListener, org.springframework.boot.test.autoconfigure.web.servlet.WebDriverTestExecutionListener, org.springframework.boot.test.mock.mockito.MockitoTestExecutionListener, org.springframework.boot.test.mock.mockito.ResetMocksTestExecutionListener, org.springframework.test.context.web.ServletTestExecutionListener, org.springframework.test.context.support.DirtiesContextBeforeModesTestExecutionListener, org.springframework.test.context.support.DependencyInjectionTestExecutionListener, org.springframework.test.context.support.DirtiesContextTestExecutionListener, org.springframework.test.context.transaction.TransactionalTestExecutionListener, org.springframework.test.context.jdbc.SqlScriptsTestExecutionListener, org.springframework.test.context.event.EventPublishingTestExecutionListener]
2020-07-10 02:03:27.722  INFO 10909 --- [    Test worker] .b.t.a.w.s.WebMvcTestContextBootstrapper : Using TestExecutionListeners: [org.springframework.test.context.web.ServletTestExecutionListener@44348f3d, org.springframework.test.context.support.DirtiesContextBeforeModesTestExecutionListener@3e1a4335, org.springframework.boot.test.mock.mockito.MockitoTestExecutionListener@66549118, org.springframework.boot.test.autoconfigure.SpringBootDependencyInjectionTestExecutionListener@32e463ea, org.springframework.test.context.support.DirtiesContextTestExecutionListener@52494fec, org.springframework.security.test.context.support.WithSecurityContextTestExecutionListener@3ea6bd7b, org.springframework.test.context.event.EventPublishingTestExecutionListener@7cb837e6, org.springframework.security.test.context.support.ReactorContextTestExecutionListener@6d52e0a8, org.springframework.boot.test.autoconfigure.restdocs.RestDocsTestExecutionListener@75fce4c1, org.springframework.boot.test.autoconfigure.web.client.MockRestServiceServerResetTestExecutionListener@7ebac260, org.springframework.boot.test.autoconfigure.web.servlet.MockMvcPrintOnlyOnFailureTestExecutionListener@4380cd56, org.springframework.boot.test.autoconfigure.web.servlet.WebDriverTestExecutionListener@39ad322e, org.springframework.boot.test.mock.mockito.ResetMocksTestExecutionListener@2be50336]

  .   ____          _            __ _ _
 /\\ / ___'_ __ _ _(_)_ __  __ _ \ \ \ \
( ( )\___ | '_ | '_| | '_ \/ _` | \ \ \ \
 \\/  ___)| |_)| | | | | || (_| |  ) ) ) )
  '  |____| .__|_| |_|_| |_\__, | / / / /
 =========|_|==============|___/=/_/_/_/
 :: Spring Boot ::        (v2.2.7.RELEASE)

2020-07-10 02:03:27.736  INFO 10909 --- [    Test worker] C.G.Course.AdminControllerTest           : Starting AdminControllerTest on Prabhjots-MacBook-Pro.local with PID 10909 (started by prabhjotkaur in /Users/prabhjotkaur/git/group22)
2020-07-10 02:03:27.736  INFO 10909 --- [    Test worker] C.G.Course.AdminControllerTest           : No active profile set, falling back to default profiles: default
2020-07-10 02:03:27.873  INFO 10909 --- [    Test worker] o.s.s.web.DefaultSecurityFilterChain     : Creating filter chain: Ant [pattern='/resources/**'], []
2020-07-10 02:03:27.921  INFO 10909 --- [    Test worker] o.s.s.web.DefaultSecurityFilterChain     : Creating filter chain: any request, [org.springframework.security.web.context.request.async.WebAsyncManagerIntegrationFilter@5504d5, org.springframework.security.web.context.SecurityContextPersistenceFilter@2321a692, org.springframework.security.web.header.HeaderWriterFilter@39fb0181, org.springframework.security.web.csrf.CsrfFilter@2a961f3c, org.springframework.security.web.authentication.logout.LogoutFilter@4144837, org.springframework.security.web.authentication.UsernamePasswordAuthenticationFilter@465d6c46, org.springframework.security.web.savedrequest.RequestCacheAwareFilter@53feaa7e, org.springframework.security.web.servletapi.SecurityContextHolderAwareRequestFilter@32684e89, org.springframework.security.web.authentication.AnonymousAuthenticationFilter@1d4d605c, org.springframework.security.web.session.SessionManagementFilter@39d4316b, org.springframework.security.web.access.ExceptionTranslationFilter@42d64f3f, org.springframework.security.web.access.intercept.FilterSecurityInterceptor@1ebf6ed0]
2020-07-10 02:03:27.984  INFO 10909 --- [    Test worker] o.s.s.concurrent.ThreadPoolTaskExecutor  : Initializing ExecutorService 'applicationTaskExecutor'
2020-07-10 02:03:28.005  INFO 10909 --- [    Test worker] o.s.b.a.w.s.WelcomePageHandlerMapping    : Adding welcome page template: index
2020-07-10 02:03:28.076  INFO 10909 --- [    Test worker] o.s.b.t.m.w.SpringBootMockServletContext : Initializing Spring TestDispatcherServlet ''
2020-07-10 02:03:28.076  INFO 10909 --- [    Test worker] o.s.t.web.servlet.TestDispatcherServlet  : Initializing Servlet ''
2020-07-10 02:03:28.080  INFO 10909 --- [    Test worker] o.s.t.web.servlet.TestDispatcherServlet  : Completed initialization in 4 ms
2020-07-10 02:03:28.087  INFO 10909 --- [    Test worker] C.G.Course.AdminControllerTest           : Started AdminControllerTest in 0.363 seconds (JVM running for 6.537)

MockHttpServletRequest:
      HTTP Method = POST
      Request URI = /admin/assignInstructor
       Parameters = {instructor=[3], id=[CSCI5308], _csrf=[225cfad1-c5f1-4e2d-954f-8f85cf52807b]}
          Headers = []
             Body = <no character encoding set>
    Session Attrs = {}

Handler:
             Type = CSCI5308.GroupFormationTool.Course.AdminController
           Method = CSCI5308.GroupFormationTool.Course.AdminController#assignInstructorToCourse(Long, String, Model)

Async:
    Async started = false
     Async result = null

Resolved Exception:
             Type = null

ModelAndView:
        View name = redirect:/course/assignInstructor?courseId=CSCI5308
             View = null
            Model = null

FlashMap:
       Attributes = null

MockHttpServletResponse:
           Status = 302
    Error message = null
          Headers = [Content-Language:"en", X-Content-Type-Options:"nosniff", X-XSS-Protection:"1; mode=block", Cache-Control:"no-cache, no-store, max-age=0, must-revalidate", Pragma:"no-cache", Expires:"0", X-Frame-Options:"DENY", Location:"/course/assignInstructor?courseId=CSCI5308"]
     Content type = null
             Body = 
    Forwarded URL = null
   Redirected URL = /course/assignInstructor?courseId=CSCI5308
          Cookies = []

MockHttpServletRequest:
      HTTP Method = POST
      Request URI = /admin/assignInstructor
       Parameters = {instructor=[3], id=[CSCI5308], _csrf=[0b41d394-d1c2-486a-b338-9a3ffa432645]}
          Headers = []
             Body = <no character encoding set>
    Session Attrs = {}

Handler:
             Type = CSCI5308.GroupFormationTool.Course.AdminController
           Method = CSCI5308.GroupFormationTool.Course.AdminController#assignInstructorToCourse(Long, String, Model)

Async:
    Async started = false
     Async result = null

Resolved Exception:
             Type = null

ModelAndView:
        View name = redirect:/course/assignInstructor?courseId=CSCI5308
             View = null
            Model = null

FlashMap:
       Attributes = null

MockHttpServletResponse:
           Status = 302
    Error message = null
          Headers = [Content-Language:"en", X-Content-Type-Options:"nosniff", X-XSS-Protection:"1; mode=block", Cache-Control:"no-cache, no-store, max-age=0, must-revalidate", Pragma:"no-cache", Expires:"0", X-Frame-Options:"DENY", Location:"/course/assignInstructor?courseId=CSCI5308"]
     Content type = null
             Body = 
    Forwarded URL = null
   Redirected URL = /course/assignInstructor?courseId=CSCI5308
          Cookies = []

MockHttpServletRequest:
      HTTP Method = GET
      Request URI = /admin/assignInstructor
       Parameters = {courseId=[CSCI5308]}
          Headers = []
             Body = <no character encoding set>
    Session Attrs = {org.springframework.security.web.csrf.HttpSessionCsrfTokenRepository.CSRF_TOKEN=org.springframework.security.web.csrf.DefaultCsrfToken@4ac40cdb}

Handler:
             Type = CSCI5308.GroupFormationTool.Course.AdminController
           Method = CSCI5308.GroupFormationTool.Course.AdminController#assignInstructor(Model, String)

Async:
    Async started = false
     Async result = null

Resolved Exception:
             Type = null

ModelAndView:
        View name = course/assignInstructor
             View = null
        Attribute = instructorList
            value = []
        Attribute = course
            value = CSCI5308.GroupFormationTool.Course.Course@36b052ad
           errors = []
        Attribute = users
            value = []

FlashMap:
       Attributes = null

MockHttpServletResponse:
           Status = 200
    Error message = null
          Headers = [Content-Language:"en", Content-Type:"text/html;charset=UTF-8", X-Content-Type-Options:"nosniff", X-XSS-Protection:"1; mode=block", Cache-Control:"no-cache, no-store, max-age=0, must-revalidate", Pragma:"no-cache", Expires:"0", X-Frame-Options:"DENY"]
     Content type = text/html;charset=UTF-8
             Body = <!DOCTYPE html>
<html lang="en" xmlns="http://www.w3.org/1999/xhtml">
<head>
    <meta charset="utf-8"/>
    <meta http-equiv="X-UA-Compatible" content="IE=edge"/>
    <meta name="viewport" content="width=device-width, initial-scale=1"/>
    <link rel="icon" href="favicon.ico"/>
    <title>Assign Instructor to course</title>
    <link
            href="//maxcdn.bootstrapcdn.com/bootstrap/3.3.7/css/bootstrap.min.css"
            rel="stylesheet"
            integrity="sha384-BVYiiSIFeK1dGmJRAkycuHAHRg32OmUcww7on3RYdg4Va+PmSTsz/K68vbdEjh4u"
            crossorigin="anonymous"/>

</head>
<body style="background-color: #e7ebee">
<div class="container">
    <div>
        <p>You have not logged in to the application. Please login to
            continue...</p>
        <a href="/login">Click here to log in!</a>
    </div>

    
</div>
</body>
</html>
    Forwarded URL = null
   Redirected URL = null
          Cookies = []

MockHttpServletRequest:
      HTTP Method = GET
      Request URI = /admin/allCourses
       Parameters = {}
          Headers = []
             Body = <no character encoding set>
    Session Attrs = {org.springframework.security.web.csrf.HttpSessionCsrfTokenRepository.CSRF_TOKEN=org.springframework.security.web.csrf.DefaultCsrfToken@2082ea4e}

Handler:
             Type = CSCI5308.GroupFormationTool.Course.AdminController
           Method = CSCI5308.GroupFormationTool.Course.AdminController#adminCourses(Model)

Async:
    Async started = false
     Async result = null

Resolved Exception:
             Type = null

ModelAndView:
        View name = course/allCourses
             View = null
        Attribute = courses
            value = []

FlashMap:
       Attributes = null

MockHttpServletResponse:
           Status = 200
    Error message = null
          Headers = [Content-Language:"en", Content-Type:"text/html;charset=UTF-8", X-Content-Type-Options:"nosniff", X-XSS-Protection:"1; mode=block", Cache-Control:"no-cache, no-store, max-age=0, must-revalidate", Pragma:"no-cache", Expires:"0", X-Frame-Options:"DENY"]
     Content type = text/html;charset=UTF-8
             Body = <!DOCTYPE html>
<html lang="en" xmlns="http://www.w3.org/1999/xhtml">
<head>
    <meta charset="utf-8"/>
    <meta http-equiv="X-UA-Compatible" content="IE=edge"/>
    <meta name="viewport" content="width=device-width, initial-scale=1"/>
    <link rel="icon" href="favicon.ico"/>
    <title>Admin Course List</title>
    <link
            href="//maxcdn.bootstrapcdn.com/bootstrap/3.3.7/css/bootstrap.min.css"
            rel="stylesheet"
            integrity="sha384-BVYiiSIFeK1dGmJRAkycuHAHRg32OmUcww7on3RYdg4Va+PmSTsz/K68vbdEjh4u"
            crossorigin="anonymous"/>

</head>
<body style="background-color: #e7ebee">
<div class="container">
    <div>
        <p>You have not logged in to the application. Please login to
            continue...</p>
        <a href="/login">Click here to log in!</a>
    </div>

    
</div>
</body>
</html>
    Forwarded URL = null
   Redirected URL = null
          Cookies = []
]]></system-out>
  <system-err><![CDATA[]]></system-err>
</testsuite>
