<?xml version="1.0" encoding="UTF-8"?>
<testsuite name="CSCI5308.GroupFormationTool.Password.PolicyTest" tests="10" skipped="0" failures="0" errors="0" timestamp="2020-07-13T16:07:19" hostname="Prabhjots-MacBook-Pro.local" time="0.044">
  <properties/>
  <testcase name="getEnabledTest()" classname="CSCI5308.GroupFormationTool.Password.PolicyTest" time="0.011"/>
  <testcase name="getPoliciesTest()" classname="CSCI5308.GroupFormationTool.Password.PolicyTest" time="0.003"/>
  <testcase name="getValueTest()" classname="CSCI5308.GroupFormationTool.Password.PolicyTest" time="0.003"/>
  <testcase name="getSettingTest()" classname="CSCI5308.GroupFormationTool.Password.PolicyTest" time="0.002"/>
  <testcase name="setIdTest()" classname="CSCI5308.GroupFormationTool.Password.PolicyTest" time="0.001"/>
  <testcase name="setEnabledTest()" classname="CSCI5308.GroupFormationTool.Password.PolicyTest" time="0.002"/>
  <testcase name="getIdTest()" classname="CSCI5308.GroupFormationTool.Password.PolicyTest" time="0.002"/>
  <testcase name="setValueTest()" classname="CSCI5308.GroupFormationTool.Password.PolicyTest" time="0.002"/>
  <testcase name="passwordPolicyCheckTest()" classname="CSCI5308.GroupFormationTool.Password.PolicyTest" time="0.012"/>
  <testcase name="setSettingTest()" classname="CSCI5308.GroupFormationTool.Password.PolicyTest" time="0.002"/>
  <system-out><![CDATA[2020-07-13 13:07:19.949  INFO 22716 --- [    Test worker] C.GroupFormationTool.Password.Policy     : Calling the Policy Repository to fetch all the password security policies from database
2020-07-13 13:07:19.950  INFO 22716 --- [    Test worker] C.GroupFormationTool.Password.Policy     : Calling the Policy Repository to fetch all the password security policies from database
2020-07-13 13:07:19.967  INFO 22716 --- [    Test worker] C.GroupFormationTool.Password.Policy     : Calling the Policy Repository to check if the password follows enabled security policies
2020-07-13 13:07:19.968  INFO 22716 --- [    Test worker] C.GroupFormationTool.Password.Policy     : Checking if the password follows enabled security policies
2020-07-13 13:07:19.969  INFO 22716 --- [    Test worker] C.GroupFormationTool.Password.Policy     : Calling the Policy Repository to check if the password follows enabled security policies
2020-07-13 13:07:19.970  INFO 22716 --- [    Test worker] C.GroupFormationTool.Password.Policy     : Checking if the password follows enabled security policies
2020-07-13 13:07:19.970 ERROR 22716 --- [    Test worker] C.GroupFormationTool.Password.Policy     : Minimum password length security policy is violated
2020-07-13 13:07:19.971  INFO 22716 --- [    Test worker] C.GroupFormationTool.Password.Policy     : Calling the Policy Repository to check if the password follows enabled security policies
2020-07-13 13:07:19.971  INFO 22716 --- [    Test worker] C.GroupFormationTool.Password.Policy     : Checking if the password follows enabled security policies
2020-07-13 13:07:19.971 ERROR 22716 --- [    Test worker] C.GroupFormationTool.Password.Policy     : Maximum password length security policy is violated
2020-07-13 13:07:19.971  INFO 22716 --- [    Test worker] C.GroupFormationTool.Password.Policy     : Calling the Policy Repository to check if the password follows enabled security policies
2020-07-13 13:07:19.974  INFO 22716 --- [    Test worker] C.GroupFormationTool.Password.Policy     : Checking if the password follows enabled security policies
2020-07-13 13:07:19.974 ERROR 22716 --- [    Test worker] C.GroupFormationTool.Password.Policy     : Minimum upper case charachters required password security policy is violated
2020-07-13 13:07:19.974  INFO 22716 --- [    Test worker] C.GroupFormationTool.Password.Policy     : Calling the Policy Repository to check if the password follows enabled security policies
2020-07-13 13:07:19.975  INFO 22716 --- [    Test worker] C.GroupFormationTool.Password.Policy     : Checking if the password follows enabled security policies
2020-07-13 13:07:19.975 ERROR 22716 --- [    Test worker] C.GroupFormationTool.Password.Policy     : Minimum lower case charachters required password security policy is violated
2020-07-13 13:07:19.975  INFO 22716 --- [    Test worker] C.GroupFormationTool.Password.Policy     : Calling the Policy Repository to check if the password follows enabled security policies
2020-07-13 13:07:19.975  INFO 22716 --- [    Test worker] C.GroupFormationTool.Password.Policy     : Checking if the password follows enabled security policies
2020-07-13 13:07:19.976 ERROR 22716 --- [    Test worker] C.GroupFormationTool.Password.Policy     : Minimum special symbols required password security policy is violated
2020-07-13 13:07:19.976  INFO 22716 --- [    Test worker] C.GroupFormationTool.Password.Policy     : Calling the Policy Repository to check if the password follows enabled security policies
2020-07-13 13:07:19.976  INFO 22716 --- [    Test worker] C.GroupFormationTool.Password.Policy     : Checking if the password follows enabled security policies
2020-07-13 13:07:19.976 ERROR 22716 --- [    Test worker] C.GroupFormationTool.Password.Policy     : Charachters not allowed in password security policy is violated
]]></system-out>
  <system-err><![CDATA[]]></system-err>
</testsuite>
