<?xml version="1.0" encoding="UTF-8"?>
<testsuite name="CSCI5308.GroupFormationTool.Service.UserServiceTest" tests="2" skipped="0" failures="0" errors="0" timestamp="2020-06-18T20:08:57" hostname="Prabhjots-MacBook-Pro.local" time="0.247">
  <properties/>
  <testcase name="checkCurrentUserIsAdminTest()" classname="CSCI5308.GroupFormationTool.Service.UserServiceTest" time="0.044"/>
  <testcase name="createUserTest()" classname="CSCI5308.GroupFormationTool.Service.UserServiceTest" time="0.202"/>
  <system-out><![CDATA[2020-06-18 17:08:57.072  INFO 17970 --- [    Test worker] .b.t.c.SpringBootTestContextBootstrapper : Neither @ContextConfiguration nor @ContextHierarchy found for test class [CSCI5308.GroupFormationTool.Service.UserServiceTest], using SpringBootContextLoader
2020-06-18 17:08:57.072  INFO 17970 --- [    Test worker] o.s.t.c.support.AbstractContextLoader    : Could not detect default resource locations for test class [CSCI5308.GroupFormationTool.Service.UserServiceTest]: no resource found for suffixes {-context.xml, Context.groovy}.
2020-06-18 17:08:57.072  INFO 17970 --- [    Test worker] t.c.s.AnnotationConfigContextLoaderUtils : Could not detect default configuration classes for test class [CSCI5308.GroupFormationTool.Service.UserServiceTest]: UserServiceTest does not declare any static, non-private, non-final, nested classes annotated with @Configuration.
2020-06-18 17:08:57.082  INFO 17970 --- [    Test worker] .b.t.c.SpringBootTestContextBootstrapper : Found @SpringBootConfiguration CSCI5308.GroupFormationTool.GroupFormationToolApplication for test class CSCI5308.GroupFormationTool.Service.UserServiceTest
2020-06-18 17:08:57.083  INFO 17970 --- [    Test worker] .b.t.c.SpringBootTestContextBootstrapper : Loaded default TestExecutionListener class names from location [META-INF/spring.factories]: [org.springframework.security.test.context.support.WithSecurityContextTestExecutionListener, org.springframework.security.test.context.support.ReactorContextTestExecutionListener, org.springframework.boot.test.autoconfigure.restdocs.RestDocsTestExecutionListener, org.springframework.boot.test.autoconfigure.web.client.MockRestServiceServerResetTestExecutionListener, org.springframework.boot.test.autoconfigure.web.servlet.MockMvcPrintOnlyOnFailureTestExecutionListener, org.springframework.boot.test.autoconfigure.web.servlet.WebDriverTestExecutionListener, org.springframework.boot.test.mock.mockito.MockitoTestExecutionListener, org.springframework.boot.test.mock.mockito.ResetMocksTestExecutionListener, org.springframework.test.context.web.ServletTestExecutionListener, org.springframework.test.context.support.DirtiesContextBeforeModesTestExecutionListener, org.springframework.test.context.support.DependencyInjectionTestExecutionListener, org.springframework.test.context.support.DirtiesContextTestExecutionListener, org.springframework.test.context.transaction.TransactionalTestExecutionListener, org.springframework.test.context.jdbc.SqlScriptsTestExecutionListener, org.springframework.test.context.event.EventPublishingTestExecutionListener]
2020-06-18 17:08:57.084  INFO 17970 --- [    Test worker] .b.t.c.SpringBootTestContextBootstrapper : Using TestExecutionListeners: [org.springframework.test.context.web.ServletTestExecutionListener@261c8bb7, org.springframework.test.context.support.DirtiesContextBeforeModesTestExecutionListener@4bbbfce1, org.springframework.boot.test.mock.mockito.MockitoTestExecutionListener@17a3cd9a, org.springframework.boot.test.autoconfigure.SpringBootDependencyInjectionTestExecutionListener@5cbac384, org.springframework.test.context.support.DirtiesContextTestExecutionListener@1eb9ba97, org.springframework.security.test.context.support.WithSecurityContextTestExecutionListener@a711155, org.springframework.test.context.event.EventPublishingTestExecutionListener@3b7d29c, org.springframework.security.test.context.support.ReactorContextTestExecutionListener@99b878d, org.springframework.boot.test.autoconfigure.restdocs.RestDocsTestExecutionListener@5a25e92b, org.springframework.boot.test.autoconfigure.web.client.MockRestServiceServerResetTestExecutionListener@58dcb083, org.springframework.boot.test.autoconfigure.web.servlet.MockMvcPrintOnlyOnFailureTestExecutionListener@65c2ba36, org.springframework.boot.test.autoconfigure.web.servlet.WebDriverTestExecutionListener@30b0eeec, org.springframework.boot.test.mock.mockito.ResetMocksTestExecutionListener@45293560]
]]></system-out>
  <system-err><![CDATA[]]></system-err>
</testsuite>
