<?xml version="1.0" encoding="UTF-8"?>
<testsuite name="CSCI5308.GroupFormationTool.Service.ForgotPasswordServiceTest" tests="2" skipped="0" failures="0" errors="0" timestamp="2020-07-06T19:13:46" hostname="Prabhjots-MacBook-Pro.local" time="0.021">
  <properties/>
  <testcase name="updatePasswordTest()" classname="CSCI5308.GroupFormationTool.Service.ForgotPasswordServiceTest" time="0.017"/>
  <testcase name="notifyUserTest()" classname="CSCI5308.GroupFormationTool.Service.ForgotPasswordServiceTest" time="0.004"/>
  <system-out><![CDATA[2020-07-06 16:13:46.328  INFO 19189 --- [    Test worker] .b.t.c.SpringBootTestContextBootstrapper : Neither @ContextConfiguration nor @ContextHierarchy found for test class [CSCI5308.GroupFormationTool.Service.ForgotPasswordServiceTest], using SpringBootContextLoader
2020-07-06 16:13:46.328  INFO 19189 --- [    Test worker] o.s.t.c.support.AbstractContextLoader    : Could not detect default resource locations for test class [CSCI5308.GroupFormationTool.Service.ForgotPasswordServiceTest]: no resource found for suffixes {-context.xml, Context.groovy}.
2020-07-06 16:13:46.328  INFO 19189 --- [    Test worker] t.c.s.AnnotationConfigContextLoaderUtils : Could not detect default configuration classes for test class [CSCI5308.GroupFormationTool.Service.ForgotPasswordServiceTest]: ForgotPasswordServiceTest does not declare any static, non-private, non-final, nested classes annotated with @Configuration.
2020-07-06 16:13:46.329  INFO 19189 --- [    Test worker] .b.t.c.SpringBootTestContextBootstrapper : Found @SpringBootConfiguration CSCI5308.GroupFormationTool.GroupFormationToolApplication for test class CSCI5308.GroupFormationTool.Service.ForgotPasswordServiceTest
2020-07-06 16:13:46.330  INFO 19189 --- [    Test worker] .b.t.c.SpringBootTestContextBootstrapper : Loaded default TestExecutionListener class names from location [META-INF/spring.factories]: [org.springframework.security.test.context.support.WithSecurityContextTestExecutionListener, org.springframework.security.test.context.support.ReactorContextTestExecutionListener, org.springframework.boot.test.autoconfigure.restdocs.RestDocsTestExecutionListener, org.springframework.boot.test.autoconfigure.web.client.MockRestServiceServerResetTestExecutionListener, org.springframework.boot.test.autoconfigure.web.servlet.MockMvcPrintOnlyOnFailureTestExecutionListener, org.springframework.boot.test.autoconfigure.web.servlet.WebDriverTestExecutionListener, org.springframework.boot.test.mock.mockito.MockitoTestExecutionListener, org.springframework.boot.test.mock.mockito.ResetMocksTestExecutionListener, org.springframework.test.context.web.ServletTestExecutionListener, org.springframework.test.context.support.DirtiesContextBeforeModesTestExecutionListener, org.springframework.test.context.support.DependencyInjectionTestExecutionListener, org.springframework.test.context.support.DirtiesContextTestExecutionListener, org.springframework.test.context.transaction.TransactionalTestExecutionListener, org.springframework.test.context.jdbc.SqlScriptsTestExecutionListener, org.springframework.test.context.event.EventPublishingTestExecutionListener]
2020-07-06 16:13:46.331  INFO 19189 --- [    Test worker] .b.t.c.SpringBootTestContextBootstrapper : Using TestExecutionListeners: [org.springframework.test.context.web.ServletTestExecutionListener@225b6c73, org.springframework.test.context.support.DirtiesContextBeforeModesTestExecutionListener@6c684d3, org.springframework.boot.test.mock.mockito.MockitoTestExecutionListener@411e5073, org.springframework.boot.test.autoconfigure.SpringBootDependencyInjectionTestExecutionListener@1d5dc9aa, org.springframework.test.context.support.DirtiesContextTestExecutionListener@649c1686, org.springframework.security.test.context.support.WithSecurityContextTestExecutionListener@564ee6da, org.springframework.test.context.event.EventPublishingTestExecutionListener@65e0b9a8, org.springframework.security.test.context.support.ReactorContextTestExecutionListener@16833c27, org.springframework.boot.test.autoconfigure.restdocs.RestDocsTestExecutionListener@122f3057, org.springframework.boot.test.autoconfigure.web.client.MockRestServiceServerResetTestExecutionListener@33766cfe, org.springframework.boot.test.autoconfigure.web.servlet.MockMvcPrintOnlyOnFailureTestExecutionListener@533baec1, org.springframework.boot.test.autoconfigure.web.servlet.WebDriverTestExecutionListener@5c56d285, org.springframework.boot.test.mock.mockito.ResetMocksTestExecutionListener@3710ecd0]
]]></system-out>
  <system-err><![CDATA[]]></system-err>
</testsuite>
