<?xml version="1.0" encoding="UTF-8"?>
<testsuite name="CSCI5308.GroupFormationTool.Question.QuestionTest" tests="19" skipped="0" failures="0" errors="0" timestamp="2020-07-09T16:19:41" hostname="Prabhjots-MacBook-Pro.local" time="0.051">
  <properties/>
  <testcase name="getTitleTest()" classname="CSCI5308.GroupFormationTool.Question.QuestionTest" time="0.017"/>
  <testcase name="getQuestionListForInstructorTest()" classname="CSCI5308.GroupFormationTool.Question.QuestionTest" time="0.002"/>
  <testcase name="setCreatedDateTest()" classname="CSCI5308.GroupFormationTool.Question.QuestionTest" time="0.002"/>
  <testcase name="deleteQuestionTest()" classname="CSCI5308.GroupFormationTool.Question.QuestionTest" time="0.002"/>
  <testcase name="getChoicesTest()" classname="CSCI5308.GroupFormationTool.Question.QuestionTest" time="0.001"/>
  <testcase name="getSortedQuestionListForInstructorTest()" classname="CSCI5308.GroupFormationTool.Question.QuestionTest" time="0.002"/>
  <testcase name="setTitleTest()" classname="CSCI5308.GroupFormationTool.Question.QuestionTest" time="0.001"/>
  <testcase name="getQuestionByIdTest()" classname="CSCI5308.GroupFormationTool.Question.QuestionTest" time="0.002"/>
  <testcase name="setIdTest()" classname="CSCI5308.GroupFormationTool.Question.QuestionTest" time="0.001"/>
  <testcase name="getIdTest()" classname="CSCI5308.GroupFormationTool.Question.QuestionTest" time="0.001"/>
  <testcase name="setInstructorTest()" classname="CSCI5308.GroupFormationTool.Question.QuestionTest" time="0.002"/>
  <testcase name="setTextTest()" classname="CSCI5308.GroupFormationTool.Question.QuestionTest" time="0.001"/>
  <testcase name="getTextTest()" classname="CSCI5308.GroupFormationTool.Question.QuestionTest" time="0.002"/>
  <testcase name="setTypeTest()" classname="CSCI5308.GroupFormationTool.Question.QuestionTest" time="0.001"/>
  <testcase name="setChoicesTest()" classname="CSCI5308.GroupFormationTool.Question.QuestionTest" time="0.001"/>
  <testcase name="getTypeTest()" classname="CSCI5308.GroupFormationTool.Question.QuestionTest" time="0.002"/>
  <testcase name="createQuestionTest()" classname="CSCI5308.GroupFormationTool.Question.QuestionTest" time="0.003"/>
  <testcase name="getCreatedDateTest()" classname="CSCI5308.GroupFormationTool.Question.QuestionTest" time="0.002"/>
  <testcase name="getInstructorTest()" classname="CSCI5308.GroupFormationTool.Question.QuestionTest" time="0.002"/>
  <system-out><![CDATA[2020-07-09 13:19:41.700  INFO 7122 --- [    Test worker] .b.t.c.SpringBootTestContextBootstrapper : Neither @ContextConfiguration nor @ContextHierarchy found for test class [CSCI5308.GroupFormationTool.Question.QuestionTest], using SpringBootContextLoader
2020-07-09 13:19:41.701  INFO 7122 --- [    Test worker] o.s.t.c.support.AbstractContextLoader    : Could not detect default resource locations for test class [CSCI5308.GroupFormationTool.Question.QuestionTest]: no resource found for suffixes {-context.xml, Context.groovy}.
2020-07-09 13:19:41.701  INFO 7122 --- [    Test worker] t.c.s.AnnotationConfigContextLoaderUtils : Could not detect default configuration classes for test class [CSCI5308.GroupFormationTool.Question.QuestionTest]: QuestionTest does not declare any static, non-private, non-final, nested classes annotated with @Configuration.
2020-07-09 13:19:41.708  INFO 7122 --- [    Test worker] .b.t.c.SpringBootTestContextBootstrapper : Found @SpringBootConfiguration CSCI5308.GroupFormationTool.GroupFormationToolApplication for test class CSCI5308.GroupFormationTool.Question.QuestionTest
2020-07-09 13:19:41.709  INFO 7122 --- [    Test worker] .b.t.c.SpringBootTestContextBootstrapper : Loaded default TestExecutionListener class names from location [META-INF/spring.factories]: [org.springframework.security.test.context.support.WithSecurityContextTestExecutionListener, org.springframework.security.test.context.support.ReactorContextTestExecutionListener, org.springframework.boot.test.autoconfigure.restdocs.RestDocsTestExecutionListener, org.springframework.boot.test.autoconfigure.web.client.MockRestServiceServerResetTestExecutionListener, org.springframework.boot.test.autoconfigure.web.servlet.MockMvcPrintOnlyOnFailureTestExecutionListener, org.springframework.boot.test.autoconfigure.web.servlet.WebDriverTestExecutionListener, org.springframework.boot.test.mock.mockito.MockitoTestExecutionListener, org.springframework.boot.test.mock.mockito.ResetMocksTestExecutionListener, org.springframework.test.context.web.ServletTestExecutionListener, org.springframework.test.context.support.DirtiesContextBeforeModesTestExecutionListener, org.springframework.test.context.support.DependencyInjectionTestExecutionListener, org.springframework.test.context.support.DirtiesContextTestExecutionListener, org.springframework.test.context.transaction.TransactionalTestExecutionListener, org.springframework.test.context.jdbc.SqlScriptsTestExecutionListener, org.springframework.test.context.event.EventPublishingTestExecutionListener]
2020-07-09 13:19:41.711  INFO 7122 --- [    Test worker] .b.t.c.SpringBootTestContextBootstrapper : Using TestExecutionListeners: [org.springframework.test.context.web.ServletTestExecutionListener@1ccdd4ff, org.springframework.test.context.support.DirtiesContextBeforeModesTestExecutionListener@711af183, org.springframework.boot.test.mock.mockito.MockitoTestExecutionListener@1cb3e40b, org.springframework.boot.test.autoconfigure.SpringBootDependencyInjectionTestExecutionListener@a6011b4, org.springframework.test.context.support.DirtiesContextTestExecutionListener@78f8462b, org.springframework.security.test.context.support.WithSecurityContextTestExecutionListener@5ec8365e, org.springframework.test.context.event.EventPublishingTestExecutionListener@5dd80230, org.springframework.security.test.context.support.ReactorContextTestExecutionListener@57bf558e, org.springframework.boot.test.autoconfigure.restdocs.RestDocsTestExecutionListener@6dcc984c, org.springframework.boot.test.autoconfigure.web.client.MockRestServiceServerResetTestExecutionListener@7229296d, org.springframework.boot.test.autoconfigure.web.servlet.MockMvcPrintOnlyOnFailureTestExecutionListener@6f7d7c9a, org.springframework.boot.test.autoconfigure.web.servlet.WebDriverTestExecutionListener@424347de, org.springframework.boot.test.mock.mockito.ResetMocksTestExecutionListener@4b44b922]
]]></system-out>
  <system-err><![CDATA[]]></system-err>
</testsuite>
