<?xml version="1.0" encoding="UTF-8"?>
<testsuite name="CSCI5308.GroupFormationTool.Security.BCryptEncryptionTest" tests="1" skipped="0" failures="0" errors="0" timestamp="2020-07-10T05:03:28" hostname="Prabhjots-MacBook-Pro.local" time="0.002">
  <properties/>
  <testcase name="encryptPasswordTest()" classname="CSCI5308.GroupFormationTool.Security.BCryptEncryptionTest" time="0.002"/>
  <system-out><![CDATA[2020-07-10 02:03:28.512  INFO 10909 --- [    Test worker] .b.t.c.SpringBootTestContextBootstrapper : Neither @ContextConfiguration nor @ContextHierarchy found for test class [CSCI5308.GroupFormationTool.Security.BCryptEncryptionTest], using SpringBootContextLoader
2020-07-10 02:03:28.512  INFO 10909 --- [    Test worker] o.s.t.c.support.AbstractContextLoader    : Could not detect default resource locations for test class [CSCI5308.GroupFormationTool.Security.BCryptEncryptionTest]: no resource found for suffixes {-context.xml, Context.groovy}.
2020-07-10 02:03:28.512  INFO 10909 --- [    Test worker] t.c.s.AnnotationConfigContextLoaderUtils : Could not detect default configuration classes for test class [CSCI5308.GroupFormationTool.Security.BCryptEncryptionTest]: BCryptEncryptionTest does not declare any static, non-private, non-final, nested classes annotated with @Configuration.
2020-07-10 02:03:28.514  INFO 10909 --- [    Test worker] .b.t.c.SpringBootTestContextBootstrapper : Found @SpringBootConfiguration CSCI5308.GroupFormationTool.GroupFormationToolApplication for test class CSCI5308.GroupFormationTool.Security.BCryptEncryptionTest
2020-07-10 02:03:28.515  INFO 10909 --- [    Test worker] .b.t.c.SpringBootTestContextBootstrapper : Loaded default TestExecutionListener class names from location [META-INF/spring.factories]: [org.springframework.security.test.context.support.WithSecurityContextTestExecutionListener, org.springframework.security.test.context.support.ReactorContextTestExecutionListener, org.springframework.boot.test.autoconfigure.restdocs.RestDocsTestExecutionListener, org.springframework.boot.test.autoconfigure.web.client.MockRestServiceServerResetTestExecutionListener, org.springframework.boot.test.autoconfigure.web.servlet.MockMvcPrintOnlyOnFailureTestExecutionListener, org.springframework.boot.test.autoconfigure.web.servlet.WebDriverTestExecutionListener, org.springframework.boot.test.mock.mockito.MockitoTestExecutionListener, org.springframework.boot.test.mock.mockito.ResetMocksTestExecutionListener, org.springframework.test.context.web.ServletTestExecutionListener, org.springframework.test.context.support.DirtiesContextBeforeModesTestExecutionListener, org.springframework.test.context.support.DependencyInjectionTestExecutionListener, org.springframework.test.context.support.DirtiesContextTestExecutionListener, org.springframework.test.context.transaction.TransactionalTestExecutionListener, org.springframework.test.context.jdbc.SqlScriptsTestExecutionListener, org.springframework.test.context.event.EventPublishingTestExecutionListener]
2020-07-10 02:03:28.517  INFO 10909 --- [    Test worker] .b.t.c.SpringBootTestContextBootstrapper : Using TestExecutionListeners: [org.springframework.test.context.web.ServletTestExecutionListener@5274c938, org.springframework.test.context.support.DirtiesContextBeforeModesTestExecutionListener@7d204bca, org.springframework.boot.test.mock.mockito.MockitoTestExecutionListener@78718add, org.springframework.boot.test.autoconfigure.SpringBootDependencyInjectionTestExecutionListener@2885154a, org.springframework.test.context.support.DirtiesContextTestExecutionListener@5c4c246b, org.springframework.security.test.context.support.WithSecurityContextTestExecutionListener@234d5a33, org.springframework.test.context.event.EventPublishingTestExecutionListener@579e0be5, org.springframework.security.test.context.support.ReactorContextTestExecutionListener@57b16b19, org.springframework.boot.test.autoconfigure.restdocs.RestDocsTestExecutionListener@6a6372f8, org.springframework.boot.test.autoconfigure.web.client.MockRestServiceServerResetTestExecutionListener@23363145, org.springframework.boot.test.autoconfigure.web.servlet.MockMvcPrintOnlyOnFailureTestExecutionListener@450d7e5, org.springframework.boot.test.autoconfigure.web.servlet.WebDriverTestExecutionListener@58658dd5, org.springframework.boot.test.mock.mockito.ResetMocksTestExecutionListener@2960c093]
]]></system-out>
  <system-err><![CDATA[]]></system-err>
</testsuite>
