<?xml version="1.0" encoding="UTF-8"?>
<testsuite name="CSCI5308.GroupFormationTool.Service.CourseServiceTest" tests="4" skipped="0" failures="0" errors="0" timestamp="2020-06-04T21:36:13" hostname="Prabhjots-MacBook-Pro.local" time="1.104">
  <properties/>
  <testcase name="getAllCoursesTest()" classname="CSCI5308.GroupFormationTool.Service.CourseServiceTest" time="0.42"/>
  <testcase name="createCourseTest()" classname="CSCI5308.GroupFormationTool.Service.CourseServiceTest" time="0.222"/>
  <testcase name="getCourseByIdTest()" classname="CSCI5308.GroupFormationTool.Service.CourseServiceTest" time="0.212"/>
  <testcase name="deleteCourseTest()" classname="CSCI5308.GroupFormationTool.Service.CourseServiceTest" time="0.245"/>
  <system-out><![CDATA[2020-06-04 18:36:13.874  INFO 35965 --- [    Test worker] .b.t.c.SpringBootTestContextBootstrapper : Neither @ContextConfiguration nor @ContextHierarchy found for test class [CSCI5308.GroupFormationTool.Service.CourseServiceTest], using SpringBootContextLoader
2020-06-04 18:36:13.874  INFO 35965 --- [    Test worker] o.s.t.c.support.AbstractContextLoader    : Could not detect default resource locations for test class [CSCI5308.GroupFormationTool.Service.CourseServiceTest]: no resource found for suffixes {-context.xml, Context.groovy}.
2020-06-04 18:36:13.874  INFO 35965 --- [    Test worker] t.c.s.AnnotationConfigContextLoaderUtils : Could not detect default configuration classes for test class [CSCI5308.GroupFormationTool.Service.CourseServiceTest]: CourseServiceTest does not declare any static, non-private, non-final, nested classes annotated with @Configuration.
2020-06-04 18:36:13.875  INFO 35965 --- [    Test worker] .b.t.c.SpringBootTestContextBootstrapper : Found @SpringBootConfiguration CSCI5308.GroupFormationTool.GroupFormationToolApplication for test class CSCI5308.GroupFormationTool.Service.CourseServiceTest
2020-06-04 18:36:13.876  INFO 35965 --- [    Test worker] .b.t.c.SpringBootTestContextBootstrapper : Loaded default TestExecutionListener class names from location [META-INF/spring.factories]: [org.springframework.security.test.context.support.WithSecurityContextTestExecutionListener, org.springframework.security.test.context.support.ReactorContextTestExecutionListener, org.springframework.boot.test.autoconfigure.restdocs.RestDocsTestExecutionListener, org.springframework.boot.test.autoconfigure.web.client.MockRestServiceServerResetTestExecutionListener, org.springframework.boot.test.autoconfigure.web.servlet.MockMvcPrintOnlyOnFailureTestExecutionListener, org.springframework.boot.test.autoconfigure.web.servlet.WebDriverTestExecutionListener, org.springframework.boot.test.mock.mockito.MockitoTestExecutionListener, org.springframework.boot.test.mock.mockito.ResetMocksTestExecutionListener, org.springframework.test.context.web.ServletTestExecutionListener, org.springframework.test.context.support.DirtiesContextBeforeModesTestExecutionListener, org.springframework.test.context.support.DependencyInjectionTestExecutionListener, org.springframework.test.context.support.DirtiesContextTestExecutionListener, org.springframework.test.context.transaction.TransactionalTestExecutionListener, org.springframework.test.context.jdbc.SqlScriptsTestExecutionListener, org.springframework.test.context.event.EventPublishingTestExecutionListener]
2020-06-04 18:36:13.877  INFO 35965 --- [    Test worker] .b.t.c.SpringBootTestContextBootstrapper : Using TestExecutionListeners: [org.springframework.test.context.web.ServletTestExecutionListener@1fe4f236, org.springframework.test.context.support.DirtiesContextBeforeModesTestExecutionListener@719f9a46, org.springframework.boot.test.mock.mockito.MockitoTestExecutionListener@71715e78, org.springframework.boot.test.autoconfigure.SpringBootDependencyInjectionTestExecutionListener@3103ed95, org.springframework.test.context.support.DirtiesContextTestExecutionListener@9cedcc1, org.springframework.security.test.context.support.WithSecurityContextTestExecutionListener@40e2a14, org.springframework.test.context.event.EventPublishingTestExecutionListener@7ff73673, org.springframework.security.test.context.support.ReactorContextTestExecutionListener@51b6135d, org.springframework.boot.test.autoconfigure.restdocs.RestDocsTestExecutionListener@2e61e57e, org.springframework.boot.test.autoconfigure.web.client.MockRestServiceServerResetTestExecutionListener@5b4a242c, org.springframework.boot.test.autoconfigure.web.servlet.MockMvcPrintOnlyOnFailureTestExecutionListener@1dc8d598, org.springframework.boot.test.autoconfigure.web.servlet.WebDriverTestExecutionListener@7c050187, org.springframework.boot.test.mock.mockito.ResetMocksTestExecutionListener@5dee416c]
]]></system-out>
  <system-err><![CDATA[]]></system-err>
</testsuite>
