<?xml version="1.0" encoding="UTF-8"?>
<testsuite name="CSCI5308.GroupFormationTool.Service.ForgotPasswordServiceTest" tests="2" skipped="0" failures="0" errors="0" timestamp="2020-06-04T21:36:13" hostname="Prabhjots-MacBook-Pro.local" time="0.003">
  <properties/>
  <testcase name="updatePasswordtest()" classname="CSCI5308.GroupFormationTool.Service.ForgotPasswordServiceTest" time="0.001"/>
  <testcase name="sendMailTest()" classname="CSCI5308.GroupFormationTool.Service.ForgotPasswordServiceTest" time="0.001"/>
  <system-out><![CDATA[2020-06-04 18:36:13.863  INFO 35965 --- [    Test worker] .b.t.c.SpringBootTestContextBootstrapper : Neither @ContextConfiguration nor @ContextHierarchy found for test class [CSCI5308.GroupFormationTool.Service.ForgotPasswordServiceTest], using SpringBootContextLoader
2020-06-04 18:36:13.864  INFO 35965 --- [    Test worker] o.s.t.c.support.AbstractContextLoader    : Could not detect default resource locations for test class [CSCI5308.GroupFormationTool.Service.ForgotPasswordServiceTest]: no resource found for suffixes {-context.xml, Context.groovy}.
2020-06-04 18:36:13.864  INFO 35965 --- [    Test worker] t.c.s.AnnotationConfigContextLoaderUtils : Could not detect default configuration classes for test class [CSCI5308.GroupFormationTool.Service.ForgotPasswordServiceTest]: ForgotPasswordServiceTest does not declare any static, non-private, non-final, nested classes annotated with @Configuration.
2020-06-04 18:36:13.865  INFO 35965 --- [    Test worker] .b.t.c.SpringBootTestContextBootstrapper : Found @SpringBootConfiguration CSCI5308.GroupFormationTool.GroupFormationToolApplication for test class CSCI5308.GroupFormationTool.Service.ForgotPasswordServiceTest
2020-06-04 18:36:13.867  INFO 35965 --- [    Test worker] .b.t.c.SpringBootTestContextBootstrapper : Loaded default TestExecutionListener class names from location [META-INF/spring.factories]: [org.springframework.security.test.context.support.WithSecurityContextTestExecutionListener, org.springframework.security.test.context.support.ReactorContextTestExecutionListener, org.springframework.boot.test.autoconfigure.restdocs.RestDocsTestExecutionListener, org.springframework.boot.test.autoconfigure.web.client.MockRestServiceServerResetTestExecutionListener, org.springframework.boot.test.autoconfigure.web.servlet.MockMvcPrintOnlyOnFailureTestExecutionListener, org.springframework.boot.test.autoconfigure.web.servlet.WebDriverTestExecutionListener, org.springframework.boot.test.mock.mockito.MockitoTestExecutionListener, org.springframework.boot.test.mock.mockito.ResetMocksTestExecutionListener, org.springframework.test.context.web.ServletTestExecutionListener, org.springframework.test.context.support.DirtiesContextBeforeModesTestExecutionListener, org.springframework.test.context.support.DependencyInjectionTestExecutionListener, org.springframework.test.context.support.DirtiesContextTestExecutionListener, org.springframework.test.context.transaction.TransactionalTestExecutionListener, org.springframework.test.context.jdbc.SqlScriptsTestExecutionListener, org.springframework.test.context.event.EventPublishingTestExecutionListener]
2020-06-04 18:36:13.868  INFO 35965 --- [    Test worker] .b.t.c.SpringBootTestContextBootstrapper : Using TestExecutionListeners: [org.springframework.test.context.web.ServletTestExecutionListener@61bf4c4, org.springframework.test.context.support.DirtiesContextBeforeModesTestExecutionListener@26f10111, org.springframework.boot.test.mock.mockito.MockitoTestExecutionListener@7ed1f6ee, org.springframework.boot.test.autoconfigure.SpringBootDependencyInjectionTestExecutionListener@5b1ded6a, org.springframework.test.context.support.DirtiesContextTestExecutionListener@2799f19, org.springframework.security.test.context.support.WithSecurityContextTestExecutionListener@2caeefce, org.springframework.test.context.event.EventPublishingTestExecutionListener@5db90a33, org.springframework.security.test.context.support.ReactorContextTestExecutionListener@69fbca53, org.springframework.boot.test.autoconfigure.restdocs.RestDocsTestExecutionListener@27b41122, org.springframework.boot.test.autoconfigure.web.client.MockRestServiceServerResetTestExecutionListener@7c3f4a85, org.springframework.boot.test.autoconfigure.web.servlet.MockMvcPrintOnlyOnFailureTestExecutionListener@69422fa3, org.springframework.boot.test.autoconfigure.web.servlet.WebDriverTestExecutionListener@5e5cd98a, org.springframework.boot.test.mock.mockito.ResetMocksTestExecutionListener@5966fe62]
]]></system-out>
  <system-err><![CDATA[]]></system-err>
</testsuite>
