<?xml version="1.0" encoding="UTF-8"?>
<testsuite name="CSCI5308.GroupFormationTool.Question.ChoiceTest" tests="4" skipped="0" failures="0" errors="0" timestamp="2020-07-09T16:19:42" hostname="Prabhjots-MacBook-Pro.local" time="0.006">
  <properties/>
  <testcase name="getText()" classname="CSCI5308.GroupFormationTool.Question.ChoiceTest" time="0.001"/>
  <testcase name="setValue()" classname="CSCI5308.GroupFormationTool.Question.ChoiceTest" time="0.001"/>
  <testcase name="getValue()" classname="CSCI5308.GroupFormationTool.Question.ChoiceTest" time="0.001"/>
  <testcase name="setText()" classname="CSCI5308.GroupFormationTool.Question.ChoiceTest" time="0.002"/>
  <system-out><![CDATA[2020-07-09 13:19:42.988  INFO 7122 --- [    Test worker] .b.t.c.SpringBootTestContextBootstrapper : Neither @ContextConfiguration nor @ContextHierarchy found for test class [CSCI5308.GroupFormationTool.Question.ChoiceTest], using SpringBootContextLoader
2020-07-09 13:19:42.988  INFO 7122 --- [    Test worker] o.s.t.c.support.AbstractContextLoader    : Could not detect default resource locations for test class [CSCI5308.GroupFormationTool.Question.ChoiceTest]: no resource found for suffixes {-context.xml, Context.groovy}.
2020-07-09 13:19:42.988  INFO 7122 --- [    Test worker] t.c.s.AnnotationConfigContextLoaderUtils : Could not detect default configuration classes for test class [CSCI5308.GroupFormationTool.Question.ChoiceTest]: ChoiceTest does not declare any static, non-private, non-final, nested classes annotated with @Configuration.
2020-07-09 13:19:42.989  INFO 7122 --- [    Test worker] .b.t.c.SpringBootTestContextBootstrapper : Found @SpringBootConfiguration CSCI5308.GroupFormationTool.GroupFormationToolApplication for test class CSCI5308.GroupFormationTool.Question.ChoiceTest
2020-07-09 13:19:42.990  INFO 7122 --- [    Test worker] .b.t.c.SpringBootTestContextBootstrapper : Loaded default TestExecutionListener class names from location [META-INF/spring.factories]: [org.springframework.security.test.context.support.WithSecurityContextTestExecutionListener, org.springframework.security.test.context.support.ReactorContextTestExecutionListener, org.springframework.boot.test.autoconfigure.restdocs.RestDocsTestExecutionListener, org.springframework.boot.test.autoconfigure.web.client.MockRestServiceServerResetTestExecutionListener, org.springframework.boot.test.autoconfigure.web.servlet.MockMvcPrintOnlyOnFailureTestExecutionListener, org.springframework.boot.test.autoconfigure.web.servlet.WebDriverTestExecutionListener, org.springframework.boot.test.mock.mockito.MockitoTestExecutionListener, org.springframework.boot.test.mock.mockito.ResetMocksTestExecutionListener, org.springframework.test.context.web.ServletTestExecutionListener, org.springframework.test.context.support.DirtiesContextBeforeModesTestExecutionListener, org.springframework.test.context.support.DependencyInjectionTestExecutionListener, org.springframework.test.context.support.DirtiesContextTestExecutionListener, org.springframework.test.context.transaction.TransactionalTestExecutionListener, org.springframework.test.context.jdbc.SqlScriptsTestExecutionListener, org.springframework.test.context.event.EventPublishingTestExecutionListener]
2020-07-09 13:19:42.990  INFO 7122 --- [    Test worker] .b.t.c.SpringBootTestContextBootstrapper : Using TestExecutionListeners: [org.springframework.test.context.web.ServletTestExecutionListener@7ca6ec26, org.springframework.test.context.support.DirtiesContextBeforeModesTestExecutionListener@58079de2, org.springframework.boot.test.mock.mockito.MockitoTestExecutionListener@708e9a91, org.springframework.boot.test.autoconfigure.SpringBootDependencyInjectionTestExecutionListener@56e285a0, org.springframework.test.context.support.DirtiesContextTestExecutionListener@1dee9486, org.springframework.security.test.context.support.WithSecurityContextTestExecutionListener@79e2e254, org.springframework.test.context.event.EventPublishingTestExecutionListener@7d3ca5eb, org.springframework.security.test.context.support.ReactorContextTestExecutionListener@3fb1f069, org.springframework.boot.test.autoconfigure.restdocs.RestDocsTestExecutionListener@561209bd, org.springframework.boot.test.autoconfigure.web.client.MockRestServiceServerResetTestExecutionListener@388cb169, org.springframework.boot.test.autoconfigure.web.servlet.MockMvcPrintOnlyOnFailureTestExecutionListener@2087586e, org.springframework.boot.test.autoconfigure.web.servlet.WebDriverTestExecutionListener@1085d6af, org.springframework.boot.test.mock.mockito.ResetMocksTestExecutionListener@561c6ae3]
]]></system-out>
  <system-err><![CDATA[]]></system-err>
</testsuite>
