<?xml version="1.0" encoding="UTF-8"?>
<testsuite name="CSCI5308.GroupFormationTool.Course.GuestControllerTest" tests="1" skipped="0" failures="0" errors="0" timestamp="2020-07-10T05:03:27" hostname="Prabhjots-MacBook-Pro.local" time="0.022">
  <properties/>
  <testcase name="guestCoursesTest()" classname="CSCI5308.GroupFormationTool.Course.GuestControllerTest" time="0.022"/>
  <system-out><![CDATA[2020-07-10 02:03:27.280  INFO 10909 --- [    Test worker] .b.t.a.w.s.WebMvcTestContextBootstrapper : Neither @ContextConfiguration nor @ContextHierarchy found for test class [CSCI5308.GroupFormationTool.Course.GuestControllerTest], using SpringBootContextLoader
2020-07-10 02:03:27.280  INFO 10909 --- [    Test worker] o.s.t.c.support.AbstractContextLoader    : Could not detect default resource locations for test class [CSCI5308.GroupFormationTool.Course.GuestControllerTest]: no resource found for suffixes {-context.xml, Context.groovy}.
2020-07-10 02:03:27.280  INFO 10909 --- [    Test worker] t.c.s.AnnotationConfigContextLoaderUtils : Could not detect default configuration classes for test class [CSCI5308.GroupFormationTool.Course.GuestControllerTest]: GuestControllerTest does not declare any static, non-private, non-final, nested classes annotated with @Configuration.
2020-07-10 02:03:27.282  INFO 10909 --- [    Test worker] .b.t.c.SpringBootTestContextBootstrapper : Found @SpringBootConfiguration CSCI5308.GroupFormationTool.GroupFormationToolApplication for test class CSCI5308.GroupFormationTool.Course.GuestControllerTest
2020-07-10 02:03:27.282  INFO 10909 --- [    Test worker] .b.t.a.w.s.WebMvcTestContextBootstrapper : Loaded default TestExecutionListener class names from location [META-INF/spring.factories]: [org.springframework.security.test.context.support.WithSecurityContextTestExecutionListener, org.springframework.security.test.context.support.ReactorContextTestExecutionListener, org.springframework.boot.test.autoconfigure.restdocs.RestDocsTestExecutionListener, org.springframework.boot.test.autoconfigure.web.client.MockRestServiceServerResetTestExecutionListener, org.springframework.boot.test.autoconfigure.web.servlet.MockMvcPrintOnlyOnFailureTestExecutionListener, org.springframework.boot.test.autoconfigure.web.servlet.WebDriverTestExecutionListener, org.springframework.boot.test.mock.mockito.MockitoTestExecutionListener, org.springframework.boot.test.mock.mockito.ResetMocksTestExecutionListener, org.springframework.test.context.web.ServletTestExecutionListener, org.springframework.test.context.support.DirtiesContextBeforeModesTestExecutionListener, org.springframework.test.context.support.DependencyInjectionTestExecutionListener, org.springframework.test.context.support.DirtiesContextTestExecutionListener, org.springframework.test.context.transaction.TransactionalTestExecutionListener, org.springframework.test.context.jdbc.SqlScriptsTestExecutionListener, org.springframework.test.context.event.EventPublishingTestExecutionListener]
2020-07-10 02:03:27.283  INFO 10909 --- [    Test worker] .b.t.a.w.s.WebMvcTestContextBootstrapper : Using TestExecutionListeners: [org.springframework.test.context.web.ServletTestExecutionListener@11bb05cf, org.springframework.test.context.support.DirtiesContextBeforeModesTestExecutionListener@7561dab9, org.springframework.boot.test.mock.mockito.MockitoTestExecutionListener@50f9adab, org.springframework.boot.test.autoconfigure.SpringBootDependencyInjectionTestExecutionListener@134572e, org.springframework.test.context.support.DirtiesContextTestExecutionListener@48e8afba, org.springframework.security.test.context.support.WithSecurityContextTestExecutionListener@3327100c, org.springframework.test.context.event.EventPublishingTestExecutionListener@2eae6736, org.springframework.security.test.context.support.ReactorContextTestExecutionListener@d00d8ea, org.springframework.boot.test.autoconfigure.restdocs.RestDocsTestExecutionListener@18238f, org.springframework.boot.test.autoconfigure.web.client.MockRestServiceServerResetTestExecutionListener@b34f4f0, org.springframework.boot.test.autoconfigure.web.servlet.MockMvcPrintOnlyOnFailureTestExecutionListener@567ea577, org.springframework.boot.test.autoconfigure.web.servlet.WebDriverTestExecutionListener@5d32e0da, org.springframework.boot.test.mock.mockito.ResetMocksTestExecutionListener@1cf7a4a8]

  .   ____          _            __ _ _
 /\\ / ___'_ __ _ _(_)_ __  __ _ \ \ \ \
( ( )\___ | '_ | '_| | '_ \/ _` | \ \ \ \
 \\/  ___)| |_)| | | | | || (_| |  ) ) ) )
  '  |____| .__|_| |_|_| |_\__, | / / / /
 =========|_|==============|___/=/_/_/_/
 :: Spring Boot ::        (v2.2.7.RELEASE)

2020-07-10 02:03:27.300  INFO 10909 --- [    Test worker] C.G.Course.GuestControllerTest           : Starting GuestControllerTest on Prabhjots-MacBook-Pro.local with PID 10909 (started by prabhjotkaur in /Users/prabhjotkaur/git/group22)
2020-07-10 02:03:27.301  INFO 10909 --- [    Test worker] C.G.Course.GuestControllerTest           : No active profile set, falling back to default profiles: default
2020-07-10 02:03:27.455  INFO 10909 --- [    Test worker] o.s.s.web.DefaultSecurityFilterChain     : Creating filter chain: Ant [pattern='/resources/**'], []
2020-07-10 02:03:27.509  INFO 10909 --- [    Test worker] o.s.s.web.DefaultSecurityFilterChain     : Creating filter chain: any request, [org.springframework.security.web.context.request.async.WebAsyncManagerIntegrationFilter@5e7f233f, org.springframework.security.web.context.SecurityContextPersistenceFilter@365b783f, org.springframework.security.web.header.HeaderWriterFilter@231536d4, org.springframework.security.web.csrf.CsrfFilter@226610b3, org.springframework.security.web.authentication.logout.LogoutFilter@37da9967, org.springframework.security.web.authentication.UsernamePasswordAuthenticationFilter@34cfd8a8, org.springframework.security.web.savedrequest.RequestCacheAwareFilter@24e63584, org.springframework.security.web.servletapi.SecurityContextHolderAwareRequestFilter@2ecf045a, org.springframework.security.web.authentication.AnonymousAuthenticationFilter@6fa6ae45, org.springframework.security.web.session.SessionManagementFilter@24aa1791, org.springframework.security.web.access.ExceptionTranslationFilter@488b4494, org.springframework.security.web.access.intercept.FilterSecurityInterceptor@158e629a]
2020-07-10 02:03:27.585  INFO 10909 --- [    Test worker] o.s.s.concurrent.ThreadPoolTaskExecutor  : Initializing ExecutorService 'applicationTaskExecutor'
2020-07-10 02:03:27.603  INFO 10909 --- [    Test worker] o.s.b.a.w.s.WelcomePageHandlerMapping    : Adding welcome page template: index
2020-07-10 02:03:27.683  INFO 10909 --- [    Test worker] o.s.b.t.m.w.SpringBootMockServletContext : Initializing Spring TestDispatcherServlet ''
2020-07-10 02:03:27.683  INFO 10909 --- [    Test worker] o.s.t.web.servlet.TestDispatcherServlet  : Initializing Servlet ''
2020-07-10 02:03:27.687  INFO 10909 --- [    Test worker] o.s.t.web.servlet.TestDispatcherServlet  : Completed initialization in 4 ms
2020-07-10 02:03:27.695  INFO 10909 --- [    Test worker] C.G.Course.GuestControllerTest           : Started GuestControllerTest in 0.41 seconds (JVM running for 6.145)

MockHttpServletRequest:
      HTTP Method = GET
      Request URI = /guest/guestCourses
       Parameters = {}
          Headers = []
             Body = <no character encoding set>
    Session Attrs = {}

Handler:
             Type = CSCI5308.GroupFormationTool.Course.GuestController
           Method = CSCI5308.GroupFormationTool.Course.GuestController#guestCourses(Model)

Async:
    Async started = false
     Async result = null

Resolved Exception:
             Type = null

ModelAndView:
        View name = course/guestCourses
             View = null
        Attribute = courses
            value = []

FlashMap:
       Attributes = null

MockHttpServletResponse:
           Status = 200
    Error message = null
          Headers = [Content-Language:"en", Content-Type:"text/html;charset=UTF-8", X-Content-Type-Options:"nosniff", X-XSS-Protection:"1; mode=block", Cache-Control:"no-cache, no-store, max-age=0, must-revalidate", Pragma:"no-cache", Expires:"0", X-Frame-Options:"DENY"]
     Content type = text/html;charset=UTF-8
             Body = <!DOCTYPE html>
<html lang="en" xmlns="http://www.w3.org/1999/xhtml">
<head>
    <meta charset="utf-8"/>
    <meta http-equiv="X-UA-Compatible" content="IE=edge"/>
    <meta name="viewport" content="width=device-width, initial-scale=1"/>
    <link rel="icon" href="favicon.ico"/>
    <title>Guest Course List</title>
    <link
            href="//maxcdn.bootstrapcdn.com/bootstrap/3.3.7/css/bootstrap.min.css"
            rel="stylesheet"
            integrity="sha384-BVYiiSIFeK1dGmJRAkycuHAHRg32OmUcww7on3RYdg4Va+PmSTsz/K68vbdEjh4u"
            crossorigin="anonymous"/>

</head>
<body style="background-color: #e7ebee">
<div class="container">
    <div>
        <p>You have not logged in to the application. Please login to
            continue...</p>
        <a href="/login">Click here to log in!</a>
    </div>

    
</div>
</body>
</html>
    Forwarded URL = null
   Redirected URL = null
          Cookies = []
]]></system-out>
  <system-err><![CDATA[]]></system-err>
</testsuite>
