<?xml version="1.0" encoding="UTF-8"?>
<testsuite name="CSCI5308.GroupFormationTool.Course.UserCoursesRepositoryTest" tests="7" skipped="0" failures="0" errors="0" timestamp="2020-07-10T05:03:25" hostname="Prabhjots-MacBook-Pro.local" time="0.013">
  <properties/>
  <testcase name="getInstructorCoursesTest()" classname="CSCI5308.GroupFormationTool.Course.UserCoursesRepositoryTest" time="0.001"/>
  <testcase name="getStudentCoursesTest()" classname="CSCI5308.GroupFormationTool.Course.UserCoursesRepositoryTest" time="0.001"/>
  <testcase name="getTAForCourseTest()" classname="CSCI5308.GroupFormationTool.Course.UserCoursesRepositoryTest" time="0.001"/>
  <testcase name="enrollTAForCourseUsingEmailIdTest()" classname="CSCI5308.GroupFormationTool.Course.UserCoursesRepositoryTest" time="0.002"/>
  <testcase name="getUserRoleByEmailIdTest()" classname="CSCI5308.GroupFormationTool.Course.UserCoursesRepositoryTest" time="0.002"/>
  <testcase name="getTACoursesTest()" classname="CSCI5308.GroupFormationTool.Course.UserCoursesRepositoryTest" time="0.001"/>
  <testcase name="getInstructorsForCourseTest()" classname="CSCI5308.GroupFormationTool.Course.UserCoursesRepositoryTest" time="0.001"/>
  <system-out><![CDATA[2020-07-10 02:03:25.128  INFO 10909 --- [    Test worker] .b.t.c.SpringBootTestContextBootstrapper : Neither @ContextConfiguration nor @ContextHierarchy found for test class [CSCI5308.GroupFormationTool.Course.UserCoursesRepositoryTest], using SpringBootContextLoader
2020-07-10 02:03:25.128  INFO 10909 --- [    Test worker] o.s.t.c.support.AbstractContextLoader    : Could not detect default resource locations for test class [CSCI5308.GroupFormationTool.Course.UserCoursesRepositoryTest]: no resource found for suffixes {-context.xml, Context.groovy}.
2020-07-10 02:03:25.128  INFO 10909 --- [    Test worker] t.c.s.AnnotationConfigContextLoaderUtils : Could not detect default configuration classes for test class [CSCI5308.GroupFormationTool.Course.UserCoursesRepositoryTest]: UserCoursesRepositoryTest does not declare any static, non-private, non-final, nested classes annotated with @Configuration.
2020-07-10 02:03:25.129  INFO 10909 --- [    Test worker] .b.t.c.SpringBootTestContextBootstrapper : Found @SpringBootConfiguration CSCI5308.GroupFormationTool.GroupFormationToolApplication for test class CSCI5308.GroupFormationTool.Course.UserCoursesRepositoryTest
2020-07-10 02:03:25.130  INFO 10909 --- [    Test worker] .b.t.c.SpringBootTestContextBootstrapper : Loaded default TestExecutionListener class names from location [META-INF/spring.factories]: [org.springframework.security.test.context.support.WithSecurityContextTestExecutionListener, org.springframework.security.test.context.support.ReactorContextTestExecutionListener, org.springframework.boot.test.autoconfigure.restdocs.RestDocsTestExecutionListener, org.springframework.boot.test.autoconfigure.web.client.MockRestServiceServerResetTestExecutionListener, org.springframework.boot.test.autoconfigure.web.servlet.MockMvcPrintOnlyOnFailureTestExecutionListener, org.springframework.boot.test.autoconfigure.web.servlet.WebDriverTestExecutionListener, org.springframework.boot.test.mock.mockito.MockitoTestExecutionListener, org.springframework.boot.test.mock.mockito.ResetMocksTestExecutionListener, org.springframework.test.context.web.ServletTestExecutionListener, org.springframework.test.context.support.DirtiesContextBeforeModesTestExecutionListener, org.springframework.test.context.support.DependencyInjectionTestExecutionListener, org.springframework.test.context.support.DirtiesContextTestExecutionListener, org.springframework.test.context.transaction.TransactionalTestExecutionListener, org.springframework.test.context.jdbc.SqlScriptsTestExecutionListener, org.springframework.test.context.event.EventPublishingTestExecutionListener]
2020-07-10 02:03:25.131  INFO 10909 --- [    Test worker] .b.t.c.SpringBootTestContextBootstrapper : Using TestExecutionListeners: [org.springframework.test.context.web.ServletTestExecutionListener@70584005, org.springframework.test.context.support.DirtiesContextBeforeModesTestExecutionListener@6d13f24b, org.springframework.boot.test.mock.mockito.MockitoTestExecutionListener@42430ee9, org.springframework.boot.test.autoconfigure.SpringBootDependencyInjectionTestExecutionListener@63243b1b, org.springframework.test.context.support.DirtiesContextTestExecutionListener@51ce0712, org.springframework.security.test.context.support.WithSecurityContextTestExecutionListener@23bd36ca, org.springframework.test.context.event.EventPublishingTestExecutionListener@79d34012, org.springframework.security.test.context.support.ReactorContextTestExecutionListener@3b6d50d0, org.springframework.boot.test.autoconfigure.restdocs.RestDocsTestExecutionListener@1a3a3638, org.springframework.boot.test.autoconfigure.web.client.MockRestServiceServerResetTestExecutionListener@50fb48d3, org.springframework.boot.test.autoconfigure.web.servlet.MockMvcPrintOnlyOnFailureTestExecutionListener@33cb410e, org.springframework.boot.test.autoconfigure.web.servlet.WebDriverTestExecutionListener@62716c77, org.springframework.boot.test.mock.mockito.ResetMocksTestExecutionListener@29b10df7]
]]></system-out>
  <system-err><![CDATA[]]></system-err>
</testsuite>
