<?xml version="1.0" encoding="UTF-8"?>
<testsuite name="CSCI5308.GroupFormationTool.Password.PolicyRepositoryTest" tests="2" skipped="0" failures="0" errors="0" timestamp="2020-07-07T18:40:36" hostname="Prabhjots-MacBook-Pro.local" time="0.005">
  <properties/>
  <testcase name="getPoliciesTest()" classname="CSCI5308.GroupFormationTool.Password.PolicyRepositoryTest" time="0.002"/>
  <testcase name="passwordSPolicyCheckTest()" classname="CSCI5308.GroupFormationTool.Password.PolicyRepositoryTest" time="0.002"/>
  <system-out><![CDATA[2020-07-07 15:40:36.164  INFO 22184 --- [    Test worker] .b.t.c.SpringBootTestContextBootstrapper : Neither @ContextConfiguration nor @ContextHierarchy found for test class [CSCI5308.GroupFormationTool.Password.PolicyRepositoryTest], using SpringBootContextLoader
2020-07-07 15:40:36.164  INFO 22184 --- [    Test worker] o.s.t.c.support.AbstractContextLoader    : Could not detect default resource locations for test class [CSCI5308.GroupFormationTool.Password.PolicyRepositoryTest]: no resource found for suffixes {-context.xml, Context.groovy}.
2020-07-07 15:40:36.164  INFO 22184 --- [    Test worker] t.c.s.AnnotationConfigContextLoaderUtils : Could not detect default configuration classes for test class [CSCI5308.GroupFormationTool.Password.PolicyRepositoryTest]: PolicyRepositoryTest does not declare any static, non-private, non-final, nested classes annotated with @Configuration.
2020-07-07 15:40:36.165  INFO 22184 --- [    Test worker] .b.t.c.SpringBootTestContextBootstrapper : Found @SpringBootConfiguration CSCI5308.GroupFormationTool.GroupFormationToolApplication for test class CSCI5308.GroupFormationTool.Password.PolicyRepositoryTest
2020-07-07 15:40:36.166  INFO 22184 --- [    Test worker] .b.t.c.SpringBootTestContextBootstrapper : Loaded default TestExecutionListener class names from location [META-INF/spring.factories]: [org.springframework.security.test.context.support.WithSecurityContextTestExecutionListener, org.springframework.security.test.context.support.ReactorContextTestExecutionListener, org.springframework.boot.test.autoconfigure.restdocs.RestDocsTestExecutionListener, org.springframework.boot.test.autoconfigure.web.client.MockRestServiceServerResetTestExecutionListener, org.springframework.boot.test.autoconfigure.web.servlet.MockMvcPrintOnlyOnFailureTestExecutionListener, org.springframework.boot.test.autoconfigure.web.servlet.WebDriverTestExecutionListener, org.springframework.boot.test.mock.mockito.MockitoTestExecutionListener, org.springframework.boot.test.mock.mockito.ResetMocksTestExecutionListener, org.springframework.test.context.web.ServletTestExecutionListener, org.springframework.test.context.support.DirtiesContextBeforeModesTestExecutionListener, org.springframework.test.context.support.DependencyInjectionTestExecutionListener, org.springframework.test.context.support.DirtiesContextTestExecutionListener, org.springframework.test.context.transaction.TransactionalTestExecutionListener, org.springframework.test.context.jdbc.SqlScriptsTestExecutionListener, org.springframework.test.context.event.EventPublishingTestExecutionListener]
2020-07-07 15:40:36.167  INFO 22184 --- [    Test worker] .b.t.c.SpringBootTestContextBootstrapper : Using TestExecutionListeners: [org.springframework.test.context.web.ServletTestExecutionListener@34dd3be2, org.springframework.test.context.support.DirtiesContextBeforeModesTestExecutionListener@7dd2dda7, org.springframework.boot.test.mock.mockito.MockitoTestExecutionListener@54d2fe85, org.springframework.boot.test.autoconfigure.SpringBootDependencyInjectionTestExecutionListener@1a3f4192, org.springframework.test.context.support.DirtiesContextTestExecutionListener@47606b1c, org.springframework.security.test.context.support.WithSecurityContextTestExecutionListener@2cb4b9b2, org.springframework.test.context.event.EventPublishingTestExecutionListener@6fd15c77, org.springframework.security.test.context.support.ReactorContextTestExecutionListener@f02a3ce, org.springframework.boot.test.autoconfigure.restdocs.RestDocsTestExecutionListener@4b7e11b9, org.springframework.boot.test.autoconfigure.web.client.MockRestServiceServerResetTestExecutionListener@420e484d, org.springframework.boot.test.autoconfigure.web.servlet.MockMvcPrintOnlyOnFailureTestExecutionListener@2759969f, org.springframework.boot.test.autoconfigure.web.servlet.WebDriverTestExecutionListener@3d5f5d69, org.springframework.boot.test.mock.mockito.ResetMocksTestExecutionListener@61770a2]
]]></system-out>
  <system-err><![CDATA[]]></system-err>
</testsuite>
