<?xml version="1.0" encoding="UTF-8"?>
<testsuite name="CSCI5308.GroupFormationTool.User.UserRepositoryTest" tests="4" skipped="0" failures="0" errors="0" timestamp="2020-07-07T18:40:36" hostname="Prabhjots-MacBook-Pro.local" time="0.006">
  <properties/>
  <testcase name="createUserTest()" classname="CSCI5308.GroupFormationTool.User.UserRepositoryTest" time="0.001"/>
  <testcase name="getUserByBannerIdTest()" classname="CSCI5308.GroupFormationTool.User.UserRepositoryTest" time="0.001"/>
  <testcase name="getUserByEmailIdTest()" classname="CSCI5308.GroupFormationTool.User.UserRepositoryTest" time="0.001"/>
  <testcase name="getAdminDetailsTest()" classname="CSCI5308.GroupFormationTool.User.UserRepositoryTest" time="0.001"/>
  <system-out><![CDATA[2020-07-07 15:40:36.750  INFO 22184 --- [    Test worker] .b.t.c.SpringBootTestContextBootstrapper : Neither @ContextConfiguration nor @ContextHierarchy found for test class [CSCI5308.GroupFormationTool.User.UserRepositoryTest], using SpringBootContextLoader
2020-07-07 15:40:36.750  INFO 22184 --- [    Test worker] o.s.t.c.support.AbstractContextLoader    : Could not detect default resource locations for test class [CSCI5308.GroupFormationTool.User.UserRepositoryTest]: no resource found for suffixes {-context.xml, Context.groovy}.
2020-07-07 15:40:36.750  INFO 22184 --- [    Test worker] t.c.s.AnnotationConfigContextLoaderUtils : Could not detect default configuration classes for test class [CSCI5308.GroupFormationTool.User.UserRepositoryTest]: UserRepositoryTest does not declare any static, non-private, non-final, nested classes annotated with @Configuration.
2020-07-07 15:40:36.751  INFO 22184 --- [    Test worker] .b.t.c.SpringBootTestContextBootstrapper : Found @SpringBootConfiguration CSCI5308.GroupFormationTool.GroupFormationToolApplication for test class CSCI5308.GroupFormationTool.User.UserRepositoryTest
2020-07-07 15:40:36.752  INFO 22184 --- [    Test worker] .b.t.c.SpringBootTestContextBootstrapper : Loaded default TestExecutionListener class names from location [META-INF/spring.factories]: [org.springframework.security.test.context.support.WithSecurityContextTestExecutionListener, org.springframework.security.test.context.support.ReactorContextTestExecutionListener, org.springframework.boot.test.autoconfigure.restdocs.RestDocsTestExecutionListener, org.springframework.boot.test.autoconfigure.web.client.MockRestServiceServerResetTestExecutionListener, org.springframework.boot.test.autoconfigure.web.servlet.MockMvcPrintOnlyOnFailureTestExecutionListener, org.springframework.boot.test.autoconfigure.web.servlet.WebDriverTestExecutionListener, org.springframework.boot.test.mock.mockito.MockitoTestExecutionListener, org.springframework.boot.test.mock.mockito.ResetMocksTestExecutionListener, org.springframework.test.context.web.ServletTestExecutionListener, org.springframework.test.context.support.DirtiesContextBeforeModesTestExecutionListener, org.springframework.test.context.support.DependencyInjectionTestExecutionListener, org.springframework.test.context.support.DirtiesContextTestExecutionListener, org.springframework.test.context.transaction.TransactionalTestExecutionListener, org.springframework.test.context.jdbc.SqlScriptsTestExecutionListener, org.springframework.test.context.event.EventPublishingTestExecutionListener]
2020-07-07 15:40:36.753  INFO 22184 --- [    Test worker] .b.t.c.SpringBootTestContextBootstrapper : Using TestExecutionListeners: [org.springframework.test.context.web.ServletTestExecutionListener@539c172b, org.springframework.test.context.support.DirtiesContextBeforeModesTestExecutionListener@1e75c671, org.springframework.boot.test.mock.mockito.MockitoTestExecutionListener@6e8a19d9, org.springframework.boot.test.autoconfigure.SpringBootDependencyInjectionTestExecutionListener@3f5ebc71, org.springframework.test.context.support.DirtiesContextTestExecutionListener@cc8c1fe, org.springframework.security.test.context.support.WithSecurityContextTestExecutionListener@3cbec858, org.springframework.test.context.event.EventPublishingTestExecutionListener@2c45ac7, org.springframework.security.test.context.support.ReactorContextTestExecutionListener@4833d3da, org.springframework.boot.test.autoconfigure.restdocs.RestDocsTestExecutionListener@2be2c13, org.springframework.boot.test.autoconfigure.web.client.MockRestServiceServerResetTestExecutionListener@4888d814, org.springframework.boot.test.autoconfigure.web.servlet.MockMvcPrintOnlyOnFailureTestExecutionListener@68bab1a0, org.springframework.boot.test.autoconfigure.web.servlet.WebDriverTestExecutionListener@3ec1026e, org.springframework.boot.test.mock.mockito.ResetMocksTestExecutionListener@4dec6f11]
]]></system-out>
  <system-err><![CDATA[]]></system-err>
</testsuite>
