<?xml version="1.0" encoding="UTF-8"?>
<testsuite name="CSCI5308.GroupFormationTool.RepositoryTest.CourseRepositoryTest" tests="3" skipped="0" failures="0" errors="0" timestamp="2020-06-04T21:36:13" hostname="Prabhjots-MacBook-Pro.local" time="0.006">
  <properties/>
  <testcase name="getAllCoursesTest()" classname="CSCI5308.GroupFormationTool.RepositoryTest.CourseRepositoryTest" time="0.001"/>
  <testcase name="createCourseTest()" classname="CSCI5308.GroupFormationTool.RepositoryTest.CourseRepositoryTest" time="0.002"/>
  <testcase name="deleteCourseTest()" classname="CSCI5308.GroupFormationTool.RepositoryTest.CourseRepositoryTest" time="0.002"/>
  <system-out><![CDATA[2020-06-04 18:36:13.632  INFO 35965 --- [    Test worker] .b.t.c.SpringBootTestContextBootstrapper : Neither @ContextConfiguration nor @ContextHierarchy found for test class [CSCI5308.GroupFormationTool.RepositoryTest.CourseRepositoryTest], using SpringBootContextLoader
2020-06-04 18:36:13.633  INFO 35965 --- [    Test worker] o.s.t.c.support.AbstractContextLoader    : Could not detect default resource locations for test class [CSCI5308.GroupFormationTool.RepositoryTest.CourseRepositoryTest]: no resource found for suffixes {-context.xml, Context.groovy}.
2020-06-04 18:36:13.633  INFO 35965 --- [    Test worker] t.c.s.AnnotationConfigContextLoaderUtils : Could not detect default configuration classes for test class [CSCI5308.GroupFormationTool.RepositoryTest.CourseRepositoryTest]: CourseRepositoryTest does not declare any static, non-private, non-final, nested classes annotated with @Configuration.
2020-06-04 18:36:13.634  INFO 35965 --- [    Test worker] .b.t.c.SpringBootTestContextBootstrapper : Found @SpringBootConfiguration CSCI5308.GroupFormationTool.GroupFormationToolApplication for test class CSCI5308.GroupFormationTool.RepositoryTest.CourseRepositoryTest
2020-06-04 18:36:13.635  INFO 35965 --- [    Test worker] .b.t.c.SpringBootTestContextBootstrapper : Loaded default TestExecutionListener class names from location [META-INF/spring.factories]: [org.springframework.security.test.context.support.WithSecurityContextTestExecutionListener, org.springframework.security.test.context.support.ReactorContextTestExecutionListener, org.springframework.boot.test.autoconfigure.restdocs.RestDocsTestExecutionListener, org.springframework.boot.test.autoconfigure.web.client.MockRestServiceServerResetTestExecutionListener, org.springframework.boot.test.autoconfigure.web.servlet.MockMvcPrintOnlyOnFailureTestExecutionListener, org.springframework.boot.test.autoconfigure.web.servlet.WebDriverTestExecutionListener, org.springframework.boot.test.mock.mockito.MockitoTestExecutionListener, org.springframework.boot.test.mock.mockito.ResetMocksTestExecutionListener, org.springframework.test.context.web.ServletTestExecutionListener, org.springframework.test.context.support.DirtiesContextBeforeModesTestExecutionListener, org.springframework.test.context.support.DependencyInjectionTestExecutionListener, org.springframework.test.context.support.DirtiesContextTestExecutionListener, org.springframework.test.context.transaction.TransactionalTestExecutionListener, org.springframework.test.context.jdbc.SqlScriptsTestExecutionListener, org.springframework.test.context.event.EventPublishingTestExecutionListener]
2020-06-04 18:36:13.636  INFO 35965 --- [    Test worker] .b.t.c.SpringBootTestContextBootstrapper : Using TestExecutionListeners: [org.springframework.test.context.web.ServletTestExecutionListener@5401e18b, org.springframework.test.context.support.DirtiesContextBeforeModesTestExecutionListener@2b8ccaba, org.springframework.boot.test.mock.mockito.MockitoTestExecutionListener@3f84c572, org.springframework.boot.test.autoconfigure.SpringBootDependencyInjectionTestExecutionListener@f07415b, org.springframework.test.context.support.DirtiesContextTestExecutionListener@54d1f489, org.springframework.security.test.context.support.WithSecurityContextTestExecutionListener@19c52db3, org.springframework.test.context.event.EventPublishingTestExecutionListener@73d4ac, org.springframework.security.test.context.support.ReactorContextTestExecutionListener@354b4060, org.springframework.boot.test.autoconfigure.restdocs.RestDocsTestExecutionListener@6e658ffc, org.springframework.boot.test.autoconfigure.web.client.MockRestServiceServerResetTestExecutionListener@5efd9f36, org.springframework.boot.test.autoconfigure.web.servlet.MockMvcPrintOnlyOnFailureTestExecutionListener@40b5f6f1, org.springframework.boot.test.autoconfigure.web.servlet.WebDriverTestExecutionListener@2f92e6c7, org.springframework.boot.test.mock.mockito.ResetMocksTestExecutionListener@6dca86a6]
]]></system-out>
  <system-err><![CDATA[]]></system-err>
</testsuite>
