<?xml version="1.0" encoding="UTF-8"?>
<testsuite name="CSCI5308.GroupFormationTool.Question.QuestionManagerRepositoryTest" tests="2" skipped="0" failures="0" errors="0" timestamp="2020-07-09T16:19:42" hostname="Prabhjots-MacBook-Pro.local" time="0.003">
  <properties/>
  <testcase name="deleteQuestionTest()" classname="CSCI5308.GroupFormationTool.Question.QuestionManagerRepositoryTest" time="0.001"/>
  <testcase name="createQuestionTest()" classname="CSCI5308.GroupFormationTool.Question.QuestionManagerRepositoryTest" time="0.001"/>
  <system-out><![CDATA[2020-07-09 13:19:42.979  INFO 7122 --- [    Test worker] .b.t.c.SpringBootTestContextBootstrapper : Neither @ContextConfiguration nor @ContextHierarchy found for test class [CSCI5308.GroupFormationTool.Question.QuestionManagerRepositoryTest], using SpringBootContextLoader
2020-07-09 13:19:42.980  INFO 7122 --- [    Test worker] o.s.t.c.support.AbstractContextLoader    : Could not detect default resource locations for test class [CSCI5308.GroupFormationTool.Question.QuestionManagerRepositoryTest]: no resource found for suffixes {-context.xml, Context.groovy}.
2020-07-09 13:19:42.980  INFO 7122 --- [    Test worker] t.c.s.AnnotationConfigContextLoaderUtils : Could not detect default configuration classes for test class [CSCI5308.GroupFormationTool.Question.QuestionManagerRepositoryTest]: QuestionManagerRepositoryTest does not declare any static, non-private, non-final, nested classes annotated with @Configuration.
2020-07-09 13:19:42.981  INFO 7122 --- [    Test worker] .b.t.c.SpringBootTestContextBootstrapper : Found @SpringBootConfiguration CSCI5308.GroupFormationTool.GroupFormationToolApplication for test class CSCI5308.GroupFormationTool.Question.QuestionManagerRepositoryTest
2020-07-09 13:19:42.982  INFO 7122 --- [    Test worker] .b.t.c.SpringBootTestContextBootstrapper : Loaded default TestExecutionListener class names from location [META-INF/spring.factories]: [org.springframework.security.test.context.support.WithSecurityContextTestExecutionListener, org.springframework.security.test.context.support.ReactorContextTestExecutionListener, org.springframework.boot.test.autoconfigure.restdocs.RestDocsTestExecutionListener, org.springframework.boot.test.autoconfigure.web.client.MockRestServiceServerResetTestExecutionListener, org.springframework.boot.test.autoconfigure.web.servlet.MockMvcPrintOnlyOnFailureTestExecutionListener, org.springframework.boot.test.autoconfigure.web.servlet.WebDriverTestExecutionListener, org.springframework.boot.test.mock.mockito.MockitoTestExecutionListener, org.springframework.boot.test.mock.mockito.ResetMocksTestExecutionListener, org.springframework.test.context.web.ServletTestExecutionListener, org.springframework.test.context.support.DirtiesContextBeforeModesTestExecutionListener, org.springframework.test.context.support.DependencyInjectionTestExecutionListener, org.springframework.test.context.support.DirtiesContextTestExecutionListener, org.springframework.test.context.transaction.TransactionalTestExecutionListener, org.springframework.test.context.jdbc.SqlScriptsTestExecutionListener, org.springframework.test.context.event.EventPublishingTestExecutionListener]
2020-07-09 13:19:42.983  INFO 7122 --- [    Test worker] .b.t.c.SpringBootTestContextBootstrapper : Using TestExecutionListeners: [org.springframework.test.context.web.ServletTestExecutionListener@41dfb35f, org.springframework.test.context.support.DirtiesContextBeforeModesTestExecutionListener@46b5400b, org.springframework.boot.test.mock.mockito.MockitoTestExecutionListener@75c04d7b, org.springframework.boot.test.autoconfigure.SpringBootDependencyInjectionTestExecutionListener@20f485c9, org.springframework.test.context.support.DirtiesContextTestExecutionListener@1c0d8fc3, org.springframework.security.test.context.support.WithSecurityContextTestExecutionListener@70543151, org.springframework.test.context.event.EventPublishingTestExecutionListener@70801b5, org.springframework.security.test.context.support.ReactorContextTestExecutionListener@3560650, org.springframework.boot.test.autoconfigure.restdocs.RestDocsTestExecutionListener@73d5e26e, org.springframework.boot.test.autoconfigure.web.client.MockRestServiceServerResetTestExecutionListener@22da9bfc, org.springframework.boot.test.autoconfigure.web.servlet.MockMvcPrintOnlyOnFailureTestExecutionListener@651833bb, org.springframework.boot.test.autoconfigure.web.servlet.WebDriverTestExecutionListener@56cfcdce, org.springframework.boot.test.mock.mockito.ResetMocksTestExecutionListener@a5593eb]
]]></system-out>
  <system-err><![CDATA[]]></system-err>
</testsuite>
