<?xml version="1.0" encoding="UTF-8"?>
<testsuite name="CSCI5308.GroupFormationTool.Password.TokenGeneratorTest" tests="1" skipped="0" failures="0" errors="0" timestamp="2020-07-10T05:03:24" hostname="Prabhjots-MacBook-Pro.local" time="0.001">
  <properties/>
  <testcase name="encryptPasswordTest()" classname="CSCI5308.GroupFormationTool.Password.TokenGeneratorTest" time="0.001"/>
  <system-out><![CDATA[2020-07-10 02:03:24.892  INFO 10909 --- [    Test worker] .b.t.c.SpringBootTestContextBootstrapper : Neither @ContextConfiguration nor @ContextHierarchy found for test class [CSCI5308.GroupFormationTool.Password.TokenGeneratorTest], using SpringBootContextLoader
2020-07-10 02:03:24.893  INFO 10909 --- [    Test worker] o.s.t.c.support.AbstractContextLoader    : Could not detect default resource locations for test class [CSCI5308.GroupFormationTool.Password.TokenGeneratorTest]: no resource found for suffixes {-context.xml, Context.groovy}.
2020-07-10 02:03:24.893  INFO 10909 --- [    Test worker] t.c.s.AnnotationConfigContextLoaderUtils : Could not detect default configuration classes for test class [CSCI5308.GroupFormationTool.Password.TokenGeneratorTest]: TokenGeneratorTest does not declare any static, non-private, non-final, nested classes annotated with @Configuration.
2020-07-10 02:03:24.894  INFO 10909 --- [    Test worker] .b.t.c.SpringBootTestContextBootstrapper : Found @SpringBootConfiguration CSCI5308.GroupFormationTool.GroupFormationToolApplication for test class CSCI5308.GroupFormationTool.Password.TokenGeneratorTest
2020-07-10 02:03:24.895  INFO 10909 --- [    Test worker] .b.t.c.SpringBootTestContextBootstrapper : Loaded default TestExecutionListener class names from location [META-INF/spring.factories]: [org.springframework.security.test.context.support.WithSecurityContextTestExecutionListener, org.springframework.security.test.context.support.ReactorContextTestExecutionListener, org.springframework.boot.test.autoconfigure.restdocs.RestDocsTestExecutionListener, org.springframework.boot.test.autoconfigure.web.client.MockRestServiceServerResetTestExecutionListener, org.springframework.boot.test.autoconfigure.web.servlet.MockMvcPrintOnlyOnFailureTestExecutionListener, org.springframework.boot.test.autoconfigure.web.servlet.WebDriverTestExecutionListener, org.springframework.boot.test.mock.mockito.MockitoTestExecutionListener, org.springframework.boot.test.mock.mockito.ResetMocksTestExecutionListener, org.springframework.test.context.web.ServletTestExecutionListener, org.springframework.test.context.support.DirtiesContextBeforeModesTestExecutionListener, org.springframework.test.context.support.DependencyInjectionTestExecutionListener, org.springframework.test.context.support.DirtiesContextTestExecutionListener, org.springframework.test.context.transaction.TransactionalTestExecutionListener, org.springframework.test.context.jdbc.SqlScriptsTestExecutionListener, org.springframework.test.context.event.EventPublishingTestExecutionListener]
2020-07-10 02:03:24.896  INFO 10909 --- [    Test worker] .b.t.c.SpringBootTestContextBootstrapper : Using TestExecutionListeners: [org.springframework.test.context.web.ServletTestExecutionListener@e013909, org.springframework.test.context.support.DirtiesContextBeforeModesTestExecutionListener@78f0245a, org.springframework.boot.test.mock.mockito.MockitoTestExecutionListener@126c7693, org.springframework.boot.test.autoconfigure.SpringBootDependencyInjectionTestExecutionListener@17547cdd, org.springframework.test.context.support.DirtiesContextTestExecutionListener@101ad64f, org.springframework.security.test.context.support.WithSecurityContextTestExecutionListener@6931f2e2, org.springframework.test.context.event.EventPublishingTestExecutionListener@1818d9b9, org.springframework.security.test.context.support.ReactorContextTestExecutionListener@2c9efcf3, org.springframework.boot.test.autoconfigure.restdocs.RestDocsTestExecutionListener@6af0ff81, org.springframework.boot.test.autoconfigure.web.client.MockRestServiceServerResetTestExecutionListener@c30a6df, org.springframework.boot.test.autoconfigure.web.servlet.MockMvcPrintOnlyOnFailureTestExecutionListener@523b73f1, org.springframework.boot.test.autoconfigure.web.servlet.WebDriverTestExecutionListener@9996421, org.springframework.boot.test.mock.mockito.ResetMocksTestExecutionListener@64f88e64]
]]></system-out>
  <system-err><![CDATA[]]></system-err>
</testsuite>
