<?xml version="1.0" encoding="UTF-8"?>
<testsuite name="CSCI5308.GroupFormationTool.Security.UserRegistrationControllerTest" tests="1" skipped="0" failures="0" errors="0" timestamp="2020-07-13T16:07:23" hostname="Prabhjots-MacBook-Pro.local" time="0.025">
  <properties/>
  <testcase name="registerTest()" classname="CSCI5308.GroupFormationTool.Security.UserRegistrationControllerTest" time="0.025"/>
  <system-out><![CDATA[
  .   ____          _            __ _ _
 /\\ / ___'_ __ _ _(_)_ __  __ _ \ \ \ \
( ( )\___ | '_ | '_| | '_ \/ _` | \ \ \ \
 \\/  ___)| |_)| | | | | || (_| |  ) ) ) )
  '  |____| .__|_| |_|_| |_\__, | / / / /
 =========|_|==============|___/=/_/_/_/
 :: Spring Boot ::        (v2.2.7.RELEASE)

2020-07-13 13:07:22.825  INFO 22716 --- [    Test worker] C.G.S.UserRegistrationControllerTest     : Starting UserRegistrationControllerTest on Prabhjots-MacBook-Pro.local with PID 22716 (started by prabhjotkaur in /Users/prabhjotkaur/git/group22)
2020-07-13 13:07:22.826  INFO 22716 --- [    Test worker] C.G.S.UserRegistrationControllerTest     : No active profile set, falling back to default profiles: default
2020-07-13 13:07:23.139  INFO 22716 --- [    Test worker] C.G.S.UserRegistrationControllerTest     : Started UserRegistrationControllerTest in 0.323 seconds (JVM running for 6.676)
2020-07-13 13:07:23.143  INFO 22716 --- [    Test worker] C.G.Security.UserRegistrationController  : Fetching the password policies of the system
2020-07-13 13:07:23.143  INFO 22716 --- [    Test worker] C.GroupFormationTool.Password.Policy     : Calling the Policy Repository to fetch all the password security policies from database

MockHttpServletRequest:
      HTTP Method = GET
      Request URI = /register
       Parameters = {}
          Headers = []
             Body = <no character encoding set>
    Session Attrs = {org.springframework.security.web.csrf.HttpSessionCsrfTokenRepository.CSRF_TOKEN=org.springframework.security.web.csrf.DefaultCsrfToken@52f0cb15}

Handler:
             Type = CSCI5308.GroupFormationTool.Security.UserRegistrationController
           Method = CSCI5308.GroupFormationTool.Security.UserRegistrationController#register(User, Model)

Async:
    Async started = false
     Async result = null

Resolved Exception:
             Type = null

ModelAndView:
        View name = user/signup
             View = null
        Attribute = user
            value = CSCI5308.GroupFormationTool.User.User@9ee4caa
           errors = []
        Attribute = policies
            value = []

FlashMap:
       Attributes = null

MockHttpServletResponse:
           Status = 200
    Error message = null
          Headers = [Content-Language:"en", Content-Type:"text/html;charset=UTF-8", X-Content-Type-Options:"nosniff", X-XSS-Protection:"1; mode=block", Cache-Control:"no-cache, no-store, max-age=0, must-revalidate", Pragma:"no-cache", Expires:"0", X-Frame-Options:"DENY"]
     Content type = text/html;charset=UTF-8
             Body = <!DOCTYPE html>
<html lang="en">
<head>
    <meta charset="utf-8"/>
    <meta http-equiv="X-UA-Compatible" content="IE=edge"/>
    <meta name="viewport" content="width=device-width, initial-scale=1"/>
    <link rel="icon" href="favicon.ico"/>
    <title>User Registration Page</title>
    <link
            href="//maxcdn.bootstrapcdn.com/bootstrap/3.3.7/css/bootstrap.min.css"
            rel="stylesheet"
            integrity="sha384-BVYiiSIFeK1dGmJRAkycuHAHRg32OmUcww7on3RYdg4Va+PmSTsz/K68vbdEjh4u"
            crossorigin="anonymous"/>

</head>
<body style="background-color: #e7ebee">
<div class="flex align-items-center text-center" style="padding: 20px;">
    <br/>
    <div>
        <h4>Create Account</h4>
        <form autocomplete="off" action="/register" method="post" class="m-t col-md-4 col-md-offset-4" role="form"
              data-toggle="validator"><input type="hidden" name="_csrf" value="fbc25325-09ad-46aa-8f06-895a03d94700"/>

            
            <br>

            

            

            

            

            

            

            <div class="form-group input-group has-feedback">
                 <span
                    class="input-group-addon"> <span
                    class="glyphicon glyphicon-user"></span>
					</span> <input type="text" placeholder="First Name" class="form-control" required id="firstName" name="firstName" value=""/> <span
                    class="glyphicon form-control-feedback" aria-hidden="true"></span>
            </div>


            <div class="form-group input-group has-feedback">
                 <span
                    class="input-group-addon"> <span
                    class="glyphicon glyphicon-user"></span>
					</span> <input type="text" placeholder="Last Name"
                                   class="form-control" required id="lastName" name="lastName" value=""/> <span
                    class="glyphicon form-control-feedback" aria-hidden="true"></span>
            </div>


            <div class="form-group input-group has-feedback">
                 <span
                    class="input-group-addon"> <span
                    class="glyphicon glyphicon-envelope"></span>
					</span> <input type="email" placeholder="Email address" class="form-control" required id="emailId" name="emailId" value=""/> <span
                    class="glyphicon form-control-feedback" aria-hidden="true"></span>
            </div>

            <div class="form-group input-group has-feedback">
					<span class="input-group-addon"> <span
                            class="glyphicon glyphicon-file"></span>
					</span> <input type="text" placeholder="Banner Id"
                                   class="form-control" id="bannerId" name="bannerId" value=""/> <span
                    class="glyphicon form-control-feedback" aria-hidden="true"></span>
            </div>

            <div class="form-group input-group has-feedback">
                 <span
                    class="input-group-addon"> <span
                    class="glyphicon glyphicon-lock"></span>
					</span> <input type="password" placeholder="Password" class="form-control" required id="password" name="password" value=""/> <span
                    class="glyphicon form-control-feedback" aria-hidden="true"></span>
            </div>

            <div class="form-group input-group has-feedback">
                
                <span class="input-group-addon"> <span
                        class="glyphicon glyphicon-lock"></span>
					</span> <input type="password" placeholder="Confirm Password" class="form-control" required id="confirmPassword" name="confirmPassword" value=""/> <span
                    class="glyphicon form-control-feedback" aria-hidden="true"></span>
            </div>

            <div class="text-center">
                <button type="submit" class="btn btn-primary btn-sm btn-block">Register</button>
                <br/>
                <button type="reset" class="btn btn-danger btn-sm btn-block">Cancel</button>
            </div>

            <br/>
            <div>
                <a href="/login" class="text-primary">Are you an existing
                    user? Click here to log in!</a>
            </div>
        </form>
        <br/>
        
    </div>
</div>
</body>
</html>
    Forwarded URL = null
   Redirected URL = null
          Cookies = []
]]></system-out>
  <system-err><![CDATA[]]></system-err>
</testsuite>
