<?xml version="1.0" encoding="UTF-8"?>
<testsuite name="CSCI5308.GroupFormationTool.Password.PolicyTest" tests="10" skipped="0" failures="0" errors="0" timestamp="2020-07-16T20:11:28" hostname="Prabhjots-MacBook-Pro.local" time="0.057">
  <properties/>
  <testcase name="getEnabledTest()" classname="CSCI5308.GroupFormationTool.Password.PolicyTest" time="0.017"/>
  <testcase name="getPoliciesTest()" classname="CSCI5308.GroupFormationTool.Password.PolicyTest" time="0.004"/>
  <testcase name="getValueTest()" classname="CSCI5308.GroupFormationTool.Password.PolicyTest" time="0.003"/>
  <testcase name="getSettingTest()" classname="CSCI5308.GroupFormationTool.Password.PolicyTest" time="0.002"/>
  <testcase name="setIdTest()" classname="CSCI5308.GroupFormationTool.Password.PolicyTest" time="0.002"/>
  <testcase name="setEnabledTest()" classname="CSCI5308.GroupFormationTool.Password.PolicyTest" time="0.002"/>
  <testcase name="getIdTest()" classname="CSCI5308.GroupFormationTool.Password.PolicyTest" time="0.002"/>
  <testcase name="setValueTest()" classname="CSCI5308.GroupFormationTool.Password.PolicyTest" time="0.002"/>
  <testcase name="passwordPolicyCheckTest()" classname="CSCI5308.GroupFormationTool.Password.PolicyTest" time="0.013"/>
  <testcase name="setSettingTest()" classname="CSCI5308.GroupFormationTool.Password.PolicyTest" time="0.002"/>
  <system-out><![CDATA[2020-07-16 17:11:28.133  INFO 42868 --- [    Test worker] C.GroupFormationTool.Password.Policy     : Calling the Policy Repository to fetch all the password security policies from database
2020-07-16 17:11:28.134  INFO 42868 --- [    Test worker] C.GroupFormationTool.Password.Policy     : Calling the Policy Repository to fetch all the password security policies from database
2020-07-16 17:11:28.155  INFO 42868 --- [    Test worker] C.GroupFormationTool.Password.Policy     : Calling the Policy Repository to check if the password follows enabled security policies
2020-07-16 17:11:28.156  INFO 42868 --- [    Test worker] C.GroupFormationTool.Password.Policy     : Checking if the password follows enabled security policies
2020-07-16 17:11:28.156  INFO 42868 --- [    Test worker] C.GroupFormationTool.Password.Policy     : Calling the Policy Repository to check if the password follows enabled security policies
2020-07-16 17:11:28.157  INFO 42868 --- [    Test worker] C.GroupFormationTool.Password.Policy     : Checking if the password follows enabled security policies
2020-07-16 17:11:28.157 ERROR 42868 --- [    Test worker] C.GroupFormationTool.Password.Policy     : Minimum password length security policy is violated
2020-07-16 17:11:28.158  INFO 42868 --- [    Test worker] C.GroupFormationTool.Password.Policy     : Calling the Policy Repository to check if the password follows enabled security policies
2020-07-16 17:11:28.158  INFO 42868 --- [    Test worker] C.GroupFormationTool.Password.Policy     : Checking if the password follows enabled security policies
2020-07-16 17:11:28.158 ERROR 42868 --- [    Test worker] C.GroupFormationTool.Password.Policy     : Maximum password length security policy is violated
2020-07-16 17:11:28.159  INFO 42868 --- [    Test worker] C.GroupFormationTool.Password.Policy     : Calling the Policy Repository to check if the password follows enabled security policies
2020-07-16 17:11:28.159  INFO 42868 --- [    Test worker] C.GroupFormationTool.Password.Policy     : Checking if the password follows enabled security policies
2020-07-16 17:11:28.160 ERROR 42868 --- [    Test worker] C.GroupFormationTool.Password.Policy     : Minimum upper case charachters required password security policy is violated
2020-07-16 17:11:28.160  INFO 42868 --- [    Test worker] C.GroupFormationTool.Password.Policy     : Calling the Policy Repository to check if the password follows enabled security policies
2020-07-16 17:11:28.161  INFO 42868 --- [    Test worker] C.GroupFormationTool.Password.Policy     : Checking if the password follows enabled security policies
2020-07-16 17:11:28.161 ERROR 42868 --- [    Test worker] C.GroupFormationTool.Password.Policy     : Minimum lower case charachters required password security policy is violated
2020-07-16 17:11:28.162  INFO 42868 --- [    Test worker] C.GroupFormationTool.Password.Policy     : Calling the Policy Repository to check if the password follows enabled security policies
2020-07-16 17:11:28.162  INFO 42868 --- [    Test worker] C.GroupFormationTool.Password.Policy     : Checking if the password follows enabled security policies
2020-07-16 17:11:28.164 ERROR 42868 --- [    Test worker] C.GroupFormationTool.Password.Policy     : Minimum special symbols required password security policy is violated
2020-07-16 17:11:28.165  INFO 42868 --- [    Test worker] C.GroupFormationTool.Password.Policy     : Calling the Policy Repository to check if the password follows enabled security policies
2020-07-16 17:11:28.165  INFO 42868 --- [    Test worker] C.GroupFormationTool.Password.Policy     : Checking if the password follows enabled security policies
2020-07-16 17:11:28.165 ERROR 42868 --- [    Test worker] C.GroupFormationTool.Password.Policy     : Charachters not allowed in password security policy is violated
]]></system-out>
  <system-err><![CDATA[]]></system-err>
</testsuite>
