<?xml version="1.0" encoding="UTF-8"?>
<testsuite name="CSCI5308.GroupFormationTool.Course.CourseRepositoryTest" tests="4" skipped="0" failures="0" errors="0" timestamp="2020-07-07T18:40:36" hostname="Prabhjots-MacBook-Pro.local" time="0.009">
  <properties/>
  <testcase name="getCourseById()" classname="CSCI5308.GroupFormationTool.Course.CourseRepositoryTest" time="0.002"/>
  <testcase name="deleteCourseTest()" classname="CSCI5308.GroupFormationTool.Course.CourseRepositoryTest" time="0.002"/>
  <testcase name="createCourse()" classname="CSCI5308.GroupFormationTool.Course.CourseRepositoryTest" time="0.003"/>
  <testcase name="getAllCourses()" classname="CSCI5308.GroupFormationTool.Course.CourseRepositoryTest" time="0.001"/>
  <system-out><![CDATA[2020-07-07 15:40:36.374  INFO 22184 --- [    Test worker] .b.t.c.SpringBootTestContextBootstrapper : Neither @ContextConfiguration nor @ContextHierarchy found for test class [CSCI5308.GroupFormationTool.Course.CourseRepositoryTest], using SpringBootContextLoader
2020-07-07 15:40:36.374  INFO 22184 --- [    Test worker] o.s.t.c.support.AbstractContextLoader    : Could not detect default resource locations for test class [CSCI5308.GroupFormationTool.Course.CourseRepositoryTest]: no resource found for suffixes {-context.xml, Context.groovy}.
2020-07-07 15:40:36.375  INFO 22184 --- [    Test worker] t.c.s.AnnotationConfigContextLoaderUtils : Could not detect default configuration classes for test class [CSCI5308.GroupFormationTool.Course.CourseRepositoryTest]: CourseRepositoryTest does not declare any static, non-private, non-final, nested classes annotated with @Configuration.
2020-07-07 15:40:36.384  INFO 22184 --- [    Test worker] .b.t.c.SpringBootTestContextBootstrapper : Found @SpringBootConfiguration CSCI5308.GroupFormationTool.GroupFormationToolApplication for test class CSCI5308.GroupFormationTool.Course.CourseRepositoryTest
2020-07-07 15:40:36.385  INFO 22184 --- [    Test worker] .b.t.c.SpringBootTestContextBootstrapper : Loaded default TestExecutionListener class names from location [META-INF/spring.factories]: [org.springframework.security.test.context.support.WithSecurityContextTestExecutionListener, org.springframework.security.test.context.support.ReactorContextTestExecutionListener, org.springframework.boot.test.autoconfigure.restdocs.RestDocsTestExecutionListener, org.springframework.boot.test.autoconfigure.web.client.MockRestServiceServerResetTestExecutionListener, org.springframework.boot.test.autoconfigure.web.servlet.MockMvcPrintOnlyOnFailureTestExecutionListener, org.springframework.boot.test.autoconfigure.web.servlet.WebDriverTestExecutionListener, org.springframework.boot.test.mock.mockito.MockitoTestExecutionListener, org.springframework.boot.test.mock.mockito.ResetMocksTestExecutionListener, org.springframework.test.context.web.ServletTestExecutionListener, org.springframework.test.context.support.DirtiesContextBeforeModesTestExecutionListener, org.springframework.test.context.support.DependencyInjectionTestExecutionListener, org.springframework.test.context.support.DirtiesContextTestExecutionListener, org.springframework.test.context.transaction.TransactionalTestExecutionListener, org.springframework.test.context.jdbc.SqlScriptsTestExecutionListener, org.springframework.test.context.event.EventPublishingTestExecutionListener]
2020-07-07 15:40:36.386  INFO 22184 --- [    Test worker] .b.t.c.SpringBootTestContextBootstrapper : Using TestExecutionListeners: [org.springframework.test.context.web.ServletTestExecutionListener@79e755a6, org.springframework.test.context.support.DirtiesContextBeforeModesTestExecutionListener@4291df6e, org.springframework.boot.test.mock.mockito.MockitoTestExecutionListener@445dfe5a, org.springframework.boot.test.autoconfigure.SpringBootDependencyInjectionTestExecutionListener@4092ea52, org.springframework.test.context.support.DirtiesContextTestExecutionListener@39bdd83, org.springframework.security.test.context.support.WithSecurityContextTestExecutionListener@4fbd0831, org.springframework.test.context.event.EventPublishingTestExecutionListener@643990b2, org.springframework.security.test.context.support.ReactorContextTestExecutionListener@33ae361d, org.springframework.boot.test.autoconfigure.restdocs.RestDocsTestExecutionListener@6e84922e, org.springframework.boot.test.autoconfigure.web.client.MockRestServiceServerResetTestExecutionListener@495ff34f, org.springframework.boot.test.autoconfigure.web.servlet.MockMvcPrintOnlyOnFailureTestExecutionListener@61cb56d6, org.springframework.boot.test.autoconfigure.web.servlet.WebDriverTestExecutionListener@23178a2c, org.springframework.boot.test.mock.mockito.ResetMocksTestExecutionListener@69c87982]
]]></system-out>
  <system-err><![CDATA[]]></system-err>
</testsuite>
