<?xml version="1.0" encoding="UTF-8"?>
<testsuite name="CSCI5308.GroupFormationTool.Survey.SurveyControllerTest" tests="6" skipped="0" failures="0" errors="0" timestamp="2020-07-16T20:11:34" hostname="Prabhjots-MacBook-Pro.local" time="0.093">
  <properties/>
  <testcase name="addQuestionToSurveyTest()" classname="CSCI5308.GroupFormationTool.Survey.SurveyControllerTest" time="0.024"/>
  <testcase name="searchQuestionForSurvey()" classname="CSCI5308.GroupFormationTool.Survey.SurveyControllerTest" time="0.014"/>
  <testcase name="deleteQuestionFromSurveyTest()" classname="CSCI5308.GroupFormationTool.Survey.SurveyControllerTest" time="0.011"/>
  <testcase name="createSurveyFormula()" classname="CSCI5308.GroupFormationTool.Survey.SurveyControllerTest" time="0.022"/>
  <testcase name="publishSurveyTest()" classname="CSCI5308.GroupFormationTool.Survey.SurveyControllerTest" time="0.015"/>
  <testcase name="createSurveyTest()" classname="CSCI5308.GroupFormationTool.Survey.SurveyControllerTest" time="0.006"/>
  <system-out><![CDATA[
  .   ____          _            __ _ _
 /\\ / ___'_ __ _ _(_)_ __  __ _ \ \ \ \
( ( )\___ | '_ | '_| | '_ \/ _` | \ \ \ \
 \\/  ___)| |_)| | | | | || (_| |  ) ) ) )
  '  |____| .__|_| |_|_| |_\__, | / / / /
 =========|_|==============|___/=/_/_/_/
 :: Spring Boot ::        (v2.2.7.RELEASE)

2020-07-16 17:11:34.364  INFO 42868 --- [    Test worker] C.G.Survey.SurveyControllerTest          : Starting SurveyControllerTest on Prabhjots-MacBook-Pro.local with PID 42868 (started by prabhjotkaur in /Users/prabhjotkaur/git/group22)
2020-07-16 17:11:34.364  INFO 42868 --- [    Test worker] C.G.Survey.SurveyControllerTest          : No active profile set, falling back to default profiles: default
2020-07-16 17:11:34.737  INFO 42868 --- [    Test worker] C.G.Survey.SurveyControllerTest          : Started SurveyControllerTest in 0.386 seconds (JVM running for 12.004)
2020-07-16 17:11:34.742  INFO 42868 --- [    Test worker] C.G.Course.InstructorCourseController    : Creating survey for course 1
2020-07-16 17:11:34.742  INFO 42868 --- [    Test worker] C.GroupFormationTool.Survey.Survey       : Creating the survey for a course 1
2020-07-16 17:11:34.743  INFO 42868 --- [    Test worker] C.G.Course.InstructorCourseController    : Survey created with id 0
2020-07-16 17:11:34.743  INFO 42868 --- [    Test worker] C.GroupFormationTool.Survey.Survey       : Getting the survey questions for a course 1
2020-07-16 17:11:34.743  INFO 42868 --- [    Test worker] C.G.Course.InstructorCourseController    : There are0 questions in the database for the survey 0

MockHttpServletRequest:
      HTTP Method = GET
      Request URI = /survey/createSurvey
       Parameters = {courseName=[Cloud], surveyId=[1], courseId=[1], surveyQuestionList=[]}
          Headers = []
             Body = <no character encoding set>
    Session Attrs = {}

Handler:
             Type = CSCI5308.GroupFormationTool.Survey.SurveyController
           Method = CSCI5308.GroupFormationTool.Survey.SurveyController#createSurvey(String, String, Model)

Async:
    Async started = false
     Async result = null

Resolved Exception:
             Type = null

ModelAndView:
        View name = survey/createSurvey
             View = null
        Attribute = questionList
            value = null
        Attribute = surveyQuestionList
            value = []
        Attribute = surveyId
            value = 0
        Attribute = courseId
            value = 1
        Attribute = courseName
            value = Cloud

FlashMap:
       Attributes = null

MockHttpServletResponse:
           Status = 200
    Error message = null
          Headers = [Content-Language:"en", Content-Type:"text/html;charset=UTF-8", X-Content-Type-Options:"nosniff", X-XSS-Protection:"1; mode=block", Cache-Control:"no-cache, no-store, max-age=0, must-revalidate", Pragma:"no-cache", Expires:"0", X-Frame-Options:"DENY"]
     Content type = text/html;charset=UTF-8
             Body = <!DOCTYPE html>
<html lang="en" xmlns="http://www.w3.org/1999/xhtml">
<head>
    <meta charset="utf-8"/>
    <meta content="IE=edge" http-equiv="X-UA-Compatible"/>
    <meta content="width=device-width, initial-scale=1" name="viewport"/>
    <link href="favicon.ico" rel="icon"/>
    <title>Create Survey</title>
    <link
            crossorigin="anonymous"
            href="//maxcdn.bootstrapcdn.com/bootstrap/3.3.7/css/bootstrap.min.css"
            integrity="sha384-BVYiiSIFeK1dGmJRAkycuHAHRg32OmUcww7on3RYdg4Va+PmSTsz/K68vbdEjh4u"
            rel="stylesheet"/>

</head>
<body style="background-color: #e7ebee">
<div class="container">
    <div>
        <p>You have not yet logged in to the application. Please login to
            continue...</p>
        <a href="/login">Click here to log in!</a>
    </div>
    
</div>
</body>
</html>


    Forwarded URL = null
   Redirected URL = null
          Cookies = []
2020-07-16 17:11:34.759  INFO 42868 --- [    Test worker] C.G.Course.InstructorCourseController    : Creating survey for course 1
2020-07-16 17:11:34.759  INFO 42868 --- [    Test worker] C.GroupFormationTool.Survey.Survey       : Creating the survey for a course 1
2020-07-16 17:11:34.759  INFO 42868 --- [    Test worker] C.G.Course.InstructorCourseController    : Survey created with id 0
2020-07-16 17:11:34.759  INFO 42868 --- [    Test worker] C.GroupFormationTool.Survey.Survey       : Getting the survey questions for a course 1
2020-07-16 17:11:34.759  INFO 42868 --- [    Test worker] C.G.Course.InstructorCourseController    : There are0 questions in the database for the survey 0

MockHttpServletRequest:
      HTTP Method = GET
      Request URI = /survey/createSurvey
       Parameters = {courseName=[Cloud], surveyId=[1], courseId=[1], surveyQuestionList=[]}
          Headers = []
             Body = <no character encoding set>
    Session Attrs = {}

Handler:
             Type = CSCI5308.GroupFormationTool.Survey.SurveyController
           Method = CSCI5308.GroupFormationTool.Survey.SurveyController#createSurvey(String, String, Model)

Async:
    Async started = false
     Async result = null

Resolved Exception:
             Type = null

ModelAndView:
        View name = survey/createSurvey
             View = null
        Attribute = questionList
            value = null
        Attribute = surveyQuestionList
            value = []
        Attribute = surveyId
            value = 0
        Attribute = courseId
            value = 1
        Attribute = courseName
            value = Cloud

FlashMap:
       Attributes = null

MockHttpServletResponse:
           Status = 200
    Error message = null
          Headers = [Content-Language:"en", Content-Type:"text/html;charset=UTF-8", X-Content-Type-Options:"nosniff", X-XSS-Protection:"1; mode=block", Cache-Control:"no-cache, no-store, max-age=0, must-revalidate", Pragma:"no-cache", Expires:"0", X-Frame-Options:"DENY"]
     Content type = text/html;charset=UTF-8
             Body = <!DOCTYPE html>
<html lang="en" xmlns="http://www.w3.org/1999/xhtml">
<head>
    <meta charset="utf-8"/>
    <meta content="IE=edge" http-equiv="X-UA-Compatible"/>
    <meta content="width=device-width, initial-scale=1" name="viewport"/>
    <link href="favicon.ico" rel="icon"/>
    <title>Create Survey</title>
    <link
            crossorigin="anonymous"
            href="//maxcdn.bootstrapcdn.com/bootstrap/3.3.7/css/bootstrap.min.css"
            integrity="sha384-BVYiiSIFeK1dGmJRAkycuHAHRg32OmUcww7on3RYdg4Va+PmSTsz/K68vbdEjh4u"
            rel="stylesheet"/>

</head>
<body style="background-color: #e7ebee">
<div class="container">
    <div>
        <p>You have not yet logged in to the application. Please login to
            continue...</p>
        <a href="/login">Click here to log in!</a>
    </div>
    
</div>
</body>
</html>


    Forwarded URL = null
   Redirected URL = null
          Cookies = []
2020-07-16 17:11:34.767  INFO 42868 --- [    Test worker] C.G.Course.InstructorCourseController    : Get question list for the course 1with survey 1and question title title
2020-07-16 17:11:34.767  INFO 42868 --- [    Test worker] C.GroupFormationTool.Survey.Survey       : Getting the survey questions for a course based on the searched value: title
2020-07-16 17:11:34.767  INFO 42868 --- [    Test worker] C.G.Course.InstructorCourseController    : Get question list for the survey based on the course Id1
2020-07-16 17:11:34.767  INFO 42868 --- [    Test worker] C.GroupFormationTool.Survey.Survey       : Getting the survey questions for a course 1

MockHttpServletRequest:
      HTTP Method = POST
      Request URI = /questionManager/searchQuestionForSurvey
       Parameters = {courseName=[Cloud], surveyId=[1], courseId=[1], questionTitle=[title], _csrf=[2f1746d0-4ab1-45e6-af65-633894ca052f]}
          Headers = []
             Body = <no character encoding set>
    Session Attrs = {}

Handler:
             Type = CSCI5308.GroupFormationTool.Survey.SurveyController
           Method = CSCI5308.GroupFormationTool.Survey.SurveyController#searchQuestionForSurvey(String, int, String, String, Model)

Async:
    Async started = false
     Async result = null

Resolved Exception:
             Type = null

ModelAndView:
        View name = survey/createSurvey
             View = null
        Attribute = surveyQuestionList
            value = []
        Attribute = surveyId
            value = 1
        Attribute = courseId
            value = 1
        Attribute = courseName
            value = Cloud
        Attribute = questionList
            value = []

FlashMap:
       Attributes = null

MockHttpServletResponse:
           Status = 200
    Error message = null
          Headers = [Content-Language:"en", Content-Type:"text/html;charset=UTF-8", X-Content-Type-Options:"nosniff", X-XSS-Protection:"1; mode=block", Cache-Control:"no-cache, no-store, max-age=0, must-revalidate", Pragma:"no-cache", Expires:"0", X-Frame-Options:"DENY"]
     Content type = text/html;charset=UTF-8
             Body = <!DOCTYPE html>
<html lang="en" xmlns="http://www.w3.org/1999/xhtml">
<head>
    <meta charset="utf-8"/>
    <meta content="IE=edge" http-equiv="X-UA-Compatible"/>
    <meta content="width=device-width, initial-scale=1" name="viewport"/>
    <link href="favicon.ico" rel="icon"/>
    <title>Create Survey</title>
    <link
            crossorigin="anonymous"
            href="//maxcdn.bootstrapcdn.com/bootstrap/3.3.7/css/bootstrap.min.css"
            integrity="sha384-BVYiiSIFeK1dGmJRAkycuHAHRg32OmUcww7on3RYdg4Va+PmSTsz/K68vbdEjh4u"
            rel="stylesheet"/>

</head>
<body style="background-color: #e7ebee">
<div class="container">
    <div>
        <p>You have not yet logged in to the application. Please login to
            continue...</p>
        <a href="/login">Click here to log in!</a>
    </div>
    
</div>
</body>
</html>


    Forwarded URL = null
   Redirected URL = null
          Cookies = []
2020-07-16 17:11:34.773  INFO 42868 --- [    Test worker] C.G.Course.InstructorCourseController    : Get question list for the course 1with survey 1and question title title
2020-07-16 17:11:34.773  INFO 42868 --- [    Test worker] C.GroupFormationTool.Survey.Survey       : Getting the survey questions for a course based on the searched value: title
2020-07-16 17:11:34.774  INFO 42868 --- [    Test worker] C.G.Course.InstructorCourseController    : Get question list for the survey based on the course Id1
2020-07-16 17:11:34.774  INFO 42868 --- [    Test worker] C.GroupFormationTool.Survey.Survey       : Getting the survey questions for a course 1

MockHttpServletRequest:
      HTTP Method = POST
      Request URI = /questionManager/searchQuestionForSurvey
       Parameters = {courseName=[Cloud], surveyId=[1], courseId=[1], questionTitle=[title], _csrf=[0c0dd4f9-d4da-4ae2-aa4b-905241f3417f]}
          Headers = []
             Body = <no character encoding set>
    Session Attrs = {}

Handler:
             Type = CSCI5308.GroupFormationTool.Survey.SurveyController
           Method = CSCI5308.GroupFormationTool.Survey.SurveyController#searchQuestionForSurvey(String, int, String, String, Model)

Async:
    Async started = false
     Async result = null

Resolved Exception:
             Type = null

ModelAndView:
        View name = survey/createSurvey
             View = null
        Attribute = surveyQuestionList
            value = []
        Attribute = surveyId
            value = 1
        Attribute = courseId
            value = 1
        Attribute = courseName
            value = Cloud
        Attribute = questionList
            value = []

FlashMap:
       Attributes = null

MockHttpServletResponse:
           Status = 200
    Error message = null
          Headers = [Content-Language:"en", Content-Type:"text/html;charset=UTF-8", X-Content-Type-Options:"nosniff", X-XSS-Protection:"1; mode=block", Cache-Control:"no-cache, no-store, max-age=0, must-revalidate", Pragma:"no-cache", Expires:"0", X-Frame-Options:"DENY"]
     Content type = text/html;charset=UTF-8
             Body = <!DOCTYPE html>
<html lang="en" xmlns="http://www.w3.org/1999/xhtml">
<head>
    <meta charset="utf-8"/>
    <meta content="IE=edge" http-equiv="X-UA-Compatible"/>
    <meta content="width=device-width, initial-scale=1" name="viewport"/>
    <link href="favicon.ico" rel="icon"/>
    <title>Create Survey</title>
    <link
            crossorigin="anonymous"
            href="//maxcdn.bootstrapcdn.com/bootstrap/3.3.7/css/bootstrap.min.css"
            integrity="sha384-BVYiiSIFeK1dGmJRAkycuHAHRg32OmUcww7on3RYdg4Va+PmSTsz/K68vbdEjh4u"
            rel="stylesheet"/>

</head>
<body style="background-color: #e7ebee">
<div class="container">
    <div>
        <p>You have not yet logged in to the application. Please login to
            continue...</p>
        <a href="/login">Click here to log in!</a>
    </div>
    
</div>
</body>
</html>


    Forwarded URL = null
   Redirected URL = null
          Cookies = []
2020-07-16 17:11:34.780  INFO 42868 --- [    Test worker] C.G.Course.InstructorCourseController    : Creating survey for course 1
2020-07-16 17:11:34.780  INFO 42868 --- [    Test worker] C.GroupFormationTool.Survey.Survey       : Creating the survey for a course 1
2020-07-16 17:11:34.780  INFO 42868 --- [    Test worker] C.G.Course.InstructorCourseController    : Survey created with id 0
2020-07-16 17:11:34.780  INFO 42868 --- [    Test worker] C.GroupFormationTool.Survey.Survey       : Getting the survey questions for a course 1
2020-07-16 17:11:34.781  INFO 42868 --- [    Test worker] C.G.Course.InstructorCourseController    : There are0 questions in the database for the survey 0

MockHttpServletRequest:
      HTTP Method = GET
      Request URI = /survey/createSurvey
       Parameters = {courseName=[Cloud], surveyId=[1], courseId=[1], surveyQuestionList=[]}
          Headers = []
             Body = <no character encoding set>
    Session Attrs = {org.springframework.security.web.csrf.HttpSessionCsrfTokenRepository.CSRF_TOKEN=org.springframework.security.web.csrf.DefaultCsrfToken@4f1f6041}

Handler:
             Type = CSCI5308.GroupFormationTool.Survey.SurveyController
           Method = CSCI5308.GroupFormationTool.Survey.SurveyController#createSurvey(String, String, Model)

Async:
    Async started = false
     Async result = null

Resolved Exception:
             Type = null

ModelAndView:
        View name = survey/createSurvey
             View = null
        Attribute = questionList
            value = null
        Attribute = surveyQuestionList
            value = []
        Attribute = surveyId
            value = 0
        Attribute = courseId
            value = 1
        Attribute = courseName
            value = Cloud

FlashMap:
       Attributes = null

MockHttpServletResponse:
           Status = 200
    Error message = null
          Headers = [Content-Language:"en", Content-Type:"text/html;charset=UTF-8", X-Content-Type-Options:"nosniff", X-XSS-Protection:"1; mode=block", Cache-Control:"no-cache, no-store, max-age=0, must-revalidate", Pragma:"no-cache", Expires:"0", X-Frame-Options:"DENY"]
     Content type = text/html;charset=UTF-8
             Body = <!DOCTYPE html>
<html lang="en" xmlns="http://www.w3.org/1999/xhtml">
<head>
    <meta charset="utf-8"/>
    <meta content="IE=edge" http-equiv="X-UA-Compatible"/>
    <meta content="width=device-width, initial-scale=1" name="viewport"/>
    <link href="favicon.ico" rel="icon"/>
    <title>Create Survey</title>
    <link
            crossorigin="anonymous"
            href="//maxcdn.bootstrapcdn.com/bootstrap/3.3.7/css/bootstrap.min.css"
            integrity="sha384-BVYiiSIFeK1dGmJRAkycuHAHRg32OmUcww7on3RYdg4Va+PmSTsz/K68vbdEjh4u"
            rel="stylesheet"/>

</head>
<body style="background-color: #e7ebee">
<div class="container">
    <div>
        <p>You have not yet logged in to the application. Please login to
            continue...</p>
        <a href="/login">Click here to log in!</a>
    </div>
    
</div>
</body>
</html>


    Forwarded URL = null
   Redirected URL = null
          Cookies = []
2020-07-16 17:11:34.785  INFO 42868 --- [    Test worker] C.G.Course.InstructorCourseController    : Creating survey for course 1
2020-07-16 17:11:34.785  INFO 42868 --- [    Test worker] C.GroupFormationTool.Survey.Survey       : Creating the survey for a course 1
2020-07-16 17:11:34.785  INFO 42868 --- [    Test worker] C.G.Course.InstructorCourseController    : Survey created with id 0
2020-07-16 17:11:34.786  INFO 42868 --- [    Test worker] C.GroupFormationTool.Survey.Survey       : Getting the survey questions for a course 1
2020-07-16 17:11:34.786  INFO 42868 --- [    Test worker] C.G.Course.InstructorCourseController    : There are0 questions in the database for the survey 0

MockHttpServletRequest:
      HTTP Method = GET
      Request URI = /survey/createSurvey
       Parameters = {courseName=[Cloud], surveyId=[1], courseId=[1], surveyQuestionList=[]}
          Headers = []
             Body = <no character encoding set>
    Session Attrs = {org.springframework.security.web.csrf.HttpSessionCsrfTokenRepository.CSRF_TOKEN=org.springframework.security.web.csrf.DefaultCsrfToken@46d138b4}

Handler:
             Type = CSCI5308.GroupFormationTool.Survey.SurveyController
           Method = CSCI5308.GroupFormationTool.Survey.SurveyController#createSurvey(String, String, Model)

Async:
    Async started = false
     Async result = null

Resolved Exception:
             Type = null

ModelAndView:
        View name = survey/createSurvey
             View = null
        Attribute = questionList
            value = null
        Attribute = surveyQuestionList
            value = []
        Attribute = surveyId
            value = 0
        Attribute = courseId
            value = 1
        Attribute = courseName
            value = Cloud

FlashMap:
       Attributes = null

MockHttpServletResponse:
           Status = 200
    Error message = null
          Headers = [Content-Language:"en", Content-Type:"text/html;charset=UTF-8", X-Content-Type-Options:"nosniff", X-XSS-Protection:"1; mode=block", Cache-Control:"no-cache, no-store, max-age=0, must-revalidate", Pragma:"no-cache", Expires:"0", X-Frame-Options:"DENY"]
     Content type = text/html;charset=UTF-8
             Body = <!DOCTYPE html>
<html lang="en" xmlns="http://www.w3.org/1999/xhtml">
<head>
    <meta charset="utf-8"/>
    <meta content="IE=edge" http-equiv="X-UA-Compatible"/>
    <meta content="width=device-width, initial-scale=1" name="viewport"/>
    <link href="favicon.ico" rel="icon"/>
    <title>Create Survey</title>
    <link
            crossorigin="anonymous"
            href="//maxcdn.bootstrapcdn.com/bootstrap/3.3.7/css/bootstrap.min.css"
            integrity="sha384-BVYiiSIFeK1dGmJRAkycuHAHRg32OmUcww7on3RYdg4Va+PmSTsz/K68vbdEjh4u"
            rel="stylesheet"/>

</head>
<body style="background-color: #e7ebee">
<div class="container">
    <div>
        <p>You have not yet logged in to the application. Please login to
            continue...</p>
        <a href="/login">Click here to log in!</a>
    </div>
    
</div>
</body>
</html>


    Forwarded URL = null
   Redirected URL = null
          Cookies = []
2020-07-16 17:11:34.805  INFO 42868 --- [    Test worker] C.G.Course.InstructorCourseController    : Getting survey Details for the formula setup
2020-07-16 17:11:34.806  INFO 42868 --- [    Test worker] C.G.Course.InstructorCourseController    : Survey id for the courseadvSDCis 0

MockHttpServletRequest:
      HTTP Method = GET
      Request URI = /survey/createSurveyFormula
       Parameters = {courseName=[advSDC], courseId=[1]}
          Headers = []
             Body = <no character encoding set>
    Session Attrs = {org.springframework.security.web.csrf.HttpSessionCsrfTokenRepository.CSRF_TOKEN=org.springframework.security.web.csrf.DefaultCsrfToken@355176ef}

Handler:
             Type = CSCI5308.GroupFormationTool.Survey.SurveyController
           Method = CSCI5308.GroupFormationTool.Survey.SurveyController#createSurveyFormula(String, String, Model)

Async:
    Async started = false
     Async result = null

Resolved Exception:
             Type = null

ModelAndView:
        View name = survey/createSurveyFormula
             View = null
        Attribute = courseId
            value = 1
        Attribute = courseName
            value = advSDC
        Attribute = surveyId
            value = 0
        Attribute = surveyFormulaList
            value = CSCI5308.GroupFormationTool.Survey.SurveyFormulaList@7f25f022
           errors = []

FlashMap:
       Attributes = null

MockHttpServletResponse:
           Status = 200
    Error message = null
          Headers = [Content-Language:"en", Content-Type:"text/html;charset=UTF-8", X-Content-Type-Options:"nosniff", X-XSS-Protection:"1; mode=block", Cache-Control:"no-cache, no-store, max-age=0, must-revalidate", Pragma:"no-cache", Expires:"0", X-Frame-Options:"DENY"]
     Content type = text/html;charset=UTF-8
             Body = <!DOCTYPE html>
<html lang="en" xmlns="http://www.w3.org/1999/xhtml">
<head>
    <meta charset="utf-8"/>
    <meta content="IE=edge" http-equiv="X-UA-Compatible"/>
    <meta content="width=device-width, initial-scale=1" name="viewport"/>
    <link href="favicon.ico" rel="icon"/>
    <title>Create Survey</title>
    <link
            crossorigin="anonymous"
            href="//maxcdn.bootstrapcdn.com/bootstrap/3.3.7/css/bootstrap.min.css"
            integrity="sha384-BVYiiSIFeK1dGmJRAkycuHAHRg32OmUcww7on3RYdg4Va+PmSTsz/K68vbdEjh4u"
            rel="stylesheet"/>

</head>
<body style="background-color: #e7ebee">
<div class="container">
    <div>
        <p>You have not yet logged in to the application. Please login to
            continue...</p>
        <a href="/login">Click here to log in!</a>
    </div>
    
</div>
</body>
</html>
    Forwarded URL = null
   Redirected URL = null
          Cookies = []
2020-07-16 17:11:34.814  INFO 42868 --- [    Test worker] C.G.Course.InstructorCourseController    : Getting survey id for the course
2020-07-16 17:11:34.814  INFO 42868 --- [    Test worker] C.GroupFormationTool.Survey.Survey       : Getting survey id based on course id CSCI3901
2020-07-16 17:11:34.814  INFO 42868 --- [    Test worker] C.G.Course.InstructorCourseController    : Survey id for the courseSDCis 0
2020-07-16 17:11:34.814  INFO 42868 --- [    Test worker] C.GroupFormationTool.Survey.Survey       : Publishing the survey for the course CSCI3901
2020-07-16 17:11:34.815  INFO 42868 --- [    Test worker] C.G.Course.InstructorCourseController    : Check condition for survey published or not result value true

MockHttpServletRequest:
      HTTP Method = POST
      Request URI = /survey/publishSurvey
       Parameters = {courseName=[SDC], courseId=[CSCI3901], _csrf=[f7271f66-8ee2-4471-b64e-8e9e3c71088a]}
          Headers = []
             Body = <no character encoding set>
    Session Attrs = {}

Handler:
             Type = CSCI5308.GroupFormationTool.Survey.SurveyController
           Method = CSCI5308.GroupFormationTool.Survey.SurveyController#publishSurvey(String, String, Model)

Async:
    Async started = false
     Async result = null

Resolved Exception:
             Type = null

ModelAndView:
        View name = course/instructorCourseDetails
             View = null
        Attribute = published
            value = true
        Attribute = courseId
            value = CSCI3901
        Attribute = courseName
            value = SDC
        Attribute = created
            value = 0

FlashMap:
       Attributes = null

MockHttpServletResponse:
           Status = 200
    Error message = null
          Headers = [Content-Language:"en", Content-Type:"text/html;charset=UTF-8", X-Content-Type-Options:"nosniff", X-XSS-Protection:"1; mode=block", Cache-Control:"no-cache, no-store, max-age=0, must-revalidate", Pragma:"no-cache", Expires:"0", X-Frame-Options:"DENY"]
     Content type = text/html;charset=UTF-8
             Body = <!DOCTYPE html>
<html lang="en" xmlns="http://www.w3.org/1999/xhtml">
<head>
    <meta charset="utf-8"/>
    <meta content="IE=edge" http-equiv="X-UA-Compatible"/>
    <meta content="width=device-width, initial-scale=1" name="viewport"/>
    <link href="favicon.ico" rel="icon"/>
    <title>Instructor Course Details</title>
    <link
            crossorigin="anonymous"
            href="//maxcdn.bootstrapcdn.com/bootstrap/3.3.7/css/bootstrap.min.css"
            integrity="sha384-BVYiiSIFeK1dGmJRAkycuHAHRg32OmUcww7on3RYdg4Va+PmSTsz/K68vbdEjh4u"
            rel="stylesheet"/>

</head>
<body style="background-color: #e7ebee">
<div class="container">
    <div>
        <p>You have not yet logged in to the application. Please login to
            continue...</p>
        <a href="/login">Click here to log in!</a>
    </div>
    
</body>
</html>
    Forwarded URL = null
   Redirected URL = null
          Cookies = []
2020-07-16 17:11:34.820  INFO 42868 --- [    Test worker] C.G.Course.InstructorCourseController    : Getting survey id for the course
2020-07-16 17:11:34.820  INFO 42868 --- [    Test worker] C.GroupFormationTool.Survey.Survey       : Getting survey id based on course id CSCI3901
2020-07-16 17:11:34.820  INFO 42868 --- [    Test worker] C.G.Course.InstructorCourseController    : Survey id for the courseSDCis 0
2020-07-16 17:11:34.820  INFO 42868 --- [    Test worker] C.GroupFormationTool.Survey.Survey       : Publishing the survey for the course CSCI3901
2020-07-16 17:11:34.821  INFO 42868 --- [    Test worker] C.G.Course.InstructorCourseController    : Check condition for survey published or not result value false

MockHttpServletRequest:
      HTTP Method = POST
      Request URI = /survey/publishSurvey
       Parameters = {courseName=[SDC], courseId=[CSCI3901], _csrf=[f0fa67c2-9259-4270-9e21-f0b1e0f08e64]}
          Headers = []
             Body = <no character encoding set>
    Session Attrs = {}

Handler:
             Type = CSCI5308.GroupFormationTool.Survey.SurveyController
           Method = CSCI5308.GroupFormationTool.Survey.SurveyController#publishSurvey(String, String, Model)

Async:
    Async started = false
     Async result = null

Resolved Exception:
             Type = null

ModelAndView:
        View name = course/instructorCourseDetails
             View = null
        Attribute = published
            value = false
        Attribute = questionError
            value = Add atleast one question to the survey to publish the survey!!
        Attribute = courseId
            value = CSCI3901
        Attribute = courseName
            value = SDC
        Attribute = created
            value = 0

FlashMap:
       Attributes = null

MockHttpServletResponse:
           Status = 200
    Error message = null
          Headers = [Content-Language:"en", Content-Type:"text/html;charset=UTF-8", X-Content-Type-Options:"nosniff", X-XSS-Protection:"1; mode=block", Cache-Control:"no-cache, no-store, max-age=0, must-revalidate", Pragma:"no-cache", Expires:"0", X-Frame-Options:"DENY"]
     Content type = text/html;charset=UTF-8
             Body = <!DOCTYPE html>
<html lang="en" xmlns="http://www.w3.org/1999/xhtml">
<head>
    <meta charset="utf-8"/>
    <meta content="IE=edge" http-equiv="X-UA-Compatible"/>
    <meta content="width=device-width, initial-scale=1" name="viewport"/>
    <link href="favicon.ico" rel="icon"/>
    <title>Instructor Course Details</title>
    <link
            crossorigin="anonymous"
            href="//maxcdn.bootstrapcdn.com/bootstrap/3.3.7/css/bootstrap.min.css"
            integrity="sha384-BVYiiSIFeK1dGmJRAkycuHAHRg32OmUcww7on3RYdg4Va+PmSTsz/K68vbdEjh4u"
            rel="stylesheet"/>

</head>
<body style="background-color: #e7ebee">
<div class="container">
    <div>
        <p>You have not yet logged in to the application. Please login to
            continue...</p>
        <a href="/login">Click here to log in!</a>
    </div>
    
</body>
</html>
    Forwarded URL = null
   Redirected URL = null
          Cookies = []
2020-07-16 17:11:34.829  INFO 42868 --- [    Test worker] C.G.Course.InstructorCourseController    : Creating survey for course 1
2020-07-16 17:11:34.829  INFO 42868 --- [    Test worker] C.GroupFormationTool.Survey.Survey       : Creating the survey for a course 1
2020-07-16 17:11:34.829  INFO 42868 --- [    Test worker] C.G.Course.InstructorCourseController    : Survey created with id 1
2020-07-16 17:11:34.829  INFO 42868 --- [    Test worker] C.GroupFormationTool.Survey.Survey       : Getting the survey questions for a course 1
2020-07-16 17:11:34.829  INFO 42868 --- [    Test worker] C.G.Course.InstructorCourseController    : There are0 questions in the database for the survey 1

MockHttpServletRequest:
      HTTP Method = GET
      Request URI = /survey/createSurvey
       Parameters = {courseName=[Cloud], courseId=[1]}
          Headers = []
             Body = <no character encoding set>
    Session Attrs = {org.springframework.security.web.csrf.HttpSessionCsrfTokenRepository.CSRF_TOKEN=org.springframework.security.web.csrf.DefaultCsrfToken@4a6313ce}

Handler:
             Type = CSCI5308.GroupFormationTool.Survey.SurveyController
           Method = CSCI5308.GroupFormationTool.Survey.SurveyController#createSurvey(String, String, Model)

Async:
    Async started = false
     Async result = null

Resolved Exception:
             Type = null

ModelAndView:
        View name = survey/createSurvey
             View = null
        Attribute = questionList
            value = null
        Attribute = surveyQuestionList
            value = []
        Attribute = surveyId
            value = 1
        Attribute = courseId
            value = 1
        Attribute = courseName
            value = Cloud

FlashMap:
       Attributes = null

MockHttpServletResponse:
           Status = 200
    Error message = null
          Headers = [Content-Language:"en", Content-Type:"text/html;charset=UTF-8", X-Content-Type-Options:"nosniff", X-XSS-Protection:"1; mode=block", Cache-Control:"no-cache, no-store, max-age=0, must-revalidate", Pragma:"no-cache", Expires:"0", X-Frame-Options:"DENY"]
     Content type = text/html;charset=UTF-8
             Body = <!DOCTYPE html>
<html lang="en" xmlns="http://www.w3.org/1999/xhtml">
<head>
    <meta charset="utf-8"/>
    <meta content="IE=edge" http-equiv="X-UA-Compatible"/>
    <meta content="width=device-width, initial-scale=1" name="viewport"/>
    <link href="favicon.ico" rel="icon"/>
    <title>Create Survey</title>
    <link
            crossorigin="anonymous"
            href="//maxcdn.bootstrapcdn.com/bootstrap/3.3.7/css/bootstrap.min.css"
            integrity="sha384-BVYiiSIFeK1dGmJRAkycuHAHRg32OmUcww7on3RYdg4Va+PmSTsz/K68vbdEjh4u"
            rel="stylesheet"/>

</head>
<body style="background-color: #e7ebee">
<div class="container">
    <div>
        <p>You have not yet logged in to the application. Please login to
            continue...</p>
        <a href="/login">Click here to log in!</a>
    </div>
    
</div>
</body>
</html>


    Forwarded URL = null
   Redirected URL = null
          Cookies = []
]]></system-out>
  <system-err><![CDATA[]]></system-err>
</testsuite>
