<?xml version="1.0" encoding="UTF-8"?>
<testsuite name="CSCI5308.GroupFormationTool.Password.ForgotPasswordManagerTest" tests="2" skipped="0" failures="0" errors="0" timestamp="2020-07-15T20:11:49" hostname="Prabhjots-MacBook-Pro.local" time="0.046">
  <properties/>
  <testcase name="updatePasswordTest()" classname="CSCI5308.GroupFormationTool.Password.ForgotPasswordManagerTest" time="0.041"/>
  <testcase name="notifyUserTest()" classname="CSCI5308.GroupFormationTool.Password.ForgotPasswordManagerTest" time="0.004"/>
  <system-out><![CDATA[2020-07-15 17:11:49.675  INFO 37430 --- [    Test worker] C.GroupFormationTool.Password.Policy     : Calling the Policy Repository to check if the password follows enabled security policies
2020-07-15 17:11:49.675  INFO 37430 --- [    Test worker] C.GroupFormationTool.Password.Policy     : Checking if the password follows enabled security policies
2020-07-15 17:11:49.676  INFO 37430 --- [    Test worker] C.GroupFormationTool.Password.Policy     : Calling the Policy Repository to check if the password follows enabled security policies
2020-07-15 17:11:49.676  INFO 37430 --- [    Test worker] C.GroupFormationTool.Password.Policy     : Checking if the password follows enabled security policies
2020-07-15 17:11:49.677 ERROR 37430 --- [    Test worker] C.GroupFormationTool.Password.Policy     : Minimum password length security policy is violated
2020-07-15 17:11:49.677  INFO 37430 --- [    Test worker] C.GroupFormationTool.Password.Policy     : Calling the Policy Repository to check if the password follows enabled security policies
2020-07-15 17:11:49.677  INFO 37430 --- [    Test worker] C.GroupFormationTool.Password.Policy     : Checking if the password follows enabled security policies
2020-07-15 17:11:49.678  INFO 37430 --- [    Test worker] C.GroupFormationTool.Password.Policy     : Calling the Policy Repository to check if the password follows enabled security policies
2020-07-15 17:11:49.679  INFO 37430 --- [    Test worker] C.GroupFormationTool.Password.Policy     : Checking if the password follows enabled security policies
2020-07-15 17:11:49.679  INFO 37430 --- [    Test worker] C.G.Password.ForgotPasswordManager       : User violated history while updating password
2020-07-15 17:11:49.680  INFO 37430 --- [    Test worker] C.GroupFormationTool.Password.Policy     : Calling the Policy Repository to check if the password follows enabled security policies
2020-07-15 17:11:49.680  INFO 37430 --- [    Test worker] C.GroupFormationTool.Password.Policy     : Checking if the password follows enabled security policies
2020-07-15 17:11:49.683  INFO 37430 --- [    Test worker] C.G.Password.ForgotPasswordManager       : User is updating existing token
2020-07-15 17:11:49.684  INFO 37430 --- [    Test worker] C.G.Password.ForgotPasswordManager       : User is adding new token
]]></system-out>
  <system-err><![CDATA[]]></system-err>
</testsuite>
