<?xml version="1.0" encoding="UTF-8"?>
<testsuite name="CSCI5308.GroupFormationTool.Service.UserCoursesServiceTest" tests="7" skipped="0" failures="0" errors="0" timestamp="2020-06-04T21:50:09" hostname="Prabhjots-MacBook-Pro.local" time="1.455">
  <properties/>
  <testcase name="getInstructorCoursesTest()" classname="CSCI5308.GroupFormationTool.Service.UserCoursesServiceTest" time="0.215"/>
  <testcase name="getStudentCoursesTest()" classname="CSCI5308.GroupFormationTool.Service.UserCoursesServiceTest" time="0.2"/>
  <testcase name="getTAForCourseTest()" classname="CSCI5308.GroupFormationTool.Service.UserCoursesServiceTest" time="0.187"/>
  <testcase name="getRoleBasedCoursesTest()" classname="CSCI5308.GroupFormationTool.Service.UserCoursesServiceTest" time="0.229"/>
  <testcase name="enrollTAForCourseUsingEmailIdTest()" classname="CSCI5308.GroupFormationTool.Service.UserCoursesServiceTest" time="0.203"/>
  <testcase name="getUserRoleByEmailIdTest()" classname="CSCI5308.GroupFormationTool.Service.UserCoursesServiceTest" time="0.201"/>
  <testcase name="getTACoursesTest()" classname="CSCI5308.GroupFormationTool.Service.UserCoursesServiceTest" time="0.213"/>
  <system-out><![CDATA[2020-06-04 18:50:09.448  INFO 36983 --- [    Test worker] .b.t.c.SpringBootTestContextBootstrapper : Neither @ContextConfiguration nor @ContextHierarchy found for test class [CSCI5308.GroupFormationTool.Service.UserCoursesServiceTest], using SpringBootContextLoader
2020-06-04 18:50:09.449  INFO 36983 --- [    Test worker] o.s.t.c.support.AbstractContextLoader    : Could not detect default resource locations for test class [CSCI5308.GroupFormationTool.Service.UserCoursesServiceTest]: no resource found for suffixes {-context.xml, Context.groovy}.
2020-06-04 18:50:09.449  INFO 36983 --- [    Test worker] t.c.s.AnnotationConfigContextLoaderUtils : Could not detect default configuration classes for test class [CSCI5308.GroupFormationTool.Service.UserCoursesServiceTest]: UserCoursesServiceTest does not declare any static, non-private, non-final, nested classes annotated with @Configuration.
2020-06-04 18:50:09.451  INFO 36983 --- [    Test worker] .b.t.c.SpringBootTestContextBootstrapper : Found @SpringBootConfiguration CSCI5308.GroupFormationTool.GroupFormationToolApplication for test class CSCI5308.GroupFormationTool.Service.UserCoursesServiceTest
2020-06-04 18:50:09.453  INFO 36983 --- [    Test worker] .b.t.c.SpringBootTestContextBootstrapper : Loaded default TestExecutionListener class names from location [META-INF/spring.factories]: [org.springframework.security.test.context.support.WithSecurityContextTestExecutionListener, org.springframework.security.test.context.support.ReactorContextTestExecutionListener, org.springframework.boot.test.autoconfigure.restdocs.RestDocsTestExecutionListener, org.springframework.boot.test.autoconfigure.web.client.MockRestServiceServerResetTestExecutionListener, org.springframework.boot.test.autoconfigure.web.servlet.MockMvcPrintOnlyOnFailureTestExecutionListener, org.springframework.boot.test.autoconfigure.web.servlet.WebDriverTestExecutionListener, org.springframework.boot.test.mock.mockito.MockitoTestExecutionListener, org.springframework.boot.test.mock.mockito.ResetMocksTestExecutionListener, org.springframework.test.context.web.ServletTestExecutionListener, org.springframework.test.context.support.DirtiesContextBeforeModesTestExecutionListener, org.springframework.test.context.support.DependencyInjectionTestExecutionListener, org.springframework.test.context.support.DirtiesContextTestExecutionListener, org.springframework.test.context.transaction.TransactionalTestExecutionListener, org.springframework.test.context.jdbc.SqlScriptsTestExecutionListener, org.springframework.test.context.event.EventPublishingTestExecutionListener]
2020-06-04 18:50:09.454  INFO 36983 --- [    Test worker] .b.t.c.SpringBootTestContextBootstrapper : Using TestExecutionListeners: [org.springframework.test.context.web.ServletTestExecutionListener@4d9b9c9b, org.springframework.test.context.support.DirtiesContextBeforeModesTestExecutionListener@328f5bab, org.springframework.boot.test.mock.mockito.MockitoTestExecutionListener@33a9cab0, org.springframework.boot.test.autoconfigure.SpringBootDependencyInjectionTestExecutionListener@ee507a2, org.springframework.test.context.support.DirtiesContextTestExecutionListener@1f8b3da1, org.springframework.security.test.context.support.WithSecurityContextTestExecutionListener@57916ff8, org.springframework.test.context.event.EventPublishingTestExecutionListener@2a90d3f0, org.springframework.security.test.context.support.ReactorContextTestExecutionListener@c6e0917, org.springframework.boot.test.autoconfigure.restdocs.RestDocsTestExecutionListener@4a4e4b0e, org.springframework.boot.test.autoconfigure.web.client.MockRestServiceServerResetTestExecutionListener@167c1310, org.springframework.boot.test.autoconfigure.web.servlet.MockMvcPrintOnlyOnFailureTestExecutionListener@3a5f4d7c, org.springframework.boot.test.autoconfigure.web.servlet.WebDriverTestExecutionListener@4685dd91, org.springframework.boot.test.mock.mockito.ResetMocksTestExecutionListener@7e2be874]
user exists!!
]]></system-out>
  <system-err><![CDATA[]]></system-err>
</testsuite>
