<?xml version="1.0" encoding="UTF-8"?>
<testsuite name="CSCI5308.GroupFormationTool.SecurityTest.TokenGeneratorTest" tests="1" skipped="0" failures="0" errors="0" timestamp="2020-07-06T19:13:46" hostname="Prabhjots-MacBook-Pro.local" time="0.001">
  <properties/>
  <testcase name="encryptPasswordTest()" classname="CSCI5308.GroupFormationTool.SecurityTest.TokenGeneratorTest" time="0.001"/>
  <system-out><![CDATA[2020-07-06 16:13:46.019  INFO 19189 --- [    Test worker] .b.t.c.SpringBootTestContextBootstrapper : Neither @ContextConfiguration nor @ContextHierarchy found for test class [CSCI5308.GroupFormationTool.SecurityTest.TokenGeneratorTest], using SpringBootContextLoader
2020-07-06 16:13:46.019  INFO 19189 --- [    Test worker] o.s.t.c.support.AbstractContextLoader    : Could not detect default resource locations for test class [CSCI5308.GroupFormationTool.SecurityTest.TokenGeneratorTest]: no resource found for suffixes {-context.xml, Context.groovy}.
2020-07-06 16:13:46.019  INFO 19189 --- [    Test worker] t.c.s.AnnotationConfigContextLoaderUtils : Could not detect default configuration classes for test class [CSCI5308.GroupFormationTool.SecurityTest.TokenGeneratorTest]: TokenGeneratorTest does not declare any static, non-private, non-final, nested classes annotated with @Configuration.
2020-07-06 16:13:46.020  INFO 19189 --- [    Test worker] .b.t.c.SpringBootTestContextBootstrapper : Found @SpringBootConfiguration CSCI5308.GroupFormationTool.GroupFormationToolApplication for test class CSCI5308.GroupFormationTool.SecurityTest.TokenGeneratorTest
2020-07-06 16:13:46.021  INFO 19189 --- [    Test worker] .b.t.c.SpringBootTestContextBootstrapper : Loaded default TestExecutionListener class names from location [META-INF/spring.factories]: [org.springframework.security.test.context.support.WithSecurityContextTestExecutionListener, org.springframework.security.test.context.support.ReactorContextTestExecutionListener, org.springframework.boot.test.autoconfigure.restdocs.RestDocsTestExecutionListener, org.springframework.boot.test.autoconfigure.web.client.MockRestServiceServerResetTestExecutionListener, org.springframework.boot.test.autoconfigure.web.servlet.MockMvcPrintOnlyOnFailureTestExecutionListener, org.springframework.boot.test.autoconfigure.web.servlet.WebDriverTestExecutionListener, org.springframework.boot.test.mock.mockito.MockitoTestExecutionListener, org.springframework.boot.test.mock.mockito.ResetMocksTestExecutionListener, org.springframework.test.context.web.ServletTestExecutionListener, org.springframework.test.context.support.DirtiesContextBeforeModesTestExecutionListener, org.springframework.test.context.support.DependencyInjectionTestExecutionListener, org.springframework.test.context.support.DirtiesContextTestExecutionListener, org.springframework.test.context.transaction.TransactionalTestExecutionListener, org.springframework.test.context.jdbc.SqlScriptsTestExecutionListener, org.springframework.test.context.event.EventPublishingTestExecutionListener]
2020-07-06 16:13:46.022  INFO 19189 --- [    Test worker] .b.t.c.SpringBootTestContextBootstrapper : Using TestExecutionListeners: [org.springframework.test.context.web.ServletTestExecutionListener@68921aa3, org.springframework.test.context.support.DirtiesContextBeforeModesTestExecutionListener@490c0bb5, org.springframework.boot.test.mock.mockito.MockitoTestExecutionListener@102d3f23, org.springframework.boot.test.autoconfigure.SpringBootDependencyInjectionTestExecutionListener@6f0faa95, org.springframework.test.context.support.DirtiesContextTestExecutionListener@17b0e2d5, org.springframework.security.test.context.support.WithSecurityContextTestExecutionListener@3ec80235, org.springframework.test.context.event.EventPublishingTestExecutionListener@4765e6e8, org.springframework.security.test.context.support.ReactorContextTestExecutionListener@552ca793, org.springframework.boot.test.autoconfigure.restdocs.RestDocsTestExecutionListener@459a51a9, org.springframework.boot.test.autoconfigure.web.client.MockRestServiceServerResetTestExecutionListener@3bbd3a85, org.springframework.boot.test.autoconfigure.web.servlet.MockMvcPrintOnlyOnFailureTestExecutionListener@5307c9bc, org.springframework.boot.test.autoconfigure.web.servlet.WebDriverTestExecutionListener@63a7fc70, org.springframework.boot.test.mock.mockito.ResetMocksTestExecutionListener@74a7feb4]
]]></system-out>
  <system-err><![CDATA[]]></system-err>
</testsuite>
