<?xml version="1.0" encoding="UTF-8"?>
<testsuite name="CSCI5308.GroupFormationTool.Model.QuestionTest" tests="14" skipped="0" failures="0" errors="0" timestamp="2020-06-18T20:08:56" hostname="Prabhjots-MacBook-Pro.local" time="0.024">
  <properties/>
  <testcase name="getTitleTest()" classname="CSCI5308.GroupFormationTool.Model.QuestionTest" time="0.002"/>
  <testcase name="setCreatedDateTest()" classname="CSCI5308.GroupFormationTool.Model.QuestionTest" time="0.001"/>
  <testcase name="getChoicesTest()" classname="CSCI5308.GroupFormationTool.Model.QuestionTest" time="0.001"/>
  <testcase name="setTitleTest()" classname="CSCI5308.GroupFormationTool.Model.QuestionTest" time="0.001"/>
  <testcase name="setIdTest()" classname="CSCI5308.GroupFormationTool.Model.QuestionTest" time="0.001"/>
  <testcase name="getIdTest()" classname="CSCI5308.GroupFormationTool.Model.QuestionTest" time="0.001"/>
  <testcase name="setInstructorTest()" classname="CSCI5308.GroupFormationTool.Model.QuestionTest" time="0.001"/>
  <testcase name="setTextTest()" classname="CSCI5308.GroupFormationTool.Model.QuestionTest" time="0.001"/>
  <testcase name="getTextTest()" classname="CSCI5308.GroupFormationTool.Model.QuestionTest" time="0.001"/>
  <testcase name="setTypeTest()" classname="CSCI5308.GroupFormationTool.Model.QuestionTest" time="0.001"/>
  <testcase name="setChoicesTest()" classname="CSCI5308.GroupFormationTool.Model.QuestionTest" time="0.001"/>
  <testcase name="getTypeTest()" classname="CSCI5308.GroupFormationTool.Model.QuestionTest" time="0.001"/>
  <testcase name="getCreatedDateTest()" classname="CSCI5308.GroupFormationTool.Model.QuestionTest" time="0.002"/>
  <testcase name="getInstructorTest()" classname="CSCI5308.GroupFormationTool.Model.QuestionTest" time="0.001"/>
  <system-out><![CDATA[2020-06-18 17:08:56.903  INFO 17970 --- [    Test worker] .b.t.c.SpringBootTestContextBootstrapper : Neither @ContextConfiguration nor @ContextHierarchy found for test class [CSCI5308.GroupFormationTool.Model.QuestionTest], using SpringBootContextLoader
2020-06-18 17:08:56.904  INFO 17970 --- [    Test worker] o.s.t.c.support.AbstractContextLoader    : Could not detect default resource locations for test class [CSCI5308.GroupFormationTool.Model.QuestionTest]: no resource found for suffixes {-context.xml, Context.groovy}.
2020-06-18 17:08:56.904  INFO 17970 --- [    Test worker] t.c.s.AnnotationConfigContextLoaderUtils : Could not detect default configuration classes for test class [CSCI5308.GroupFormationTool.Model.QuestionTest]: QuestionTest does not declare any static, non-private, non-final, nested classes annotated with @Configuration.
2020-06-18 17:08:56.912  INFO 17970 --- [    Test worker] .b.t.c.SpringBootTestContextBootstrapper : Found @SpringBootConfiguration CSCI5308.GroupFormationTool.GroupFormationToolApplication for test class CSCI5308.GroupFormationTool.Model.QuestionTest
2020-06-18 17:08:56.912  INFO 17970 --- [    Test worker] .b.t.c.SpringBootTestContextBootstrapper : Loaded default TestExecutionListener class names from location [META-INF/spring.factories]: [org.springframework.security.test.context.support.WithSecurityContextTestExecutionListener, org.springframework.security.test.context.support.ReactorContextTestExecutionListener, org.springframework.boot.test.autoconfigure.restdocs.RestDocsTestExecutionListener, org.springframework.boot.test.autoconfigure.web.client.MockRestServiceServerResetTestExecutionListener, org.springframework.boot.test.autoconfigure.web.servlet.MockMvcPrintOnlyOnFailureTestExecutionListener, org.springframework.boot.test.autoconfigure.web.servlet.WebDriverTestExecutionListener, org.springframework.boot.test.mock.mockito.MockitoTestExecutionListener, org.springframework.boot.test.mock.mockito.ResetMocksTestExecutionListener, org.springframework.test.context.web.ServletTestExecutionListener, org.springframework.test.context.support.DirtiesContextBeforeModesTestExecutionListener, org.springframework.test.context.support.DependencyInjectionTestExecutionListener, org.springframework.test.context.support.DirtiesContextTestExecutionListener, org.springframework.test.context.transaction.TransactionalTestExecutionListener, org.springframework.test.context.jdbc.SqlScriptsTestExecutionListener, org.springframework.test.context.event.EventPublishingTestExecutionListener]
2020-06-18 17:08:56.913  INFO 17970 --- [    Test worker] .b.t.c.SpringBootTestContextBootstrapper : Using TestExecutionListeners: [org.springframework.test.context.web.ServletTestExecutionListener@1cc4df44, org.springframework.test.context.support.DirtiesContextBeforeModesTestExecutionListener@277bfc1a, org.springframework.boot.test.mock.mockito.MockitoTestExecutionListener@fb8c04d, org.springframework.boot.test.autoconfigure.SpringBootDependencyInjectionTestExecutionListener@27ea7047, org.springframework.test.context.support.DirtiesContextTestExecutionListener@1d6ea501, org.springframework.security.test.context.support.WithSecurityContextTestExecutionListener@658d119a, org.springframework.test.context.event.EventPublishingTestExecutionListener@2c7e0fce, org.springframework.security.test.context.support.ReactorContextTestExecutionListener@58e22a4e, org.springframework.boot.test.autoconfigure.restdocs.RestDocsTestExecutionListener@30ccdafe, org.springframework.boot.test.autoconfigure.web.client.MockRestServiceServerResetTestExecutionListener@3dc00cbc, org.springframework.boot.test.autoconfigure.web.servlet.MockMvcPrintOnlyOnFailureTestExecutionListener@611c64b5, org.springframework.boot.test.autoconfigure.web.servlet.WebDriverTestExecutionListener@28658282, org.springframework.boot.test.mock.mockito.ResetMocksTestExecutionListener@7ea8a65a]
]]></system-out>
  <system-err><![CDATA[]]></system-err>
</testsuite>
