<?xml version="1.0" encoding="UTF-8"?>
<testsuite name="CSCI5308.GroupFormationTool.Service.StudentServiceTest" tests="1" skipped="0" failures="0" errors="0" timestamp="2020-07-06T19:13:46" hostname="Prabhjots-MacBook-Pro.local" time="0.013">
  <properties/>
  <testcase name="createStudent()" classname="CSCI5308.GroupFormationTool.Service.StudentServiceTest" time="0.013"/>
  <system-out><![CDATA[]]></system-out>
  <system-err><![CDATA[]]></system-err>
</testsuite>
