<?xml version="1.0" encoding="UTF-8"?>
<testsuite name="CSCI5308.GroupFormationTool.GroupFormation.GroupFormationControllerTest" tests="2" skipped="0" failures="0" errors="0" timestamp="2020-07-13T16:07:24" hostname="Prabhjots-MacBook-Pro.local" time="0.027">
  <properties/>
  <testcase name="formGroups()" classname="CSCI5308.GroupFormationTool.GroupFormation.GroupFormationControllerTest" time="0.016"/>
  <testcase name="saveGroups()" classname="CSCI5308.GroupFormationTool.GroupFormation.GroupFormationControllerTest" time="0.011"/>
  <system-out><![CDATA[
  .   ____          _            __ _ _
 /\\ / ___'_ __ _ _(_)_ __  __ _ \ \ \ \
( ( )\___ | '_ | '_| | '_ \/ _` | \ \ \ \
 \\/  ___)| |_)| | | | | || (_| |  ) ) ) )
  '  |____| .__|_| |_|_| |_\__, | / / / /
 =========|_|==============|___/=/_/_/_/
 :: Spring Boot ::        (v2.2.7.RELEASE)

2020-07-13 13:07:24.032  INFO 22716 --- [    Test worker] C.G.G.GroupFormationControllerTest       : Starting GroupFormationControllerTest on Prabhjots-MacBook-Pro.local with PID 22716 (started by prabhjotkaur in /Users/prabhjotkaur/git/group22)
2020-07-13 13:07:24.033  INFO 22716 --- [    Test worker] C.G.G.GroupFormationControllerTest       : No active profile set, falling back to default profiles: default
2020-07-13 13:07:24.335  INFO 22716 --- [    Test worker] C.G.G.GroupFormationControllerTest       : Started GroupFormationControllerTest in 0.312 seconds (JVM running for 7.872)

MockHttpServletRequest:
      HTTP Method = GET
      Request URI = /groupFormation/createGroup
       Parameters = {courseName=[SDC], courseId=[CSCI3901]}
          Headers = []
             Body = <no character encoding set>
    Session Attrs = {}

Handler:
             Type = CSCI5308.GroupFormationTool.GroupFormation.GroupFormationController
           Method = CSCI5308.GroupFormationTool.GroupFormation.GroupFormationController#formGroups(String, String, Model)

Async:
    Async started = false
     Async result = null

Resolved Exception:
             Type = null

ModelAndView:
        View name = group/createGroup
             View = null
        Attribute = courseId
            value = CSCI3901
        Attribute = courseName
            value = SDC

FlashMap:
       Attributes = null

MockHttpServletResponse:
           Status = 200
    Error message = null
          Headers = [Content-Language:"en", Content-Type:"text/html;charset=UTF-8", X-Content-Type-Options:"nosniff", X-XSS-Protection:"1; mode=block", Cache-Control:"no-cache, no-store, max-age=0, must-revalidate", Pragma:"no-cache", Expires:"0", X-Frame-Options:"DENY"]
     Content type = text/html;charset=UTF-8
             Body = <!DOCTYPE html>
<html lang="en" xmlns="http://www.w3.org/1999/xhtml">
<head>
    <meta charset="utf-8"/>
    <meta http-equiv="X-UA-Compatible" content="IE=edge"/>
    <meta name="viewport" content="width=device-width, initial-scale=1"/>
    <link rel="icon" href="favicon.ico"/>
    <title>Create Group</title>
    <link
            href="//maxcdn.bootstrapcdn.com/bootstrap/3.3.7/css/bootstrap.min.css"
            rel="stylesheet"
            integrity="sha384-BVYiiSIFeK1dGmJRAkycuHAHRg32OmUcww7on3RYdg4Va+PmSTsz/K68vbdEjh4u"
            crossorigin="anonymous"/>

</head>
<body style="background-color: #e7ebee">
<div class="container">
    <div>
        <p>You have not yet logged in to the application. Please login to
            continue...</p>
        <a href="/login">Click here to log in!</a>
    </div>
    
</div>
</body>
</html>
    Forwarded URL = null
   Redirected URL = null
          Cookies = []
2020-07-13 13:07:24.360  INFO 22716 --- [    Test worker] C.G.G.GroupFormationController           : Fetching the groups for the course from the Group Formation Manager

MockHttpServletRequest:
      HTTP Method = POST
      Request URI = /groupFormation/saveGroup
       Parameters = {courseId=[CSCI 5308], courseName=[SDC], _csrf=[3eb56e1b-33ee-4adb-9f8a-610f1abb786c]}
          Headers = []
             Body = <no character encoding set>
    Session Attrs = {}

Handler:
             Type = CSCI5308.GroupFormationTool.GroupFormation.GroupFormationController
           Method = CSCI5308.GroupFormationTool.GroupFormation.GroupFormationController#saveGroups(String, String, Model)

Async:
    Async started = false
     Async result = null

Resolved Exception:
             Type = null

ModelAndView:
        View name = group/groupDetails
             View = null
        Attribute = groups
            value = {}
        Attribute = courseId
            value = CSCI 5308
        Attribute = courseName
            value = SDC

FlashMap:
       Attributes = null

MockHttpServletResponse:
           Status = 200
    Error message = null
          Headers = [Content-Language:"en", Content-Type:"text/html;charset=UTF-8", X-Content-Type-Options:"nosniff", X-XSS-Protection:"1; mode=block", Cache-Control:"no-cache, no-store, max-age=0, must-revalidate", Pragma:"no-cache", Expires:"0", X-Frame-Options:"DENY"]
     Content type = text/html;charset=UTF-8
             Body = <!DOCTYPE html>
<html lang="en" xmlns="http://www.w3.org/1999/xhtml">
<head>
    <meta charset="utf-8"/>
    <meta http-equiv="X-UA-Compatible" content="IE=edge"/>
    <meta name="viewport" content="width=device-width, initial-scale=1"/>
    <link rel="icon" href="favicon.ico"/>
    <title>Groups Details</title>
    <link
            href="//maxcdn.bootstrapcdn.com/bootstrap/3.3.7/css/bootstrap.min.css"
            rel="stylesheet"
            integrity="sha384-BVYiiSIFeK1dGmJRAkycuHAHRg32OmUcww7on3RYdg4Va+PmSTsz/K68vbdEjh4u"
            crossorigin="anonymous"/>

</head>
<body style="background-color: #e7ebee">
<div class="container">
    <div>
        <p>You have not yet logged in to the application. Please login to
            continue...</p>
        <a href="/login">Click here to log in!</a>
    </div>
    
</div>
</body>
</html>
    Forwarded URL = null
   Redirected URL = null
          Cookies = []
]]></system-out>
  <system-err><![CDATA[]]></system-err>
</testsuite>
