<?xml version="1.0" encoding="UTF-8"?>
<testsuite name="CSCI5308.GroupFormationTool.Service.CourseServiceTest" tests="4" skipped="0" failures="0" errors="0" timestamp="2020-06-18T20:08:57" hostname="Prabhjots-MacBook-Pro.local" time="0.017">
  <properties/>
  <testcase name="getAllCoursesTest()" classname="CSCI5308.GroupFormationTool.Service.CourseServiceTest" time="0.011"/>
  <testcase name="createCourseTest()" classname="CSCI5308.GroupFormationTool.Service.CourseServiceTest" time="0.001"/>
  <testcase name="getCourseByIdTest()" classname="CSCI5308.GroupFormationTool.Service.CourseServiceTest" time="0.001"/>
  <testcase name="deleteCourseTest()" classname="CSCI5308.GroupFormationTool.Service.CourseServiceTest" time="0.001"/>
  <system-out><![CDATA[2020-06-18 17:08:57.470  INFO 17970 --- [    Test worker] .b.t.c.SpringBootTestContextBootstrapper : Neither @ContextConfiguration nor @ContextHierarchy found for test class [CSCI5308.GroupFormationTool.Service.CourseServiceTest], using SpringBootContextLoader
2020-06-18 17:08:57.470  INFO 17970 --- [    Test worker] o.s.t.c.support.AbstractContextLoader    : Could not detect default resource locations for test class [CSCI5308.GroupFormationTool.Service.CourseServiceTest]: no resource found for suffixes {-context.xml, Context.groovy}.
2020-06-18 17:08:57.470  INFO 17970 --- [    Test worker] t.c.s.AnnotationConfigContextLoaderUtils : Could not detect default configuration classes for test class [CSCI5308.GroupFormationTool.Service.CourseServiceTest]: CourseServiceTest does not declare any static, non-private, non-final, nested classes annotated with @Configuration.
2020-06-18 17:08:57.471  INFO 17970 --- [    Test worker] .b.t.c.SpringBootTestContextBootstrapper : Found @SpringBootConfiguration CSCI5308.GroupFormationTool.GroupFormationToolApplication for test class CSCI5308.GroupFormationTool.Service.CourseServiceTest
2020-06-18 17:08:57.472  INFO 17970 --- [    Test worker] .b.t.c.SpringBootTestContextBootstrapper : Loaded default TestExecutionListener class names from location [META-INF/spring.factories]: [org.springframework.security.test.context.support.WithSecurityContextTestExecutionListener, org.springframework.security.test.context.support.ReactorContextTestExecutionListener, org.springframework.boot.test.autoconfigure.restdocs.RestDocsTestExecutionListener, org.springframework.boot.test.autoconfigure.web.client.MockRestServiceServerResetTestExecutionListener, org.springframework.boot.test.autoconfigure.web.servlet.MockMvcPrintOnlyOnFailureTestExecutionListener, org.springframework.boot.test.autoconfigure.web.servlet.WebDriverTestExecutionListener, org.springframework.boot.test.mock.mockito.MockitoTestExecutionListener, org.springframework.boot.test.mock.mockito.ResetMocksTestExecutionListener, org.springframework.test.context.web.ServletTestExecutionListener, org.springframework.test.context.support.DirtiesContextBeforeModesTestExecutionListener, org.springframework.test.context.support.DependencyInjectionTestExecutionListener, org.springframework.test.context.support.DirtiesContextTestExecutionListener, org.springframework.test.context.transaction.TransactionalTestExecutionListener, org.springframework.test.context.jdbc.SqlScriptsTestExecutionListener, org.springframework.test.context.event.EventPublishingTestExecutionListener]
2020-06-18 17:08:57.473  INFO 17970 --- [    Test worker] .b.t.c.SpringBootTestContextBootstrapper : Using TestExecutionListeners: [org.springframework.test.context.web.ServletTestExecutionListener@58a9d9e3, org.springframework.test.context.support.DirtiesContextBeforeModesTestExecutionListener@225213e1, org.springframework.boot.test.mock.mockito.MockitoTestExecutionListener@4bb9e801, org.springframework.boot.test.autoconfigure.SpringBootDependencyInjectionTestExecutionListener@1395cc51, org.springframework.test.context.support.DirtiesContextTestExecutionListener@5657901, org.springframework.security.test.context.support.WithSecurityContextTestExecutionListener@371aaf57, org.springframework.test.context.event.EventPublishingTestExecutionListener@33e7a055, org.springframework.security.test.context.support.ReactorContextTestExecutionListener@e2d053c, org.springframework.boot.test.autoconfigure.restdocs.RestDocsTestExecutionListener@20aec889, org.springframework.boot.test.autoconfigure.web.client.MockRestServiceServerResetTestExecutionListener@42acabdc, org.springframework.boot.test.autoconfigure.web.servlet.MockMvcPrintOnlyOnFailureTestExecutionListener@4cc75ed4, org.springframework.boot.test.autoconfigure.web.servlet.WebDriverTestExecutionListener@2a25b695, org.springframework.boot.test.mock.mockito.ResetMocksTestExecutionListener@7c19c9d8]
]]></system-out>
  <system-err><![CDATA[]]></system-err>
</testsuite>
