<?xml version="1.0" encoding="UTF-8"?>
<testsuite name="CSCI5308.GroupFormationTool.Service.UserCoursesServiceTest" tests="10" skipped="0" failures="0" errors="0" timestamp="2020-07-06T19:13:46" hostname="Prabhjots-MacBook-Pro.local" time="0.019">
  <properties/>
  <testcase name="getInstructorCoursesTest()" classname="CSCI5308.GroupFormationTool.Service.UserCoursesServiceTest" time="0.002"/>
  <testcase name="getStudentCoursesTest()" classname="CSCI5308.GroupFormationTool.Service.UserCoursesServiceTest" time="0.001"/>
  <testcase name="usersCurrentlyNotInstructorsForCourseTest()" classname="CSCI5308.GroupFormationTool.Service.UserCoursesServiceTest" time="0.001"/>
  <testcase name="getTAForCourseTest()" classname="CSCI5308.GroupFormationTool.Service.UserCoursesServiceTest" time="0.001"/>
  <testcase name="getRoleBasedCoursesTest()" classname="CSCI5308.GroupFormationTool.Service.UserCoursesServiceTest" time="0.001"/>
  <testcase name="addInstructorsToCourseTest()" classname="CSCI5308.GroupFormationTool.Service.UserCoursesServiceTest" time="0.001"/>
  <testcase name="enrollTAForCourseUsingEmailIdTest()" classname="CSCI5308.GroupFormationTool.Service.UserCoursesServiceTest" time="0.001"/>
  <testcase name="getUserRoleByEmailIdTest()" classname="CSCI5308.GroupFormationTool.Service.UserCoursesServiceTest" time="0.001"/>
  <testcase name="getTACoursesTest()" classname="CSCI5308.GroupFormationTool.Service.UserCoursesServiceTest" time="0.001"/>
  <testcase name="getInstructorsForCourseTest()" classname="CSCI5308.GroupFormationTool.Service.UserCoursesServiceTest" time="0.002"/>
  <system-out><![CDATA[2020-07-06 16:13:46.407  INFO 19189 --- [    Test worker] .b.t.c.SpringBootTestContextBootstrapper : Neither @ContextConfiguration nor @ContextHierarchy found for test class [CSCI5308.GroupFormationTool.Service.UserCoursesServiceTest], using SpringBootContextLoader
2020-07-06 16:13:46.407  INFO 19189 --- [    Test worker] o.s.t.c.support.AbstractContextLoader    : Could not detect default resource locations for test class [CSCI5308.GroupFormationTool.Service.UserCoursesServiceTest]: no resource found for suffixes {-context.xml, Context.groovy}.
2020-07-06 16:13:46.407  INFO 19189 --- [    Test worker] t.c.s.AnnotationConfigContextLoaderUtils : Could not detect default configuration classes for test class [CSCI5308.GroupFormationTool.Service.UserCoursesServiceTest]: UserCoursesServiceTest does not declare any static, non-private, non-final, nested classes annotated with @Configuration.
2020-07-06 16:13:46.408  INFO 19189 --- [    Test worker] .b.t.c.SpringBootTestContextBootstrapper : Found @SpringBootConfiguration CSCI5308.GroupFormationTool.GroupFormationToolApplication for test class CSCI5308.GroupFormationTool.Service.UserCoursesServiceTest
2020-07-06 16:13:46.409  INFO 19189 --- [    Test worker] .b.t.c.SpringBootTestContextBootstrapper : Loaded default TestExecutionListener class names from location [META-INF/spring.factories]: [org.springframework.security.test.context.support.WithSecurityContextTestExecutionListener, org.springframework.security.test.context.support.ReactorContextTestExecutionListener, org.springframework.boot.test.autoconfigure.restdocs.RestDocsTestExecutionListener, org.springframework.boot.test.autoconfigure.web.client.MockRestServiceServerResetTestExecutionListener, org.springframework.boot.test.autoconfigure.web.servlet.MockMvcPrintOnlyOnFailureTestExecutionListener, org.springframework.boot.test.autoconfigure.web.servlet.WebDriverTestExecutionListener, org.springframework.boot.test.mock.mockito.MockitoTestExecutionListener, org.springframework.boot.test.mock.mockito.ResetMocksTestExecutionListener, org.springframework.test.context.web.ServletTestExecutionListener, org.springframework.test.context.support.DirtiesContextBeforeModesTestExecutionListener, org.springframework.test.context.support.DependencyInjectionTestExecutionListener, org.springframework.test.context.support.DirtiesContextTestExecutionListener, org.springframework.test.context.transaction.TransactionalTestExecutionListener, org.springframework.test.context.jdbc.SqlScriptsTestExecutionListener, org.springframework.test.context.event.EventPublishingTestExecutionListener]
2020-07-06 16:13:46.410  INFO 19189 --- [    Test worker] .b.t.c.SpringBootTestContextBootstrapper : Using TestExecutionListeners: [org.springframework.test.context.web.ServletTestExecutionListener@36741b1a, org.springframework.test.context.support.DirtiesContextBeforeModesTestExecutionListener@482aef24, org.springframework.boot.test.mock.mockito.MockitoTestExecutionListener@75d41146, org.springframework.boot.test.autoconfigure.SpringBootDependencyInjectionTestExecutionListener@2e5625e7, org.springframework.test.context.support.DirtiesContextTestExecutionListener@386c47fc, org.springframework.security.test.context.support.WithSecurityContextTestExecutionListener@27a0cc1a, org.springframework.test.context.event.EventPublishingTestExecutionListener@72abb789, org.springframework.security.test.context.support.ReactorContextTestExecutionListener@6d4ddd26, org.springframework.boot.test.autoconfigure.restdocs.RestDocsTestExecutionListener@37c434d4, org.springframework.boot.test.autoconfigure.web.client.MockRestServiceServerResetTestExecutionListener@1625ee2a, org.springframework.boot.test.autoconfigure.web.servlet.MockMvcPrintOnlyOnFailureTestExecutionListener@391d0498, org.springframework.boot.test.autoconfigure.web.servlet.WebDriverTestExecutionListener@3a3a4a70, org.springframework.boot.test.mock.mockito.ResetMocksTestExecutionListener@2c4eab77]
]]></system-out>
  <system-err><![CDATA[]]></system-err>
</testsuite>
