<?xml version="1.0" encoding="UTF-8"?>
<testsuite name="CSCI5308.GroupFormationTool.Password.PolicyTest" tests="10" skipped="0" failures="0" errors="0" timestamp="2020-07-09T16:37:31" hostname="Prabhjots-MacBook-Pro.local" time="0.045">
  <properties/>
  <testcase name="getEnabledTest()" classname="CSCI5308.GroupFormationTool.Password.PolicyTest" time="0.022"/>
  <testcase name="getPoliciesTest()" classname="CSCI5308.GroupFormationTool.Password.PolicyTest" time="0.003"/>
  <testcase name="getValueTest()" classname="CSCI5308.GroupFormationTool.Password.PolicyTest" time="0.003"/>
  <testcase name="getSettingTest()" classname="CSCI5308.GroupFormationTool.Password.PolicyTest" time="0.001"/>
  <testcase name="setIdTest()" classname="CSCI5308.GroupFormationTool.Password.PolicyTest" time="0.002"/>
  <testcase name="setEnabledTest()" classname="CSCI5308.GroupFormationTool.Password.PolicyTest" time="0.001"/>
  <testcase name="getIdTest()" classname="CSCI5308.GroupFormationTool.Password.PolicyTest" time="0.001"/>
  <testcase name="setValueTest()" classname="CSCI5308.GroupFormationTool.Password.PolicyTest" time="0.001"/>
  <testcase name="passwordPolicyCheckTest()" classname="CSCI5308.GroupFormationTool.Password.PolicyTest" time="0.004"/>
  <testcase name="setSettingTest()" classname="CSCI5308.GroupFormationTool.Password.PolicyTest" time="0.002"/>
  <system-out><![CDATA[2020-07-09 13:37:31.236  INFO 7318 --- [    Test worker] .b.t.c.SpringBootTestContextBootstrapper : Neither @ContextConfiguration nor @ContextHierarchy found for test class [CSCI5308.GroupFormationTool.Password.PolicyTest], using SpringBootContextLoader
2020-07-09 13:37:31.237  INFO 7318 --- [    Test worker] o.s.t.c.support.AbstractContextLoader    : Could not detect default resource locations for test class [CSCI5308.GroupFormationTool.Password.PolicyTest]: no resource found for suffixes {-context.xml, Context.groovy}.
2020-07-09 13:37:31.237  INFO 7318 --- [    Test worker] t.c.s.AnnotationConfigContextLoaderUtils : Could not detect default configuration classes for test class [CSCI5308.GroupFormationTool.Password.PolicyTest]: PolicyTest does not declare any static, non-private, non-final, nested classes annotated with @Configuration.
2020-07-09 13:37:31.238  INFO 7318 --- [    Test worker] .b.t.c.SpringBootTestContextBootstrapper : Found @SpringBootConfiguration CSCI5308.GroupFormationTool.GroupFormationToolApplication for test class CSCI5308.GroupFormationTool.Password.PolicyTest
2020-07-09 13:37:31.239  INFO 7318 --- [    Test worker] .b.t.c.SpringBootTestContextBootstrapper : Loaded default TestExecutionListener class names from location [META-INF/spring.factories]: [org.springframework.security.test.context.support.WithSecurityContextTestExecutionListener, org.springframework.security.test.context.support.ReactorContextTestExecutionListener, org.springframework.boot.test.autoconfigure.restdocs.RestDocsTestExecutionListener, org.springframework.boot.test.autoconfigure.web.client.MockRestServiceServerResetTestExecutionListener, org.springframework.boot.test.autoconfigure.web.servlet.MockMvcPrintOnlyOnFailureTestExecutionListener, org.springframework.boot.test.autoconfigure.web.servlet.WebDriverTestExecutionListener, org.springframework.boot.test.mock.mockito.MockitoTestExecutionListener, org.springframework.boot.test.mock.mockito.ResetMocksTestExecutionListener, org.springframework.test.context.web.ServletTestExecutionListener, org.springframework.test.context.support.DirtiesContextBeforeModesTestExecutionListener, org.springframework.test.context.support.DependencyInjectionTestExecutionListener, org.springframework.test.context.support.DirtiesContextTestExecutionListener, org.springframework.test.context.transaction.TransactionalTestExecutionListener, org.springframework.test.context.jdbc.SqlScriptsTestExecutionListener, org.springframework.test.context.event.EventPublishingTestExecutionListener]
2020-07-09 13:37:31.240  INFO 7318 --- [    Test worker] .b.t.c.SpringBootTestContextBootstrapper : Using TestExecutionListeners: [org.springframework.test.context.web.ServletTestExecutionListener@370886a4, org.springframework.test.context.support.DirtiesContextBeforeModesTestExecutionListener@345447, org.springframework.boot.test.mock.mockito.MockitoTestExecutionListener@619f2e26, org.springframework.boot.test.autoconfigure.SpringBootDependencyInjectionTestExecutionListener@34ac3010, org.springframework.test.context.support.DirtiesContextTestExecutionListener@4762bd87, org.springframework.security.test.context.support.WithSecurityContextTestExecutionListener@65d64f40, org.springframework.test.context.event.EventPublishingTestExecutionListener@7d20b3c2, org.springframework.security.test.context.support.ReactorContextTestExecutionListener@28d920c6, org.springframework.boot.test.autoconfigure.restdocs.RestDocsTestExecutionListener@7a053edf, org.springframework.boot.test.autoconfigure.web.client.MockRestServiceServerResetTestExecutionListener@2d7ec290, org.springframework.boot.test.autoconfigure.web.servlet.MockMvcPrintOnlyOnFailureTestExecutionListener@55b8da5e, org.springframework.boot.test.autoconfigure.web.servlet.WebDriverTestExecutionListener@34061f3f, org.springframework.boot.test.mock.mockito.ResetMocksTestExecutionListener@67262ca6]
]]></system-out>
  <system-err><![CDATA[]]></system-err>
</testsuite>
