<?xml version="1.0" encoding="UTF-8"?>
<testsuite name="CSCI5308.GroupFormationTool.Service.UserCoursesServiceTest" tests="10" skipped="0" failures="0" errors="0" timestamp="2020-06-18T20:08:57" hostname="Prabhjots-MacBook-Pro.local" time="0.021">
  <properties/>
  <testcase name="getInstructorCoursesTest()" classname="CSCI5308.GroupFormationTool.Service.UserCoursesServiceTest" time="0.001"/>
  <testcase name="getStudentCoursesTest()" classname="CSCI5308.GroupFormationTool.Service.UserCoursesServiceTest" time="0.001"/>
  <testcase name="usersCurrentlyNotInstructorsForCourseTest()" classname="CSCI5308.GroupFormationTool.Service.UserCoursesServiceTest" time="0.001"/>
  <testcase name="getTAForCourseTest()" classname="CSCI5308.GroupFormationTool.Service.UserCoursesServiceTest" time="0.001"/>
  <testcase name="getRoleBasedCoursesTest()" classname="CSCI5308.GroupFormationTool.Service.UserCoursesServiceTest" time="0.004"/>
  <testcase name="addInstructorsToCourseTest()" classname="CSCI5308.GroupFormationTool.Service.UserCoursesServiceTest" time="0.002"/>
  <testcase name="enrollTAForCourseUsingEmailIdTest()" classname="CSCI5308.GroupFormationTool.Service.UserCoursesServiceTest" time="0.002"/>
  <testcase name="getUserRoleByEmailIdTest()" classname="CSCI5308.GroupFormationTool.Service.UserCoursesServiceTest" time="0.001"/>
  <testcase name="getTACoursesTest()" classname="CSCI5308.GroupFormationTool.Service.UserCoursesServiceTest" time="0.001"/>
  <testcase name="getInstructorsForCourseTest()" classname="CSCI5308.GroupFormationTool.Service.UserCoursesServiceTest" time="0.001"/>
  <system-out><![CDATA[2020-06-18 17:08:57.508  INFO 17970 --- [    Test worker] .b.t.c.SpringBootTestContextBootstrapper : Neither @ContextConfiguration nor @ContextHierarchy found for test class [CSCI5308.GroupFormationTool.Service.UserCoursesServiceTest], using SpringBootContextLoader
2020-06-18 17:08:57.509  INFO 17970 --- [    Test worker] o.s.t.c.support.AbstractContextLoader    : Could not detect default resource locations for test class [CSCI5308.GroupFormationTool.Service.UserCoursesServiceTest]: no resource found for suffixes {-context.xml, Context.groovy}.
2020-06-18 17:08:57.509  INFO 17970 --- [    Test worker] t.c.s.AnnotationConfigContextLoaderUtils : Could not detect default configuration classes for test class [CSCI5308.GroupFormationTool.Service.UserCoursesServiceTest]: UserCoursesServiceTest does not declare any static, non-private, non-final, nested classes annotated with @Configuration.
2020-06-18 17:08:57.509  INFO 17970 --- [    Test worker] .b.t.c.SpringBootTestContextBootstrapper : Found @SpringBootConfiguration CSCI5308.GroupFormationTool.GroupFormationToolApplication for test class CSCI5308.GroupFormationTool.Service.UserCoursesServiceTest
2020-06-18 17:08:57.510  INFO 17970 --- [    Test worker] .b.t.c.SpringBootTestContextBootstrapper : Loaded default TestExecutionListener class names from location [META-INF/spring.factories]: [org.springframework.security.test.context.support.WithSecurityContextTestExecutionListener, org.springframework.security.test.context.support.ReactorContextTestExecutionListener, org.springframework.boot.test.autoconfigure.restdocs.RestDocsTestExecutionListener, org.springframework.boot.test.autoconfigure.web.client.MockRestServiceServerResetTestExecutionListener, org.springframework.boot.test.autoconfigure.web.servlet.MockMvcPrintOnlyOnFailureTestExecutionListener, org.springframework.boot.test.autoconfigure.web.servlet.WebDriverTestExecutionListener, org.springframework.boot.test.mock.mockito.MockitoTestExecutionListener, org.springframework.boot.test.mock.mockito.ResetMocksTestExecutionListener, org.springframework.test.context.web.ServletTestExecutionListener, org.springframework.test.context.support.DirtiesContextBeforeModesTestExecutionListener, org.springframework.test.context.support.DependencyInjectionTestExecutionListener, org.springframework.test.context.support.DirtiesContextTestExecutionListener, org.springframework.test.context.transaction.TransactionalTestExecutionListener, org.springframework.test.context.jdbc.SqlScriptsTestExecutionListener, org.springframework.test.context.event.EventPublishingTestExecutionListener]
2020-06-18 17:08:57.511  INFO 17970 --- [    Test worker] .b.t.c.SpringBootTestContextBootstrapper : Using TestExecutionListeners: [org.springframework.test.context.web.ServletTestExecutionListener@27d90072, org.springframework.test.context.support.DirtiesContextBeforeModesTestExecutionListener@78f62e81, org.springframework.boot.test.mock.mockito.MockitoTestExecutionListener@6c9a53d6, org.springframework.boot.test.autoconfigure.SpringBootDependencyInjectionTestExecutionListener@5b498db5, org.springframework.test.context.support.DirtiesContextTestExecutionListener@34fccc3e, org.springframework.security.test.context.support.WithSecurityContextTestExecutionListener@7d376e06, org.springframework.test.context.event.EventPublishingTestExecutionListener@430d8695, org.springframework.security.test.context.support.ReactorContextTestExecutionListener@543e8f64, org.springframework.boot.test.autoconfigure.restdocs.RestDocsTestExecutionListener@67124e1, org.springframework.boot.test.autoconfigure.web.client.MockRestServiceServerResetTestExecutionListener@40f02d77, org.springframework.boot.test.autoconfigure.web.servlet.MockMvcPrintOnlyOnFailureTestExecutionListener@6fe632d2, org.springframework.boot.test.autoconfigure.web.servlet.WebDriverTestExecutionListener@4f03d5e5, org.springframework.boot.test.mock.mockito.ResetMocksTestExecutionListener@405ab6c8]
]]></system-out>
  <system-err><![CDATA[]]></system-err>
</testsuite>
