<?xml version="1.0" encoding="UTF-8"?>
<testsuite name="CSCI5308.GroupFormationTool.Password.PolicyRepositoryTest" tests="2" skipped="0" failures="0" errors="0" timestamp="2020-07-09T16:19:41" hostname="Prabhjots-MacBook-Pro.local" time="0.007">
  <properties/>
  <testcase name="getPoliciesTest()" classname="CSCI5308.GroupFormationTool.Password.PolicyRepositoryTest" time="0.002"/>
  <testcase name="passwordSPolicyCheckTest()" classname="CSCI5308.GroupFormationTool.Password.PolicyRepositoryTest" time="0.004"/>
  <system-out><![CDATA[2020-07-09 13:19:41.224  INFO 7122 --- [    Test worker] .b.t.c.SpringBootTestContextBootstrapper : Neither @ContextConfiguration nor @ContextHierarchy found for test class [CSCI5308.GroupFormationTool.Password.PolicyRepositoryTest], using SpringBootContextLoader
2020-07-09 13:19:41.225  INFO 7122 --- [    Test worker] o.s.t.c.support.AbstractContextLoader    : Could not detect default resource locations for test class [CSCI5308.GroupFormationTool.Password.PolicyRepositoryTest]: no resource found for suffixes {-context.xml, Context.groovy}.
2020-07-09 13:19:41.225  INFO 7122 --- [    Test worker] t.c.s.AnnotationConfigContextLoaderUtils : Could not detect default configuration classes for test class [CSCI5308.GroupFormationTool.Password.PolicyRepositoryTest]: PolicyRepositoryTest does not declare any static, non-private, non-final, nested classes annotated with @Configuration.
2020-07-09 13:19:41.226  INFO 7122 --- [    Test worker] .b.t.c.SpringBootTestContextBootstrapper : Found @SpringBootConfiguration CSCI5308.GroupFormationTool.GroupFormationToolApplication for test class CSCI5308.GroupFormationTool.Password.PolicyRepositoryTest
2020-07-09 13:19:41.227  INFO 7122 --- [    Test worker] .b.t.c.SpringBootTestContextBootstrapper : Loaded default TestExecutionListener class names from location [META-INF/spring.factories]: [org.springframework.security.test.context.support.WithSecurityContextTestExecutionListener, org.springframework.security.test.context.support.ReactorContextTestExecutionListener, org.springframework.boot.test.autoconfigure.restdocs.RestDocsTestExecutionListener, org.springframework.boot.test.autoconfigure.web.client.MockRestServiceServerResetTestExecutionListener, org.springframework.boot.test.autoconfigure.web.servlet.MockMvcPrintOnlyOnFailureTestExecutionListener, org.springframework.boot.test.autoconfigure.web.servlet.WebDriverTestExecutionListener, org.springframework.boot.test.mock.mockito.MockitoTestExecutionListener, org.springframework.boot.test.mock.mockito.ResetMocksTestExecutionListener, org.springframework.test.context.web.ServletTestExecutionListener, org.springframework.test.context.support.DirtiesContextBeforeModesTestExecutionListener, org.springframework.test.context.support.DependencyInjectionTestExecutionListener, org.springframework.test.context.support.DirtiesContextTestExecutionListener, org.springframework.test.context.transaction.TransactionalTestExecutionListener, org.springframework.test.context.jdbc.SqlScriptsTestExecutionListener, org.springframework.test.context.event.EventPublishingTestExecutionListener]
2020-07-09 13:19:41.228  INFO 7122 --- [    Test worker] .b.t.c.SpringBootTestContextBootstrapper : Using TestExecutionListeners: [org.springframework.test.context.web.ServletTestExecutionListener@1bb04b37, org.springframework.test.context.support.DirtiesContextBeforeModesTestExecutionListener@2970eae4, org.springframework.boot.test.mock.mockito.MockitoTestExecutionListener@3004dffc, org.springframework.boot.test.autoconfigure.SpringBootDependencyInjectionTestExecutionListener@485f4bab, org.springframework.test.context.support.DirtiesContextTestExecutionListener@51af5864, org.springframework.security.test.context.support.WithSecurityContextTestExecutionListener@7f26bf7f, org.springframework.test.context.event.EventPublishingTestExecutionListener@694b6458, org.springframework.security.test.context.support.ReactorContextTestExecutionListener@5bfb78c9, org.springframework.boot.test.autoconfigure.restdocs.RestDocsTestExecutionListener@70bc77aa, org.springframework.boot.test.autoconfigure.web.client.MockRestServiceServerResetTestExecutionListener@3aabf385, org.springframework.boot.test.autoconfigure.web.servlet.MockMvcPrintOnlyOnFailureTestExecutionListener@8f0392c, org.springframework.boot.test.autoconfigure.web.servlet.WebDriverTestExecutionListener@8cd35cb, org.springframework.boot.test.mock.mockito.ResetMocksTestExecutionListener@1bdf125f]
]]></system-out>
  <system-err><![CDATA[]]></system-err>
</testsuite>
