<?xml version="1.0" encoding="UTF-8"?>
<testsuite name="CSCI5308.GroupFormationTool.Course.CourseControllerTest" tests="8" skipped="0" failures="0" errors="0" timestamp="2020-07-15T20:11:51" hostname="Prabhjots-MacBook-Pro.local" time="0.162">
  <properties/>
  <testcase name="addCourseTest()" classname="CSCI5308.GroupFormationTool.Course.CourseControllerTest" time="0.049"/>
  <testcase name="uploadCSVFileTest()" classname="CSCI5308.GroupFormationTool.Course.CourseControllerTest" time="0.007"/>
  <testcase name="enrollTATest()" classname="CSCI5308.GroupFormationTool.Course.CourseControllerTest" time="0.025"/>
  <testcase name="allCoursesTest()" classname="CSCI5308.GroupFormationTool.Course.CourseControllerTest" time="0.005"/>
  <testcase name="addTATest()" classname="CSCI5308.GroupFormationTool.Course.CourseControllerTest" time="0.016"/>
  <testcase name="courseListTest()" classname="CSCI5308.GroupFormationTool.Course.CourseControllerTest" time="0.034"/>
  <testcase name="deleteCourseTest()" classname="CSCI5308.GroupFormationTool.Course.CourseControllerTest" time="0.017"/>
  <testcase name="addCourseFormTest()" classname="CSCI5308.GroupFormationTool.Course.CourseControllerTest" time="0.005"/>
  <system-out><![CDATA[
  .   ____          _            __ _ _
 /\\ / ___'_ __ _ _(_)_ __  __ _ \ \ \ \
( ( )\___ | '_ | '_| | '_ \/ _` | \ \ \ \
 \\/  ___)| |_)| | | | | || (_| |  ) ) ) )
  '  |____| .__|_| |_|_| |_\__, | / / / /
 =========|_|==============|___/=/_/_/_/
 :: Spring Boot ::        (v2.2.7.RELEASE)

2020-07-15 17:11:51.167  INFO 37430 --- [    Test worker] C.G.Course.CourseControllerTest          : Starting CourseControllerTest on Prabhjots-MacBook-Pro.local with PID 37430 (started by prabhjotkaur in /Users/prabhjotkaur/git/group22)
2020-07-15 17:11:51.168  INFO 37430 --- [    Test worker] C.G.Course.CourseControllerTest          : No active profile set, falling back to default profiles: default
2020-07-15 17:11:51.543  INFO 37430 --- [    Test worker] C.G.Course.CourseControllerTest          : Started CourseControllerTest in 0.388 seconds (JVM running for 5.59)
2020-07-15 17:11:51.566  INFO 37430 --- [    Test worker] C.GroupFormationTool.Course.Course       : Creating a new course and storing it in the database
2020-07-15 17:11:51.567  INFO 37430 --- [    Test worker] C.GroupFormationTool.Course.Course       : Calling the courseRepository function to get all courses
2020-07-15 17:11:51.567  WARN 37430 --- [    Test worker] C.G.Course.CourseController              : Course is not added successfully

MockHttpServletRequest:
      HTTP Method = POST
      Request URI = /admin/addCourse
       Parameters = {_csrf=[2c6eb83e-c2c9-49db-9191-2dea24e9edd1]}
          Headers = []
             Body = <no character encoding set>
    Session Attrs = {}

Handler:
             Type = CSCI5308.GroupFormationTool.Course.CourseController
           Method = CSCI5308.GroupFormationTool.Course.CourseController#addCourse(Course, Model)

Async:
    Async started = false
     Async result = null

Resolved Exception:
             Type = null

ModelAndView:
        View name = course/allCourses
             View = null
        Attribute = course
            value = CSCI5308.GroupFormationTool.Course.Course@215ca822
           errors = []
        Attribute = failureMessage
            value = The course could not be added since the course already exists!
        Attribute = courses
            value = []

FlashMap:
       Attributes = null

MockHttpServletResponse:
           Status = 200
    Error message = null
          Headers = [Content-Language:"en", Content-Type:"text/html;charset=UTF-8", X-Content-Type-Options:"nosniff", X-XSS-Protection:"1; mode=block", Cache-Control:"no-cache, no-store, max-age=0, must-revalidate", Pragma:"no-cache", Expires:"0", X-Frame-Options:"DENY"]
     Content type = text/html;charset=UTF-8
             Body = <!DOCTYPE html>
<html lang="en" xmlns="http://www.w3.org/1999/xhtml">
<head>
    <meta charset="utf-8"/>
    <meta http-equiv="X-UA-Compatible" content="IE=edge"/>
    <meta name="viewport" content="width=device-width, initial-scale=1"/>
    <link rel="icon" href="favicon.ico"/>
    <title>Admin Course List</title>
    <link
            href="//maxcdn.bootstrapcdn.com/bootstrap/3.3.7/css/bootstrap.min.css"
            rel="stylesheet"
            integrity="sha384-BVYiiSIFeK1dGmJRAkycuHAHRg32OmUcww7on3RYdg4Va+PmSTsz/K68vbdEjh4u"
            crossorigin="anonymous"/>

</head>
<body style="background-color: #e7ebee">
<div class="container">
    <div>
        <p>You have not logged in to the application. Please login to
            continue...</p>
        <a href="/login">Click here to log in!</a>
    </div>

    
</div>
</body>
</html>
    Forwarded URL = null
   Redirected URL = null
          Cookies = []
2020-07-15 17:11:51.589  INFO 37430 --- [    Test worker] C.GroupFormationTool.Course.Course       : Creating a new course and storing it in the database
2020-07-15 17:11:51.589  INFO 37430 --- [    Test worker] C.GroupFormationTool.Course.Course       : Calling the courseRepository function to get all courses
2020-07-15 17:11:51.590  WARN 37430 --- [    Test worker] C.G.Course.CourseController              : Course is not added successfully

MockHttpServletRequest:
      HTTP Method = POST
      Request URI = /admin/addCourse
       Parameters = {_csrf=[6ec69bec-08d2-480a-adf2-22b8fc619ea0]}
          Headers = []
             Body = <no character encoding set>
    Session Attrs = {}

Handler:
             Type = CSCI5308.GroupFormationTool.Course.CourseController
           Method = CSCI5308.GroupFormationTool.Course.CourseController#addCourse(Course, Model)

Async:
    Async started = false
     Async result = null

Resolved Exception:
             Type = null

ModelAndView:
        View name = course/allCourses
             View = null
        Attribute = course
            value = CSCI5308.GroupFormationTool.Course.Course@22ff92dd
           errors = []
        Attribute = failureMessage
            value = The course could not be added since the course already exists!
        Attribute = courses
            value = []

FlashMap:
       Attributes = null

MockHttpServletResponse:
           Status = 200
    Error message = null
          Headers = [Content-Language:"en", Content-Type:"text/html;charset=UTF-8", X-Content-Type-Options:"nosniff", X-XSS-Protection:"1; mode=block", Cache-Control:"no-cache, no-store, max-age=0, must-revalidate", Pragma:"no-cache", Expires:"0", X-Frame-Options:"DENY"]
     Content type = text/html;charset=UTF-8
             Body = <!DOCTYPE html>
<html lang="en" xmlns="http://www.w3.org/1999/xhtml">
<head>
    <meta charset="utf-8"/>
    <meta http-equiv="X-UA-Compatible" content="IE=edge"/>
    <meta name="viewport" content="width=device-width, initial-scale=1"/>
    <link rel="icon" href="favicon.ico"/>
    <title>Admin Course List</title>
    <link
            href="//maxcdn.bootstrapcdn.com/bootstrap/3.3.7/css/bootstrap.min.css"
            rel="stylesheet"
            integrity="sha384-BVYiiSIFeK1dGmJRAkycuHAHRg32OmUcww7on3RYdg4Va+PmSTsz/K68vbdEjh4u"
            crossorigin="anonymous"/>

</head>
<body style="background-color: #e7ebee">
<div class="container">
    <div>
        <p>You have not logged in to the application. Please login to
            continue...</p>
        <a href="/login">Click here to log in!</a>
    </div>

    
</div>
</body>
</html>
    Forwarded URL = null
   Redirected URL = null
          Cookies = []

MockHttpServletRequest:
      HTTP Method = GET
      Request URI = /uploadCSVFile
       Parameters = {courseId=[CSCI5308]}
          Headers = []
             Body = <no character encoding set>
    Session Attrs = {org.springframework.security.web.csrf.HttpSessionCsrfTokenRepository.CSRF_TOKEN=org.springframework.security.web.csrf.DefaultCsrfToken@17b3a6b7}

Handler:
             Type = CSCI5308.GroupFormationTool.Course.CourseController
           Method = CSCI5308.GroupFormationTool.Course.CourseController#uploadCSVFile(String, Model)

Async:
    Async started = false
     Async result = null

Resolved Exception:
             Type = null

ModelAndView:
        View name = course/uploadCSVFile
             View = null
        Attribute = CourseId
            value = CSCI5308

FlashMap:
       Attributes = null

MockHttpServletResponse:
           Status = 200
    Error message = null
          Headers = [Content-Language:"en", Content-Type:"text/html;charset=UTF-8", X-Content-Type-Options:"nosniff", X-XSS-Protection:"1; mode=block", Cache-Control:"no-cache, no-store, max-age=0, must-revalidate", Pragma:"no-cache", Expires:"0", X-Frame-Options:"DENY"]
     Content type = text/html;charset=UTF-8
             Body = <!DOCTYPE html>
<html lang="en" xmlns="http://www.w3.org/1999/xhtml">
<head>
    <meta charset="utf-8"/>
    <meta http-equiv="X-UA-Compatible" content="IE=edge"/>
    <meta name="viewport" content="width=device-width, initial-scale=1"/>
    <link rel="icon" href="favicon.ico"/>
    <title>Instructor Course List</title>
    <link
            href="//maxcdn.bootstrapcdn.com/bootstrap/3.3.7/css/bootstrap.min.css"
            rel="stylesheet"
            integrity="sha384-BVYiiSIFeK1dGmJRAkycuHAHRg32OmUcww7on3RYdg4Va+PmSTsz/K68vbdEjh4u"
            crossorigin="anonymous"/>

</head>
<body style="background-color: #e7ebee">
<div class="container">
    <div>
        <p>You have not logged in to the application. Please login to
            continue...</p>
        <a href="/login">Click here to log in!</a>
    </div>

    
</div>
</body>
</html>
    Forwarded URL = null
   Redirected URL = null
          Cookies = []
2020-07-15 17:11:51.605  INFO 37430 --- [    Test worker] C.G.Course.CourseController              : Fetch TA for a course using course Id
2020-07-15 17:11:51.605  INFO 37430 --- [    Test worker] C.GroupFormationTool.Question.Question   : Function call to get TA for a course using course Id

MockHttpServletRequest:
      HTTP Method = GET
      Request URI = /enrollTA
       Parameters = {courseId=[CSCI5308]}
          Headers = []
             Body = <no character encoding set>
    Session Attrs = {org.springframework.security.web.csrf.HttpSessionCsrfTokenRepository.CSRF_TOKEN=org.springframework.security.web.csrf.DefaultCsrfToken@5b170c81}

Handler:
             Type = CSCI5308.GroupFormationTool.Course.CourseController
           Method = CSCI5308.GroupFormationTool.Course.CourseController#enrollTA(String, Model)

Async:
    Async started = false
     Async result = null

Resolved Exception:
             Type = null

ModelAndView:
        View name = course/enrollTA
             View = null
        Attribute = user
            value = CSCI5308.GroupFormationTool.User.User@3d636a85
           errors = []
        Attribute = taList
            value = []
        Attribute = courseId
            value = CSCI5308

FlashMap:
       Attributes = null

MockHttpServletResponse:
           Status = 200
    Error message = null
          Headers = [Content-Language:"en", Content-Type:"text/html;charset=UTF-8", X-Content-Type-Options:"nosniff", X-XSS-Protection:"1; mode=block", Cache-Control:"no-cache, no-store, max-age=0, must-revalidate", Pragma:"no-cache", Expires:"0", X-Frame-Options:"DENY"]
     Content type = text/html;charset=UTF-8
             Body = <!DOCTYPE html>
<html lang="en" xmlns="http://www.w3.org/1999/xhtml"
>
<head>
    <meta charset="utf-8"/>
    <meta http-equiv="X-UA-Compatible" content="IE=edge"/>
    <meta name="viewport" content="width=device-width, initial-scale=1"/>
    <link rel="icon" href="favicon.ico"/>
    <title>Enroll TA</title>
    <link
            href="//maxcdn.bootstrapcdn.com/bootstrap/3.3.7/css/bootstrap.min.css"
            rel="stylesheet"
            integrity="sha384-BVYiiSIFeK1dGmJRAkycuHAHRg32OmUcww7on3RYdg4Va+PmSTsz/K68vbdEjh4u"
            crossorigin="anonymous"/>

</head>
<body style="background-color: #e7ebee">
<div class="container" style="padding:20px;">
    <form autocomplete="off" action="/enrollTA?courseId=CSCI5308"
          method="post" class="m-t col-md-4 col-md-offset-4" role="form"
          data-toggle="validator"><input type="hidden" name="_csrf" value="e8fcb338-e11b-4aec-ad72-ceedf572f2de"/>
        
        
        <br>
        <h4>Enter details to add TA!</h4>
        <div class="form-group input-group has-feedback">
            <input type="email" name="emailId" placeholder="Add by Email Address" class="form-control" required id="emailId" value=""/>
        </div>
        <div class="text-center">
            <button type="submit" class="btn btn-primary btn-sm btn-block"
                    style="width: 120px; margin-left: 40px;">Add TA
            </button>
        </div>
    </form>
</div>
<div class="container">
    <h3 class="text-center">Enrolled TA(s)</h3>
    <div class="table-responsive">
        <table class="table table-bordered table-hover">
            <thead>
            <tr>
                <th scope="col">First Name</th>
                <th scope="col">Last Name</th>
                <th scope="col">Email</th>
                <th scope="col">BannerID</th>
            </tr>
            </thead>
            <tbody>
            
            </tbody>
        </table>
    </div>
    <br/>
    <div>
        <a href="/courseList" class="text-primary">Go back to
            course page!</a>
    </div>
</div>
</body>
</html>
    Forwarded URL = null
   Redirected URL = null
          Cookies = []
2020-07-15 17:11:51.630  INFO 37430 --- [    Test worker] C.G.Course.CourseController              : Function call to fetch all the courses details
2020-07-15 17:11:51.630  INFO 37430 --- [    Test worker] C.GroupFormationTool.Course.Course       : Calling the courseRepository function to get all courses

MockHttpServletRequest:
      HTTP Method = GET
      Request URI = /admin/allAdminCourses
       Parameters = {}
          Headers = []
             Body = <no character encoding set>
    Session Attrs = {org.springframework.security.web.csrf.HttpSessionCsrfTokenRepository.CSRF_TOKEN=org.springframework.security.web.csrf.DefaultCsrfToken@32656395}

Handler:
             Type = CSCI5308.GroupFormationTool.Course.CourseController
           Method = CSCI5308.GroupFormationTool.Course.CourseController#allCourses(Model)

Async:
    Async started = false
     Async result = null

Resolved Exception:
             Type = null

ModelAndView:
        View name = course/allCourses
             View = null
        Attribute = courses
            value = []

FlashMap:
       Attributes = null

MockHttpServletResponse:
           Status = 200
    Error message = null
          Headers = [Content-Language:"en", Content-Type:"text/html;charset=UTF-8", X-Content-Type-Options:"nosniff", X-XSS-Protection:"1; mode=block", Cache-Control:"no-cache, no-store, max-age=0, must-revalidate", Pragma:"no-cache", Expires:"0", X-Frame-Options:"DENY"]
     Content type = text/html;charset=UTF-8
             Body = <!DOCTYPE html>
<html lang="en" xmlns="http://www.w3.org/1999/xhtml">
<head>
    <meta charset="utf-8"/>
    <meta http-equiv="X-UA-Compatible" content="IE=edge"/>
    <meta name="viewport" content="width=device-width, initial-scale=1"/>
    <link rel="icon" href="favicon.ico"/>
    <title>Admin Course List</title>
    <link
            href="//maxcdn.bootstrapcdn.com/bootstrap/3.3.7/css/bootstrap.min.css"
            rel="stylesheet"
            integrity="sha384-BVYiiSIFeK1dGmJRAkycuHAHRg32OmUcww7on3RYdg4Va+PmSTsz/K68vbdEjh4u"
            crossorigin="anonymous"/>

</head>
<body style="background-color: #e7ebee">
<div class="container">
    <div>
        <p>You have not logged in to the application. Please login to
            continue...</p>
        <a href="/login">Click here to log in!</a>
    </div>

    
</div>
</body>
</html>
    Forwarded URL = null
   Redirected URL = null
          Cookies = []
2020-07-15 17:11:51.639  INFO 37430 --- [    Test worker] C.GroupFormationTool.Question.Question   : Function call to enroll a TA for the course using email id
2020-07-15 17:11:51.640  WARN 37430 --- [    Test worker] C.G.Course.CourseController              : TA is not successfully added to the course
2020-07-15 17:11:51.640  INFO 37430 --- [    Test worker] C.GroupFormationTool.Question.Question   : Function call to get TA for a course using course Id

MockHttpServletRequest:
      HTTP Method = POST
      Request URI = /enrollTA
       Parameters = {courseId=[CSCI5308], _csrf=[13739487-f7b5-4d88-bd33-42a3946f7624]}
          Headers = []
             Body = <no character encoding set>
    Session Attrs = {}

Handler:
             Type = CSCI5308.GroupFormationTool.Course.CourseController
           Method = CSCI5308.GroupFormationTool.Course.CourseController#addTA(String, User, Model)

Async:
    Async started = false
     Async result = null

Resolved Exception:
             Type = null

ModelAndView:
        View name = course/enrollTA
             View = null
        Attribute = user
            value = CSCI5308.GroupFormationTool.User.User@769bb742
           errors = []
        Attribute = error
            value = not added
        Attribute = taList
            value = []
        Attribute = courseId
            value = CSCI5308

FlashMap:
       Attributes = null

MockHttpServletResponse:
           Status = 200
    Error message = null
          Headers = [Content-Language:"en", Content-Type:"text/html;charset=UTF-8", X-Content-Type-Options:"nosniff", X-XSS-Protection:"1; mode=block", Cache-Control:"no-cache, no-store, max-age=0, must-revalidate", Pragma:"no-cache", Expires:"0", X-Frame-Options:"DENY"]
     Content type = text/html;charset=UTF-8
             Body = <!DOCTYPE html>
<html lang="en" xmlns="http://www.w3.org/1999/xhtml"
>
<head>
    <meta charset="utf-8"/>
    <meta http-equiv="X-UA-Compatible" content="IE=edge"/>
    <meta name="viewport" content="width=device-width, initial-scale=1"/>
    <link rel="icon" href="favicon.ico"/>
    <title>Enroll TA</title>
    <link
            href="//maxcdn.bootstrapcdn.com/bootstrap/3.3.7/css/bootstrap.min.css"
            rel="stylesheet"
            integrity="sha384-BVYiiSIFeK1dGmJRAkycuHAHRg32OmUcww7on3RYdg4Va+PmSTsz/K68vbdEjh4u"
            crossorigin="anonymous"/>

</head>
<body style="background-color: #e7ebee">
<div class="container" style="padding:20px;">
    <form autocomplete="off" action="/enrollTA?courseId=CSCI5308"
          method="post" class="m-t col-md-4 col-md-offset-4" role="form"
          data-toggle="validator"><input type="hidden" name="_csrf" value="13739487-f7b5-4d88-bd33-42a3946f7624"/>
        <div class="validation-message alert alert-danger"
             role="alert">TA not added!!
        </div>
        
        <br>
        <h4>Enter details to add TA!</h4>
        <div class="form-group input-group has-feedback">
            <input type="email" name="emailId" placeholder="Add by Email Address" class="form-control" required id="emailId" value=""/>
        </div>
        <div class="text-center">
            <button type="submit" class="btn btn-primary btn-sm btn-block"
                    style="width: 120px; margin-left: 40px;">Add TA
            </button>
        </div>
    </form>
</div>
<div class="container">
    <h3 class="text-center">Enrolled TA(s)</h3>
    <div class="table-responsive">
        <table class="table table-bordered table-hover">
            <thead>
            <tr>
                <th scope="col">First Name</th>
                <th scope="col">Last Name</th>
                <th scope="col">Email</th>
                <th scope="col">BannerID</th>
            </tr>
            </thead>
            <tbody>
            
            </tbody>
        </table>
    </div>
    <br/>
    <div>
        <a href="/courseList" class="text-primary">Go back to
            course page!</a>
    </div>
</div>
</body>
</html>
    Forwarded URL = null
   Redirected URL = null
          Cookies = []
2020-07-15 17:11:51.645  INFO 37430 --- [    Test worker] C.GroupFormationTool.Question.Question   : Function call to enroll a TA for the course using email id
2020-07-15 17:11:51.646  WARN 37430 --- [    Test worker] C.G.Course.CourseController              : TA is not successfully added to the course
2020-07-15 17:11:51.646  INFO 37430 --- [    Test worker] C.GroupFormationTool.Question.Question   : Function call to get TA for a course using course Id

MockHttpServletRequest:
      HTTP Method = POST
      Request URI = /enrollTA
       Parameters = {courseId=[CSCI5308], _csrf=[5fd52b8c-560d-45fe-a182-5fabe29c5030]}
          Headers = []
             Body = <no character encoding set>
    Session Attrs = {}

Handler:
             Type = CSCI5308.GroupFormationTool.Course.CourseController
           Method = CSCI5308.GroupFormationTool.Course.CourseController#addTA(String, User, Model)

Async:
    Async started = false
     Async result = null

Resolved Exception:
             Type = null

ModelAndView:
        View name = course/enrollTA
             View = null
        Attribute = user
            value = CSCI5308.GroupFormationTool.User.User@57d9c3e1
           errors = []
        Attribute = error
            value = not added
        Attribute = taList
            value = []
        Attribute = courseId
            value = CSCI5308

FlashMap:
       Attributes = null

MockHttpServletResponse:
           Status = 200
    Error message = null
          Headers = [Content-Language:"en", Content-Type:"text/html;charset=UTF-8", X-Content-Type-Options:"nosniff", X-XSS-Protection:"1; mode=block", Cache-Control:"no-cache, no-store, max-age=0, must-revalidate", Pragma:"no-cache", Expires:"0", X-Frame-Options:"DENY"]
     Content type = text/html;charset=UTF-8
             Body = <!DOCTYPE html>
<html lang="en" xmlns="http://www.w3.org/1999/xhtml"
>
<head>
    <meta charset="utf-8"/>
    <meta http-equiv="X-UA-Compatible" content="IE=edge"/>
    <meta name="viewport" content="width=device-width, initial-scale=1"/>
    <link rel="icon" href="favicon.ico"/>
    <title>Enroll TA</title>
    <link
            href="//maxcdn.bootstrapcdn.com/bootstrap/3.3.7/css/bootstrap.min.css"
            rel="stylesheet"
            integrity="sha384-BVYiiSIFeK1dGmJRAkycuHAHRg32OmUcww7on3RYdg4Va+PmSTsz/K68vbdEjh4u"
            crossorigin="anonymous"/>

</head>
<body style="background-color: #e7ebee">
<div class="container" style="padding:20px;">
    <form autocomplete="off" action="/enrollTA?courseId=CSCI5308"
          method="post" class="m-t col-md-4 col-md-offset-4" role="form"
          data-toggle="validator"><input type="hidden" name="_csrf" value="5fd52b8c-560d-45fe-a182-5fabe29c5030"/>
        <div class="validation-message alert alert-danger"
             role="alert">TA not added!!
        </div>
        
        <br>
        <h4>Enter details to add TA!</h4>
        <div class="form-group input-group has-feedback">
            <input type="email" name="emailId" placeholder="Add by Email Address" class="form-control" required id="emailId" value=""/>
        </div>
        <div class="text-center">
            <button type="submit" class="btn btn-primary btn-sm btn-block"
                    style="width: 120px; margin-left: 40px;">Add TA
            </button>
        </div>
    </form>
</div>
<div class="container">
    <h3 class="text-center">Enrolled TA(s)</h3>
    <div class="table-responsive">
        <table class="table table-bordered table-hover">
            <thead>
            <tr>
                <th scope="col">First Name</th>
                <th scope="col">Last Name</th>
                <th scope="col">Email</th>
                <th scope="col">BannerID</th>
            </tr>
            </thead>
            <tbody>
            
            </tbody>
        </table>
    </div>
    <br/>
    <div>
        <a href="/courseList" class="text-primary">Go back to
            course page!</a>
    </div>
</div>
</body>
</html>
    Forwarded URL = null
   Redirected URL = null
          Cookies = []
2020-07-15 17:11:51.652  INFO 37430 --- [    Test worker] C.G.Course.CourseController              : Condition check if current user is admin or not
2020-07-15 17:11:51.652  INFO 37430 --- [    Test worker] CSCI5308.GroupFormationTool.User.User    : Checking if current user is admin
2020-07-15 17:11:51.652  INFO 37430 --- [    Test worker] C.GroupFormationTool.Course.Course       : Calling the courseRepository function to get all courses

MockHttpServletRequest:
      HTTP Method = GET
      Request URI = /courseList
       Parameters = {}
          Headers = []
             Body = <no character encoding set>
    Session Attrs = {org.springframework.security.web.csrf.HttpSessionCsrfTokenRepository.CSRF_TOKEN=org.springframework.security.web.csrf.DefaultCsrfToken@6493ce0c}

Handler:
             Type = CSCI5308.GroupFormationTool.Course.CourseController
           Method = CSCI5308.GroupFormationTool.Course.CourseController#courseList(Model)

Async:
    Async started = false
     Async result = null

Resolved Exception:
             Type = null

ModelAndView:
        View name = course/allCourses
             View = null
        Attribute = courses
            value = []

FlashMap:
       Attributes = null

MockHttpServletResponse:
           Status = 200
    Error message = null
          Headers = [Content-Language:"en", Content-Type:"text/html;charset=UTF-8", X-Content-Type-Options:"nosniff", X-XSS-Protection:"1; mode=block", Cache-Control:"no-cache, no-store, max-age=0, must-revalidate", Pragma:"no-cache", Expires:"0", X-Frame-Options:"DENY"]
     Content type = text/html;charset=UTF-8
             Body = <!DOCTYPE html>
<html lang="en" xmlns="http://www.w3.org/1999/xhtml">
<head>
    <meta charset="utf-8"/>
    <meta http-equiv="X-UA-Compatible" content="IE=edge"/>
    <meta name="viewport" content="width=device-width, initial-scale=1"/>
    <link rel="icon" href="favicon.ico"/>
    <title>Admin Course List</title>
    <link
            href="//maxcdn.bootstrapcdn.com/bootstrap/3.3.7/css/bootstrap.min.css"
            rel="stylesheet"
            integrity="sha384-BVYiiSIFeK1dGmJRAkycuHAHRg32OmUcww7on3RYdg4Va+PmSTsz/K68vbdEjh4u"
            crossorigin="anonymous"/>

</head>
<body style="background-color: #e7ebee">
<div class="container">
    <div>
        <p>You have not logged in to the application. Please login to
            continue...</p>
        <a href="/login">Click here to log in!</a>
    </div>

    
</div>
</body>
</html>
    Forwarded URL = null
   Redirected URL = null
          Cookies = []
2020-07-15 17:11:51.657  INFO 37430 --- [    Test worker] C.G.Course.CourseController              : Condition check if current user is admin or not
2020-07-15 17:11:51.657  INFO 37430 --- [    Test worker] CSCI5308.GroupFormationTool.User.User    : Checking if current user is admin
2020-07-15 17:11:51.658  INFO 37430 --- [    Test worker] C.G.Course.CourseController              : Fetch user role based on th email Id
2020-07-15 17:11:51.658  INFO 37430 --- [    Test worker] C.GroupFormationTool.Question.Question   : Get the role of a user by email Id
2020-07-15 17:11:51.658  INFO 37430 --- [    Test worker] C.G.Course.CourseController              : User is a Guest User
2020-07-15 17:11:51.658  INFO 37430 --- [    Test worker] C.G.Course.CourseController              : Function call to fetch all courses details for a guest user
2020-07-15 17:11:51.658  INFO 37430 --- [    Test worker] C.GroupFormationTool.Course.Course       : Calling the courseRepository function to get all courses

MockHttpServletRequest:
      HTTP Method = GET
      Request URI = /courseList
       Parameters = {}
          Headers = []
             Body = <no character encoding set>
    Session Attrs = {org.springframework.security.web.csrf.HttpSessionCsrfTokenRepository.CSRF_TOKEN=org.springframework.security.web.csrf.DefaultCsrfToken@13a2d744}

Handler:
             Type = CSCI5308.GroupFormationTool.Course.CourseController
           Method = CSCI5308.GroupFormationTool.Course.CourseController#courseList(Model)

Async:
    Async started = false
     Async result = null

Resolved Exception:
             Type = null

ModelAndView:
        View name = course/guestCourses
             View = null
        Attribute = courses
            value = []

FlashMap:
       Attributes = null

MockHttpServletResponse:
           Status = 200
    Error message = null
          Headers = [Content-Language:"en", Content-Type:"text/html;charset=UTF-8", X-Content-Type-Options:"nosniff", X-XSS-Protection:"1; mode=block", Cache-Control:"no-cache, no-store, max-age=0, must-revalidate", Pragma:"no-cache", Expires:"0", X-Frame-Options:"DENY"]
     Content type = text/html;charset=UTF-8
             Body = <!DOCTYPE html>
<html lang="en" xmlns="http://www.w3.org/1999/xhtml">
<head>
    <meta charset="utf-8"/>
    <meta http-equiv="X-UA-Compatible" content="IE=edge"/>
    <meta name="viewport" content="width=device-width, initial-scale=1"/>
    <link rel="icon" href="favicon.ico"/>
    <title>Guest Course List</title>
    <link
            href="//maxcdn.bootstrapcdn.com/bootstrap/3.3.7/css/bootstrap.min.css"
            rel="stylesheet"
            integrity="sha384-BVYiiSIFeK1dGmJRAkycuHAHRg32OmUcww7on3RYdg4Va+PmSTsz/K68vbdEjh4u"
            crossorigin="anonymous"/>

</head>
<body style="background-color: #e7ebee">
<div class="container">
    <div>
        <p>You have not logged in to the application. Please login to
            continue...</p>
        <a href="/login">Click here to log in!</a>
    </div>

    
</div>
</body>
</html>
    Forwarded URL = null
   Redirected URL = null
          Cookies = []
2020-07-15 17:11:51.665  INFO 37430 --- [    Test worker] C.G.Course.CourseController              : Condition check if current user is admin or not
2020-07-15 17:11:51.665  INFO 37430 --- [    Test worker] CSCI5308.GroupFormationTool.User.User    : Checking if current user is admin
2020-07-15 17:11:51.665  INFO 37430 --- [    Test worker] C.G.Course.CourseController              : Fetch user role based on th email Id
2020-07-15 17:11:51.665  INFO 37430 --- [    Test worker] C.GroupFormationTool.Question.Question   : Get the role of a user by email Id
2020-07-15 17:11:51.665  INFO 37430 --- [    Test worker] C.G.Course.CourseController              : User is a Student
2020-07-15 17:11:51.665  INFO 37430 --- [    Test worker] C.G.Course.CourseController              : Function call to fetch enrolled courses for a student
2020-07-15 17:11:51.665  INFO 37430 --- [    Test worker] C.GroupFormationTool.Question.Question   : Get the courses enrolled by a student using student's email Id

MockHttpServletRequest:
      HTTP Method = GET
      Request URI = /courseList
       Parameters = {}
          Headers = []
             Body = <no character encoding set>
    Session Attrs = {org.springframework.security.web.csrf.HttpSessionCsrfTokenRepository.CSRF_TOKEN=org.springframework.security.web.csrf.DefaultCsrfToken@6ba190fd}

Handler:
             Type = CSCI5308.GroupFormationTool.Course.CourseController
           Method = CSCI5308.GroupFormationTool.Course.CourseController#courseList(Model)

Async:
    Async started = false
     Async result = null

Resolved Exception:
             Type = null

ModelAndView:
        View name = course/studentCourses
             View = null
        Attribute = courses
            value = []

FlashMap:
       Attributes = null

MockHttpServletResponse:
           Status = 200
    Error message = null
          Headers = [Content-Language:"en", Content-Type:"text/html;charset=UTF-8", X-Content-Type-Options:"nosniff", X-XSS-Protection:"1; mode=block", Cache-Control:"no-cache, no-store, max-age=0, must-revalidate", Pragma:"no-cache", Expires:"0", X-Frame-Options:"DENY"]
     Content type = text/html;charset=UTF-8
             Body = <!DOCTYPE html>
<html lang="en" xmlns="http://www.w3.org/1999/xhtml"
>
<head>
    <meta charset="utf-8"/>
    <meta http-equiv="X-UA-Compatible" content="IE=edge"/>
    <meta name="viewport" content="width=device-width, initial-scale=1"/>
    <link rel="icon" href="favicon.ico"/>
    <title>Student Course List</title>
    <link
            href="//maxcdn.bootstrapcdn.com/bootstrap/3.3.7/css/bootstrap.min.css"
            rel="stylesheet"
            integrity="sha384-BVYiiSIFeK1dGmJRAkycuHAHRg32OmUcww7on3RYdg4Va+PmSTsz/K68vbdEjh4u"
            crossorigin="anonymous"/>

</head>
<body style="background-color: #e7ebee">
<div class="container">
	<br />
	<br />
    <div>
        <form action="/logout" method="post"><input type="hidden" name="_csrf" value="18be6974-009a-4992-8a20-8e726d2e9b76"/>
            <button type="submit" class="btn btn-danger btn-sm">
				Sign Out
            </button>
        </form>
    </div>
    <h3 class="text-center">Registered Courses</h3>
    <div class="table-responsive">
        <table class="table table-bordered table-hover">
            <thead>
            <tr>
                <th scope="col">Course Id</th>
                <th scope="col">Course Name</th>
                <th scope="col">Course Details</th>
                <th scope="col">Course Credits</th>
            </tr>
            </thead>
            <tbody>
            
            </tbody>
        </table>
    </div>
</div>
</body>
</html>
    Forwarded URL = null
   Redirected URL = null
          Cookies = []
2020-07-15 17:11:51.670  INFO 37430 --- [    Test worker] C.G.Course.CourseController              : Condition check if current user is admin or not
2020-07-15 17:11:51.670  INFO 37430 --- [    Test worker] CSCI5308.GroupFormationTool.User.User    : Checking if current user is admin
2020-07-15 17:11:51.671  INFO 37430 --- [    Test worker] C.G.Course.CourseController              : Fetch user role based on th email Id
2020-07-15 17:11:51.671  INFO 37430 --- [    Test worker] C.GroupFormationTool.Question.Question   : Get the role of a user by email Id
2020-07-15 17:11:51.671  INFO 37430 --- [    Test worker] C.G.Course.CourseController              : User is a TA
2020-07-15 17:11:51.671  INFO 37430 --- [    Test worker] C.G.Course.CourseController              : Function call to get TA courses
2020-07-15 17:11:51.671  INFO 37430 --- [    Test worker] C.GroupFormationTool.Question.Question   : Get the courses for a TA using email Id
2020-07-15 17:11:51.671  INFO 37430 --- [    Test worker] C.G.Course.CourseController              : Function call to fetch student courses
2020-07-15 17:11:51.671  INFO 37430 --- [    Test worker] C.GroupFormationTool.Question.Question   : Get the courses enrolled by a student using student's email Id

MockHttpServletRequest:
      HTTP Method = GET
      Request URI = /courseList
       Parameters = {}
          Headers = []
             Body = <no character encoding set>
    Session Attrs = {org.springframework.security.web.csrf.HttpSessionCsrfTokenRepository.CSRF_TOKEN=org.springframework.security.web.csrf.DefaultCsrfToken@66849ed2}

Handler:
             Type = CSCI5308.GroupFormationTool.Course.CourseController
           Method = CSCI5308.GroupFormationTool.Course.CourseController#courseList(Model)

Async:
    Async started = false
     Async result = null

Resolved Exception:
             Type = null

ModelAndView:
        View name = course/taCourses
             View = null
        Attribute = studentCourses
            value = []
        Attribute = taCourses
            value = []

FlashMap:
       Attributes = null

MockHttpServletResponse:
           Status = 200
    Error message = null
          Headers = [Content-Language:"en", Content-Type:"text/html;charset=UTF-8", X-Content-Type-Options:"nosniff", X-XSS-Protection:"1; mode=block", Cache-Control:"no-cache, no-store, max-age=0, must-revalidate", Pragma:"no-cache", Expires:"0", X-Frame-Options:"DENY"]
     Content type = text/html;charset=UTF-8
             Body = <!DOCTYPE html>
<html lang="en" xmlns="http://www.w3.org/1999/xhtml"
>
<head>
    <meta charset="utf-8"/>
    <meta http-equiv="X-UA-Compatible" content="IE=edge"/>
    <meta name="viewport" content="width=device-width, initial-scale=1"/>
    <link rel="icon" href="favicon.ico"/>
    <title>TA Course List</title>
    <link
            href="//maxcdn.bootstrapcdn.com/bootstrap/3.3.7/css/bootstrap.min.css"
            rel="stylesheet"
            integrity="sha384-BVYiiSIFeK1dGmJRAkycuHAHRg32OmUcww7on3RYdg4Va+PmSTsz/K68vbdEjh4u"
            crossorigin="anonymous"/>

</head>
<body style="background-color: #e7ebee">
<div class="container">
    <h3 class="text-center">Registered Courses(Student)</h3>
    <div class="table-responsive">
        <table class="table table-bordered table-hover">
            <thead>
            <tr>
                <th scope="col">Course Id</th>
                <th scope="col">Course Name</th>
                <th scope="col">Course Details</th>
                <th scope="col">Course Credits</th>
            </tr>
            </thead>
            <tbody>
            
            </tbody>
        </table>
    </div>
    <div></div>
</div>
<div class="container">
    <h3 class="text-center">Registered Courses(TA)</h3>
    <div class="table-responsive">
        <table class="table table-bordered table-hover">
            <thead>
            <tr>
                <th scope="col">Course Id</th>
                <th scope="col">Course Name</th>
                <th scope="col">Course Details</th>
                <th scope="col">Course Credits</th>
            </tr>
            </thead>
            <tbody>
            
            </tbody>
        </table>
    </div>
</div>
</body>
</html>
    Forwarded URL = null
   Redirected URL = null
          Cookies = []
2020-07-15 17:11:51.676  INFO 37430 --- [    Test worker] C.G.Course.CourseController              : Condition check if current user is admin or not
2020-07-15 17:11:51.677  INFO 37430 --- [    Test worker] CSCI5308.GroupFormationTool.User.User    : Checking if current user is admin
2020-07-15 17:11:51.677  INFO 37430 --- [    Test worker] C.G.Course.CourseController              : Fetch user role based on th email Id
2020-07-15 17:11:51.677  INFO 37430 --- [    Test worker] C.GroupFormationTool.Question.Question   : Get the role of a user by email Id
2020-07-15 17:11:51.677  INFO 37430 --- [    Test worker] C.G.Course.CourseController              : User is an Instructor
2020-07-15 17:11:51.677  INFO 37430 --- [    Test worker] C.GroupFormationTool.Question.Question   : Function call to get instructors for a course using email Id

MockHttpServletRequest:
      HTTP Method = GET
      Request URI = /courseList
       Parameters = {}
          Headers = []
             Body = <no character encoding set>
    Session Attrs = {org.springframework.security.web.csrf.HttpSessionCsrfTokenRepository.CSRF_TOKEN=org.springframework.security.web.csrf.DefaultCsrfToken@4fa9bafa}

Handler:
             Type = CSCI5308.GroupFormationTool.Course.CourseController
           Method = CSCI5308.GroupFormationTool.Course.CourseController#courseList(Model)

Async:
    Async started = false
     Async result = null

Resolved Exception:
             Type = null

ModelAndView:
        View name = course/instructorCourses
             View = null
        Attribute = courses
            value = []

FlashMap:
       Attributes = null

MockHttpServletResponse:
           Status = 200
    Error message = null
          Headers = [Content-Language:"en", Content-Type:"text/html;charset=UTF-8", X-Content-Type-Options:"nosniff", X-XSS-Protection:"1; mode=block", Cache-Control:"no-cache, no-store, max-age=0, must-revalidate", Pragma:"no-cache", Expires:"0", X-Frame-Options:"DENY"]
     Content type = text/html;charset=UTF-8
             Body = <!DOCTYPE html>
<html lang="en" xmlns="http://www.w3.org/1999/xhtml">
<head>
    <meta charset="utf-8"/>
    <meta http-equiv="X-UA-Compatible" content="IE=edge"/>
    <meta name="viewport" content="width=device-width, initial-scale=1"/>
    <link rel="icon" href="favicon.ico"/>
    <title>Instructor Course List</title>
    <link
            href="//maxcdn.bootstrapcdn.com/bootstrap/3.3.7/css/bootstrap.min.css"
            rel="stylesheet"
            integrity="sha384-BVYiiSIFeK1dGmJRAkycuHAHRg32OmUcww7on3RYdg4Va+PmSTsz/K68vbdEjh4u"
            crossorigin="anonymous"/>

</head>
<body style="background-color: #e7ebee">
<div class="container">
    <div>
        <p>You have not logged in to the application. Please login to
            continue...</p>
        <a href="/login">Click here to log in!</a>
    </div>
    
</div>
</body>
</html>
    Forwarded URL = null
   Redirected URL = null
          Cookies = []
2020-07-15 17:11:51.687  INFO 37430 --- [    Test worker] C.GroupFormationTool.Course.Course       : Calling the deleteCourse repository function to delete the course from the Database
2020-07-15 17:11:51.687  INFO 37430 --- [    Test worker] C.GroupFormationTool.Course.Course       : Calling the courseRepository function to get all courses
2020-07-15 17:11:51.687  INFO 37430 --- [    Test worker] C.G.Course.CourseController              : Course is deleted successfully

MockHttpServletRequest:
      HTTP Method = POST
      Request URI = /admin/deleteCourse
       Parameters = {id=[CSCI5308], _csrf=[228bbbd0-5d43-4ee6-9314-aa1df3d6fa2b]}
          Headers = []
             Body = <no character encoding set>
    Session Attrs = {}

Handler:
             Type = CSCI5308.GroupFormationTool.Course.CourseController
           Method = CSCI5308.GroupFormationTool.Course.CourseController#deleteCourse(String, Model)

Async:
    Async started = false
     Async result = null

Resolved Exception:
             Type = null

ModelAndView:
        View name = course/allCourses
             View = null
        Attribute = successMessage
            value = The course was successfully deleted!
        Attribute = courses
            value = []

FlashMap:
       Attributes = null

MockHttpServletResponse:
           Status = 200
    Error message = null
          Headers = [Content-Language:"en", Content-Type:"text/html;charset=UTF-8", X-Content-Type-Options:"nosniff", X-XSS-Protection:"1; mode=block", Cache-Control:"no-cache, no-store, max-age=0, must-revalidate", Pragma:"no-cache", Expires:"0", X-Frame-Options:"DENY"]
     Content type = text/html;charset=UTF-8
             Body = <!DOCTYPE html>
<html lang="en" xmlns="http://www.w3.org/1999/xhtml">
<head>
    <meta charset="utf-8"/>
    <meta http-equiv="X-UA-Compatible" content="IE=edge"/>
    <meta name="viewport" content="width=device-width, initial-scale=1"/>
    <link rel="icon" href="favicon.ico"/>
    <title>Admin Course List</title>
    <link
            href="//maxcdn.bootstrapcdn.com/bootstrap/3.3.7/css/bootstrap.min.css"
            rel="stylesheet"
            integrity="sha384-BVYiiSIFeK1dGmJRAkycuHAHRg32OmUcww7on3RYdg4Va+PmSTsz/K68vbdEjh4u"
            crossorigin="anonymous"/>

</head>
<body style="background-color: #e7ebee">
<div class="container">
    <div>
        <p>You have not logged in to the application. Please login to
            continue...</p>
        <a href="/login">Click here to log in!</a>
    </div>

    
</div>
</body>
</html>
    Forwarded URL = null
   Redirected URL = null
          Cookies = []
2020-07-15 17:11:51.690  INFO 37430 --- [    Test worker] C.GroupFormationTool.Course.Course       : Calling the deleteCourse repository function to delete the course from the Database
2020-07-15 17:11:51.691  INFO 37430 --- [    Test worker] C.GroupFormationTool.Course.Course       : Calling the courseRepository function to get all courses
2020-07-15 17:11:51.691  INFO 37430 --- [    Test worker] C.G.Course.CourseController              : Course is not deleted successfully

MockHttpServletRequest:
      HTTP Method = POST
      Request URI = /admin/deleteCourse
       Parameters = {id=[CSCI5308], _csrf=[0d9ef9b0-cbdb-48f3-9038-5fcf374dd0e1]}
          Headers = []
             Body = <no character encoding set>
    Session Attrs = {}

Handler:
             Type = CSCI5308.GroupFormationTool.Course.CourseController
           Method = CSCI5308.GroupFormationTool.Course.CourseController#deleteCourse(String, Model)

Async:
    Async started = false
     Async result = null

Resolved Exception:
             Type = null

ModelAndView:
        View name = course/allCourses
             View = null
        Attribute = failureMessage
            value = The course could not be deleted since the course is used by a student/TA/instructor.
        Attribute = courses
            value = []

FlashMap:
       Attributes = null

MockHttpServletResponse:
           Status = 200
    Error message = null
          Headers = [Content-Language:"en", Content-Type:"text/html;charset=UTF-8", X-Content-Type-Options:"nosniff", X-XSS-Protection:"1; mode=block", Cache-Control:"no-cache, no-store, max-age=0, must-revalidate", Pragma:"no-cache", Expires:"0", X-Frame-Options:"DENY"]
     Content type = text/html;charset=UTF-8
             Body = <!DOCTYPE html>
<html lang="en" xmlns="http://www.w3.org/1999/xhtml">
<head>
    <meta charset="utf-8"/>
    <meta http-equiv="X-UA-Compatible" content="IE=edge"/>
    <meta name="viewport" content="width=device-width, initial-scale=1"/>
    <link rel="icon" href="favicon.ico"/>
    <title>Admin Course List</title>
    <link
            href="//maxcdn.bootstrapcdn.com/bootstrap/3.3.7/css/bootstrap.min.css"
            rel="stylesheet"
            integrity="sha384-BVYiiSIFeK1dGmJRAkycuHAHRg32OmUcww7on3RYdg4Va+PmSTsz/K68vbdEjh4u"
            crossorigin="anonymous"/>

</head>
<body style="background-color: #e7ebee">
<div class="container">
    <div>
        <p>You have not logged in to the application. Please login to
            continue...</p>
        <a href="/login">Click here to log in!</a>
    </div>

    
</div>
</body>
</html>
    Forwarded URL = null
   Redirected URL = null
          Cookies = []
2020-07-15 17:11:51.694  INFO 37430 --- [    Test worker] C.GroupFormationTool.Course.Course       : Calling the deleteCourse repository function to delete the course from the Database
2020-07-15 17:11:51.695  INFO 37430 --- [    Test worker] C.GroupFormationTool.Course.Course       : Calling the courseRepository function to get all courses
2020-07-15 17:11:51.695  INFO 37430 --- [    Test worker] C.G.Course.CourseController              : Course is deleted successfully

MockHttpServletRequest:
      HTTP Method = GET
      Request URI = /admin/deleteCourse
       Parameters = {id=[CSCI5308]}
          Headers = []
             Body = <no character encoding set>
    Session Attrs = {org.springframework.security.web.csrf.HttpSessionCsrfTokenRepository.CSRF_TOKEN=org.springframework.security.web.csrf.DefaultCsrfToken@4ab45cbc}

Handler:
             Type = CSCI5308.GroupFormationTool.Course.CourseController
           Method = CSCI5308.GroupFormationTool.Course.CourseController#deleteCourse(String, Model)

Async:
    Async started = false
     Async result = null

Resolved Exception:
             Type = null

ModelAndView:
        View name = course/allCourses
             View = null
        Attribute = successMessage
            value = The course was successfully deleted!
        Attribute = courses
            value = []

FlashMap:
       Attributes = null

MockHttpServletResponse:
           Status = 200
    Error message = null
          Headers = [Content-Language:"en", Content-Type:"text/html;charset=UTF-8", X-Content-Type-Options:"nosniff", X-XSS-Protection:"1; mode=block", Cache-Control:"no-cache, no-store, max-age=0, must-revalidate", Pragma:"no-cache", Expires:"0", X-Frame-Options:"DENY"]
     Content type = text/html;charset=UTF-8
             Body = <!DOCTYPE html>
<html lang="en" xmlns="http://www.w3.org/1999/xhtml">
<head>
    <meta charset="utf-8"/>
    <meta http-equiv="X-UA-Compatible" content="IE=edge"/>
    <meta name="viewport" content="width=device-width, initial-scale=1"/>
    <link rel="icon" href="favicon.ico"/>
    <title>Admin Course List</title>
    <link
            href="//maxcdn.bootstrapcdn.com/bootstrap/3.3.7/css/bootstrap.min.css"
            rel="stylesheet"
            integrity="sha384-BVYiiSIFeK1dGmJRAkycuHAHRg32OmUcww7on3RYdg4Va+PmSTsz/K68vbdEjh4u"
            crossorigin="anonymous"/>

</head>
<body style="background-color: #e7ebee">
<div class="container">
    <div>
        <p>You have not logged in to the application. Please login to
            continue...</p>
        <a href="/login">Click here to log in!</a>
    </div>

    
</div>
</body>
</html>
    Forwarded URL = null
   Redirected URL = null
          Cookies = []
2020-07-15 17:11:51.698  INFO 37430 --- [    Test worker] C.GroupFormationTool.Course.Course       : Calling the deleteCourse repository function to delete the course from the Database
2020-07-15 17:11:51.699  INFO 37430 --- [    Test worker] C.GroupFormationTool.Course.Course       : Calling the courseRepository function to get all courses
2020-07-15 17:11:51.699  INFO 37430 --- [    Test worker] C.G.Course.CourseController              : Course is not deleted successfully

MockHttpServletRequest:
      HTTP Method = GET
      Request URI = /admin/deleteCourse
       Parameters = {id=[CSCI5308]}
          Headers = []
             Body = <no character encoding set>
    Session Attrs = {org.springframework.security.web.csrf.HttpSessionCsrfTokenRepository.CSRF_TOKEN=org.springframework.security.web.csrf.DefaultCsrfToken@2d750b6f}

Handler:
             Type = CSCI5308.GroupFormationTool.Course.CourseController
           Method = CSCI5308.GroupFormationTool.Course.CourseController#deleteCourse(String, Model)

Async:
    Async started = false
     Async result = null

Resolved Exception:
             Type = null

ModelAndView:
        View name = course/allCourses
             View = null
        Attribute = failureMessage
            value = The course could not be deleted since the course is used by a student/TA/instructor.
        Attribute = courses
            value = []

FlashMap:
       Attributes = null

MockHttpServletResponse:
           Status = 200
    Error message = null
          Headers = [Content-Language:"en", Content-Type:"text/html;charset=UTF-8", X-Content-Type-Options:"nosniff", X-XSS-Protection:"1; mode=block", Cache-Control:"no-cache, no-store, max-age=0, must-revalidate", Pragma:"no-cache", Expires:"0", X-Frame-Options:"DENY"]
     Content type = text/html;charset=UTF-8
             Body = <!DOCTYPE html>
<html lang="en" xmlns="http://www.w3.org/1999/xhtml">
<head>
    <meta charset="utf-8"/>
    <meta http-equiv="X-UA-Compatible" content="IE=edge"/>
    <meta name="viewport" content="width=device-width, initial-scale=1"/>
    <link rel="icon" href="favicon.ico"/>
    <title>Admin Course List</title>
    <link
            href="//maxcdn.bootstrapcdn.com/bootstrap/3.3.7/css/bootstrap.min.css"
            rel="stylesheet"
            integrity="sha384-BVYiiSIFeK1dGmJRAkycuHAHRg32OmUcww7on3RYdg4Va+PmSTsz/K68vbdEjh4u"
            crossorigin="anonymous"/>

</head>
<body style="background-color: #e7ebee">
<div class="container">
    <div>
        <p>You have not logged in to the application. Please login to
            continue...</p>
        <a href="/login">Click here to log in!</a>
    </div>

    
</div>
</body>
</html>
    Forwarded URL = null
   Redirected URL = null
          Cookies = []

MockHttpServletRequest:
      HTTP Method = GET
      Request URI = /admin/addCourse
       Parameters = {}
          Headers = []
             Body = <no character encoding set>
    Session Attrs = {org.springframework.security.web.csrf.HttpSessionCsrfTokenRepository.CSRF_TOKEN=org.springframework.security.web.csrf.DefaultCsrfToken@6f45621d}

Handler:
             Type = CSCI5308.GroupFormationTool.Course.CourseController
           Method = CSCI5308.GroupFormationTool.Course.CourseController#addCourseForm(Model)

Async:
    Async started = false
     Async result = null

Resolved Exception:
             Type = null

ModelAndView:
        View name = course/addCourse
             View = null
        Attribute = course
            value = CSCI5308.GroupFormationTool.Course.Course@6d396b65
           errors = []

FlashMap:
       Attributes = null

MockHttpServletResponse:
           Status = 200
    Error message = null
          Headers = [Content-Language:"en", Content-Type:"text/html;charset=UTF-8", X-Content-Type-Options:"nosniff", X-XSS-Protection:"1; mode=block", Cache-Control:"no-cache, no-store, max-age=0, must-revalidate", Pragma:"no-cache", Expires:"0", X-Frame-Options:"DENY"]
     Content type = text/html;charset=UTF-8
             Body = <!DOCTYPE html>
<html lang="en" xmlns="http://www.w3.org/1999/xhtml">
<head>
    <meta charset="utf-8"/>
    <meta http-equiv="X-UA-Compatible" content="IE=edge"/>
    <meta name="viewport" content="width=device-width, initial-scale=1"/>
    <link rel="icon" href="favicon.ico"/>
    <title>Admin Add Course</title>
    <link
            href="//maxcdn.bootstrapcdn.com/bootstrap/3.3.7/css/bootstrap.min.css"
            rel="stylesheet"
            integrity="sha384-BVYiiSIFeK1dGmJRAkycuHAHRg32OmUcww7on3RYdg4Va+PmSTsz/K68vbdEjh4u"
            crossorigin="anonymous"/>

</head>
<body style="background-color: #e7ebee">
<div class="flex align-items-center text-center">
    <div>
        <p>You have not logged in to the application. Please login to
            continue...</p>
        <a href="/login">Click here to log in!</a>
    </div>

    
</div>
</body>
</html>
    Forwarded URL = null
   Redirected URL = null
          Cookies = []
]]></system-out>
  <system-err><![CDATA[]]></system-err>
</testsuite>
