<?xml version="1.0" encoding="UTF-8"?>
<testsuite name="CSCI5308.GroupFormationTool.Password.ForgotPasswordManagerTest" tests="2" skipped="0" failures="0" errors="0" timestamp="2020-07-10T05:03:24" hostname="Prabhjots-MacBook-Pro.local" time="0.051">
  <properties/>
  <testcase name="updatePasswordTest()" classname="CSCI5308.GroupFormationTool.Password.ForgotPasswordManagerTest" time="0.046"/>
  <testcase name="notifyUserTest()" classname="CSCI5308.GroupFormationTool.Password.ForgotPasswordManagerTest" time="0.005"/>
  <system-out><![CDATA[2020-07-10 02:03:24.835  INFO 10909 --- [    Test worker] .b.t.c.SpringBootTestContextBootstrapper : Neither @ContextConfiguration nor @ContextHierarchy found for test class [CSCI5308.GroupFormationTool.Password.ForgotPasswordManagerTest], using SpringBootContextLoader
2020-07-10 02:03:24.836  INFO 10909 --- [    Test worker] o.s.t.c.support.AbstractContextLoader    : Could not detect default resource locations for test class [CSCI5308.GroupFormationTool.Password.ForgotPasswordManagerTest]: no resource found for suffixes {-context.xml, Context.groovy}.
2020-07-10 02:03:24.836  INFO 10909 --- [    Test worker] t.c.s.AnnotationConfigContextLoaderUtils : Could not detect default configuration classes for test class [CSCI5308.GroupFormationTool.Password.ForgotPasswordManagerTest]: ForgotPasswordManagerTest does not declare any static, non-private, non-final, nested classes annotated with @Configuration.
2020-07-10 02:03:24.837  INFO 10909 --- [    Test worker] .b.t.c.SpringBootTestContextBootstrapper : Found @SpringBootConfiguration CSCI5308.GroupFormationTool.GroupFormationToolApplication for test class CSCI5308.GroupFormationTool.Password.ForgotPasswordManagerTest
2020-07-10 02:03:24.838  INFO 10909 --- [    Test worker] .b.t.c.SpringBootTestContextBootstrapper : Loaded default TestExecutionListener class names from location [META-INF/spring.factories]: [org.springframework.security.test.context.support.WithSecurityContextTestExecutionListener, org.springframework.security.test.context.support.ReactorContextTestExecutionListener, org.springframework.boot.test.autoconfigure.restdocs.RestDocsTestExecutionListener, org.springframework.boot.test.autoconfigure.web.client.MockRestServiceServerResetTestExecutionListener, org.springframework.boot.test.autoconfigure.web.servlet.MockMvcPrintOnlyOnFailureTestExecutionListener, org.springframework.boot.test.autoconfigure.web.servlet.WebDriverTestExecutionListener, org.springframework.boot.test.mock.mockito.MockitoTestExecutionListener, org.springframework.boot.test.mock.mockito.ResetMocksTestExecutionListener, org.springframework.test.context.web.ServletTestExecutionListener, org.springframework.test.context.support.DirtiesContextBeforeModesTestExecutionListener, org.springframework.test.context.support.DependencyInjectionTestExecutionListener, org.springframework.test.context.support.DirtiesContextTestExecutionListener, org.springframework.test.context.transaction.TransactionalTestExecutionListener, org.springframework.test.context.jdbc.SqlScriptsTestExecutionListener, org.springframework.test.context.event.EventPublishingTestExecutionListener]
2020-07-10 02:03:24.839  INFO 10909 --- [    Test worker] .b.t.c.SpringBootTestContextBootstrapper : Using TestExecutionListeners: [org.springframework.test.context.web.ServletTestExecutionListener@7daabb61, org.springframework.test.context.support.DirtiesContextBeforeModesTestExecutionListener@7e0e9f9e, org.springframework.boot.test.mock.mockito.MockitoTestExecutionListener@6dbc1672, org.springframework.boot.test.autoconfigure.SpringBootDependencyInjectionTestExecutionListener@5139f60f, org.springframework.test.context.support.DirtiesContextTestExecutionListener@79e02efa, org.springframework.security.test.context.support.WithSecurityContextTestExecutionListener@7318bc37, org.springframework.test.context.event.EventPublishingTestExecutionListener@7e9a3ba0, org.springframework.security.test.context.support.ReactorContextTestExecutionListener@600d23f2, org.springframework.boot.test.autoconfigure.restdocs.RestDocsTestExecutionListener@18e256f7, org.springframework.boot.test.autoconfigure.web.client.MockRestServiceServerResetTestExecutionListener@2eadb8d8, org.springframework.boot.test.autoconfigure.web.servlet.MockMvcPrintOnlyOnFailureTestExecutionListener@1c5c196, org.springframework.boot.test.autoconfigure.web.servlet.WebDriverTestExecutionListener@85e60ef, org.springframework.boot.test.mock.mockito.ResetMocksTestExecutionListener@281cafd]
]]></system-out>
  <system-err><![CDATA[]]></system-err>
</testsuite>
