<?xml version="1.0" encoding="UTF-8"?>
<testsuite name="CSCI5308.GroupFormationTool.Service.UserServiceTest" tests="1" skipped="0" failures="0" errors="0" timestamp="2020-05-29T18:53:34" hostname="Prabhjots-MacBook-Pro.local" time="0.482">
  <properties/>
  <testcase name="createUser()" classname="CSCI5308.GroupFormationTool.Service.UserServiceTest" time="0.482"/>
  <system-out><![CDATA[2020-05-29 15:53:34.957  INFO 5067 --- [    Test worker] .b.t.c.SpringBootTestContextBootstrapper : Neither @ContextConfiguration nor @ContextHierarchy found for test class [CSCI5308.GroupFormationTool.Service.UserServiceTest], using SpringBootContextLoader
2020-05-29 15:53:34.957  INFO 5067 --- [    Test worker] o.s.t.c.support.AbstractContextLoader    : Could not detect default resource locations for test class [CSCI5308.GroupFormationTool.Service.UserServiceTest]: no resource found for suffixes {-context.xml, Context.groovy}.
2020-05-29 15:53:34.957  INFO 5067 --- [    Test worker] t.c.s.AnnotationConfigContextLoaderUtils : Could not detect default configuration classes for test class [CSCI5308.GroupFormationTool.Service.UserServiceTest]: UserServiceTest does not declare any static, non-private, non-final, nested classes annotated with @Configuration.
2020-05-29 15:53:34.961  INFO 5067 --- [    Test worker] .b.t.c.SpringBootTestContextBootstrapper : Found @SpringBootConfiguration CSCI5308.GroupFormationTool.GroupFormationToolApplication for test class CSCI5308.GroupFormationTool.Service.UserServiceTest
2020-05-29 15:53:34.962  INFO 5067 --- [    Test worker] .b.t.c.SpringBootTestContextBootstrapper : Loaded default TestExecutionListener class names from location [META-INF/spring.factories]: [org.springframework.security.test.context.support.WithSecurityContextTestExecutionListener, org.springframework.security.test.context.support.ReactorContextTestExecutionListener, org.springframework.boot.test.autoconfigure.restdocs.RestDocsTestExecutionListener, org.springframework.boot.test.autoconfigure.web.client.MockRestServiceServerResetTestExecutionListener, org.springframework.boot.test.autoconfigure.web.servlet.MockMvcPrintOnlyOnFailureTestExecutionListener, org.springframework.boot.test.autoconfigure.web.servlet.WebDriverTestExecutionListener, org.springframework.boot.test.mock.mockito.MockitoTestExecutionListener, org.springframework.boot.test.mock.mockito.ResetMocksTestExecutionListener, org.springframework.test.context.web.ServletTestExecutionListener, org.springframework.test.context.support.DirtiesContextBeforeModesTestExecutionListener, org.springframework.test.context.support.DependencyInjectionTestExecutionListener, org.springframework.test.context.support.DirtiesContextTestExecutionListener, org.springframework.test.context.transaction.TransactionalTestExecutionListener, org.springframework.test.context.jdbc.SqlScriptsTestExecutionListener, org.springframework.test.context.event.EventPublishingTestExecutionListener]
2020-05-29 15:53:34.963  INFO 5067 --- [    Test worker] .b.t.c.SpringBootTestContextBootstrapper : Using TestExecutionListeners: [org.springframework.test.context.web.ServletTestExecutionListener@7cb105f5, org.springframework.test.context.support.DirtiesContextBeforeModesTestExecutionListener@7582dba7, org.springframework.boot.test.mock.mockito.MockitoTestExecutionListener@18a5fb6, org.springframework.boot.test.autoconfigure.SpringBootDependencyInjectionTestExecutionListener@1f4802a6, org.springframework.test.context.support.DirtiesContextTestExecutionListener@6ba23217, org.springframework.security.test.context.support.WithSecurityContextTestExecutionListener@81e8327, org.springframework.test.context.event.EventPublishingTestExecutionListener@5bba0a7d, org.springframework.security.test.context.support.ReactorContextTestExecutionListener@4b86e9e, org.springframework.boot.test.autoconfigure.restdocs.RestDocsTestExecutionListener@7ef0d694, org.springframework.boot.test.autoconfigure.web.client.MockRestServiceServerResetTestExecutionListener@28b65d6, org.springframework.boot.test.autoconfigure.web.servlet.MockMvcPrintOnlyOnFailureTestExecutionListener@9e96e18, org.springframework.boot.test.autoconfigure.web.servlet.WebDriverTestExecutionListener@4ee22d25, org.springframework.boot.test.mock.mockito.ResetMocksTestExecutionListener@365e161b]
$2a$10$iCnS9Nh7qMkyYjFxpC0.VuRjYN1QVn7YdqBp6T6cRCiRzFFGthROu
In connectionManager
com.mysql.cj.jdbc.ConnectionImpl@3b411e83
]]></system-out>
  <system-err><![CDATA[]]></system-err>
</testsuite>
