<?xml version="1.0" encoding="UTF-8"?>
<testsuite name="CSCI5308.GroupFormationTool.Model.StudentCSVTest" tests="11" skipped="0" failures="0" errors="0" timestamp="2020-07-06T19:13:45" hostname="Prabhjots-MacBook-Pro.local" time="0.019">
  <properties/>
  <testcase name="getPasswordTest()" classname="CSCI5308.GroupFormationTool.Model.StudentCSVTest" time="0.001"/>
  <testcase name="getFirstNameTest()" classname="CSCI5308.GroupFormationTool.Model.StudentCSVTest" time="0.001"/>
  <testcase name="setLastNameTest()" classname="CSCI5308.GroupFormationTool.Model.StudentCSVTest" time="0.001"/>
  <testcase name="StudentCSVParameterizedTest()" classname="CSCI5308.GroupFormationTool.Model.StudentCSVTest" time="0.001"/>
  <testcase name="setBannerIdTest()" classname="CSCI5308.GroupFormationTool.Model.StudentCSVTest" time="0.001"/>
  <testcase name="setPasswordTest()" classname="CSCI5308.GroupFormationTool.Model.StudentCSVTest" time="0.001"/>
  <testcase name="setEmailIdTest()" classname="CSCI5308.GroupFormationTool.Model.StudentCSVTest" time="0.002"/>
  <testcase name="setFirstNameTest()" classname="CSCI5308.GroupFormationTool.Model.StudentCSVTest" time="0.001"/>
  <testcase name="getEmailIdTest()" classname="CSCI5308.GroupFormationTool.Model.StudentCSVTest" time="0.001"/>
  <testcase name="getLastNameTest()" classname="CSCI5308.GroupFormationTool.Model.StudentCSVTest" time="0.001"/>
  <testcase name="getBannerIdTest()" classname="CSCI5308.GroupFormationTool.Model.StudentCSVTest" time="0.001"/>
  <system-out><![CDATA[2020-07-06 16:13:45.907  INFO 19189 --- [    Test worker] .b.t.c.SpringBootTestContextBootstrapper : Neither @ContextConfiguration nor @ContextHierarchy found for test class [CSCI5308.GroupFormationTool.Model.StudentCSVTest], using SpringBootContextLoader
2020-07-06 16:13:45.908  INFO 19189 --- [    Test worker] o.s.t.c.support.AbstractContextLoader    : Could not detect default resource locations for test class [CSCI5308.GroupFormationTool.Model.StudentCSVTest]: no resource found for suffixes {-context.xml, Context.groovy}.
2020-07-06 16:13:45.908  INFO 19189 --- [    Test worker] t.c.s.AnnotationConfigContextLoaderUtils : Could not detect default configuration classes for test class [CSCI5308.GroupFormationTool.Model.StudentCSVTest]: StudentCSVTest does not declare any static, non-private, non-final, nested classes annotated with @Configuration.
2020-07-06 16:13:45.909  INFO 19189 --- [    Test worker] .b.t.c.SpringBootTestContextBootstrapper : Found @SpringBootConfiguration CSCI5308.GroupFormationTool.GroupFormationToolApplication for test class CSCI5308.GroupFormationTool.Model.StudentCSVTest
2020-07-06 16:13:45.910  INFO 19189 --- [    Test worker] .b.t.c.SpringBootTestContextBootstrapper : Loaded default TestExecutionListener class names from location [META-INF/spring.factories]: [org.springframework.security.test.context.support.WithSecurityContextTestExecutionListener, org.springframework.security.test.context.support.ReactorContextTestExecutionListener, org.springframework.boot.test.autoconfigure.restdocs.RestDocsTestExecutionListener, org.springframework.boot.test.autoconfigure.web.client.MockRestServiceServerResetTestExecutionListener, org.springframework.boot.test.autoconfigure.web.servlet.MockMvcPrintOnlyOnFailureTestExecutionListener, org.springframework.boot.test.autoconfigure.web.servlet.WebDriverTestExecutionListener, org.springframework.boot.test.mock.mockito.MockitoTestExecutionListener, org.springframework.boot.test.mock.mockito.ResetMocksTestExecutionListener, org.springframework.test.context.web.ServletTestExecutionListener, org.springframework.test.context.support.DirtiesContextBeforeModesTestExecutionListener, org.springframework.test.context.support.DependencyInjectionTestExecutionListener, org.springframework.test.context.support.DirtiesContextTestExecutionListener, org.springframework.test.context.transaction.TransactionalTestExecutionListener, org.springframework.test.context.jdbc.SqlScriptsTestExecutionListener, org.springframework.test.context.event.EventPublishingTestExecutionListener]
2020-07-06 16:13:45.911  INFO 19189 --- [    Test worker] .b.t.c.SpringBootTestContextBootstrapper : Using TestExecutionListeners: [org.springframework.test.context.web.ServletTestExecutionListener@39b9e4a0, org.springframework.test.context.support.DirtiesContextBeforeModesTestExecutionListener@2ba9ac59, org.springframework.boot.test.mock.mockito.MockitoTestExecutionListener@3d096470, org.springframework.boot.test.autoconfigure.SpringBootDependencyInjectionTestExecutionListener@3e0275f2, org.springframework.test.context.support.DirtiesContextTestExecutionListener@48e81a76, org.springframework.security.test.context.support.WithSecurityContextTestExecutionListener@2e45ac56, org.springframework.test.context.event.EventPublishingTestExecutionListener@5819770a, org.springframework.security.test.context.support.ReactorContextTestExecutionListener@7519241e, org.springframework.boot.test.autoconfigure.restdocs.RestDocsTestExecutionListener@7daabb61, org.springframework.boot.test.autoconfigure.web.client.MockRestServiceServerResetTestExecutionListener@7e0e9f9e, org.springframework.boot.test.autoconfigure.web.servlet.MockMvcPrintOnlyOnFailureTestExecutionListener@6dbc1672, org.springframework.boot.test.autoconfigure.web.servlet.WebDriverTestExecutionListener@5139f60f, org.springframework.boot.test.mock.mockito.ResetMocksTestExecutionListener@79e02efa]
]]></system-out>
  <system-err><![CDATA[]]></system-err>
</testsuite>
