<?xml version="1.0" encoding="UTF-8"?>
<testsuite name="CSCI5308.GroupFormationTool.RepositoryTest.StudentRepositoryTest" tests="1" skipped="0" failures="0" errors="0" timestamp="2020-06-18T20:08:56" hostname="Prabhjots-MacBook-Pro.local" time="0.001">
  <properties/>
  <testcase name="createStudentTest()" classname="CSCI5308.GroupFormationTool.RepositoryTest.StudentRepositoryTest" time="0.001"/>
  <system-out><![CDATA[2020-06-18 17:08:56.813  INFO 17970 --- [    Test worker] .b.t.c.SpringBootTestContextBootstrapper : Neither @ContextConfiguration nor @ContextHierarchy found for test class [CSCI5308.GroupFormationTool.RepositoryTest.StudentRepositoryTest], using SpringBootContextLoader
2020-06-18 17:08:56.814  INFO 17970 --- [    Test worker] o.s.t.c.support.AbstractContextLoader    : Could not detect default resource locations for test class [CSCI5308.GroupFormationTool.RepositoryTest.StudentRepositoryTest]: no resource found for suffixes {-context.xml, Context.groovy}.
2020-06-18 17:08:56.814  INFO 17970 --- [    Test worker] t.c.s.AnnotationConfigContextLoaderUtils : Could not detect default configuration classes for test class [CSCI5308.GroupFormationTool.RepositoryTest.StudentRepositoryTest]: StudentRepositoryTest does not declare any static, non-private, non-final, nested classes annotated with @Configuration.
2020-06-18 17:08:56.815  INFO 17970 --- [    Test worker] .b.t.c.SpringBootTestContextBootstrapper : Found @SpringBootConfiguration CSCI5308.GroupFormationTool.GroupFormationToolApplication for test class CSCI5308.GroupFormationTool.RepositoryTest.StudentRepositoryTest
2020-06-18 17:08:56.816  INFO 17970 --- [    Test worker] .b.t.c.SpringBootTestContextBootstrapper : Loaded default TestExecutionListener class names from location [META-INF/spring.factories]: [org.springframework.security.test.context.support.WithSecurityContextTestExecutionListener, org.springframework.security.test.context.support.ReactorContextTestExecutionListener, org.springframework.boot.test.autoconfigure.restdocs.RestDocsTestExecutionListener, org.springframework.boot.test.autoconfigure.web.client.MockRestServiceServerResetTestExecutionListener, org.springframework.boot.test.autoconfigure.web.servlet.MockMvcPrintOnlyOnFailureTestExecutionListener, org.springframework.boot.test.autoconfigure.web.servlet.WebDriverTestExecutionListener, org.springframework.boot.test.mock.mockito.MockitoTestExecutionListener, org.springframework.boot.test.mock.mockito.ResetMocksTestExecutionListener, org.springframework.test.context.web.ServletTestExecutionListener, org.springframework.test.context.support.DirtiesContextBeforeModesTestExecutionListener, org.springframework.test.context.support.DependencyInjectionTestExecutionListener, org.springframework.test.context.support.DirtiesContextTestExecutionListener, org.springframework.test.context.transaction.TransactionalTestExecutionListener, org.springframework.test.context.jdbc.SqlScriptsTestExecutionListener, org.springframework.test.context.event.EventPublishingTestExecutionListener]
2020-06-18 17:08:56.817  INFO 17970 --- [    Test worker] .b.t.c.SpringBootTestContextBootstrapper : Using TestExecutionListeners: [org.springframework.test.context.web.ServletTestExecutionListener@8cd35cb, org.springframework.test.context.support.DirtiesContextBeforeModesTestExecutionListener@1bdf125f, org.springframework.boot.test.mock.mockito.MockitoTestExecutionListener@7e8dfd7a, org.springframework.boot.test.autoconfigure.SpringBootDependencyInjectionTestExecutionListener@773d92de, org.springframework.test.context.support.DirtiesContextTestExecutionListener@163f829f, org.springframework.security.test.context.support.WithSecurityContextTestExecutionListener@759137ed, org.springframework.test.context.event.EventPublishingTestExecutionListener@64e67208, org.springframework.security.test.context.support.ReactorContextTestExecutionListener@7f56b728, org.springframework.boot.test.autoconfigure.restdocs.RestDocsTestExecutionListener@1517e927, org.springframework.boot.test.autoconfigure.web.client.MockRestServiceServerResetTestExecutionListener@69c59a37, org.springframework.boot.test.autoconfigure.web.servlet.MockMvcPrintOnlyOnFailureTestExecutionListener@3ee4c335, org.springframework.boot.test.autoconfigure.web.servlet.WebDriverTestExecutionListener@74c1cc36, org.springframework.boot.test.mock.mockito.ResetMocksTestExecutionListener@5e354d58]
]]></system-out>
  <system-err><![CDATA[]]></system-err>
</testsuite>
