<?xml version="1.0" encoding="UTF-8"?>
<testsuite name="CSCI5308.GroupFormationTool.RepositoryTest.QuestionRepositoryTest" tests="6" skipped="0" failures="0" errors="0" timestamp="2020-06-18T20:08:56" hostname="Prabhjots-MacBook-Pro.local" time="0.011">
  <properties/>
  <testcase name="getQuestionListForInstructorTest()" classname="CSCI5308.GroupFormationTool.RepositoryTest.QuestionRepositoryTest" time="0.002"/>
  <testcase name="deleteQuestionTest()" classname="CSCI5308.GroupFormationTool.RepositoryTest.QuestionRepositoryTest" time="0.001"/>
  <testcase name="getSortedQuestionListForInstructorTest()" classname="CSCI5308.GroupFormationTool.RepositoryTest.QuestionRepositoryTest" time="0.002"/>
  <testcase name="getQuestionByIdTest()" classname="CSCI5308.GroupFormationTool.RepositoryTest.QuestionRepositoryTest" time="0.001"/>
  <testcase name="getOptionsForTheQuestionTest()" classname="CSCI5308.GroupFormationTool.RepositoryTest.QuestionRepositoryTest" time="0.002"/>
  <testcase name="createQuestionTest()" classname="CSCI5308.GroupFormationTool.RepositoryTest.QuestionRepositoryTest" time="0.001"/>
  <system-out><![CDATA[2020-06-18 17:08:56.822  INFO 17970 --- [    Test worker] .b.t.c.SpringBootTestContextBootstrapper : Neither @ContextConfiguration nor @ContextHierarchy found for test class [CSCI5308.GroupFormationTool.RepositoryTest.QuestionRepositoryTest], using SpringBootContextLoader
2020-06-18 17:08:56.822  INFO 17970 --- [    Test worker] o.s.t.c.support.AbstractContextLoader    : Could not detect default resource locations for test class [CSCI5308.GroupFormationTool.RepositoryTest.QuestionRepositoryTest]: no resource found for suffixes {-context.xml, Context.groovy}.
2020-06-18 17:08:56.823  INFO 17970 --- [    Test worker] t.c.s.AnnotationConfigContextLoaderUtils : Could not detect default configuration classes for test class [CSCI5308.GroupFormationTool.RepositoryTest.QuestionRepositoryTest]: QuestionRepositoryTest does not declare any static, non-private, non-final, nested classes annotated with @Configuration.
2020-06-18 17:08:56.823  INFO 17970 --- [    Test worker] .b.t.c.SpringBootTestContextBootstrapper : Found @SpringBootConfiguration CSCI5308.GroupFormationTool.GroupFormationToolApplication for test class CSCI5308.GroupFormationTool.RepositoryTest.QuestionRepositoryTest
2020-06-18 17:08:56.824  INFO 17970 --- [    Test worker] .b.t.c.SpringBootTestContextBootstrapper : Loaded default TestExecutionListener class names from location [META-INF/spring.factories]: [org.springframework.security.test.context.support.WithSecurityContextTestExecutionListener, org.springframework.security.test.context.support.ReactorContextTestExecutionListener, org.springframework.boot.test.autoconfigure.restdocs.RestDocsTestExecutionListener, org.springframework.boot.test.autoconfigure.web.client.MockRestServiceServerResetTestExecutionListener, org.springframework.boot.test.autoconfigure.web.servlet.MockMvcPrintOnlyOnFailureTestExecutionListener, org.springframework.boot.test.autoconfigure.web.servlet.WebDriverTestExecutionListener, org.springframework.boot.test.mock.mockito.MockitoTestExecutionListener, org.springframework.boot.test.mock.mockito.ResetMocksTestExecutionListener, org.springframework.test.context.web.ServletTestExecutionListener, org.springframework.test.context.support.DirtiesContextBeforeModesTestExecutionListener, org.springframework.test.context.support.DependencyInjectionTestExecutionListener, org.springframework.test.context.support.DirtiesContextTestExecutionListener, org.springframework.test.context.transaction.TransactionalTestExecutionListener, org.springframework.test.context.jdbc.SqlScriptsTestExecutionListener, org.springframework.test.context.event.EventPublishingTestExecutionListener]
2020-06-18 17:08:56.825  INFO 17970 --- [    Test worker] .b.t.c.SpringBootTestContextBootstrapper : Using TestExecutionListeners: [org.springframework.test.context.web.ServletTestExecutionListener@19bf8bc2, org.springframework.test.context.support.DirtiesContextBeforeModesTestExecutionListener@1366c704, org.springframework.boot.test.mock.mockito.MockitoTestExecutionListener@67d13ba5, org.springframework.boot.test.autoconfigure.SpringBootDependencyInjectionTestExecutionListener@1b73cbbc, org.springframework.test.context.support.DirtiesContextTestExecutionListener@7e77a28b, org.springframework.security.test.context.support.WithSecurityContextTestExecutionListener@5b0c14a6, org.springframework.test.context.event.EventPublishingTestExecutionListener@356e0071, org.springframework.security.test.context.support.ReactorContextTestExecutionListener@3045034b, org.springframework.boot.test.autoconfigure.restdocs.RestDocsTestExecutionListener@73e59c32, org.springframework.boot.test.autoconfigure.web.client.MockRestServiceServerResetTestExecutionListener@48770fcc, org.springframework.boot.test.autoconfigure.web.servlet.MockMvcPrintOnlyOnFailureTestExecutionListener@d5ff33b, org.springframework.boot.test.autoconfigure.web.servlet.WebDriverTestExecutionListener@1518e680, org.springframework.boot.test.mock.mockito.ResetMocksTestExecutionListener@4ac3fc1d]
null
[CSCI5308.GroupFormationTool.Model.Choice@1a70bac6, CSCI5308.GroupFormationTool.Model.Choice@4f068e81]
]]></system-out>
  <system-err><![CDATA[]]></system-err>
</testsuite>
