<?xml version="1.0" encoding="UTF-8"?>
<<<<<<< HEAD:build/test-results/test/TEST-CSCI5308.GroupFormationTool.Model.StudentCSVTest.xml
<testsuite name="CSCI5308.GroupFormationTool.Model.StudentCSVTest" tests="11" skipped="0" failures="0" errors="0" timestamp="2020-06-18T20:08:56" hostname="Prabhjots-MacBook-Pro.local" time="0.018">
  <properties/>
  <testcase name="getPasswordTest()" classname="CSCI5308.GroupFormationTool.Model.StudentCSVTest" time="0.001"/>
  <testcase name="getFirstNameTest()" classname="CSCI5308.GroupFormationTool.Model.StudentCSVTest" time="0.001"/>
  <testcase name="setLastNameTest()" classname="CSCI5308.GroupFormationTool.Model.StudentCSVTest" time="0.001"/>
  <testcase name="StudentCSVParameterizedTest()" classname="CSCI5308.GroupFormationTool.Model.StudentCSVTest" time="0.001"/>
  <testcase name="setBannerIdTest()" classname="CSCI5308.GroupFormationTool.Model.StudentCSVTest" time="0.001"/>
  <testcase name="setPasswordTest()" classname="CSCI5308.GroupFormationTool.Model.StudentCSVTest" time="0.001"/>
  <testcase name="setEmailIdTest()" classname="CSCI5308.GroupFormationTool.Model.StudentCSVTest" time="0.002"/>
  <testcase name="setFirstNameTest()" classname="CSCI5308.GroupFormationTool.Model.StudentCSVTest" time="0.002"/>
  <testcase name="getEmailIdTest()" classname="CSCI5308.GroupFormationTool.Model.StudentCSVTest" time="0.002"/>
  <testcase name="getLastNameTest()" classname="CSCI5308.GroupFormationTool.Model.StudentCSVTest" time="0.001"/>
  <testcase name="getBannerIdTest()" classname="CSCI5308.GroupFormationTool.Model.StudentCSVTest" time="0.001"/>
  <system-out><![CDATA[2020-06-18 17:08:56.961  INFO 17970 --- [    Test worker] .b.t.c.SpringBootTestContextBootstrapper : Neither @ContextConfiguration nor @ContextHierarchy found for test class [CSCI5308.GroupFormationTool.Model.StudentCSVTest], using SpringBootContextLoader
2020-06-18 17:08:56.962  INFO 17970 --- [    Test worker] o.s.t.c.support.AbstractContextLoader    : Could not detect default resource locations for test class [CSCI5308.GroupFormationTool.Model.StudentCSVTest]: no resource found for suffixes {-context.xml, Context.groovy}.
2020-06-18 17:08:56.962  INFO 17970 --- [    Test worker] t.c.s.AnnotationConfigContextLoaderUtils : Could not detect default configuration classes for test class [CSCI5308.GroupFormationTool.Model.StudentCSVTest]: StudentCSVTest does not declare any static, non-private, non-final, nested classes annotated with @Configuration.
2020-06-18 17:08:56.963  INFO 17970 --- [    Test worker] .b.t.c.SpringBootTestContextBootstrapper : Found @SpringBootConfiguration CSCI5308.GroupFormationTool.GroupFormationToolApplication for test class CSCI5308.GroupFormationTool.Model.StudentCSVTest
2020-06-18 17:08:56.964  INFO 17970 --- [    Test worker] .b.t.c.SpringBootTestContextBootstrapper : Loaded default TestExecutionListener class names from location [META-INF/spring.factories]: [org.springframework.security.test.context.support.WithSecurityContextTestExecutionListener, org.springframework.security.test.context.support.ReactorContextTestExecutionListener, org.springframework.boot.test.autoconfigure.restdocs.RestDocsTestExecutionListener, org.springframework.boot.test.autoconfigure.web.client.MockRestServiceServerResetTestExecutionListener, org.springframework.boot.test.autoconfigure.web.servlet.MockMvcPrintOnlyOnFailureTestExecutionListener, org.springframework.boot.test.autoconfigure.web.servlet.WebDriverTestExecutionListener, org.springframework.boot.test.mock.mockito.MockitoTestExecutionListener, org.springframework.boot.test.mock.mockito.ResetMocksTestExecutionListener, org.springframework.test.context.web.ServletTestExecutionListener, org.springframework.test.context.support.DirtiesContextBeforeModesTestExecutionListener, org.springframework.test.context.support.DependencyInjectionTestExecutionListener, org.springframework.test.context.support.DirtiesContextTestExecutionListener, org.springframework.test.context.transaction.TransactionalTestExecutionListener, org.springframework.test.context.jdbc.SqlScriptsTestExecutionListener, org.springframework.test.context.event.EventPublishingTestExecutionListener]
2020-06-18 17:08:56.965  INFO 17970 --- [    Test worker] .b.t.c.SpringBootTestContextBootstrapper : Using TestExecutionListeners: [org.springframework.test.context.web.ServletTestExecutionListener@683d76bd, org.springframework.test.context.support.DirtiesContextBeforeModesTestExecutionListener@39b9e4a0, org.springframework.boot.test.mock.mockito.MockitoTestExecutionListener@2ba9ac59, org.springframework.boot.test.autoconfigure.SpringBootDependencyInjectionTestExecutionListener@3d096470, org.springframework.test.context.support.DirtiesContextTestExecutionListener@3e0275f2, org.springframework.security.test.context.support.WithSecurityContextTestExecutionListener@48e81a76, org.springframework.test.context.event.EventPublishingTestExecutionListener@2e45ac56, org.springframework.security.test.context.support.ReactorContextTestExecutionListener@5819770a, org.springframework.boot.test.autoconfigure.restdocs.RestDocsTestExecutionListener@7519241e, org.springframework.boot.test.autoconfigure.web.client.MockRestServiceServerResetTestExecutionListener@7daabb61, org.springframework.boot.test.autoconfigure.web.servlet.MockMvcPrintOnlyOnFailureTestExecutionListener@7e0e9f9e, org.springframework.boot.test.autoconfigure.web.servlet.WebDriverTestExecutionListener@6dbc1672, org.springframework.boot.test.mock.mockito.ResetMocksTestExecutionListener@5139f60f]
=======
<testsuite name="CSCI5308.GroupFormationTool.Course.StudentCSVTest" tests="12" skipped="0" failures="0" errors="0" timestamp="2020-07-07T18:40:36" hostname="Prabhjots-MacBook-Pro.local" time="0.112">
  <properties/>
  <testcase name="getPasswordTest()" classname="CSCI5308.GroupFormationTool.Course.StudentCSVTest" time="0.01"/>
  <testcase name="getFirstNameTest()" classname="CSCI5308.GroupFormationTool.Course.StudentCSVTest" time="0.002"/>
  <testcase name="setLastNameTest()" classname="CSCI5308.GroupFormationTool.Course.StudentCSVTest" time="0.002"/>
  <testcase name="StudentCSVParameterizedTest()" classname="CSCI5308.GroupFormationTool.Course.StudentCSVTest" time="0.002"/>
  <testcase name="setBannerIdTest()" classname="CSCI5308.GroupFormationTool.Course.StudentCSVTest" time="0.002"/>
  <testcase name="setPasswordTest()" classname="CSCI5308.GroupFormationTool.Course.StudentCSVTest" time="0.002"/>
  <testcase name="setEmailIdTest()" classname="CSCI5308.GroupFormationTool.Course.StudentCSVTest" time="0.001"/>
  <testcase name="createStudent()" classname="CSCI5308.GroupFormationTool.Course.StudentCSVTest" time="0.08"/>
  <testcase name="setFirstNameTest()" classname="CSCI5308.GroupFormationTool.Course.StudentCSVTest" time="0.002"/>
  <testcase name="getEmailIdTest()" classname="CSCI5308.GroupFormationTool.Course.StudentCSVTest" time="0.002"/>
  <testcase name="getLastNameTest()" classname="CSCI5308.GroupFormationTool.Course.StudentCSVTest" time="0.002"/>
  <testcase name="getBannerIdTest()" classname="CSCI5308.GroupFormationTool.Course.StudentCSVTest" time="0.002"/>
  <system-out><![CDATA[2020-07-07 15:40:36.483  INFO 22184 --- [    Test worker] .b.t.c.SpringBootTestContextBootstrapper : Neither @ContextConfiguration nor @ContextHierarchy found for test class [CSCI5308.GroupFormationTool.Course.StudentCSVTest], using SpringBootContextLoader
2020-07-07 15:40:36.484  INFO 22184 --- [    Test worker] o.s.t.c.support.AbstractContextLoader    : Could not detect default resource locations for test class [CSCI5308.GroupFormationTool.Course.StudentCSVTest]: no resource found for suffixes {-context.xml, Context.groovy}.
2020-07-07 15:40:36.484  INFO 22184 --- [    Test worker] t.c.s.AnnotationConfigContextLoaderUtils : Could not detect default configuration classes for test class [CSCI5308.GroupFormationTool.Course.StudentCSVTest]: StudentCSVTest does not declare any static, non-private, non-final, nested classes annotated with @Configuration.
2020-07-07 15:40:36.485  INFO 22184 --- [    Test worker] .b.t.c.SpringBootTestContextBootstrapper : Found @SpringBootConfiguration CSCI5308.GroupFormationTool.GroupFormationToolApplication for test class CSCI5308.GroupFormationTool.Course.StudentCSVTest
2020-07-07 15:40:36.486  INFO 22184 --- [    Test worker] .b.t.c.SpringBootTestContextBootstrapper : Loaded default TestExecutionListener class names from location [META-INF/spring.factories]: [org.springframework.security.test.context.support.WithSecurityContextTestExecutionListener, org.springframework.security.test.context.support.ReactorContextTestExecutionListener, org.springframework.boot.test.autoconfigure.restdocs.RestDocsTestExecutionListener, org.springframework.boot.test.autoconfigure.web.client.MockRestServiceServerResetTestExecutionListener, org.springframework.boot.test.autoconfigure.web.servlet.MockMvcPrintOnlyOnFailureTestExecutionListener, org.springframework.boot.test.autoconfigure.web.servlet.WebDriverTestExecutionListener, org.springframework.boot.test.mock.mockito.MockitoTestExecutionListener, org.springframework.boot.test.mock.mockito.ResetMocksTestExecutionListener, org.springframework.test.context.web.ServletTestExecutionListener, org.springframework.test.context.support.DirtiesContextBeforeModesTestExecutionListener, org.springframework.test.context.support.DependencyInjectionTestExecutionListener, org.springframework.test.context.support.DirtiesContextTestExecutionListener, org.springframework.test.context.transaction.TransactionalTestExecutionListener, org.springframework.test.context.jdbc.SqlScriptsTestExecutionListener, org.springframework.test.context.event.EventPublishingTestExecutionListener]
2020-07-07 15:40:36.486  INFO 22184 --- [    Test worker] .b.t.c.SpringBootTestContextBootstrapper : Using TestExecutionListeners: [org.springframework.test.context.web.ServletTestExecutionListener@42079d43, org.springframework.test.context.support.DirtiesContextBeforeModesTestExecutionListener@712d07b2, org.springframework.boot.test.mock.mockito.MockitoTestExecutionListener@6ed7c129, org.springframework.boot.test.autoconfigure.SpringBootDependencyInjectionTestExecutionListener@437b5dd7, org.springframework.test.context.support.DirtiesContextTestExecutionListener@3de82d7e, org.springframework.security.test.context.support.WithSecurityContextTestExecutionListener@2461bde6, org.springframework.test.context.event.EventPublishingTestExecutionListener@746feeca, org.springframework.security.test.context.support.ReactorContextTestExecutionListener@6de38075, org.springframework.boot.test.autoconfigure.restdocs.RestDocsTestExecutionListener@119cc36a, org.springframework.boot.test.autoconfigure.web.client.MockRestServiceServerResetTestExecutionListener@383bc232, org.springframework.boot.test.autoconfigure.web.servlet.MockMvcPrintOnlyOnFailureTestExecutionListener@33a96241, org.springframework.boot.test.autoconfigure.web.servlet.WebDriverTestExecutionListener@42b8bc69, org.springframework.boot.test.mock.mockito.ResetMocksTestExecutionListener@35c8a0c7]
>>>>>>> hotfix:build/test-results/test/TEST-CSCI5308.GroupFormationTool.Course.StudentCSVTest.xml
]]></system-out>
  <system-err><![CDATA[]]></system-err>
</testsuite>
