<?xml version="1.0" encoding="UTF-8"?>
<testsuite name="CSCI5308.GroupFormationTool.Question.QuestionAdminRepositoryTest" tests="4" skipped="0" failures="0" errors="0" timestamp="2020-07-09T16:19:41" hostname="Prabhjots-MacBook-Pro.local" time="0.006">
  <properties/>
  <testcase name="getQuestionListForInstructorTest()" classname="CSCI5308.GroupFormationTool.Question.QuestionAdminRepositoryTest" time="0.002"/>
  <testcase name="getSortedQuestionListForInstructorTest()" classname="CSCI5308.GroupFormationTool.Question.QuestionAdminRepositoryTest" time="0.001"/>
  <testcase name="getQuestionByIdTest()" classname="CSCI5308.GroupFormationTool.Question.QuestionAdminRepositoryTest" time="0.001"/>
  <testcase name="getOptionsForTheQuestionTest()" classname="CSCI5308.GroupFormationTool.Question.QuestionAdminRepositoryTest" time="0.001"/>
  <system-out><![CDATA[2020-07-09 13:19:41.765  INFO 7122 --- [    Test worker] .b.t.c.SpringBootTestContextBootstrapper : Neither @ContextConfiguration nor @ContextHierarchy found for test class [CSCI5308.GroupFormationTool.Question.QuestionAdminRepositoryTest], using SpringBootContextLoader
2020-07-09 13:19:41.765  INFO 7122 --- [    Test worker] o.s.t.c.support.AbstractContextLoader    : Could not detect default resource locations for test class [CSCI5308.GroupFormationTool.Question.QuestionAdminRepositoryTest]: no resource found for suffixes {-context.xml, Context.groovy}.
2020-07-09 13:19:41.766  INFO 7122 --- [    Test worker] t.c.s.AnnotationConfigContextLoaderUtils : Could not detect default configuration classes for test class [CSCI5308.GroupFormationTool.Question.QuestionAdminRepositoryTest]: QuestionAdminRepositoryTest does not declare any static, non-private, non-final, nested classes annotated with @Configuration.
2020-07-09 13:19:41.766  INFO 7122 --- [    Test worker] .b.t.c.SpringBootTestContextBootstrapper : Found @SpringBootConfiguration CSCI5308.GroupFormationTool.GroupFormationToolApplication for test class CSCI5308.GroupFormationTool.Question.QuestionAdminRepositoryTest
2020-07-09 13:19:41.767  INFO 7122 --- [    Test worker] .b.t.c.SpringBootTestContextBootstrapper : Loaded default TestExecutionListener class names from location [META-INF/spring.factories]: [org.springframework.security.test.context.support.WithSecurityContextTestExecutionListener, org.springframework.security.test.context.support.ReactorContextTestExecutionListener, org.springframework.boot.test.autoconfigure.restdocs.RestDocsTestExecutionListener, org.springframework.boot.test.autoconfigure.web.client.MockRestServiceServerResetTestExecutionListener, org.springframework.boot.test.autoconfigure.web.servlet.MockMvcPrintOnlyOnFailureTestExecutionListener, org.springframework.boot.test.autoconfigure.web.servlet.WebDriverTestExecutionListener, org.springframework.boot.test.mock.mockito.MockitoTestExecutionListener, org.springframework.boot.test.mock.mockito.ResetMocksTestExecutionListener, org.springframework.test.context.web.ServletTestExecutionListener, org.springframework.test.context.support.DirtiesContextBeforeModesTestExecutionListener, org.springframework.test.context.support.DependencyInjectionTestExecutionListener, org.springframework.test.context.support.DirtiesContextTestExecutionListener, org.springframework.test.context.transaction.TransactionalTestExecutionListener, org.springframework.test.context.jdbc.SqlScriptsTestExecutionListener, org.springframework.test.context.event.EventPublishingTestExecutionListener]
2020-07-09 13:19:41.768  INFO 7122 --- [    Test worker] .b.t.c.SpringBootTestContextBootstrapper : Using TestExecutionListeners: [org.springframework.test.context.web.ServletTestExecutionListener@5a25b1e7, org.springframework.test.context.support.DirtiesContextBeforeModesTestExecutionListener@5abe76ec, org.springframework.boot.test.mock.mockito.MockitoTestExecutionListener@654569d, org.springframework.boot.test.autoconfigure.SpringBootDependencyInjectionTestExecutionListener@50408c04, org.springframework.test.context.support.DirtiesContextTestExecutionListener@279db562, org.springframework.security.test.context.support.WithSecurityContextTestExecutionListener@e3dbe6b, org.springframework.test.context.event.EventPublishingTestExecutionListener@2af9e18f, org.springframework.security.test.context.support.ReactorContextTestExecutionListener@7e0d6878, org.springframework.boot.test.autoconfigure.restdocs.RestDocsTestExecutionListener@3471e47e, org.springframework.boot.test.autoconfigure.web.client.MockRestServiceServerResetTestExecutionListener@575cda7d, org.springframework.boot.test.autoconfigure.web.servlet.MockMvcPrintOnlyOnFailureTestExecutionListener@324cbc80, org.springframework.boot.test.autoconfigure.web.servlet.WebDriverTestExecutionListener@27974c19, org.springframework.boot.test.mock.mockito.ResetMocksTestExecutionListener@1cfe0e81]
]]></system-out>
  <system-err><![CDATA[]]></system-err>
</testsuite>
