<?xml version="1.0" encoding="UTF-8"?>
<testsuite name="CSCI5308.GroupFormationTool.Course.CourseRepositoryTest" tests="4" skipped="0" failures="0" errors="0" timestamp="2020-07-09T16:19:41" hostname="Prabhjots-MacBook-Pro.local" time="0.008">
  <properties/>
  <testcase name="getCourseById()" classname="CSCI5308.GroupFormationTool.Course.CourseRepositoryTest" time="0.002"/>
  <testcase name="deleteCourseTest()" classname="CSCI5308.GroupFormationTool.Course.CourseRepositoryTest" time="0.001"/>
  <testcase name="createCourse()" classname="CSCI5308.GroupFormationTool.Course.CourseRepositoryTest" time="0.003"/>
  <testcase name="getAllCourses()" classname="CSCI5308.GroupFormationTool.Course.CourseRepositoryTest" time="0.001"/>
  <system-out><![CDATA[2020-07-09 13:19:41.370  INFO 7122 --- [    Test worker] .b.t.c.SpringBootTestContextBootstrapper : Neither @ContextConfiguration nor @ContextHierarchy found for test class [CSCI5308.GroupFormationTool.Course.CourseRepositoryTest], using SpringBootContextLoader
2020-07-09 13:19:41.370  INFO 7122 --- [    Test worker] o.s.t.c.support.AbstractContextLoader    : Could not detect default resource locations for test class [CSCI5308.GroupFormationTool.Course.CourseRepositoryTest]: no resource found for suffixes {-context.xml, Context.groovy}.
2020-07-09 13:19:41.370  INFO 7122 --- [    Test worker] t.c.s.AnnotationConfigContextLoaderUtils : Could not detect default configuration classes for test class [CSCI5308.GroupFormationTool.Course.CourseRepositoryTest]: CourseRepositoryTest does not declare any static, non-private, non-final, nested classes annotated with @Configuration.
2020-07-09 13:19:41.379  INFO 7122 --- [    Test worker] .b.t.c.SpringBootTestContextBootstrapper : Found @SpringBootConfiguration CSCI5308.GroupFormationTool.GroupFormationToolApplication for test class CSCI5308.GroupFormationTool.Course.CourseRepositoryTest
2020-07-09 13:19:41.380  INFO 7122 --- [    Test worker] .b.t.c.SpringBootTestContextBootstrapper : Loaded default TestExecutionListener class names from location [META-INF/spring.factories]: [org.springframework.security.test.context.support.WithSecurityContextTestExecutionListener, org.springframework.security.test.context.support.ReactorContextTestExecutionListener, org.springframework.boot.test.autoconfigure.restdocs.RestDocsTestExecutionListener, org.springframework.boot.test.autoconfigure.web.client.MockRestServiceServerResetTestExecutionListener, org.springframework.boot.test.autoconfigure.web.servlet.MockMvcPrintOnlyOnFailureTestExecutionListener, org.springframework.boot.test.autoconfigure.web.servlet.WebDriverTestExecutionListener, org.springframework.boot.test.mock.mockito.MockitoTestExecutionListener, org.springframework.boot.test.mock.mockito.ResetMocksTestExecutionListener, org.springframework.test.context.web.ServletTestExecutionListener, org.springframework.test.context.support.DirtiesContextBeforeModesTestExecutionListener, org.springframework.test.context.support.DependencyInjectionTestExecutionListener, org.springframework.test.context.support.DirtiesContextTestExecutionListener, org.springframework.test.context.transaction.TransactionalTestExecutionListener, org.springframework.test.context.jdbc.SqlScriptsTestExecutionListener, org.springframework.test.context.event.EventPublishingTestExecutionListener]
2020-07-09 13:19:41.381  INFO 7122 --- [    Test worker] .b.t.c.SpringBootTestContextBootstrapper : Using TestExecutionListeners: [org.springframework.test.context.web.ServletTestExecutionListener@2429cbfc, org.springframework.test.context.support.DirtiesContextBeforeModesTestExecutionListener@25941526, org.springframework.boot.test.mock.mockito.MockitoTestExecutionListener@e013909, org.springframework.boot.test.autoconfigure.SpringBootDependencyInjectionTestExecutionListener@78f0245a, org.springframework.test.context.support.DirtiesContextTestExecutionListener@126c7693, org.springframework.security.test.context.support.WithSecurityContextTestExecutionListener@17547cdd, org.springframework.test.context.event.EventPublishingTestExecutionListener@101ad64f, org.springframework.security.test.context.support.ReactorContextTestExecutionListener@6931f2e2, org.springframework.boot.test.autoconfigure.restdocs.RestDocsTestExecutionListener@1818d9b9, org.springframework.boot.test.autoconfigure.web.client.MockRestServiceServerResetTestExecutionListener@2c9efcf3, org.springframework.boot.test.autoconfigure.web.servlet.MockMvcPrintOnlyOnFailureTestExecutionListener@6af0ff81, org.springframework.boot.test.autoconfigure.web.servlet.WebDriverTestExecutionListener@c30a6df, org.springframework.boot.test.mock.mockito.ResetMocksTestExecutionListener@523b73f1]
]]></system-out>
  <system-err><![CDATA[]]></system-err>
</testsuite>
