<?xml version="1.0" encoding="UTF-8"?>
<testsuite name="CSCI5308.GroupFormationTool.Model.ChoiceTest" tests="4" skipped="0" failures="0" errors="0" timestamp="2020-07-06T19:13:45" hostname="Prabhjots-MacBook-Pro.local" time="0.006">
  <properties/>
  <testcase name="getText()" classname="CSCI5308.GroupFormationTool.Model.ChoiceTest" time="0.001"/>
  <testcase name="setValue()" classname="CSCI5308.GroupFormationTool.Model.ChoiceTest" time="0.001"/>
  <testcase name="getValue()" classname="CSCI5308.GroupFormationTool.Model.ChoiceTest" time="0.001"/>
  <testcase name="setText()" classname="CSCI5308.GroupFormationTool.Model.ChoiceTest" time="0.001"/>
  <system-out><![CDATA[2020-07-06 16:13:45.994  INFO 19189 --- [    Test worker] .b.t.c.SpringBootTestContextBootstrapper : Neither @ContextConfiguration nor @ContextHierarchy found for test class [CSCI5308.GroupFormationTool.Model.ChoiceTest], using SpringBootContextLoader
2020-07-06 16:13:45.994  INFO 19189 --- [    Test worker] o.s.t.c.support.AbstractContextLoader    : Could not detect default resource locations for test class [CSCI5308.GroupFormationTool.Model.ChoiceTest]: no resource found for suffixes {-context.xml, Context.groovy}.
2020-07-06 16:13:45.994  INFO 19189 --- [    Test worker] t.c.s.AnnotationConfigContextLoaderUtils : Could not detect default configuration classes for test class [CSCI5308.GroupFormationTool.Model.ChoiceTest]: ChoiceTest does not declare any static, non-private, non-final, nested classes annotated with @Configuration.
2020-07-06 16:13:45.995  INFO 19189 --- [    Test worker] .b.t.c.SpringBootTestContextBootstrapper : Found @SpringBootConfiguration CSCI5308.GroupFormationTool.GroupFormationToolApplication for test class CSCI5308.GroupFormationTool.Model.ChoiceTest
2020-07-06 16:13:45.996  INFO 19189 --- [    Test worker] .b.t.c.SpringBootTestContextBootstrapper : Loaded default TestExecutionListener class names from location [META-INF/spring.factories]: [org.springframework.security.test.context.support.WithSecurityContextTestExecutionListener, org.springframework.security.test.context.support.ReactorContextTestExecutionListener, org.springframework.boot.test.autoconfigure.restdocs.RestDocsTestExecutionListener, org.springframework.boot.test.autoconfigure.web.client.MockRestServiceServerResetTestExecutionListener, org.springframework.boot.test.autoconfigure.web.servlet.MockMvcPrintOnlyOnFailureTestExecutionListener, org.springframework.boot.test.autoconfigure.web.servlet.WebDriverTestExecutionListener, org.springframework.boot.test.mock.mockito.MockitoTestExecutionListener, org.springframework.boot.test.mock.mockito.ResetMocksTestExecutionListener, org.springframework.test.context.web.ServletTestExecutionListener, org.springframework.test.context.support.DirtiesContextBeforeModesTestExecutionListener, org.springframework.test.context.support.DependencyInjectionTestExecutionListener, org.springframework.test.context.support.DirtiesContextTestExecutionListener, org.springframework.test.context.transaction.TransactionalTestExecutionListener, org.springframework.test.context.jdbc.SqlScriptsTestExecutionListener, org.springframework.test.context.event.EventPublishingTestExecutionListener]
2020-07-06 16:13:45.997  INFO 19189 --- [    Test worker] .b.t.c.SpringBootTestContextBootstrapper : Using TestExecutionListeners: [org.springframework.test.context.web.ServletTestExecutionListener@31cb0338, org.springframework.test.context.support.DirtiesContextBeforeModesTestExecutionListener@70c47b2e, org.springframework.boot.test.mock.mockito.MockitoTestExecutionListener@1214d0c3, org.springframework.boot.test.autoconfigure.SpringBootDependencyInjectionTestExecutionListener@857656d, org.springframework.test.context.support.DirtiesContextTestExecutionListener@616c659c, org.springframework.security.test.context.support.WithSecurityContextTestExecutionListener@32227f94, org.springframework.test.context.event.EventPublishingTestExecutionListener@68423db, org.springframework.security.test.context.support.ReactorContextTestExecutionListener@35cb526b, org.springframework.boot.test.autoconfigure.restdocs.RestDocsTestExecutionListener@378991cb, org.springframework.boot.test.autoconfigure.web.client.MockRestServiceServerResetTestExecutionListener@16769671, org.springframework.boot.test.autoconfigure.web.servlet.MockMvcPrintOnlyOnFailureTestExecutionListener@31cbf59f, org.springframework.boot.test.autoconfigure.web.servlet.WebDriverTestExecutionListener@5efca1c7, org.springframework.boot.test.mock.mockito.ResetMocksTestExecutionListener@2580641a]
]]></system-out>
  <system-err><![CDATA[]]></system-err>
</testsuite>
