<?xml version="1.0" encoding="UTF-8"?>
<testsuite name="CSCI5308.GroupFormationTool.Security.BCryptEncryptionTest" tests="1" skipped="0" failures="0" errors="0" timestamp="2020-07-09T16:37:33" hostname="Prabhjots-MacBook-Pro.local" time="0.001">
  <properties/>
  <testcase name="encryptPasswordTest()" classname="CSCI5308.GroupFormationTool.Security.BCryptEncryptionTest" time="0.001"/>
  <system-out><![CDATA[2020-07-09 13:37:33.776  INFO 7318 --- [    Test worker] .b.t.c.SpringBootTestContextBootstrapper : Neither @ContextConfiguration nor @ContextHierarchy found for test class [CSCI5308.GroupFormationTool.Security.BCryptEncryptionTest], using SpringBootContextLoader
2020-07-09 13:37:33.776  INFO 7318 --- [    Test worker] o.s.t.c.support.AbstractContextLoader    : Could not detect default resource locations for test class [CSCI5308.GroupFormationTool.Security.BCryptEncryptionTest]: no resource found for suffixes {-context.xml, Context.groovy}.
2020-07-09 13:37:33.776  INFO 7318 --- [    Test worker] t.c.s.AnnotationConfigContextLoaderUtils : Could not detect default configuration classes for test class [CSCI5308.GroupFormationTool.Security.BCryptEncryptionTest]: BCryptEncryptionTest does not declare any static, non-private, non-final, nested classes annotated with @Configuration.
2020-07-09 13:37:33.778  INFO 7318 --- [    Test worker] .b.t.c.SpringBootTestContextBootstrapper : Found @SpringBootConfiguration CSCI5308.GroupFormationTool.GroupFormationToolApplication for test class CSCI5308.GroupFormationTool.Security.BCryptEncryptionTest
2020-07-09 13:37:33.779  INFO 7318 --- [    Test worker] .b.t.c.SpringBootTestContextBootstrapper : Loaded default TestExecutionListener class names from location [META-INF/spring.factories]: [org.springframework.security.test.context.support.WithSecurityContextTestExecutionListener, org.springframework.security.test.context.support.ReactorContextTestExecutionListener, org.springframework.boot.test.autoconfigure.restdocs.RestDocsTestExecutionListener, org.springframework.boot.test.autoconfigure.web.client.MockRestServiceServerResetTestExecutionListener, org.springframework.boot.test.autoconfigure.web.servlet.MockMvcPrintOnlyOnFailureTestExecutionListener, org.springframework.boot.test.autoconfigure.web.servlet.WebDriverTestExecutionListener, org.springframework.boot.test.mock.mockito.MockitoTestExecutionListener, org.springframework.boot.test.mock.mockito.ResetMocksTestExecutionListener, org.springframework.test.context.web.ServletTestExecutionListener, org.springframework.test.context.support.DirtiesContextBeforeModesTestExecutionListener, org.springframework.test.context.support.DependencyInjectionTestExecutionListener, org.springframework.test.context.support.DirtiesContextTestExecutionListener, org.springframework.test.context.transaction.TransactionalTestExecutionListener, org.springframework.test.context.jdbc.SqlScriptsTestExecutionListener, org.springframework.test.context.event.EventPublishingTestExecutionListener]
2020-07-09 13:37:33.781  INFO 7318 --- [    Test worker] .b.t.c.SpringBootTestContextBootstrapper : Using TestExecutionListeners: [org.springframework.test.context.web.ServletTestExecutionListener@14ecfad2, org.springframework.test.context.support.DirtiesContextBeforeModesTestExecutionListener@6702df8, org.springframework.boot.test.mock.mockito.MockitoTestExecutionListener@6f1f36ab, org.springframework.boot.test.autoconfigure.SpringBootDependencyInjectionTestExecutionListener@501342a8, org.springframework.test.context.support.DirtiesContextTestExecutionListener@235a1812, org.springframework.security.test.context.support.WithSecurityContextTestExecutionListener@2442ee6c, org.springframework.test.context.event.EventPublishingTestExecutionListener@327e2e21, org.springframework.security.test.context.support.ReactorContextTestExecutionListener@78b23cc4, org.springframework.boot.test.autoconfigure.restdocs.RestDocsTestExecutionListener@bdb2148, org.springframework.boot.test.autoconfigure.web.client.MockRestServiceServerResetTestExecutionListener@38d98fd1, org.springframework.boot.test.autoconfigure.web.servlet.MockMvcPrintOnlyOnFailureTestExecutionListener@7b95b1cd, org.springframework.boot.test.autoconfigure.web.servlet.WebDriverTestExecutionListener@1228e667, org.springframework.boot.test.mock.mockito.ResetMocksTestExecutionListener@40ab540b]
]]></system-out>
  <system-err><![CDATA[]]></system-err>
</testsuite>
