<?xml version="1.0" encoding="UTF-8"?>
<testsuite name="CSCI5308.GroupFormationTool.User.UserRepositoryTest" tests="4" skipped="0" failures="0" errors="0" timestamp="2020-07-09T16:19:41" hostname="Prabhjots-MacBook-Pro.local" time="0.008">
  <properties/>
  <testcase name="createUserTest()" classname="CSCI5308.GroupFormationTool.User.UserRepositoryTest" time="0.001"/>
  <testcase name="getUserByBannerIdTest()" classname="CSCI5308.GroupFormationTool.User.UserRepositoryTest" time="0.004"/>
  <testcase name="getUserByEmailIdTest()" classname="CSCI5308.GroupFormationTool.User.UserRepositoryTest" time="0.001"/>
  <testcase name="getAdminDetailsTest()" classname="CSCI5308.GroupFormationTool.User.UserRepositoryTest" time="0.001"/>
  <system-out><![CDATA[2020-07-09 13:19:41.686  INFO 7122 --- [    Test worker] .b.t.c.SpringBootTestContextBootstrapper : Neither @ContextConfiguration nor @ContextHierarchy found for test class [CSCI5308.GroupFormationTool.User.UserRepositoryTest], using SpringBootContextLoader
2020-07-09 13:19:41.686  INFO 7122 --- [    Test worker] o.s.t.c.support.AbstractContextLoader    : Could not detect default resource locations for test class [CSCI5308.GroupFormationTool.User.UserRepositoryTest]: no resource found for suffixes {-context.xml, Context.groovy}.
2020-07-09 13:19:41.687  INFO 7122 --- [    Test worker] t.c.s.AnnotationConfigContextLoaderUtils : Could not detect default configuration classes for test class [CSCI5308.GroupFormationTool.User.UserRepositoryTest]: UserRepositoryTest does not declare any static, non-private, non-final, nested classes annotated with @Configuration.
2020-07-09 13:19:41.687  INFO 7122 --- [    Test worker] .b.t.c.SpringBootTestContextBootstrapper : Found @SpringBootConfiguration CSCI5308.GroupFormationTool.GroupFormationToolApplication for test class CSCI5308.GroupFormationTool.User.UserRepositoryTest
2020-07-09 13:19:41.688  INFO 7122 --- [    Test worker] .b.t.c.SpringBootTestContextBootstrapper : Loaded default TestExecutionListener class names from location [META-INF/spring.factories]: [org.springframework.security.test.context.support.WithSecurityContextTestExecutionListener, org.springframework.security.test.context.support.ReactorContextTestExecutionListener, org.springframework.boot.test.autoconfigure.restdocs.RestDocsTestExecutionListener, org.springframework.boot.test.autoconfigure.web.client.MockRestServiceServerResetTestExecutionListener, org.springframework.boot.test.autoconfigure.web.servlet.MockMvcPrintOnlyOnFailureTestExecutionListener, org.springframework.boot.test.autoconfigure.web.servlet.WebDriverTestExecutionListener, org.springframework.boot.test.mock.mockito.MockitoTestExecutionListener, org.springframework.boot.test.mock.mockito.ResetMocksTestExecutionListener, org.springframework.test.context.web.ServletTestExecutionListener, org.springframework.test.context.support.DirtiesContextBeforeModesTestExecutionListener, org.springframework.test.context.support.DependencyInjectionTestExecutionListener, org.springframework.test.context.support.DirtiesContextTestExecutionListener, org.springframework.test.context.transaction.TransactionalTestExecutionListener, org.springframework.test.context.jdbc.SqlScriptsTestExecutionListener, org.springframework.test.context.event.EventPublishingTestExecutionListener]
2020-07-09 13:19:41.689  INFO 7122 --- [    Test worker] .b.t.c.SpringBootTestContextBootstrapper : Using TestExecutionListeners: [org.springframework.test.context.web.ServletTestExecutionListener@2b284557, org.springframework.test.context.support.DirtiesContextBeforeModesTestExecutionListener@21bf396e, org.springframework.boot.test.mock.mockito.MockitoTestExecutionListener@58a9d9e3, org.springframework.boot.test.autoconfigure.SpringBootDependencyInjectionTestExecutionListener@225213e1, org.springframework.test.context.support.DirtiesContextTestExecutionListener@4bb9e801, org.springframework.security.test.context.support.WithSecurityContextTestExecutionListener@1395cc51, org.springframework.test.context.event.EventPublishingTestExecutionListener@5657901, org.springframework.security.test.context.support.ReactorContextTestExecutionListener@371aaf57, org.springframework.boot.test.autoconfigure.restdocs.RestDocsTestExecutionListener@33e7a055, org.springframework.boot.test.autoconfigure.web.client.MockRestServiceServerResetTestExecutionListener@e2d053c, org.springframework.boot.test.autoconfigure.web.servlet.MockMvcPrintOnlyOnFailureTestExecutionListener@20aec889, org.springframework.boot.test.autoconfigure.web.servlet.WebDriverTestExecutionListener@42acabdc, org.springframework.boot.test.mock.mockito.ResetMocksTestExecutionListener@4cc75ed4]
]]></system-out>
  <system-err><![CDATA[]]></system-err>
</testsuite>
