<?xml version="1.0" encoding="UTF-8"?>
<testsuite name="CSCI5308.GroupFormationTool.Password.ForgotPasswordRepositoryTest" tests="7" skipped="0" failures="0" errors="0" timestamp="2020-07-16T20:11:27" hostname="Prabhjots-MacBook-Pro.local" time="0.864">
  <properties/>
  <testcase name="updatePasswordTest()" classname="CSCI5308.GroupFormationTool.Password.ForgotPasswordRepositoryTest" time="0.841"/>
  <testcase name="getEmailByTokenTest()" classname="CSCI5308.GroupFormationTool.Password.ForgotPasswordRepositoryTest" time="0.003"/>
  <testcase name="addTokenTest()" classname="CSCI5308.GroupFormationTool.Password.ForgotPasswordRepositoryTest" time="0.003"/>
  <testcase name="getTokenTest()" classname="CSCI5308.GroupFormationTool.Password.ForgotPasswordRepositoryTest" time="0.002"/>
  <testcase name="deleteTokenTest()" classname="CSCI5308.GroupFormationTool.Password.ForgotPasswordRepositoryTest" time="0.003"/>
  <testcase name="getUserIdTest()" classname="CSCI5308.GroupFormationTool.Password.ForgotPasswordRepositoryTest" time="0.003"/>
  <testcase name="updateTokenTest()" classname="CSCI5308.GroupFormationTool.Password.ForgotPasswordRepositoryTest" time="0.004"/>
  <system-out><![CDATA[17:11:24.085 [Test worker] DEBUG org.springframework.test.context.BootstrapUtils - Instantiating CacheAwareContextLoaderDelegate from class [org.springframework.test.context.cache.DefaultCacheAwareContextLoaderDelegate]
17:11:24.099 [Test worker] DEBUG org.springframework.test.context.BootstrapUtils - Instantiating BootstrapContext using constructor [public org.springframework.test.context.support.DefaultBootstrapContext(java.lang.Class,org.springframework.test.context.CacheAwareContextLoaderDelegate)]
17:11:24.131 [Test worker] DEBUG org.springframework.test.context.BootstrapUtils - Instantiating TestContextBootstrapper for test class [CSCI5308.GroupFormationTool.Password.ForgotPasswordRepositoryTest] from class [org.springframework.boot.test.context.SpringBootTestContextBootstrapper]
17:11:24.150 [Test worker] INFO org.springframework.boot.test.context.SpringBootTestContextBootstrapper - Neither @ContextConfiguration nor @ContextHierarchy found for test class [CSCI5308.GroupFormationTool.Password.ForgotPasswordRepositoryTest], using SpringBootContextLoader
17:11:24.153 [Test worker] DEBUG org.springframework.test.context.support.AbstractContextLoader - Did not detect default resource location for test class [CSCI5308.GroupFormationTool.Password.ForgotPasswordRepositoryTest]: class path resource [CSCI5308/GroupFormationTool/Password/ForgotPasswordRepositoryTest-context.xml] does not exist
17:11:24.154 [Test worker] DEBUG org.springframework.test.context.support.AbstractContextLoader - Did not detect default resource location for test class [CSCI5308.GroupFormationTool.Password.ForgotPasswordRepositoryTest]: class path resource [CSCI5308/GroupFormationTool/Password/ForgotPasswordRepositoryTestContext.groovy] does not exist
17:11:24.154 [Test worker] INFO org.springframework.test.context.support.AbstractContextLoader - Could not detect default resource locations for test class [CSCI5308.GroupFormationTool.Password.ForgotPasswordRepositoryTest]: no resource found for suffixes {-context.xml, Context.groovy}.
17:11:24.155 [Test worker] INFO org.springframework.test.context.support.AnnotationConfigContextLoaderUtils - Could not detect default configuration classes for test class [CSCI5308.GroupFormationTool.Password.ForgotPasswordRepositoryTest]: ForgotPasswordRepositoryTest does not declare any static, non-private, non-final, nested classes annotated with @Configuration.
17:11:24.207 [Test worker] DEBUG org.springframework.test.context.support.ActiveProfilesUtils - Could not find an 'annotation declaring class' for annotation type [org.springframework.test.context.ActiveProfiles] and class [CSCI5308.GroupFormationTool.Password.ForgotPasswordRepositoryTest]
17:11:24.289 [Test worker] DEBUG org.springframework.context.annotation.ClassPathScanningCandidateComponentProvider - Identified candidate component class: file [/Users/prabhjotkaur/git/group22/build/classes/java/main/CSCI5308/GroupFormationTool/GroupFormationToolApplication.class]
17:11:24.289 [Test worker] INFO org.springframework.boot.test.context.SpringBootTestContextBootstrapper - Found @SpringBootConfiguration CSCI5308.GroupFormationTool.GroupFormationToolApplication for test class CSCI5308.GroupFormationTool.Password.ForgotPasswordRepositoryTest
17:11:24.389 [Test worker] DEBUG org.springframework.boot.test.context.SpringBootTestContextBootstrapper - @TestExecutionListeners is not present for class [CSCI5308.GroupFormationTool.Password.ForgotPasswordRepositoryTest]: using defaults.
17:11:24.390 [Test worker] INFO org.springframework.boot.test.context.SpringBootTestContextBootstrapper - Loaded default TestExecutionListener class names from location [META-INF/spring.factories]: [org.springframework.security.test.context.support.WithSecurityContextTestExecutionListener, org.springframework.security.test.context.support.ReactorContextTestExecutionListener, org.springframework.boot.test.autoconfigure.restdocs.RestDocsTestExecutionListener, org.springframework.boot.test.autoconfigure.web.client.MockRestServiceServerResetTestExecutionListener, org.springframework.boot.test.autoconfigure.web.servlet.MockMvcPrintOnlyOnFailureTestExecutionListener, org.springframework.boot.test.autoconfigure.web.servlet.WebDriverTestExecutionListener, org.springframework.boot.test.mock.mockito.MockitoTestExecutionListener, org.springframework.boot.test.mock.mockito.ResetMocksTestExecutionListener, org.springframework.test.context.web.ServletTestExecutionListener, org.springframework.test.context.support.DirtiesContextBeforeModesTestExecutionListener, org.springframework.test.context.support.DependencyInjectionTestExecutionListener, org.springframework.test.context.support.DirtiesContextTestExecutionListener, org.springframework.test.context.transaction.TransactionalTestExecutionListener, org.springframework.test.context.jdbc.SqlScriptsTestExecutionListener, org.springframework.test.context.event.EventPublishingTestExecutionListener]
17:11:24.403 [Test worker] DEBUG org.springframework.boot.test.context.SpringBootTestContextBootstrapper - Skipping candidate TestExecutionListener [org.springframework.test.context.transaction.TransactionalTestExecutionListener] due to a missing dependency. Specify custom listener classes or make the default listener classes and their required dependencies available. Offending class: [org/springframework/transaction/interceptor/TransactionAttributeSource]
17:11:24.404 [Test worker] DEBUG org.springframework.boot.test.context.SpringBootTestContextBootstrapper - Skipping candidate TestExecutionListener [org.springframework.test.context.jdbc.SqlScriptsTestExecutionListener] due to a missing dependency. Specify custom listener classes or make the default listener classes and their required dependencies available. Offending class: [org/springframework/transaction/interceptor/TransactionAttribute]
17:11:24.404 [Test worker] INFO org.springframework.boot.test.context.SpringBootTestContextBootstrapper - Using TestExecutionListeners: [org.springframework.test.context.web.ServletTestExecutionListener@2130dac7, org.springframework.test.context.support.DirtiesContextBeforeModesTestExecutionListener@62c542a, org.springframework.boot.test.mock.mockito.MockitoTestExecutionListener@36403daa, org.springframework.boot.test.autoconfigure.SpringBootDependencyInjectionTestExecutionListener@25a430cd, org.springframework.test.context.support.DirtiesContextTestExecutionListener@265205c, org.springframework.security.test.context.support.WithSecurityContextTestExecutionListener@660cb93e, org.springframework.test.context.event.EventPublishingTestExecutionListener@51167538, org.springframework.security.test.context.support.ReactorContextTestExecutionListener@55b0158f, org.springframework.boot.test.autoconfigure.restdocs.RestDocsTestExecutionListener@7e7cb8a5, org.springframework.boot.test.autoconfigure.web.client.MockRestServiceServerResetTestExecutionListener@7dba2b1d, org.springframework.boot.test.autoconfigure.web.servlet.MockMvcPrintOnlyOnFailureTestExecutionListener@1f673e27, org.springframework.boot.test.autoconfigure.web.servlet.WebDriverTestExecutionListener@4aae5c29, org.springframework.boot.test.mock.mockito.ResetMocksTestExecutionListener@510c7c49]
17:11:24.407 [Test worker] DEBUG org.springframework.test.context.support.AbstractDirtiesContextTestExecutionListener - Before test class: context [DefaultTestContext@59d824f7 testClass = ForgotPasswordRepositoryTest, testInstance = [null], testMethod = [null], testException = [null], mergedContextConfiguration = [WebMergedContextConfiguration@20187372 testClass = ForgotPasswordRepositoryTest, locations = '{}', classes = '{class CSCI5308.GroupFormationTool.GroupFormationToolApplication}', contextInitializerClasses = '[]', activeProfiles = '{}', propertySourceLocations = '{}', propertySourceProperties = '{org.springframework.boot.test.context.SpringBootTestContextBootstrapper=true}', contextCustomizers = set[org.springframework.boot.test.autoconfigure.properties.PropertyMappingContextCustomizer@0, org.springframework.boot.test.autoconfigure.web.servlet.WebDriverContextCustomizerFactory$Customizer@1bb01877, org.springframework.boot.test.context.filter.ExcludeFilterContextCustomizer@2059daf6, org.springframework.boot.test.json.DuplicateJsonObjectContextCustomizerFactory$DuplicateJsonObjectContextCustomizer@5e8d57f9, org.springframework.boot.test.mock.mockito.MockitoContextCustomizer@0, org.springframework.boot.test.web.client.TestRestTemplateContextCustomizer@20f2d8ae, org.springframework.boot.test.context.SpringBootTestArgs@1], resourceBasePath = 'src/main/webapp', contextLoader = 'org.springframework.boot.test.context.SpringBootContextLoader', parent = [null]], attributes = map['org.springframework.test.context.web.ServletTestExecutionListener.activateListener' -> true]], class annotated with @DirtiesContext [false] with mode [null].
17:11:24.432 [Test worker] DEBUG org.springframework.test.context.support.TestPropertySourceUtils - Adding inlined properties to environment: {spring.jmx.enabled=false, org.springframework.boot.test.context.SpringBootTestContextBootstrapper=true, server.port=-1}
LOGBACK: No context given for c.q.l.core.rolling.SizeAndTimeBasedRollingPolicy@385005855

  .   ____          _            __ _ _
 /\\ / ___'_ __ _ _(_)_ __  __ _ \ \ \ \
( ( )\___ | '_ | '_| | '_ \/ _` | \ \ \ \
 \\/  ___)| |_)| | | | | || (_| |  ) ) ) )
  '  |____| .__|_| |_|_| |_\__, | / / / /
 =========|_|==============|___/=/_/_/_/
 :: Spring Boot ::        (v2.2.7.RELEASE)

2020-07-16 17:11:24.985  INFO 42868 --- [    Test worker] C.G.P.ForgotPasswordRepositoryTest       : Starting ForgotPasswordRepositoryTest on Prabhjots-MacBook-Pro.local with PID 42868 (started by prabhjotkaur in /Users/prabhjotkaur/git/group22)
2020-07-16 17:11:24.986  INFO 42868 --- [    Test worker] C.G.P.ForgotPasswordRepositoryTest       : No active profile set, falling back to default profiles: default
2020-07-16 17:11:27.166  INFO 42868 --- [    Test worker] C.G.P.ForgotPasswordRepositoryTest       : Started ForgotPasswordRepositoryTest in 2.72 seconds (JVM running for 4.433)
]]></system-out>
  <system-err><![CDATA[]]></system-err>
</testsuite>
