<?xml version="1.0" encoding="UTF-8"?>
<testsuite name="CSCI5308.GroupFormationTool.Model.StudentCSVTest" tests="11" skipped="0" failures="0" errors="0" timestamp="2020-07-07T17:16:50" hostname="Prabhjots-MacBook-Pro.local" time="0.014">
  <properties/>
  <testcase name="getPasswordTest()" classname="CSCI5308.GroupFormationTool.Model.StudentCSVTest" time="0.001"/>
  <testcase name="getFirstNameTest()" classname="CSCI5308.GroupFormationTool.Model.StudentCSVTest" time="0.0"/>
  <testcase name="setLastNameTest()" classname="CSCI5308.GroupFormationTool.Model.StudentCSVTest" time="0.001"/>
  <testcase name="StudentCSVParameterizedTest()" classname="CSCI5308.GroupFormationTool.Model.StudentCSVTest" time="0.001"/>
  <testcase name="setBannerIdTest()" classname="CSCI5308.GroupFormationTool.Model.StudentCSVTest" time="0.001"/>
  <testcase name="setPasswordTest()" classname="CSCI5308.GroupFormationTool.Model.StudentCSVTest" time="0.001"/>
  <testcase name="setEmailIdTest()" classname="CSCI5308.GroupFormationTool.Model.StudentCSVTest" time="0.001"/>
  <testcase name="setFirstNameTest()" classname="CSCI5308.GroupFormationTool.Model.StudentCSVTest" time="0.001"/>
  <testcase name="getEmailIdTest()" classname="CSCI5308.GroupFormationTool.Model.StudentCSVTest" time="0.001"/>
  <testcase name="getLastNameTest()" classname="CSCI5308.GroupFormationTool.Model.StudentCSVTest" time="0.001"/>
  <testcase name="getBannerIdTest()" classname="CSCI5308.GroupFormationTool.Model.StudentCSVTest" time="0.001"/>
  <system-out><![CDATA[2020-07-07 14:16:50.463  INFO 21487 --- [    Test worker] .b.t.c.SpringBootTestContextBootstrapper : Neither @ContextConfiguration nor @ContextHierarchy found for test class [CSCI5308.GroupFormationTool.Model.StudentCSVTest], using SpringBootContextLoader
2020-07-07 14:16:50.464  INFO 21487 --- [    Test worker] o.s.t.c.support.AbstractContextLoader    : Could not detect default resource locations for test class [CSCI5308.GroupFormationTool.Model.StudentCSVTest]: no resource found for suffixes {-context.xml, Context.groovy}.
2020-07-07 14:16:50.464  INFO 21487 --- [    Test worker] t.c.s.AnnotationConfigContextLoaderUtils : Could not detect default configuration classes for test class [CSCI5308.GroupFormationTool.Model.StudentCSVTest]: StudentCSVTest does not declare any static, non-private, non-final, nested classes annotated with @Configuration.
2020-07-07 14:16:50.465  INFO 21487 --- [    Test worker] .b.t.c.SpringBootTestContextBootstrapper : Found @SpringBootConfiguration CSCI5308.GroupFormationTool.GroupFormationToolApplication for test class CSCI5308.GroupFormationTool.Model.StudentCSVTest
2020-07-07 14:16:50.468  INFO 21487 --- [    Test worker] .b.t.c.SpringBootTestContextBootstrapper : Loaded default TestExecutionListener class names from location [META-INF/spring.factories]: [org.springframework.security.test.context.support.WithSecurityContextTestExecutionListener, org.springframework.security.test.context.support.ReactorContextTestExecutionListener, org.springframework.boot.test.autoconfigure.restdocs.RestDocsTestExecutionListener, org.springframework.boot.test.autoconfigure.web.client.MockRestServiceServerResetTestExecutionListener, org.springframework.boot.test.autoconfigure.web.servlet.MockMvcPrintOnlyOnFailureTestExecutionListener, org.springframework.boot.test.autoconfigure.web.servlet.WebDriverTestExecutionListener, org.springframework.boot.test.mock.mockito.MockitoTestExecutionListener, org.springframework.boot.test.mock.mockito.ResetMocksTestExecutionListener, org.springframework.test.context.web.ServletTestExecutionListener, org.springframework.test.context.support.DirtiesContextBeforeModesTestExecutionListener, org.springframework.test.context.support.DependencyInjectionTestExecutionListener, org.springframework.test.context.support.DirtiesContextTestExecutionListener, org.springframework.test.context.transaction.TransactionalTestExecutionListener, org.springframework.test.context.jdbc.SqlScriptsTestExecutionListener, org.springframework.test.context.event.EventPublishingTestExecutionListener]
2020-07-07 14:16:50.469  INFO 21487 --- [    Test worker] .b.t.c.SpringBootTestContextBootstrapper : Using TestExecutionListeners: [org.springframework.test.context.web.ServletTestExecutionListener@50564943, org.springframework.test.context.support.DirtiesContextBeforeModesTestExecutionListener@773ccf60, org.springframework.boot.test.mock.mockito.MockitoTestExecutionListener@1f920da1, org.springframework.boot.test.autoconfigure.SpringBootDependencyInjectionTestExecutionListener@4c9dbe8a, org.springframework.test.context.support.DirtiesContextTestExecutionListener@2ee3ea0b, org.springframework.security.test.context.support.WithSecurityContextTestExecutionListener@3f357778, org.springframework.test.context.event.EventPublishingTestExecutionListener@30458a3a, org.springframework.security.test.context.support.ReactorContextTestExecutionListener@110d1b56, org.springframework.boot.test.autoconfigure.restdocs.RestDocsTestExecutionListener@200f08ce, org.springframework.boot.test.autoconfigure.web.client.MockRestServiceServerResetTestExecutionListener@34153500, org.springframework.boot.test.autoconfigure.web.servlet.MockMvcPrintOnlyOnFailureTestExecutionListener@289d6de2, org.springframework.boot.test.autoconfigure.web.servlet.WebDriverTestExecutionListener@51b3140c, org.springframework.boot.test.mock.mockito.ResetMocksTestExecutionListener@9a23f8c]
]]></system-out>
  <system-err><![CDATA[]]></system-err>
</testsuite>
