<?xml version="1.0" encoding="UTF-8"?>
<testsuite name="CSCI5308.GroupFormationTool.Service.PolicyServiceTest" tests="2" skipped="0" failures="0" errors="0" timestamp="2020-07-06T19:13:46" hostname="Prabhjots-MacBook-Pro.local" time="0.011">
  <properties/>
  <testcase name="getPoliciesTest()" classname="CSCI5308.GroupFormationTool.Service.PolicyServiceTest" time="0.008"/>
  <testcase name="passwordPolicyCheckTest()" classname="CSCI5308.GroupFormationTool.Service.PolicyServiceTest" time="0.003"/>
  <system-out><![CDATA[2020-07-06 16:13:46.391  INFO 19189 --- [    Test worker] .b.t.c.SpringBootTestContextBootstrapper : Neither @ContextConfiguration nor @ContextHierarchy found for test class [CSCI5308.GroupFormationTool.Service.PolicyServiceTest], using SpringBootContextLoader
2020-07-06 16:13:46.392  INFO 19189 --- [    Test worker] o.s.t.c.support.AbstractContextLoader    : Could not detect default resource locations for test class [CSCI5308.GroupFormationTool.Service.PolicyServiceTest]: no resource found for suffixes {-context.xml, Context.groovy}.
2020-07-06 16:13:46.392  INFO 19189 --- [    Test worker] t.c.s.AnnotationConfigContextLoaderUtils : Could not detect default configuration classes for test class [CSCI5308.GroupFormationTool.Service.PolicyServiceTest]: PolicyServiceTest does not declare any static, non-private, non-final, nested classes annotated with @Configuration.
2020-07-06 16:13:46.392  INFO 19189 --- [    Test worker] .b.t.c.SpringBootTestContextBootstrapper : Found @SpringBootConfiguration CSCI5308.GroupFormationTool.GroupFormationToolApplication for test class CSCI5308.GroupFormationTool.Service.PolicyServiceTest
2020-07-06 16:13:46.393  INFO 19189 --- [    Test worker] .b.t.c.SpringBootTestContextBootstrapper : Loaded default TestExecutionListener class names from location [META-INF/spring.factories]: [org.springframework.security.test.context.support.WithSecurityContextTestExecutionListener, org.springframework.security.test.context.support.ReactorContextTestExecutionListener, org.springframework.boot.test.autoconfigure.restdocs.RestDocsTestExecutionListener, org.springframework.boot.test.autoconfigure.web.client.MockRestServiceServerResetTestExecutionListener, org.springframework.boot.test.autoconfigure.web.servlet.MockMvcPrintOnlyOnFailureTestExecutionListener, org.springframework.boot.test.autoconfigure.web.servlet.WebDriverTestExecutionListener, org.springframework.boot.test.mock.mockito.MockitoTestExecutionListener, org.springframework.boot.test.mock.mockito.ResetMocksTestExecutionListener, org.springframework.test.context.web.ServletTestExecutionListener, org.springframework.test.context.support.DirtiesContextBeforeModesTestExecutionListener, org.springframework.test.context.support.DependencyInjectionTestExecutionListener, org.springframework.test.context.support.DirtiesContextTestExecutionListener, org.springframework.test.context.transaction.TransactionalTestExecutionListener, org.springframework.test.context.jdbc.SqlScriptsTestExecutionListener, org.springframework.test.context.event.EventPublishingTestExecutionListener]
2020-07-06 16:13:46.394  INFO 19189 --- [    Test worker] .b.t.c.SpringBootTestContextBootstrapper : Using TestExecutionListeners: [org.springframework.test.context.web.ServletTestExecutionListener@7e628841, org.springframework.test.context.support.DirtiesContextBeforeModesTestExecutionListener@56f9950e, org.springframework.boot.test.mock.mockito.MockitoTestExecutionListener@361d9aa5, org.springframework.boot.test.autoconfigure.SpringBootDependencyInjectionTestExecutionListener@34d0e3b3, org.springframework.test.context.support.DirtiesContextTestExecutionListener@5e9a55e8, org.springframework.security.test.context.support.WithSecurityContextTestExecutionListener@44d1fad0, org.springframework.test.context.event.EventPublishingTestExecutionListener@1ec3985d, org.springframework.security.test.context.support.ReactorContextTestExecutionListener@2d3d2d4d, org.springframework.boot.test.autoconfigure.restdocs.RestDocsTestExecutionListener@21040817, org.springframework.boot.test.autoconfigure.web.client.MockRestServiceServerResetTestExecutionListener@6a48719d, org.springframework.boot.test.autoconfigure.web.servlet.MockMvcPrintOnlyOnFailureTestExecutionListener@684b0df9, org.springframework.boot.test.autoconfigure.web.servlet.WebDriverTestExecutionListener@2cd812f8, org.springframework.boot.test.mock.mockito.ResetMocksTestExecutionListener@2d9df3c4]
]]></system-out>
  <system-err><![CDATA[]]></system-err>
</testsuite>
