<?xml version="1.0" encoding="UTF-8"?>
<testsuite name="CSCI5308.GroupFormationTool.Password.PolicyTest" tests="10" skipped="0" failures="0" errors="0" timestamp="2020-07-10T05:03:24" hostname="Prabhjots-MacBook-Pro.local" time="0.033">
  <properties/>
  <testcase name="getEnabledTest()" classname="CSCI5308.GroupFormationTool.Password.PolicyTest" time="0.01"/>
  <testcase name="getPoliciesTest()" classname="CSCI5308.GroupFormationTool.Password.PolicyTest" time="0.002"/>
  <testcase name="getValueTest()" classname="CSCI5308.GroupFormationTool.Password.PolicyTest" time="0.003"/>
  <testcase name="getSettingTest()" classname="CSCI5308.GroupFormationTool.Password.PolicyTest" time="0.002"/>
  <testcase name="setIdTest()" classname="CSCI5308.GroupFormationTool.Password.PolicyTest" time="0.002"/>
  <testcase name="setEnabledTest()" classname="CSCI5308.GroupFormationTool.Password.PolicyTest" time="0.002"/>
  <testcase name="getIdTest()" classname="CSCI5308.GroupFormationTool.Password.PolicyTest" time="0.002"/>
  <testcase name="setValueTest()" classname="CSCI5308.GroupFormationTool.Password.PolicyTest" time="0.002"/>
  <testcase name="passwordPolicyCheckTest()" classname="CSCI5308.GroupFormationTool.Password.PolicyTest" time="0.004"/>
  <testcase name="setSettingTest()" classname="CSCI5308.GroupFormationTool.Password.PolicyTest" time="0.002"/>
  <system-out><![CDATA[2020-07-10 02:03:24.780  INFO 10909 --- [    Test worker] .b.t.c.SpringBootTestContextBootstrapper : Neither @ContextConfiguration nor @ContextHierarchy found for test class [CSCI5308.GroupFormationTool.Password.PolicyTest], using SpringBootContextLoader
2020-07-10 02:03:24.780  INFO 10909 --- [    Test worker] o.s.t.c.support.AbstractContextLoader    : Could not detect default resource locations for test class [CSCI5308.GroupFormationTool.Password.PolicyTest]: no resource found for suffixes {-context.xml, Context.groovy}.
2020-07-10 02:03:24.781  INFO 10909 --- [    Test worker] t.c.s.AnnotationConfigContextLoaderUtils : Could not detect default configuration classes for test class [CSCI5308.GroupFormationTool.Password.PolicyTest]: PolicyTest does not declare any static, non-private, non-final, nested classes annotated with @Configuration.
2020-07-10 02:03:24.784  INFO 10909 --- [    Test worker] .b.t.c.SpringBootTestContextBootstrapper : Found @SpringBootConfiguration CSCI5308.GroupFormationTool.GroupFormationToolApplication for test class CSCI5308.GroupFormationTool.Password.PolicyTest
2020-07-10 02:03:24.785  INFO 10909 --- [    Test worker] .b.t.c.SpringBootTestContextBootstrapper : Loaded default TestExecutionListener class names from location [META-INF/spring.factories]: [org.springframework.security.test.context.support.WithSecurityContextTestExecutionListener, org.springframework.security.test.context.support.ReactorContextTestExecutionListener, org.springframework.boot.test.autoconfigure.restdocs.RestDocsTestExecutionListener, org.springframework.boot.test.autoconfigure.web.client.MockRestServiceServerResetTestExecutionListener, org.springframework.boot.test.autoconfigure.web.servlet.MockMvcPrintOnlyOnFailureTestExecutionListener, org.springframework.boot.test.autoconfigure.web.servlet.WebDriverTestExecutionListener, org.springframework.boot.test.mock.mockito.MockitoTestExecutionListener, org.springframework.boot.test.mock.mockito.ResetMocksTestExecutionListener, org.springframework.test.context.web.ServletTestExecutionListener, org.springframework.test.context.support.DirtiesContextBeforeModesTestExecutionListener, org.springframework.test.context.support.DependencyInjectionTestExecutionListener, org.springframework.test.context.support.DirtiesContextTestExecutionListener, org.springframework.test.context.transaction.TransactionalTestExecutionListener, org.springframework.test.context.jdbc.SqlScriptsTestExecutionListener, org.springframework.test.context.event.EventPublishingTestExecutionListener]
2020-07-10 02:03:24.786  INFO 10909 --- [    Test worker] .b.t.c.SpringBootTestContextBootstrapper : Using TestExecutionListeners: [org.springframework.test.context.web.ServletTestExecutionListener@22063edf, org.springframework.test.context.support.DirtiesContextBeforeModesTestExecutionListener@3bb6ec76, org.springframework.boot.test.mock.mockito.MockitoTestExecutionListener@26117d61, org.springframework.boot.test.autoconfigure.SpringBootDependencyInjectionTestExecutionListener@2c4cb2b, org.springframework.test.context.support.DirtiesContextTestExecutionListener@11a7ed6a, org.springframework.security.test.context.support.WithSecurityContextTestExecutionListener@1dfe6674, org.springframework.test.context.event.EventPublishingTestExecutionListener@3029fadf, org.springframework.security.test.context.support.ReactorContextTestExecutionListener@1410e262, org.springframework.boot.test.autoconfigure.restdocs.RestDocsTestExecutionListener@3af29137, org.springframework.boot.test.autoconfigure.web.client.MockRestServiceServerResetTestExecutionListener@54519ddb, org.springframework.boot.test.autoconfigure.web.servlet.MockMvcPrintOnlyOnFailureTestExecutionListener@2b516a8c, org.springframework.boot.test.autoconfigure.web.servlet.WebDriverTestExecutionListener@38c18e76, org.springframework.boot.test.mock.mockito.ResetMocksTestExecutionListener@1614db70]
]]></system-out>
  <system-err><![CDATA[]]></system-err>
</testsuite>
