<?xml version="1.0" encoding="UTF-8"?>
<testsuite name="CSCI5308.GroupFormationTool.RepositoryTest.CourseRepositoryTest" tests="4" skipped="0" failures="0" errors="0" timestamp="2020-07-06T19:13:45" hostname="Prabhjots-MacBook-Pro.local" time="0.008">
  <properties/>
  <testcase name="getCourseById()" classname="CSCI5308.GroupFormationTool.RepositoryTest.CourseRepositoryTest" time="0.002"/>
  <testcase name="deleteCourseTest()" classname="CSCI5308.GroupFormationTool.RepositoryTest.CourseRepositoryTest" time="0.002"/>
  <testcase name="createCourse()" classname="CSCI5308.GroupFormationTool.RepositoryTest.CourseRepositoryTest" time="0.002"/>
  <testcase name="getAllCourses()" classname="CSCI5308.GroupFormationTool.RepositoryTest.CourseRepositoryTest" time="0.001"/>
  <system-out><![CDATA[2020-07-06 16:13:45.728  INFO 19189 --- [    Test worker] .b.t.c.SpringBootTestContextBootstrapper : Neither @ContextConfiguration nor @ContextHierarchy found for test class [CSCI5308.GroupFormationTool.RepositoryTest.CourseRepositoryTest], using SpringBootContextLoader
2020-07-06 16:13:45.728  INFO 19189 --- [    Test worker] o.s.t.c.support.AbstractContextLoader    : Could not detect default resource locations for test class [CSCI5308.GroupFormationTool.RepositoryTest.CourseRepositoryTest]: no resource found for suffixes {-context.xml, Context.groovy}.
2020-07-06 16:13:45.728  INFO 19189 --- [    Test worker] t.c.s.AnnotationConfigContextLoaderUtils : Could not detect default configuration classes for test class [CSCI5308.GroupFormationTool.RepositoryTest.CourseRepositoryTest]: CourseRepositoryTest does not declare any static, non-private, non-final, nested classes annotated with @Configuration.
2020-07-06 16:13:45.729  INFO 19189 --- [    Test worker] .b.t.c.SpringBootTestContextBootstrapper : Found @SpringBootConfiguration CSCI5308.GroupFormationTool.GroupFormationToolApplication for test class CSCI5308.GroupFormationTool.RepositoryTest.CourseRepositoryTest
2020-07-06 16:13:45.730  INFO 19189 --- [    Test worker] .b.t.c.SpringBootTestContextBootstrapper : Loaded default TestExecutionListener class names from location [META-INF/spring.factories]: [org.springframework.security.test.context.support.WithSecurityContextTestExecutionListener, org.springframework.security.test.context.support.ReactorContextTestExecutionListener, org.springframework.boot.test.autoconfigure.restdocs.RestDocsTestExecutionListener, org.springframework.boot.test.autoconfigure.web.client.MockRestServiceServerResetTestExecutionListener, org.springframework.boot.test.autoconfigure.web.servlet.MockMvcPrintOnlyOnFailureTestExecutionListener, org.springframework.boot.test.autoconfigure.web.servlet.WebDriverTestExecutionListener, org.springframework.boot.test.mock.mockito.MockitoTestExecutionListener, org.springframework.boot.test.mock.mockito.ResetMocksTestExecutionListener, org.springframework.test.context.web.ServletTestExecutionListener, org.springframework.test.context.support.DirtiesContextBeforeModesTestExecutionListener, org.springframework.test.context.support.DependencyInjectionTestExecutionListener, org.springframework.test.context.support.DirtiesContextTestExecutionListener, org.springframework.test.context.transaction.TransactionalTestExecutionListener, org.springframework.test.context.jdbc.SqlScriptsTestExecutionListener, org.springframework.test.context.event.EventPublishingTestExecutionListener]
2020-07-06 16:13:45.731  INFO 19189 --- [    Test worker] .b.t.c.SpringBootTestContextBootstrapper : Using TestExecutionListeners: [org.springframework.test.context.web.ServletTestExecutionListener@3a411999, org.springframework.test.context.support.DirtiesContextBeforeModesTestExecutionListener@661856a8, org.springframework.boot.test.mock.mockito.MockitoTestExecutionListener@503f85aa, org.springframework.boot.test.autoconfigure.SpringBootDependencyInjectionTestExecutionListener@372a7282, org.springframework.test.context.support.DirtiesContextTestExecutionListener@515382f, org.springframework.security.test.context.support.WithSecurityContextTestExecutionListener@219c8333, org.springframework.test.context.event.EventPublishingTestExecutionListener@d22407f, org.springframework.security.test.context.support.ReactorContextTestExecutionListener@69788d3b, org.springframework.boot.test.autoconfigure.restdocs.RestDocsTestExecutionListener@4500147b, org.springframework.boot.test.autoconfigure.web.client.MockRestServiceServerResetTestExecutionListener@4092f3, org.springframework.boot.test.autoconfigure.web.servlet.MockMvcPrintOnlyOnFailureTestExecutionListener@1ffe0b3c, org.springframework.boot.test.autoconfigure.web.servlet.WebDriverTestExecutionListener@32425cad, org.springframework.boot.test.mock.mockito.ResetMocksTestExecutionListener@77243552]
]]></system-out>
  <system-err><![CDATA[]]></system-err>
</testsuite>
