<?xml version="1.0" encoding="UTF-8"?>
<testsuite name="CSCI5308.GroupFormationTool.RepositoryTest.UserCoursesRepositoryTest" tests="8" skipped="0" failures="0" errors="0" timestamp="2020-06-18T20:08:56" hostname="Prabhjots-MacBook-Pro.local" time="0.046">
  <properties/>
  <testcase name="getInstructorCoursesTest()" classname="CSCI5308.GroupFormationTool.RepositoryTest.UserCoursesRepositoryTest" time="0.002"/>
  <testcase name="getStudentCoursesTest()" classname="CSCI5308.GroupFormationTool.RepositoryTest.UserCoursesRepositoryTest" time="0.002"/>
  <testcase name="getTAForCourseTest()" classname="CSCI5308.GroupFormationTool.RepositoryTest.UserCoursesRepositoryTest" time="0.001"/>
  <testcase name="getRoleBasedCoursesTest()" classname="CSCI5308.GroupFormationTool.RepositoryTest.UserCoursesRepositoryTest" time="0.001"/>
  <testcase name="enrollTAForCourseUsingEmailIdTest()" classname="CSCI5308.GroupFormationTool.RepositoryTest.UserCoursesRepositoryTest" time="0.032"/>
  <testcase name="getUserRoleByEmailIdTest()" classname="CSCI5308.GroupFormationTool.RepositoryTest.UserCoursesRepositoryTest" time="0.003"/>
  <testcase name="getTACoursesTest()" classname="CSCI5308.GroupFormationTool.RepositoryTest.UserCoursesRepositoryTest" time="0.001"/>
  <testcase name="getInstructorsForCourseTest()" classname="CSCI5308.GroupFormationTool.RepositoryTest.UserCoursesRepositoryTest" time="0.001"/>
  <system-out><![CDATA[2020-06-18 17:08:56.838  INFO 17970 --- [    Test worker] .b.t.c.SpringBootTestContextBootstrapper : Neither @ContextConfiguration nor @ContextHierarchy found for test class [CSCI5308.GroupFormationTool.RepositoryTest.UserCoursesRepositoryTest], using SpringBootContextLoader
2020-06-18 17:08:56.839  INFO 17970 --- [    Test worker] o.s.t.c.support.AbstractContextLoader    : Could not detect default resource locations for test class [CSCI5308.GroupFormationTool.RepositoryTest.UserCoursesRepositoryTest]: no resource found for suffixes {-context.xml, Context.groovy}.
2020-06-18 17:08:56.839  INFO 17970 --- [    Test worker] t.c.s.AnnotationConfigContextLoaderUtils : Could not detect default configuration classes for test class [CSCI5308.GroupFormationTool.RepositoryTest.UserCoursesRepositoryTest]: UserCoursesRepositoryTest does not declare any static, non-private, non-final, nested classes annotated with @Configuration.
2020-06-18 17:08:56.840  INFO 17970 --- [    Test worker] .b.t.c.SpringBootTestContextBootstrapper : Found @SpringBootConfiguration CSCI5308.GroupFormationTool.GroupFormationToolApplication for test class CSCI5308.GroupFormationTool.RepositoryTest.UserCoursesRepositoryTest
2020-06-18 17:08:56.841  INFO 17970 --- [    Test worker] .b.t.c.SpringBootTestContextBootstrapper : Loaded default TestExecutionListener class names from location [META-INF/spring.factories]: [org.springframework.security.test.context.support.WithSecurityContextTestExecutionListener, org.springframework.security.test.context.support.ReactorContextTestExecutionListener, org.springframework.boot.test.autoconfigure.restdocs.RestDocsTestExecutionListener, org.springframework.boot.test.autoconfigure.web.client.MockRestServiceServerResetTestExecutionListener, org.springframework.boot.test.autoconfigure.web.servlet.MockMvcPrintOnlyOnFailureTestExecutionListener, org.springframework.boot.test.autoconfigure.web.servlet.WebDriverTestExecutionListener, org.springframework.boot.test.mock.mockito.MockitoTestExecutionListener, org.springframework.boot.test.mock.mockito.ResetMocksTestExecutionListener, org.springframework.test.context.web.ServletTestExecutionListener, org.springframework.test.context.support.DirtiesContextBeforeModesTestExecutionListener, org.springframework.test.context.support.DependencyInjectionTestExecutionListener, org.springframework.test.context.support.DirtiesContextTestExecutionListener, org.springframework.test.context.transaction.TransactionalTestExecutionListener, org.springframework.test.context.jdbc.SqlScriptsTestExecutionListener, org.springframework.test.context.event.EventPublishingTestExecutionListener]
2020-06-18 17:08:56.842  INFO 17970 --- [    Test worker] .b.t.c.SpringBootTestContextBootstrapper : Using TestExecutionListeners: [org.springframework.test.context.web.ServletTestExecutionListener@21cd0124, org.springframework.test.context.support.DirtiesContextBeforeModesTestExecutionListener@1a35a7cd, org.springframework.boot.test.mock.mockito.MockitoTestExecutionListener@50c98c7, org.springframework.boot.test.autoconfigure.SpringBootDependencyInjectionTestExecutionListener@7e056c61, org.springframework.test.context.support.DirtiesContextTestExecutionListener@370886a4, org.springframework.security.test.context.support.WithSecurityContextTestExecutionListener@345447, org.springframework.test.context.event.EventPublishingTestExecutionListener@619f2e26, org.springframework.security.test.context.support.ReactorContextTestExecutionListener@34ac3010, org.springframework.boot.test.autoconfigure.restdocs.RestDocsTestExecutionListener@4762bd87, org.springframework.boot.test.autoconfigure.web.client.MockRestServiceServerResetTestExecutionListener@65d64f40, org.springframework.boot.test.autoconfigure.web.servlet.MockMvcPrintOnlyOnFailureTestExecutionListener@7d20b3c2, org.springframework.boot.test.autoconfigure.web.servlet.WebDriverTestExecutionListener@28d920c6, org.springframework.boot.test.mock.mockito.ResetMocksTestExecutionListener@7a053edf]
]]></system-out>
  <system-err><![CDATA[]]></system-err>
</testsuite>
