<?xml version="1.0" encoding="UTF-8"?>
<testsuite name="CSCI5308.GroupFormationTool.Password.ForgotPasswordManagerTest" tests="2" skipped="0" failures="0" errors="0" timestamp="2020-07-16T02:08:41" hostname="Prabhjots-MacBook-Pro.local" time="0.046">
  <properties/>
  <testcase name="updatePasswordTest()" classname="CSCI5308.GroupFormationTool.Password.ForgotPasswordManagerTest" time="0.041"/>
  <testcase name="notifyUserTest()" classname="CSCI5308.GroupFormationTool.Password.ForgotPasswordManagerTest" time="0.004"/>
  <system-out><![CDATA[2020-07-15 23:08:41.746  INFO 38787 --- [    Test worker] C.GroupFormationTool.Password.Policy     : Calling the Policy Repository to check if the password follows enabled security policies
2020-07-15 23:08:41.746  INFO 38787 --- [    Test worker] C.GroupFormationTool.Password.Policy     : Checking if the password follows enabled security policies
2020-07-15 23:08:41.747  INFO 38787 --- [    Test worker] C.GroupFormationTool.Password.Policy     : Calling the Policy Repository to check if the password follows enabled security policies
2020-07-15 23:08:41.747  INFO 38787 --- [    Test worker] C.GroupFormationTool.Password.Policy     : Checking if the password follows enabled security policies
2020-07-15 23:08:41.747 ERROR 38787 --- [    Test worker] C.GroupFormationTool.Password.Policy     : Minimum password length security policy is violated
2020-07-15 23:08:41.748  INFO 38787 --- [    Test worker] C.GroupFormationTool.Password.Policy     : Calling the Policy Repository to check if the password follows enabled security policies
2020-07-15 23:08:41.748  INFO 38787 --- [    Test worker] C.GroupFormationTool.Password.Policy     : Checking if the password follows enabled security policies
2020-07-15 23:08:41.749  INFO 38787 --- [    Test worker] C.GroupFormationTool.Password.Policy     : Calling the Policy Repository to check if the password follows enabled security policies
2020-07-15 23:08:41.750  INFO 38787 --- [    Test worker] C.GroupFormationTool.Password.Policy     : Checking if the password follows enabled security policies
2020-07-15 23:08:41.750  INFO 38787 --- [    Test worker] C.G.Password.ForgotPasswordManager       : User violated history while updating password
2020-07-15 23:08:41.751  INFO 38787 --- [    Test worker] C.GroupFormationTool.Password.Policy     : Calling the Policy Repository to check if the password follows enabled security policies
2020-07-15 23:08:41.751  INFO 38787 --- [    Test worker] C.GroupFormationTool.Password.Policy     : Checking if the password follows enabled security policies
2020-07-15 23:08:41.754  INFO 38787 --- [    Test worker] C.G.Password.ForgotPasswordManager       : User is updating existing token
2020-07-15 23:08:41.755  INFO 38787 --- [    Test worker] C.G.Password.ForgotPasswordManager       : User is adding new token
]]></system-out>
  <system-err><![CDATA[]]></system-err>
</testsuite>
