<?xml version="1.0" encoding="UTF-8"?>
<testsuite name="CSCI5308.GroupFormationTool.Security.UserRegistrationControllerTest" tests="1" skipped="0" failures="0" errors="0" timestamp="2020-07-10T05:03:28" hostname="Prabhjots-MacBook-Pro.local" time="0.027">
  <properties/>
  <testcase name="registerTest()" classname="CSCI5308.GroupFormationTool.Security.UserRegistrationControllerTest" time="0.027"/>
  <system-out><![CDATA[2020-07-10 02:03:28.521  INFO 10909 --- [    Test worker] .b.t.a.w.s.WebMvcTestContextBootstrapper : Neither @ContextConfiguration nor @ContextHierarchy found for test class [CSCI5308.GroupFormationTool.Security.UserRegistrationControllerTest], using SpringBootContextLoader
2020-07-10 02:03:28.521  INFO 10909 --- [    Test worker] o.s.t.c.support.AbstractContextLoader    : Could not detect default resource locations for test class [CSCI5308.GroupFormationTool.Security.UserRegistrationControllerTest]: no resource found for suffixes {-context.xml, Context.groovy}.
2020-07-10 02:03:28.521  INFO 10909 --- [    Test worker] t.c.s.AnnotationConfigContextLoaderUtils : Could not detect default configuration classes for test class [CSCI5308.GroupFormationTool.Security.UserRegistrationControllerTest]: UserRegistrationControllerTest does not declare any static, non-private, non-final, nested classes annotated with @Configuration.
2020-07-10 02:03:28.523  INFO 10909 --- [    Test worker] .b.t.c.SpringBootTestContextBootstrapper : Found @SpringBootConfiguration CSCI5308.GroupFormationTool.GroupFormationToolApplication for test class CSCI5308.GroupFormationTool.Security.UserRegistrationControllerTest
2020-07-10 02:03:28.523  INFO 10909 --- [    Test worker] .b.t.a.w.s.WebMvcTestContextBootstrapper : Loaded default TestExecutionListener class names from location [META-INF/spring.factories]: [org.springframework.security.test.context.support.WithSecurityContextTestExecutionListener, org.springframework.security.test.context.support.ReactorContextTestExecutionListener, org.springframework.boot.test.autoconfigure.restdocs.RestDocsTestExecutionListener, org.springframework.boot.test.autoconfigure.web.client.MockRestServiceServerResetTestExecutionListener, org.springframework.boot.test.autoconfigure.web.servlet.MockMvcPrintOnlyOnFailureTestExecutionListener, org.springframework.boot.test.autoconfigure.web.servlet.WebDriverTestExecutionListener, org.springframework.boot.test.mock.mockito.MockitoTestExecutionListener, org.springframework.boot.test.mock.mockito.ResetMocksTestExecutionListener, org.springframework.test.context.web.ServletTestExecutionListener, org.springframework.test.context.support.DirtiesContextBeforeModesTestExecutionListener, org.springframework.test.context.support.DependencyInjectionTestExecutionListener, org.springframework.test.context.support.DirtiesContextTestExecutionListener, org.springframework.test.context.transaction.TransactionalTestExecutionListener, org.springframework.test.context.jdbc.SqlScriptsTestExecutionListener, org.springframework.test.context.event.EventPublishingTestExecutionListener]
2020-07-10 02:03:28.524  INFO 10909 --- [    Test worker] .b.t.a.w.s.WebMvcTestContextBootstrapper : Using TestExecutionListeners: [org.springframework.test.context.web.ServletTestExecutionListener@4ddc4e54, org.springframework.test.context.support.DirtiesContextBeforeModesTestExecutionListener@62177b24, org.springframework.boot.test.mock.mockito.MockitoTestExecutionListener@2a96c6ed, org.springframework.boot.test.autoconfigure.SpringBootDependencyInjectionTestExecutionListener@82babc8, org.springframework.test.context.support.DirtiesContextTestExecutionListener@272afa77, org.springframework.security.test.context.support.WithSecurityContextTestExecutionListener@7ebd6bed, org.springframework.test.context.event.EventPublishingTestExecutionListener@62006b79, org.springframework.security.test.context.support.ReactorContextTestExecutionListener@37a0f91a, org.springframework.boot.test.autoconfigure.restdocs.RestDocsTestExecutionListener@472954db, org.springframework.boot.test.autoconfigure.web.client.MockRestServiceServerResetTestExecutionListener@525eadd0, org.springframework.boot.test.autoconfigure.web.servlet.MockMvcPrintOnlyOnFailureTestExecutionListener@33645f41, org.springframework.boot.test.autoconfigure.web.servlet.WebDriverTestExecutionListener@3bc181e, org.springframework.boot.test.mock.mockito.ResetMocksTestExecutionListener@ebe0b3e]

  .   ____          _            __ _ _
 /\\ / ___'_ __ _ _(_)_ __  __ _ \ \ \ \
( ( )\___ | '_ | '_| | '_ \/ _` | \ \ \ \
 \\/  ___)| |_)| | | | | || (_| |  ) ) ) )
  '  |____| .__|_| |_|_| |_\__, | / / / /
 =========|_|==============|___/=/_/_/_/
 :: Spring Boot ::        (v2.2.7.RELEASE)

2020-07-10 02:03:28.534  INFO 10909 --- [    Test worker] C.G.S.UserRegistrationControllerTest     : Starting UserRegistrationControllerTest on Prabhjots-MacBook-Pro.local with PID 10909 (started by prabhjotkaur in /Users/prabhjotkaur/git/group22)
2020-07-10 02:03:28.535  INFO 10909 --- [    Test worker] C.G.S.UserRegistrationControllerTest     : No active profile set, falling back to default profiles: default
2020-07-10 02:03:28.667  INFO 10909 --- [    Test worker] o.s.s.web.DefaultSecurityFilterChain     : Creating filter chain: Ant [pattern='/resources/**'], []
2020-07-10 02:03:28.709  INFO 10909 --- [    Test worker] o.s.s.web.DefaultSecurityFilterChain     : Creating filter chain: any request, [org.springframework.security.web.context.request.async.WebAsyncManagerIntegrationFilter@4806546e, org.springframework.security.web.context.SecurityContextPersistenceFilter@4e192346, org.springframework.security.web.header.HeaderWriterFilter@786b0151, org.springframework.security.web.csrf.CsrfFilter@58b393c1, org.springframework.security.web.authentication.logout.LogoutFilter@146fee65, org.springframework.security.web.authentication.UsernamePasswordAuthenticationFilter@4256cfd8, org.springframework.security.web.savedrequest.RequestCacheAwareFilter@3df6d64b, org.springframework.security.web.servletapi.SecurityContextHolderAwareRequestFilter@1db7392d, org.springframework.security.web.authentication.AnonymousAuthenticationFilter@51ab8b1d, org.springframework.security.web.session.SessionManagementFilter@af09442, org.springframework.security.web.access.ExceptionTranslationFilter@1b1d003e, org.springframework.security.web.access.intercept.FilterSecurityInterceptor@4955dc1a]
2020-07-10 02:03:28.773  INFO 10909 --- [    Test worker] o.s.s.concurrent.ThreadPoolTaskExecutor  : Initializing ExecutorService 'applicationTaskExecutor'
2020-07-10 02:03:28.790  INFO 10909 --- [    Test worker] o.s.b.a.w.s.WelcomePageHandlerMapping    : Adding welcome page template: index
2020-07-10 02:03:28.858  INFO 10909 --- [    Test worker] o.s.b.t.m.w.SpringBootMockServletContext : Initializing Spring TestDispatcherServlet ''
2020-07-10 02:03:28.858  INFO 10909 --- [    Test worker] o.s.t.web.servlet.TestDispatcherServlet  : Initializing Servlet ''
2020-07-10 02:03:28.861  INFO 10909 --- [    Test worker] o.s.t.web.servlet.TestDispatcherServlet  : Completed initialization in 3 ms
2020-07-10 02:03:28.869  INFO 10909 --- [    Test worker] C.G.S.UserRegistrationControllerTest     : Started UserRegistrationControllerTest in 0.344 seconds (JVM running for 7.318)

MockHttpServletRequest:
      HTTP Method = GET
      Request URI = /register
       Parameters = {}
          Headers = []
             Body = <no character encoding set>
    Session Attrs = {org.springframework.security.web.csrf.HttpSessionCsrfTokenRepository.CSRF_TOKEN=org.springframework.security.web.csrf.DefaultCsrfToken@253d0ecd}

Handler:
             Type = CSCI5308.GroupFormationTool.Security.UserRegistrationController
           Method = CSCI5308.GroupFormationTool.Security.UserRegistrationController#register(User, Model)

Async:
    Async started = false
     Async result = null

Resolved Exception:
             Type = null

ModelAndView:
        View name = user/signup
             View = null
        Attribute = user
            value = CSCI5308.GroupFormationTool.User.User@5741e716
           errors = []
        Attribute = policies
            value = []

FlashMap:
       Attributes = null

MockHttpServletResponse:
           Status = 200
    Error message = null
          Headers = [Content-Language:"en", Content-Type:"text/html;charset=UTF-8", X-Content-Type-Options:"nosniff", X-XSS-Protection:"1; mode=block", Cache-Control:"no-cache, no-store, max-age=0, must-revalidate", Pragma:"no-cache", Expires:"0", X-Frame-Options:"DENY"]
     Content type = text/html;charset=UTF-8
             Body = <!DOCTYPE html>
<html lang="en">
<head>
    <meta charset="utf-8"/>
    <meta http-equiv="X-UA-Compatible" content="IE=edge"/>
    <meta name="viewport" content="width=device-width, initial-scale=1"/>
    <link rel="icon" href="favicon.ico"/>
    <title>User Registration Page</title>
    <link
            href="//maxcdn.bootstrapcdn.com/bootstrap/3.3.7/css/bootstrap.min.css"
            rel="stylesheet"
            integrity="sha384-BVYiiSIFeK1dGmJRAkycuHAHRg32OmUcww7on3RYdg4Va+PmSTsz/K68vbdEjh4u"
            crossorigin="anonymous"/>

</head>
<body style="background-color: #e7ebee">
<div class="flex align-items-center text-center" style="padding: 20px;">
    <br/>
    <div>
        <h4>Create Account</h4>
        <form autocomplete="off" action="/register" method="post" class="m-t col-md-4 col-md-offset-4" role="form"
              data-toggle="validator"><input type="hidden" name="_csrf" value="c8f9cda3-20d8-4e14-91ae-e4ac5ffec9b9"/>

            
            <br>

            

            

            

            

            

            

            <div class="form-group input-group has-feedback">
                 <span
                    class="input-group-addon"> <span
                    class="glyphicon glyphicon-user"></span>
					</span> <input type="text" placeholder="First Name" class="form-control" required id="firstName" name="firstName" value=""/> <span
                    class="glyphicon form-control-feedback" aria-hidden="true"></span>
            </div>


            <div class="form-group input-group has-feedback">
                 <span
                    class="input-group-addon"> <span
                    class="glyphicon glyphicon-user"></span>
					</span> <input type="text" placeholder="Last Name"
                                   class="form-control" required id="lastName" name="lastName" value=""/> <span
                    class="glyphicon form-control-feedback" aria-hidden="true"></span>
            </div>


            <div class="form-group input-group has-feedback">
                 <span
                    class="input-group-addon"> <span
                    class="glyphicon glyphicon-envelope"></span>
					</span> <input type="email" placeholder="Email address" class="form-control" required id="emailId" name="emailId" value=""/> <span
                    class="glyphicon form-control-feedback" aria-hidden="true"></span>
            </div>

            <div class="form-group input-group has-feedback">
					<span class="input-group-addon"> <span
                            class="glyphicon glyphicon-file"></span>
					</span> <input type="text" placeholder="Banner Id"
                                   class="form-control" id="bannerId" name="bannerId" value=""/> <span
                    class="glyphicon form-control-feedback" aria-hidden="true"></span>
            </div>

            <div class="form-group input-group has-feedback">
                 <span
                    class="input-group-addon"> <span
                    class="glyphicon glyphicon-lock"></span>
					</span> <input type="password" placeholder="Password" class="form-control" required id="password" name="password" value=""/> <span
                    class="glyphicon form-control-feedback" aria-hidden="true"></span>
            </div>

            <div class="form-group input-group has-feedback">
                
                <span class="input-group-addon"> <span
                        class="glyphicon glyphicon-lock"></span>
					</span> <input type="password" placeholder="Confirm Password" class="form-control" required id="confirmPassword" name="confirmPassword" value=""/> <span
                    class="glyphicon form-control-feedback" aria-hidden="true"></span>
            </div>

            <div class="text-center">
                <button type="submit" class="btn btn-primary btn-sm btn-block">Register</button>
                <br/>
                <button type="reset" class="btn btn-danger btn-sm btn-block">Cancel</button>
            </div>

            <br/>
            <div>
                <a href="/login" class="text-primary">Are you an existing
                    user? Click here to log in!</a>
            </div>
        </form>
        <br/>
        
    </div>
</div>
</body>
</html>
    Forwarded URL = null
   Redirected URL = null
          Cookies = []
]]></system-out>
  <system-err><![CDATA[]]></system-err>
</testsuite>
