<?xml version="1.0" encoding="UTF-8"?>
<testsuite name="CSCI5308.GroupFormationTool.GroupFormationToolApplicationTests" tests="1" skipped="0" failures="0" errors="0" timestamp="2020-07-10T05:03:28" hostname="Prabhjots-MacBook-Pro.local" time="0.001">
  <properties/>
  <testcase name="contextLoads()" classname="CSCI5308.GroupFormationTool.GroupFormationToolApplicationTests" time="0.001"/>
  <system-out><![CDATA[2020-07-10 02:03:28.901  INFO 10909 --- [    Test worker] .b.t.c.SpringBootTestContextBootstrapper : Neither @ContextConfiguration nor @ContextHierarchy found for test class [CSCI5308.GroupFormationTool.GroupFormationToolApplicationTests], using SpringBootContextLoader
2020-07-10 02:03:28.901  INFO 10909 --- [    Test worker] o.s.t.c.support.AbstractContextLoader    : Could not detect default resource locations for test class [CSCI5308.GroupFormationTool.GroupFormationToolApplicationTests]: no resource found for suffixes {-context.xml, Context.groovy}.
2020-07-10 02:03:28.901  INFO 10909 --- [    Test worker] t.c.s.AnnotationConfigContextLoaderUtils : Could not detect default configuration classes for test class [CSCI5308.GroupFormationTool.GroupFormationToolApplicationTests]: GroupFormationToolApplicationTests does not declare any static, non-private, non-final, nested classes annotated with @Configuration.
2020-07-10 02:03:28.903  INFO 10909 --- [    Test worker] .b.t.c.SpringBootTestContextBootstrapper : Found @SpringBootConfiguration CSCI5308.GroupFormationTool.GroupFormationToolApplication for test class CSCI5308.GroupFormationTool.GroupFormationToolApplicationTests
2020-07-10 02:03:28.904  INFO 10909 --- [    Test worker] .b.t.c.SpringBootTestContextBootstrapper : Loaded default TestExecutionListener class names from location [META-INF/spring.factories]: [org.springframework.security.test.context.support.WithSecurityContextTestExecutionListener, org.springframework.security.test.context.support.ReactorContextTestExecutionListener, org.springframework.boot.test.autoconfigure.restdocs.RestDocsTestExecutionListener, org.springframework.boot.test.autoconfigure.web.client.MockRestServiceServerResetTestExecutionListener, org.springframework.boot.test.autoconfigure.web.servlet.MockMvcPrintOnlyOnFailureTestExecutionListener, org.springframework.boot.test.autoconfigure.web.servlet.WebDriverTestExecutionListener, org.springframework.boot.test.mock.mockito.MockitoTestExecutionListener, org.springframework.boot.test.mock.mockito.ResetMocksTestExecutionListener, org.springframework.test.context.web.ServletTestExecutionListener, org.springframework.test.context.support.DirtiesContextBeforeModesTestExecutionListener, org.springframework.test.context.support.DependencyInjectionTestExecutionListener, org.springframework.test.context.support.DirtiesContextTestExecutionListener, org.springframework.test.context.transaction.TransactionalTestExecutionListener, org.springframework.test.context.jdbc.SqlScriptsTestExecutionListener, org.springframework.test.context.event.EventPublishingTestExecutionListener]
2020-07-10 02:03:28.905  INFO 10909 --- [    Test worker] .b.t.c.SpringBootTestContextBootstrapper : Using TestExecutionListeners: [org.springframework.test.context.web.ServletTestExecutionListener@396ea624, org.springframework.test.context.support.DirtiesContextBeforeModesTestExecutionListener@4a8eec43, org.springframework.boot.test.mock.mockito.MockitoTestExecutionListener@3985e673, org.springframework.boot.test.autoconfigure.SpringBootDependencyInjectionTestExecutionListener@35fd5c7d, org.springframework.test.context.support.DirtiesContextTestExecutionListener@796e8360, org.springframework.security.test.context.support.WithSecurityContextTestExecutionListener@443f84fa, org.springframework.test.context.event.EventPublishingTestExecutionListener@521f4470, org.springframework.security.test.context.support.ReactorContextTestExecutionListener@ddef4fa, org.springframework.boot.test.autoconfigure.restdocs.RestDocsTestExecutionListener@2603a2, org.springframework.boot.test.autoconfigure.web.client.MockRestServiceServerResetTestExecutionListener@38865f08, org.springframework.boot.test.autoconfigure.web.servlet.MockMvcPrintOnlyOnFailureTestExecutionListener@1092a0ac, org.springframework.boot.test.autoconfigure.web.servlet.WebDriverTestExecutionListener@6a11ff60, org.springframework.boot.test.mock.mockito.ResetMocksTestExecutionListener@5a9aca93]
]]></system-out>
  <system-err><![CDATA[]]></system-err>
</testsuite>
