<?xml version="1.0" encoding="UTF-8"?>
<testsuite name="CSCI5308.GroupFormationTool.SecurityTest.BCryptEncryptionTest" tests="1" skipped="0" failures="0" errors="0" timestamp="2020-06-18T20:08:57" hostname="Prabhjots-MacBook-Pro.local" time="0.001">
  <properties/>
  <testcase name="encryptPasswordTest()" classname="CSCI5308.GroupFormationTool.SecurityTest.BCryptEncryptionTest" time="0.001"/>
  <system-out><![CDATA[2020-06-18 17:08:57.052  INFO 17970 --- [    Test worker] .b.t.c.SpringBootTestContextBootstrapper : Neither @ContextConfiguration nor @ContextHierarchy found for test class [CSCI5308.GroupFormationTool.SecurityTest.BCryptEncryptionTest], using SpringBootContextLoader
2020-06-18 17:08:57.052  INFO 17970 --- [    Test worker] o.s.t.c.support.AbstractContextLoader    : Could not detect default resource locations for test class [CSCI5308.GroupFormationTool.SecurityTest.BCryptEncryptionTest]: no resource found for suffixes {-context.xml, Context.groovy}.
2020-06-18 17:08:57.052  INFO 17970 --- [    Test worker] t.c.s.AnnotationConfigContextLoaderUtils : Could not detect default configuration classes for test class [CSCI5308.GroupFormationTool.SecurityTest.BCryptEncryptionTest]: BCryptEncryptionTest does not declare any static, non-private, non-final, nested classes annotated with @Configuration.
2020-06-18 17:08:57.057  INFO 17970 --- [    Test worker] .b.t.c.SpringBootTestContextBootstrapper : Found @SpringBootConfiguration CSCI5308.GroupFormationTool.GroupFormationToolApplication for test class CSCI5308.GroupFormationTool.SecurityTest.BCryptEncryptionTest
2020-06-18 17:08:57.058  INFO 17970 --- [    Test worker] .b.t.c.SpringBootTestContextBootstrapper : Loaded default TestExecutionListener class names from location [META-INF/spring.factories]: [org.springframework.security.test.context.support.WithSecurityContextTestExecutionListener, org.springframework.security.test.context.support.ReactorContextTestExecutionListener, org.springframework.boot.test.autoconfigure.restdocs.RestDocsTestExecutionListener, org.springframework.boot.test.autoconfigure.web.client.MockRestServiceServerResetTestExecutionListener, org.springframework.boot.test.autoconfigure.web.servlet.MockMvcPrintOnlyOnFailureTestExecutionListener, org.springframework.boot.test.autoconfigure.web.servlet.WebDriverTestExecutionListener, org.springframework.boot.test.mock.mockito.MockitoTestExecutionListener, org.springframework.boot.test.mock.mockito.ResetMocksTestExecutionListener, org.springframework.test.context.web.ServletTestExecutionListener, org.springframework.test.context.support.DirtiesContextBeforeModesTestExecutionListener, org.springframework.test.context.support.DependencyInjectionTestExecutionListener, org.springframework.test.context.support.DirtiesContextTestExecutionListener, org.springframework.test.context.transaction.TransactionalTestExecutionListener, org.springframework.test.context.jdbc.SqlScriptsTestExecutionListener, org.springframework.test.context.event.EventPublishingTestExecutionListener]
2020-06-18 17:08:57.061  INFO 17970 --- [    Test worker] .b.t.c.SpringBootTestContextBootstrapper : Using TestExecutionListeners: [org.springframework.test.context.web.ServletTestExecutionListener@64dc6c5a, org.springframework.test.context.support.DirtiesContextBeforeModesTestExecutionListener@7597c07c, org.springframework.boot.test.mock.mockito.MockitoTestExecutionListener@2b3241c2, org.springframework.boot.test.autoconfigure.SpringBootDependencyInjectionTestExecutionListener@36acf133, org.springframework.test.context.support.DirtiesContextTestExecutionListener@3195f500, org.springframework.security.test.context.support.WithSecurityContextTestExecutionListener@7aca576e, org.springframework.test.context.event.EventPublishingTestExecutionListener@43cf35a4, org.springframework.security.test.context.support.ReactorContextTestExecutionListener@12bb7187, org.springframework.boot.test.autoconfigure.restdocs.RestDocsTestExecutionListener@c98bb25, org.springframework.boot.test.autoconfigure.web.client.MockRestServiceServerResetTestExecutionListener@24c1ecff, org.springframework.boot.test.autoconfigure.web.servlet.MockMvcPrintOnlyOnFailureTestExecutionListener@1e999fd6, org.springframework.boot.test.autoconfigure.web.servlet.WebDriverTestExecutionListener@5767e2cb, org.springframework.boot.test.mock.mockito.ResetMocksTestExecutionListener@1eef2a91]
]]></system-out>
  <system-err><![CDATA[]]></system-err>
</testsuite>
