<?xml version="1.0" encoding="UTF-8"?>
<testsuite name="CSCI5308.GroupFormationTool.Course.AdminControllerTest" tests="3" skipped="0" failures="0" errors="0" timestamp="2020-07-16T02:08:44" hostname="Prabhjots-MacBook-Pro.local" time="0.036">
  <properties/>
  <testcase name="assignInstructorToCourseTest()" classname="CSCI5308.GroupFormationTool.Course.AdminControllerTest" time="0.01"/>
  <testcase name="assignInstructorTest()" classname="CSCI5308.GroupFormationTool.Course.AdminControllerTest" time="0.02"/>
  <testcase name="adminCoursesTest()" classname="CSCI5308.GroupFormationTool.Course.AdminControllerTest" time="0.005"/>
  <system-out><![CDATA[
  .   ____          _            __ _ _
 /\\ / ___'_ __ _ _(_)_ __  __ _ \ \ \ \
( ( )\___ | '_ | '_| | '_ \/ _` | \ \ \ \
 \\/  ___)| |_)| | | | | || (_| |  ) ) ) )
  '  |____| .__|_| |_|_| |_\__, | / / / /
 =========|_|==============|___/=/_/_/_/
 :: Spring Boot ::        (v2.2.7.RELEASE)

2020-07-15 23:08:44.067  INFO 38787 --- [    Test worker] C.G.Course.AdminControllerTest           : Starting AdminControllerTest on Prabhjots-MacBook-Pro.local with PID 38787 (started by prabhjotkaur in /Users/prabhjotkaur/git/group22)
2020-07-15 23:08:44.068  INFO 38787 --- [    Test worker] C.G.Course.AdminControllerTest           : No active profile set, falling back to default profiles: default
2020-07-15 23:08:44.413  INFO 38787 --- [    Test worker] C.G.Course.AdminControllerTest           : Started AdminControllerTest in 0.354 seconds (JVM running for 6.239)
2020-07-15 23:08:44.418  INFO 38787 --- [    Test worker] C.G.Question.QuestionAdminController     : Fetching course details by using course Id
2020-07-15 23:08:44.418  INFO 38787 --- [    Test worker] C.GroupFormationTool.Course.Course       : Calling the courseRepository function to get courses details by Id
2020-07-15 23:08:44.419  INFO 38787 --- [    Test worker] C.G.Question.QuestionAdminController     : Assign/Add instructor to a course
2020-07-15 23:08:44.419  INFO 38787 --- [    Test worker] C.GroupFormationTool.Question.Question   : Function call to add an instructor for a course using course Id and email Id
2020-07-15 23:08:44.419  INFO 38787 --- [    Test worker] C.G.Question.QuestionAdminController     : Fetch instructor for a course
2020-07-15 23:08:44.419  INFO 38787 --- [    Test worker] C.GroupFormationTool.Question.Question   : Function call to get instructor for a course using course Id

MockHttpServletRequest:
      HTTP Method = POST
      Request URI = /admin/assignInstructor
       Parameters = {instructor=[3], id=[CSCI5308], _csrf=[4944688f-23db-407f-af3e-ed75908f86ef]}
          Headers = []
             Body = <no character encoding set>
    Session Attrs = {}

Handler:
             Type = CSCI5308.GroupFormationTool.Course.AdminController
           Method = CSCI5308.GroupFormationTool.Course.AdminController#assignInstructorToCourse(Long, String, Model)

Async:
    Async started = false
     Async result = null

Resolved Exception:
             Type = null

ModelAndView:
        View name = redirect:/course/assignInstructor?courseId=CSCI5308
             View = null
            Model = null

FlashMap:
       Attributes = null

MockHttpServletResponse:
           Status = 302
    Error message = null
          Headers = [Content-Language:"en", X-Content-Type-Options:"nosniff", X-XSS-Protection:"1; mode=block", Cache-Control:"no-cache, no-store, max-age=0, must-revalidate", Pragma:"no-cache", Expires:"0", X-Frame-Options:"DENY", Location:"/course/assignInstructor?courseId=CSCI5308"]
     Content type = null
             Body = 
    Forwarded URL = null
   Redirected URL = /course/assignInstructor?courseId=CSCI5308
          Cookies = []
2020-07-15 23:08:44.423  INFO 38787 --- [    Test worker] C.G.Question.QuestionAdminController     : Fetching course details by using course Id
2020-07-15 23:08:44.423  INFO 38787 --- [    Test worker] C.GroupFormationTool.Course.Course       : Calling the courseRepository function to get courses details by Id
2020-07-15 23:08:44.423  INFO 38787 --- [    Test worker] C.G.Question.QuestionAdminController     : Assign/Add instructor to a course
2020-07-15 23:08:44.423  INFO 38787 --- [    Test worker] C.GroupFormationTool.Question.Question   : Function call to add an instructor for a course using course Id and email Id
2020-07-15 23:08:44.423  INFO 38787 --- [    Test worker] C.G.Question.QuestionAdminController     : Fetch instructor for a course
2020-07-15 23:08:44.423  INFO 38787 --- [    Test worker] C.GroupFormationTool.Question.Question   : Function call to get instructor for a course using course Id

MockHttpServletRequest:
      HTTP Method = POST
      Request URI = /admin/assignInstructor
       Parameters = {instructor=[3], id=[CSCI5308], _csrf=[0e4f1b63-a1c7-4fae-b946-4cb24eed9bd4]}
          Headers = []
             Body = <no character encoding set>
    Session Attrs = {}

Handler:
             Type = CSCI5308.GroupFormationTool.Course.AdminController
           Method = CSCI5308.GroupFormationTool.Course.AdminController#assignInstructorToCourse(Long, String, Model)

Async:
    Async started = false
     Async result = null

Resolved Exception:
             Type = null

ModelAndView:
        View name = redirect:/course/assignInstructor?courseId=CSCI5308
             View = null
            Model = null

FlashMap:
       Attributes = null

MockHttpServletResponse:
           Status = 302
    Error message = null
          Headers = [Content-Language:"en", X-Content-Type-Options:"nosniff", X-XSS-Protection:"1; mode=block", Cache-Control:"no-cache, no-store, max-age=0, must-revalidate", Pragma:"no-cache", Expires:"0", X-Frame-Options:"DENY", Location:"/course/assignInstructor?courseId=CSCI5308"]
     Content type = null
             Body = 
    Forwarded URL = null
   Redirected URL = /course/assignInstructor?courseId=CSCI5308
          Cookies = []
2020-07-15 23:08:44.427  INFO 38787 --- [    Test worker] C.G.Question.QuestionAdminController     : Fetching course details using courseId from the Database
2020-07-15 23:08:44.427  INFO 38787 --- [    Test worker] C.GroupFormationTool.Course.Course       : Calling the courseRepository function to get courses details by Id
2020-07-15 23:08:44.428  INFO 38787 --- [    Test worker] C.GroupFormationTool.Question.Question   : The function call return the users that are not enrolled as an instructor for a course
2020-07-15 23:08:44.428  INFO 38787 --- [    Test worker] C.G.Question.QuestionAdminController     : Fetching instructors list for a course using courseId
2020-07-15 23:08:44.428  INFO 38787 --- [    Test worker] C.GroupFormationTool.Question.Question   : Function call to get instructor for a course using course Id

MockHttpServletRequest:
      HTTP Method = GET
      Request URI = /admin/assignInstructor
       Parameters = {courseId=[CSCI5308]}
          Headers = []
             Body = <no character encoding set>
    Session Attrs = {org.springframework.security.web.csrf.HttpSessionCsrfTokenRepository.CSRF_TOKEN=org.springframework.security.web.csrf.DefaultCsrfToken@7ac6d9b3}

Handler:
             Type = CSCI5308.GroupFormationTool.Course.AdminController
           Method = CSCI5308.GroupFormationTool.Course.AdminController#assignInstructor(Model, String)

Async:
    Async started = false
     Async result = null

Resolved Exception:
             Type = null

ModelAndView:
        View name = course/assignInstructor
             View = null
        Attribute = instructorList
            value = []
        Attribute = course
            value = CSCI5308.GroupFormationTool.Course.Course@4bdfcfe
           errors = []
        Attribute = users
            value = []

FlashMap:
       Attributes = null

MockHttpServletResponse:
           Status = 200
    Error message = null
          Headers = [Content-Language:"en", Content-Type:"text/html;charset=UTF-8", X-Content-Type-Options:"nosniff", X-XSS-Protection:"1; mode=block", Cache-Control:"no-cache, no-store, max-age=0, must-revalidate", Pragma:"no-cache", Expires:"0", X-Frame-Options:"DENY"]
     Content type = text/html;charset=UTF-8
             Body = <!DOCTYPE html>
<html lang="en" xmlns="http://www.w3.org/1999/xhtml">
<head>
    <meta charset="utf-8"/>
    <meta content="IE=edge" http-equiv="X-UA-Compatible"/>
    <meta content="width=device-width, initial-scale=1" name="viewport"/>
    <link href="favicon.ico" rel="icon"/>
    <title>Assign Instructor to course</title>
    <link
            crossorigin="anonymous"
            href="//maxcdn.bootstrapcdn.com/bootstrap/3.3.7/css/bootstrap.min.css"
            integrity="sha384-BVYiiSIFeK1dGmJRAkycuHAHRg32OmUcww7on3RYdg4Va+PmSTsz/K68vbdEjh4u"
            rel="stylesheet"/>

</head>
<body style="background-color: #e7ebee">
<div class="container">
    <div>
        <p>You have not logged in to the application. Please login to
            continue...</p>
        <a href="/login">Click here to log in!</a>
    </div>

    
</div>
</body>
</html>
    Forwarded URL = null
   Redirected URL = null
          Cookies = []
2020-07-15 23:08:44.447  INFO 38787 --- [    Test worker] C.G.Question.QuestionAdminController     : Fetching all course details from the Database
2020-07-15 23:08:44.447  INFO 38787 --- [    Test worker] C.GroupFormationTool.Course.Course       : Calling the courseRepository function to get all courses

MockHttpServletRequest:
      HTTP Method = GET
      Request URI = /admin/allCourses
       Parameters = {}
          Headers = []
             Body = <no character encoding set>
    Session Attrs = {org.springframework.security.web.csrf.HttpSessionCsrfTokenRepository.CSRF_TOKEN=org.springframework.security.web.csrf.DefaultCsrfToken@41f1030b}

Handler:
             Type = CSCI5308.GroupFormationTool.Course.AdminController
           Method = CSCI5308.GroupFormationTool.Course.AdminController#adminCourses(Model)

Async:
    Async started = false
     Async result = null

Resolved Exception:
             Type = null

ModelAndView:
        View name = course/allCourses
             View = null
        Attribute = courses
            value = []

FlashMap:
       Attributes = null

MockHttpServletResponse:
           Status = 200
    Error message = null
          Headers = [Content-Language:"en", Content-Type:"text/html;charset=UTF-8", X-Content-Type-Options:"nosniff", X-XSS-Protection:"1; mode=block", Cache-Control:"no-cache, no-store, max-age=0, must-revalidate", Pragma:"no-cache", Expires:"0", X-Frame-Options:"DENY"]
     Content type = text/html;charset=UTF-8
             Body = <!DOCTYPE html>
<html lang="en" xmlns="http://www.w3.org/1999/xhtml">
<head>
    <meta charset="utf-8"/>
    <meta content="IE=edge" http-equiv="X-UA-Compatible"/>
    <meta content="width=device-width, initial-scale=1" name="viewport"/>
    <link href="favicon.ico" rel="icon"/>
    <title>Admin Course List</title>
    <link
            crossorigin="anonymous"
            href="//maxcdn.bootstrapcdn.com/bootstrap/3.3.7/css/bootstrap.min.css"
            integrity="sha384-BVYiiSIFeK1dGmJRAkycuHAHRg32OmUcww7on3RYdg4Va+PmSTsz/K68vbdEjh4u"
            rel="stylesheet"/>

</head>
<body style="background-color: #e7ebee">
<div class="container">
    <div>
        <p>You have not logged in to the application. Please login to
            continue...</p>
        <a href="/login">Click here to log in!</a>
    </div>

    
</div>
</body>
</html>
    Forwarded URL = null
   Redirected URL = null
          Cookies = []
]]></system-out>
  <system-err><![CDATA[]]></system-err>
</testsuite>
