<?xml version="1.0" encoding="UTF-8"?>
<testsuite name="CSCI5308.GroupFormationTool.Course.CourseControllerTest" tests="9" skipped="0" failures="0" errors="0" timestamp="2020-07-09T16:37:32" hostname="Prabhjots-MacBook-Pro.local" time="0.432">
  <properties/>
  <testcase name="addCourseTest()" classname="CSCI5308.GroupFormationTool.Course.CourseControllerTest" time="0.308"/>
  <testcase name="uploadCSVFileTest()" classname="CSCI5308.GroupFormationTool.Course.CourseControllerTest" time="0.01"/>
  <testcase name="enrollTATest()" classname="CSCI5308.GroupFormationTool.Course.CourseControllerTest" time="0.025"/>
  <testcase name="allCoursesTest()" classname="CSCI5308.GroupFormationTool.Course.CourseControllerTest" time="0.006"/>
  <testcase name="addTATest()" classname="CSCI5308.GroupFormationTool.Course.CourseControllerTest" time="0.017"/>
  <testcase name="courseDetailTest()" classname="CSCI5308.GroupFormationTool.Course.CourseControllerTest" time="0.007"/>
  <testcase name="courseListTest()" classname="CSCI5308.GroupFormationTool.Course.CourseControllerTest" time="0.031"/>
  <testcase name="deleteCourseTest()" classname="CSCI5308.GroupFormationTool.Course.CourseControllerTest" time="0.018"/>
  <testcase name="addCourseFormTest()" classname="CSCI5308.GroupFormationTool.Course.CourseControllerTest" time="0.006"/>
  <system-out><![CDATA[2020-07-09 13:37:31.624  INFO 7318 --- [    Test worker] .b.t.a.w.s.WebMvcTestContextBootstrapper : Neither @ContextConfiguration nor @ContextHierarchy found for test class [CSCI5308.GroupFormationTool.Course.CourseControllerTest], using SpringBootContextLoader
2020-07-09 13:37:31.625  INFO 7318 --- [    Test worker] o.s.t.c.support.AbstractContextLoader    : Could not detect default resource locations for test class [CSCI5308.GroupFormationTool.Course.CourseControllerTest]: no resource found for suffixes {-context.xml, Context.groovy}.
2020-07-09 13:37:31.625  INFO 7318 --- [    Test worker] t.c.s.AnnotationConfigContextLoaderUtils : Could not detect default configuration classes for test class [CSCI5308.GroupFormationTool.Course.CourseControllerTest]: CourseControllerTest does not declare any static, non-private, non-final, nested classes annotated with @Configuration.
2020-07-09 13:37:31.632  INFO 7318 --- [    Test worker] .b.t.c.SpringBootTestContextBootstrapper : Found @SpringBootConfiguration CSCI5308.GroupFormationTool.GroupFormationToolApplication for test class CSCI5308.GroupFormationTool.Course.CourseControllerTest
2020-07-09 13:37:31.633  INFO 7318 --- [    Test worker] .b.t.a.w.s.WebMvcTestContextBootstrapper : Loaded default TestExecutionListener class names from location [META-INF/spring.factories]: [org.springframework.security.test.context.support.WithSecurityContextTestExecutionListener, org.springframework.security.test.context.support.ReactorContextTestExecutionListener, org.springframework.boot.test.autoconfigure.restdocs.RestDocsTestExecutionListener, org.springframework.boot.test.autoconfigure.web.client.MockRestServiceServerResetTestExecutionListener, org.springframework.boot.test.autoconfigure.web.servlet.MockMvcPrintOnlyOnFailureTestExecutionListener, org.springframework.boot.test.autoconfigure.web.servlet.WebDriverTestExecutionListener, org.springframework.boot.test.mock.mockito.MockitoTestExecutionListener, org.springframework.boot.test.mock.mockito.ResetMocksTestExecutionListener, org.springframework.test.context.web.ServletTestExecutionListener, org.springframework.test.context.support.DirtiesContextBeforeModesTestExecutionListener, org.springframework.test.context.support.DependencyInjectionTestExecutionListener, org.springframework.test.context.support.DirtiesContextTestExecutionListener, org.springframework.test.context.transaction.TransactionalTestExecutionListener, org.springframework.test.context.jdbc.SqlScriptsTestExecutionListener, org.springframework.test.context.event.EventPublishingTestExecutionListener]
2020-07-09 13:37:31.633  INFO 7318 --- [    Test worker] .b.t.a.w.s.WebMvcTestContextBootstrapper : Using TestExecutionListeners: [org.springframework.test.context.web.ServletTestExecutionListener@7ed9674e, org.springframework.test.context.support.DirtiesContextBeforeModesTestExecutionListener@3a663be, org.springframework.boot.test.mock.mockito.MockitoTestExecutionListener@377f6563, org.springframework.boot.test.autoconfigure.SpringBootDependencyInjectionTestExecutionListener@b9df084, org.springframework.test.context.support.DirtiesContextTestExecutionListener@3e4b05ae, org.springframework.security.test.context.support.WithSecurityContextTestExecutionListener@e402a4a, org.springframework.test.context.event.EventPublishingTestExecutionListener@4258129c, org.springframework.security.test.context.support.ReactorContextTestExecutionListener@26a5c383, org.springframework.boot.test.autoconfigure.restdocs.RestDocsTestExecutionListener@40a5d48c, org.springframework.boot.test.autoconfigure.web.client.MockRestServiceServerResetTestExecutionListener@4f38b4a8, org.springframework.boot.test.autoconfigure.web.servlet.MockMvcPrintOnlyOnFailureTestExecutionListener@4df69321, org.springframework.boot.test.autoconfigure.web.servlet.WebDriverTestExecutionListener@4547e8c7, org.springframework.boot.test.mock.mockito.ResetMocksTestExecutionListener@2b284557]

  .   ____          _            __ _ _
 /\\ / ___'_ __ _ _(_)_ __  __ _ \ \ \ \
( ( )\___ | '_ | '_| | '_ \/ _` | \ \ \ \
 \\/  ___)| |_)| | | | | || (_| |  ) ) ) )
  '  |____| .__|_| |_|_| |_\__, | / / / /
 =========|_|==============|___/=/_/_/_/
 :: Spring Boot ::        (v2.2.7.RELEASE)

2020-07-09 13:37:31.649  INFO 7318 --- [    Test worker] C.G.Course.CourseControllerTest          : Starting CourseControllerTest on Prabhjots-MacBook-Pro.local with PID 7318 (started by prabhjotkaur in /Users/prabhjotkaur/git/group22)
2020-07-09 13:37:31.650  INFO 7318 --- [    Test worker] C.G.Course.CourseControllerTest          : No active profile set, falling back to default profiles: default
2020-07-09 13:37:31.824  INFO 7318 --- [    Test worker] o.s.s.web.DefaultSecurityFilterChain     : Creating filter chain: Ant [pattern='/resources/**'], []
2020-07-09 13:37:31.871  INFO 7318 --- [    Test worker] o.s.s.web.DefaultSecurityFilterChain     : Creating filter chain: any request, [org.springframework.security.web.context.request.async.WebAsyncManagerIntegrationFilter@7f2c0850, org.springframework.security.web.context.SecurityContextPersistenceFilter@2b1d3aad, org.springframework.security.web.header.HeaderWriterFilter@456b844d, org.springframework.security.web.csrf.CsrfFilter@68bc3880, org.springframework.security.web.authentication.logout.LogoutFilter@132dc5f9, org.springframework.security.web.authentication.UsernamePasswordAuthenticationFilter@a93d9b0, org.springframework.security.web.savedrequest.RequestCacheAwareFilter@928434f, org.springframework.security.web.servletapi.SecurityContextHolderAwareRequestFilter@1078f7cb, org.springframework.security.web.authentication.AnonymousAuthenticationFilter@1f62b602, org.springframework.security.web.session.SessionManagementFilter@226c6e58, org.springframework.security.web.access.ExceptionTranslationFilter@6748abfa, org.springframework.security.web.access.intercept.FilterSecurityInterceptor@3c53e15f]
2020-07-09 13:37:31.947  INFO 7318 --- [    Test worker] o.s.s.concurrent.ThreadPoolTaskExecutor  : Initializing ExecutorService 'applicationTaskExecutor'
2020-07-09 13:37:31.968  INFO 7318 --- [    Test worker] o.s.b.a.w.s.WelcomePageHandlerMapping    : Adding welcome page template: index
2020-07-09 13:37:32.069  INFO 7318 --- [    Test worker] o.s.b.t.m.w.SpringBootMockServletContext : Initializing Spring TestDispatcherServlet ''
2020-07-09 13:37:32.069  INFO 7318 --- [    Test worker] o.s.t.web.servlet.TestDispatcherServlet  : Initializing Servlet ''
2020-07-09 13:37:32.077  INFO 7318 --- [    Test worker] o.s.t.web.servlet.TestDispatcherServlet  : Completed initialization in 8 ms
2020-07-09 13:37:32.088  INFO 7318 --- [    Test worker] C.G.Course.CourseControllerTest          : Started CourseControllerTest in 0.453 seconds (JVM running for 4.316)

MockHttpServletRequest:
      HTTP Method = POST
      Request URI = /admin/addCourse
       Parameters = {_csrf=[3dc7c911-75bd-4c3d-97a5-823d4981c820]}
          Headers = []
             Body = <no character encoding set>
    Session Attrs = {}

Handler:
             Type = CSCI5308.GroupFormationTool.Course.CourseController
           Method = CSCI5308.GroupFormationTool.Course.CourseController#addCourse(Course, Model)

Async:
    Async started = false
     Async result = null

Resolved Exception:
             Type = null

ModelAndView:
        View name = course/allCourses
             View = null
        Attribute = course
            value = CSCI5308.GroupFormationTool.Course.Course@1cf5cf9f
           errors = []
        Attribute = failureMessage
            value = The course could not be added since the course already exists!
        Attribute = courses
            value = []

FlashMap:
       Attributes = null

MockHttpServletResponse:
           Status = 200
    Error message = null
          Headers = [Content-Language:"en", Content-Type:"text/html;charset=UTF-8", X-Content-Type-Options:"nosniff", X-XSS-Protection:"1; mode=block", Cache-Control:"no-cache, no-store, max-age=0, must-revalidate", Pragma:"no-cache", Expires:"0", X-Frame-Options:"DENY"]
     Content type = text/html;charset=UTF-8
             Body = <!DOCTYPE html>
<html lang="en" xmlns="http://www.w3.org/1999/xhtml">
<head>
    <meta charset="utf-8"/>
    <meta http-equiv="X-UA-Compatible" content="IE=edge"/>
    <meta name="viewport" content="width=device-width, initial-scale=1"/>
    <link rel="icon" href="favicon.ico"/>
    <title>Admin Course List</title>
    <link
            href="//maxcdn.bootstrapcdn.com/bootstrap/3.3.7/css/bootstrap.min.css"
            rel="stylesheet"
            integrity="sha384-BVYiiSIFeK1dGmJRAkycuHAHRg32OmUcww7on3RYdg4Va+PmSTsz/K68vbdEjh4u"
            crossorigin="anonymous"/>

</head>
<body style="background-color: #e7ebee">
<div class="container">
    <div>
        <p>You have not logged in to the application. Please login to
            continue...</p>
        <a href="/login">Click here to log in!</a>
    </div>

    
</div>
</body>
</html>
    Forwarded URL = null
   Redirected URL = null
          Cookies = []

MockHttpServletRequest:
      HTTP Method = POST
      Request URI = /admin/addCourse
       Parameters = {_csrf=[4651edbd-6f0e-4d7f-be65-5c9a4d944625]}
          Headers = []
             Body = <no character encoding set>
    Session Attrs = {}

Handler:
             Type = CSCI5308.GroupFormationTool.Course.CourseController
           Method = CSCI5308.GroupFormationTool.Course.CourseController#addCourse(Course, Model)

Async:
    Async started = false
     Async result = null

Resolved Exception:
             Type = null

ModelAndView:
        View name = course/allCourses
             View = null
        Attribute = course
            value = CSCI5308.GroupFormationTool.Course.Course@3d69505f
           errors = []
        Attribute = failureMessage
            value = The course could not be added since the course already exists!
        Attribute = courses
            value = []

FlashMap:
       Attributes = null

MockHttpServletResponse:
           Status = 200
    Error message = null
          Headers = [Content-Language:"en", Content-Type:"text/html;charset=UTF-8", X-Content-Type-Options:"nosniff", X-XSS-Protection:"1; mode=block", Cache-Control:"no-cache, no-store, max-age=0, must-revalidate", Pragma:"no-cache", Expires:"0", X-Frame-Options:"DENY"]
     Content type = text/html;charset=UTF-8
             Body = <!DOCTYPE html>
<html lang="en" xmlns="http://www.w3.org/1999/xhtml">
<head>
    <meta charset="utf-8"/>
    <meta http-equiv="X-UA-Compatible" content="IE=edge"/>
    <meta name="viewport" content="width=device-width, initial-scale=1"/>
    <link rel="icon" href="favicon.ico"/>
    <title>Admin Course List</title>
    <link
            href="//maxcdn.bootstrapcdn.com/bootstrap/3.3.7/css/bootstrap.min.css"
            rel="stylesheet"
            integrity="sha384-BVYiiSIFeK1dGmJRAkycuHAHRg32OmUcww7on3RYdg4Va+PmSTsz/K68vbdEjh4u"
            crossorigin="anonymous"/>

</head>
<body style="background-color: #e7ebee">
<div class="container">
    <div>
        <p>You have not logged in to the application. Please login to
            continue...</p>
        <a href="/login">Click here to log in!</a>
    </div>

    
</div>
</body>
</html>
    Forwarded URL = null
   Redirected URL = null
          Cookies = []

MockHttpServletRequest:
      HTTP Method = GET
      Request URI = /uploadCSVFile
       Parameters = {courseId=[CSCI5308]}
          Headers = []
             Body = <no character encoding set>
    Session Attrs = {org.springframework.security.web.csrf.HttpSessionCsrfTokenRepository.CSRF_TOKEN=org.springframework.security.web.csrf.DefaultCsrfToken@6a7d7a2e}

Handler:
             Type = CSCI5308.GroupFormationTool.Course.CourseController
           Method = CSCI5308.GroupFormationTool.Course.CourseController#uploadCSVFile(String, Model)

Async:
    Async started = false
     Async result = null

Resolved Exception:
             Type = null

ModelAndView:
        View name = course/uploadCSVFile
             View = null
        Attribute = CourseId
            value = CSCI5308

FlashMap:
       Attributes = null

MockHttpServletResponse:
           Status = 200
    Error message = null
          Headers = [Content-Language:"en", Content-Type:"text/html;charset=UTF-8", X-Content-Type-Options:"nosniff", X-XSS-Protection:"1; mode=block", Cache-Control:"no-cache, no-store, max-age=0, must-revalidate", Pragma:"no-cache", Expires:"0", X-Frame-Options:"DENY"]
     Content type = text/html;charset=UTF-8
             Body = <!DOCTYPE html>
<html lang="en" xmlns="http://www.w3.org/1999/xhtml">
<head>
    <meta charset="utf-8"/>
    <meta http-equiv="X-UA-Compatible" content="IE=edge"/>
    <meta name="viewport" content="width=device-width, initial-scale=1"/>
    <link rel="icon" href="favicon.ico"/>
    <title>Instructor Course List</title>
    <link
            href="//maxcdn.bootstrapcdn.com/bootstrap/3.3.7/css/bootstrap.min.css"
            rel="stylesheet"
            integrity="sha384-BVYiiSIFeK1dGmJRAkycuHAHRg32OmUcww7on3RYdg4Va+PmSTsz/K68vbdEjh4u"
            crossorigin="anonymous"/>

</head>
<body style="background-color: #e7ebee">
<div class="container">
    <div>
        <p>You have not logged in to the application. Please login to
            continue...</p>
        <a href="/login">Click here to log in!</a>
    </div>

    
</div>
</body>
</html>
    Forwarded URL = null
   Redirected URL = null
          Cookies = []

MockHttpServletRequest:
      HTTP Method = GET
      Request URI = /enrollTA
       Parameters = {courseId=[CSCI5308]}
          Headers = []
             Body = <no character encoding set>
    Session Attrs = {org.springframework.security.web.csrf.HttpSessionCsrfTokenRepository.CSRF_TOKEN=org.springframework.security.web.csrf.DefaultCsrfToken@4d3470ee}

Handler:
             Type = CSCI5308.GroupFormationTool.Course.CourseController
           Method = CSCI5308.GroupFormationTool.Course.CourseController#enrollTA(String, Model)

Async:
    Async started = false
     Async result = null

Resolved Exception:
             Type = null

ModelAndView:
        View name = course/enrollTA
             View = null
        Attribute = user
            value = CSCI5308.GroupFormationTool.User.User@5e66f7ba
           errors = []
        Attribute = taList
            value = []
        Attribute = courseId
            value = CSCI5308

FlashMap:
       Attributes = null

MockHttpServletResponse:
           Status = 200
    Error message = null
          Headers = [Content-Language:"en", Content-Type:"text/html;charset=UTF-8", X-Content-Type-Options:"nosniff", X-XSS-Protection:"1; mode=block", Cache-Control:"no-cache, no-store, max-age=0, must-revalidate", Pragma:"no-cache", Expires:"0", X-Frame-Options:"DENY"]
     Content type = text/html;charset=UTF-8
             Body = <!DOCTYPE html>
<html lang="en" xmlns="http://www.w3.org/1999/xhtml"
>
<head>
    <meta charset="utf-8"/>
    <meta http-equiv="X-UA-Compatible" content="IE=edge"/>
    <meta name="viewport" content="width=device-width, initial-scale=1"/>
    <link rel="icon" href="favicon.ico"/>
    <title>Enroll TA</title>
    <link
            href="//maxcdn.bootstrapcdn.com/bootstrap/3.3.7/css/bootstrap.min.css"
            rel="stylesheet"
            integrity="sha384-BVYiiSIFeK1dGmJRAkycuHAHRg32OmUcww7on3RYdg4Va+PmSTsz/K68vbdEjh4u"
            crossorigin="anonymous"/>

</head>
<body style="background-color: #e7ebee">
<div class="container" style="padding:20px;">
    <form autocomplete="off" action="/enrollTA?courseId=CSCI5308"
          method="post" class="m-t col-md-4 col-md-offset-4" role="form"
          data-toggle="validator"><input type="hidden" name="_csrf" value="0cf23cac-78e9-40d9-a9ef-dddaabe123ca"/>
        
        
        <br>
        <h4>Enter details to add TA!</h4>
        <div class="form-group input-group has-feedback">
            <input type="email" name="emailId" placeholder="Add by Email Address" class="form-control" required id="emailId" value=""/>
        </div>
        <div class="text-center">
            <button type="submit" class="btn btn-primary btn-sm btn-block"
                    style="width: 120px; margin-left: 40px;">Add TA
            </button>
        </div>
    </form>
</div>
<div class="container">
    <h3 class="text-center">Enrolled TA(s)</h3>
    <div class="table-responsive">
        <table class="table table-bordered table-hover">
            <thead>
            <tr>
                <th scope="col">First Name</th>
                <th scope="col">Last Name</th>
                <th scope="col">Email</th>
                <th scope="col">BannerID</th>
            </tr>
            </thead>
            <tbody>
            
            </tbody>
        </table>
    </div>
    <br/>
    <div>
        <a href="/courseList" class="text-primary">Go back to
            course page!</a>
    </div>
</div>
</body>
</html>
    Forwarded URL = null
   Redirected URL = null
          Cookies = []

MockHttpServletRequest:
      HTTP Method = GET
      Request URI = /admin/allAdminCourses
       Parameters = {}
          Headers = []
             Body = <no character encoding set>
    Session Attrs = {org.springframework.security.web.csrf.HttpSessionCsrfTokenRepository.CSRF_TOKEN=org.springframework.security.web.csrf.DefaultCsrfToken@7b0b6597}

Handler:
             Type = CSCI5308.GroupFormationTool.Course.CourseController
           Method = CSCI5308.GroupFormationTool.Course.CourseController#allCourses(Model)

Async:
    Async started = false
     Async result = null

Resolved Exception:
             Type = null

ModelAndView:
        View name = course/allCourses
             View = null
        Attribute = courses
            value = []

FlashMap:
       Attributes = null

MockHttpServletResponse:
           Status = 200
    Error message = null
          Headers = [Content-Language:"en", Content-Type:"text/html;charset=UTF-8", X-Content-Type-Options:"nosniff", X-XSS-Protection:"1; mode=block", Cache-Control:"no-cache, no-store, max-age=0, must-revalidate", Pragma:"no-cache", Expires:"0", X-Frame-Options:"DENY"]
     Content type = text/html;charset=UTF-8
             Body = <!DOCTYPE html>
<html lang="en" xmlns="http://www.w3.org/1999/xhtml">
<head>
    <meta charset="utf-8"/>
    <meta http-equiv="X-UA-Compatible" content="IE=edge"/>
    <meta name="viewport" content="width=device-width, initial-scale=1"/>
    <link rel="icon" href="favicon.ico"/>
    <title>Admin Course List</title>
    <link
            href="//maxcdn.bootstrapcdn.com/bootstrap/3.3.7/css/bootstrap.min.css"
            rel="stylesheet"
            integrity="sha384-BVYiiSIFeK1dGmJRAkycuHAHRg32OmUcww7on3RYdg4Va+PmSTsz/K68vbdEjh4u"
            crossorigin="anonymous"/>

</head>
<body style="background-color: #e7ebee">
<div class="container">
    <div>
        <p>You have not logged in to the application. Please login to
            continue...</p>
        <a href="/login">Click here to log in!</a>
    </div>

    
</div>
</body>
</html>
    Forwarded URL = null
   Redirected URL = null
          Cookies = []

MockHttpServletRequest:
      HTTP Method = POST
      Request URI = /enrollTA
       Parameters = {courseId=[CSCI5308], _csrf=[cbee2731-5ad3-4dd5-a36a-6dd90191014a]}
          Headers = []
             Body = <no character encoding set>
    Session Attrs = {}

Handler:
             Type = CSCI5308.GroupFormationTool.Course.CourseController
           Method = CSCI5308.GroupFormationTool.Course.CourseController#addTA(String, User, Model)

Async:
    Async started = false
     Async result = null

Resolved Exception:
             Type = null

ModelAndView:
        View name = course/enrollTA
             View = null
        Attribute = user
            value = CSCI5308.GroupFormationTool.User.User@5ceccc9a
           errors = []
        Attribute = error
            value = not added
        Attribute = taList
            value = []
        Attribute = courseId
            value = CSCI5308

FlashMap:
       Attributes = null

MockHttpServletResponse:
           Status = 200
    Error message = null
          Headers = [Content-Language:"en", Content-Type:"text/html;charset=UTF-8", X-Content-Type-Options:"nosniff", X-XSS-Protection:"1; mode=block", Cache-Control:"no-cache, no-store, max-age=0, must-revalidate", Pragma:"no-cache", Expires:"0", X-Frame-Options:"DENY"]
     Content type = text/html;charset=UTF-8
             Body = <!DOCTYPE html>
<html lang="en" xmlns="http://www.w3.org/1999/xhtml"
>
<head>
    <meta charset="utf-8"/>
    <meta http-equiv="X-UA-Compatible" content="IE=edge"/>
    <meta name="viewport" content="width=device-width, initial-scale=1"/>
    <link rel="icon" href="favicon.ico"/>
    <title>Enroll TA</title>
    <link
            href="//maxcdn.bootstrapcdn.com/bootstrap/3.3.7/css/bootstrap.min.css"
            rel="stylesheet"
            integrity="sha384-BVYiiSIFeK1dGmJRAkycuHAHRg32OmUcww7on3RYdg4Va+PmSTsz/K68vbdEjh4u"
            crossorigin="anonymous"/>

</head>
<body style="background-color: #e7ebee">
<div class="container" style="padding:20px;">
    <form autocomplete="off" action="/enrollTA?courseId=CSCI5308"
          method="post" class="m-t col-md-4 col-md-offset-4" role="form"
          data-toggle="validator"><input type="hidden" name="_csrf" value="cbee2731-5ad3-4dd5-a36a-6dd90191014a"/>
        <div class="validation-message alert alert-danger"
             role="alert">TA not added!!
        </div>
        
        <br>
        <h4>Enter details to add TA!</h4>
        <div class="form-group input-group has-feedback">
            <input type="email" name="emailId" placeholder="Add by Email Address" class="form-control" required id="emailId" value=""/>
        </div>
        <div class="text-center">
            <button type="submit" class="btn btn-primary btn-sm btn-block"
                    style="width: 120px; margin-left: 40px;">Add TA
            </button>
        </div>
    </form>
</div>
<div class="container">
    <h3 class="text-center">Enrolled TA(s)</h3>
    <div class="table-responsive">
        <table class="table table-bordered table-hover">
            <thead>
            <tr>
                <th scope="col">First Name</th>
                <th scope="col">Last Name</th>
                <th scope="col">Email</th>
                <th scope="col">BannerID</th>
            </tr>
            </thead>
            <tbody>
            
            </tbody>
        </table>
    </div>
    <br/>
    <div>
        <a href="/courseList" class="text-primary">Go back to
            course page!</a>
    </div>
</div>
</body>
</html>
    Forwarded URL = null
   Redirected URL = null
          Cookies = []

MockHttpServletRequest:
      HTTP Method = POST
      Request URI = /enrollTA
       Parameters = {courseId=[CSCI5308], _csrf=[623be3bf-4480-487d-9e18-ba5e23a83bd2]}
          Headers = []
             Body = <no character encoding set>
    Session Attrs = {}

Handler:
             Type = CSCI5308.GroupFormationTool.Course.CourseController
           Method = CSCI5308.GroupFormationTool.Course.CourseController#addTA(String, User, Model)

Async:
    Async started = false
     Async result = null

Resolved Exception:
             Type = null

ModelAndView:
        View name = course/enrollTA
             View = null
        Attribute = user
            value = CSCI5308.GroupFormationTool.User.User@10f4af56
           errors = []
        Attribute = error
            value = not added
        Attribute = taList
            value = []
        Attribute = courseId
            value = CSCI5308

FlashMap:
       Attributes = null

MockHttpServletResponse:
           Status = 200
    Error message = null
          Headers = [Content-Language:"en", Content-Type:"text/html;charset=UTF-8", X-Content-Type-Options:"nosniff", X-XSS-Protection:"1; mode=block", Cache-Control:"no-cache, no-store, max-age=0, must-revalidate", Pragma:"no-cache", Expires:"0", X-Frame-Options:"DENY"]
     Content type = text/html;charset=UTF-8
             Body = <!DOCTYPE html>
<html lang="en" xmlns="http://www.w3.org/1999/xhtml"
>
<head>
    <meta charset="utf-8"/>
    <meta http-equiv="X-UA-Compatible" content="IE=edge"/>
    <meta name="viewport" content="width=device-width, initial-scale=1"/>
    <link rel="icon" href="favicon.ico"/>
    <title>Enroll TA</title>
    <link
            href="//maxcdn.bootstrapcdn.com/bootstrap/3.3.7/css/bootstrap.min.css"
            rel="stylesheet"
            integrity="sha384-BVYiiSIFeK1dGmJRAkycuHAHRg32OmUcww7on3RYdg4Va+PmSTsz/K68vbdEjh4u"
            crossorigin="anonymous"/>

</head>
<body style="background-color: #e7ebee">
<div class="container" style="padding:20px;">
    <form autocomplete="off" action="/enrollTA?courseId=CSCI5308"
          method="post" class="m-t col-md-4 col-md-offset-4" role="form"
          data-toggle="validator"><input type="hidden" name="_csrf" value="623be3bf-4480-487d-9e18-ba5e23a83bd2"/>
        <div class="validation-message alert alert-danger"
             role="alert">TA not added!!
        </div>
        
        <br>
        <h4>Enter details to add TA!</h4>
        <div class="form-group input-group has-feedback">
            <input type="email" name="emailId" placeholder="Add by Email Address" class="form-control" required id="emailId" value=""/>
        </div>
        <div class="text-center">
            <button type="submit" class="btn btn-primary btn-sm btn-block"
                    style="width: 120px; margin-left: 40px;">Add TA
            </button>
        </div>
    </form>
</div>
<div class="container">
    <h3 class="text-center">Enrolled TA(s)</h3>
    <div class="table-responsive">
        <table class="table table-bordered table-hover">
            <thead>
            <tr>
                <th scope="col">First Name</th>
                <th scope="col">Last Name</th>
                <th scope="col">Email</th>
                <th scope="col">BannerID</th>
            </tr>
            </thead>
            <tbody>
            
            </tbody>
        </table>
    </div>
    <br/>
    <div>
        <a href="/courseList" class="text-primary">Go back to
            course page!</a>
    </div>
</div>
</body>
</html>
    Forwarded URL = null
   Redirected URL = null
          Cookies = []

MockHttpServletRequest:
      HTTP Method = GET
      Request URI = /courseDetails
       Parameters = {courseName=[CSCI5308 name]}
          Headers = []
             Body = <no character encoding set>
    Session Attrs = {org.springframework.security.web.csrf.HttpSessionCsrfTokenRepository.CSRF_TOKEN=org.springframework.security.web.csrf.DefaultCsrfToken@2da7ff8d}

Handler:
             Type = CSCI5308.GroupFormationTool.Course.CourseController
           Method = CSCI5308.GroupFormationTool.Course.CourseController#courseDetail(String, Model)

Async:
    Async started = false
     Async result = null

Resolved Exception:
             Type = null

ModelAndView:
        View name = course/courseDetails
             View = null
        Attribute = courseName
            value = CSCI5308 name

FlashMap:
       Attributes = null

MockHttpServletResponse:
           Status = 200
    Error message = null
          Headers = [Content-Language:"en", Content-Type:"text/html;charset=UTF-8", X-Content-Type-Options:"nosniff", X-XSS-Protection:"1; mode=block", Cache-Control:"no-cache, no-store, max-age=0, must-revalidate", Pragma:"no-cache", Expires:"0", X-Frame-Options:"DENY"]
     Content type = text/html;charset=UTF-8
             Body = <!DOCTYPE html>
<html lang="en" xmlns="http://www.w3.org/1999/xhtml"
>
<head>
    <meta charset="utf-8"/>
    <meta http-equiv="X-UA-Compatible" content="IE=edge"/>
    <meta name="viewport" content="width=device-width, initial-scale=1"/>
    <link rel="icon" href="favicon.ico"/>
    <title>Course Details</title>
    <link
            href="//maxcdn.bootstrapcdn.com/bootstrap/3.3.7/css/bootstrap.min.css"
            rel="stylesheet"
            integrity="sha384-BVYiiSIFeK1dGmJRAkycuHAHRg32OmUcww7on3RYdg4Va+PmSTsz/K68vbdEjh4u"
            crossorigin="anonymous"/>

</head>
<body style="background-color: #e7ebee">
<div class="container">
    <h3 class="text-center">Course Details</h3>
    <div class="table-responsive">
        <table class="table table-bordered table-hover">
            <thead>
            <tr>
                <th scope="col">Course Name</th>
            </tr>
            </thead>
            <tbody>
            <tr>
                <td>CSCI5308 name</td>
            </tr>
            </tbody>
        </table>
    </div>
</div>
</body>
</html>
    Forwarded URL = null
   Redirected URL = null
          Cookies = []

MockHttpServletRequest:
      HTTP Method = GET
      Request URI = /courseList
       Parameters = {}
          Headers = []
             Body = <no character encoding set>
    Session Attrs = {org.springframework.security.web.csrf.HttpSessionCsrfTokenRepository.CSRF_TOKEN=org.springframework.security.web.csrf.DefaultCsrfToken@447b3129}

Handler:
             Type = CSCI5308.GroupFormationTool.Course.CourseController
           Method = CSCI5308.GroupFormationTool.Course.CourseController#courseList(Model)

Async:
    Async started = false
     Async result = null

Resolved Exception:
             Type = null

ModelAndView:
        View name = course/allCourses
             View = null
        Attribute = courses
            value = []

FlashMap:
       Attributes = null

MockHttpServletResponse:
           Status = 200
    Error message = null
          Headers = [Content-Language:"en", Content-Type:"text/html;charset=UTF-8", X-Content-Type-Options:"nosniff", X-XSS-Protection:"1; mode=block", Cache-Control:"no-cache, no-store, max-age=0, must-revalidate", Pragma:"no-cache", Expires:"0", X-Frame-Options:"DENY"]
     Content type = text/html;charset=UTF-8
             Body = <!DOCTYPE html>
<html lang="en" xmlns="http://www.w3.org/1999/xhtml">
<head>
    <meta charset="utf-8"/>
    <meta http-equiv="X-UA-Compatible" content="IE=edge"/>
    <meta name="viewport" content="width=device-width, initial-scale=1"/>
    <link rel="icon" href="favicon.ico"/>
    <title>Admin Course List</title>
    <link
            href="//maxcdn.bootstrapcdn.com/bootstrap/3.3.7/css/bootstrap.min.css"
            rel="stylesheet"
            integrity="sha384-BVYiiSIFeK1dGmJRAkycuHAHRg32OmUcww7on3RYdg4Va+PmSTsz/K68vbdEjh4u"
            crossorigin="anonymous"/>

</head>
<body style="background-color: #e7ebee">
<div class="container">
    <div>
        <p>You have not logged in to the application. Please login to
            continue...</p>
        <a href="/login">Click here to log in!</a>
    </div>

    
</div>
</body>
</html>
    Forwarded URL = null
   Redirected URL = null
          Cookies = []

MockHttpServletRequest:
      HTTP Method = GET
      Request URI = /courseList
       Parameters = {}
          Headers = []
             Body = <no character encoding set>
    Session Attrs = {org.springframework.security.web.csrf.HttpSessionCsrfTokenRepository.CSRF_TOKEN=org.springframework.security.web.csrf.DefaultCsrfToken@76c68084}

Handler:
             Type = CSCI5308.GroupFormationTool.Course.CourseController
           Method = CSCI5308.GroupFormationTool.Course.CourseController#courseList(Model)

Async:
    Async started = false
     Async result = null

Resolved Exception:
             Type = null

ModelAndView:
        View name = course/guestCourses
             View = null
        Attribute = courses
            value = []

FlashMap:
       Attributes = null

MockHttpServletResponse:
           Status = 200
    Error message = null
          Headers = [Content-Language:"en", Content-Type:"text/html;charset=UTF-8", X-Content-Type-Options:"nosniff", X-XSS-Protection:"1; mode=block", Cache-Control:"no-cache, no-store, max-age=0, must-revalidate", Pragma:"no-cache", Expires:"0", X-Frame-Options:"DENY"]
     Content type = text/html;charset=UTF-8
             Body = <!DOCTYPE html>
<html lang="en" xmlns="http://www.w3.org/1999/xhtml">
<head>
    <meta charset="utf-8"/>
    <meta http-equiv="X-UA-Compatible" content="IE=edge"/>
    <meta name="viewport" content="width=device-width, initial-scale=1"/>
    <link rel="icon" href="favicon.ico"/>
    <title>Guest Course List</title>
    <link
            href="//maxcdn.bootstrapcdn.com/bootstrap/3.3.7/css/bootstrap.min.css"
            rel="stylesheet"
            integrity="sha384-BVYiiSIFeK1dGmJRAkycuHAHRg32OmUcww7on3RYdg4Va+PmSTsz/K68vbdEjh4u"
            crossorigin="anonymous"/>

</head>
<body style="background-color: #e7ebee">
<div class="container">
    <div>
        <p>You have not logged in to the application. Please login to
            continue...</p>
        <a href="/login">Click here to log in!</a>
    </div>

    
</div>
</body>
</html>
    Forwarded URL = null
   Redirected URL = null
          Cookies = []

MockHttpServletRequest:
      HTTP Method = GET
      Request URI = /courseList
       Parameters = {}
          Headers = []
             Body = <no character encoding set>
    Session Attrs = {org.springframework.security.web.csrf.HttpSessionCsrfTokenRepository.CSRF_TOKEN=org.springframework.security.web.csrf.DefaultCsrfToken@18f7db4c}

Handler:
             Type = CSCI5308.GroupFormationTool.Course.CourseController
           Method = CSCI5308.GroupFormationTool.Course.CourseController#courseList(Model)

Async:
    Async started = false
     Async result = null

Resolved Exception:
             Type = null

ModelAndView:
        View name = course/studentCourses
             View = null
        Attribute = courses
            value = []

FlashMap:
       Attributes = null

MockHttpServletResponse:
           Status = 200
    Error message = null
          Headers = [Content-Language:"en", Content-Type:"text/html;charset=UTF-8", X-Content-Type-Options:"nosniff", X-XSS-Protection:"1; mode=block", Cache-Control:"no-cache, no-store, max-age=0, must-revalidate", Pragma:"no-cache", Expires:"0", X-Frame-Options:"DENY"]
     Content type = text/html;charset=UTF-8
             Body = <!DOCTYPE html>
<html lang="en" xmlns="http://www.w3.org/1999/xhtml"
>
<head>
    <meta charset="utf-8"/>
    <meta http-equiv="X-UA-Compatible" content="IE=edge"/>
    <meta name="viewport" content="width=device-width, initial-scale=1"/>
    <link rel="icon" href="favicon.ico"/>
    <title>Student Course List</title>
    <link
            href="//maxcdn.bootstrapcdn.com/bootstrap/3.3.7/css/bootstrap.min.css"
            rel="stylesheet"
            integrity="sha384-BVYiiSIFeK1dGmJRAkycuHAHRg32OmUcww7on3RYdg4Va+PmSTsz/K68vbdEjh4u"
            crossorigin="anonymous"/>

</head>
<body style="background-color: #e7ebee">
<div class="container">
    <h3 class="text-center">Registered Courses</h3>
    <div class="table-responsive">
        <table class="table table-bordered table-hover">
            <thead>
            <tr>
                <th scope="col">Course Id</th>
                <th scope="col">Course Name</th>
                <th scope="col">Course Details</th>
                <th scope="col">Course Credits</th>
            </tr>
            </thead>
            <tbody>
            
            </tbody>
        </table>
    </div>
</div>
</body>
</html>
    Forwarded URL = null
   Redirected URL = null
          Cookies = []

MockHttpServletRequest:
      HTTP Method = GET
      Request URI = /courseList
       Parameters = {}
          Headers = []
             Body = <no character encoding set>
    Session Attrs = {org.springframework.security.web.csrf.HttpSessionCsrfTokenRepository.CSRF_TOKEN=org.springframework.security.web.csrf.DefaultCsrfToken@1d510aae}

Handler:
             Type = CSCI5308.GroupFormationTool.Course.CourseController
           Method = CSCI5308.GroupFormationTool.Course.CourseController#courseList(Model)

Async:
    Async started = false
     Async result = null

Resolved Exception:
             Type = null

ModelAndView:
        View name = course/taCourses
             View = null
        Attribute = studentCourses
            value = []
        Attribute = taCourses
            value = []

FlashMap:
       Attributes = null

MockHttpServletResponse:
           Status = 200
    Error message = null
          Headers = [Content-Language:"en", Content-Type:"text/html;charset=UTF-8", X-Content-Type-Options:"nosniff", X-XSS-Protection:"1; mode=block", Cache-Control:"no-cache, no-store, max-age=0, must-revalidate", Pragma:"no-cache", Expires:"0", X-Frame-Options:"DENY"]
     Content type = text/html;charset=UTF-8
             Body = <!DOCTYPE html>
<html lang="en" xmlns="http://www.w3.org/1999/xhtml"
>
<head>
    <meta charset="utf-8"/>
    <meta http-equiv="X-UA-Compatible" content="IE=edge"/>
    <meta name="viewport" content="width=device-width, initial-scale=1"/>
    <link rel="icon" href="favicon.ico"/>
    <title>TA Course List</title>
    <link
            href="//maxcdn.bootstrapcdn.com/bootstrap/3.3.7/css/bootstrap.min.css"
            rel="stylesheet"
            integrity="sha384-BVYiiSIFeK1dGmJRAkycuHAHRg32OmUcww7on3RYdg4Va+PmSTsz/K68vbdEjh4u"
            crossorigin="anonymous"/>

</head>
<body style="background-color: #e7ebee">
<div class="container">
    <h3 class="text-center">Registered Courses(Student)</h3>
    <div class="table-responsive">
        <table class="table table-bordered table-hover">
            <thead>
            <tr>
                <th scope="col">Course Id</th>
                <th scope="col">Course Name</th>
                <th scope="col">Course Details</th>
                <th scope="col">Course Credits</th>
            </tr>
            </thead>
            <tbody>
            
            </tbody>
        </table>
    </div>
    <div></div>
</div>
<div class="container">
    <h3 class="text-center">Registered Courses(TA)</h3>
    <div class="table-responsive">
        <table class="table table-bordered table-hover">
            <thead>
            <tr>
                <th scope="col">Course Id</th>
                <th scope="col">Course Name</th>
                <th scope="col">Course Details</th>
                <th scope="col">Course Credits</th>
            </tr>
            </thead>
            <tbody>
            
            </tbody>
        </table>
    </div>
</div>
</body>
</html>
    Forwarded URL = null
   Redirected URL = null
          Cookies = []

MockHttpServletRequest:
      HTTP Method = GET
      Request URI = /courseList
       Parameters = {}
          Headers = []
             Body = <no character encoding set>
    Session Attrs = {org.springframework.security.web.csrf.HttpSessionCsrfTokenRepository.CSRF_TOKEN=org.springframework.security.web.csrf.DefaultCsrfToken@45b5c83b}

Handler:
             Type = CSCI5308.GroupFormationTool.Course.CourseController
           Method = CSCI5308.GroupFormationTool.Course.CourseController#courseList(Model)

Async:
    Async started = false
     Async result = null

Resolved Exception:
             Type = null

ModelAndView:
        View name = course/instructorCourses
             View = null
        Attribute = courses
            value = []

FlashMap:
       Attributes = null

MockHttpServletResponse:
           Status = 200
    Error message = null
          Headers = [Content-Language:"en", Content-Type:"text/html;charset=UTF-8", X-Content-Type-Options:"nosniff", X-XSS-Protection:"1; mode=block", Cache-Control:"no-cache, no-store, max-age=0, must-revalidate", Pragma:"no-cache", Expires:"0", X-Frame-Options:"DENY"]
     Content type = text/html;charset=UTF-8
             Body = <!DOCTYPE html>
<html lang="en" xmlns="http://www.w3.org/1999/xhtml">
<head>
    <meta charset="utf-8"/>
    <meta http-equiv="X-UA-Compatible" content="IE=edge"/>
    <meta name="viewport" content="width=device-width, initial-scale=1"/>
    <link rel="icon" href="favicon.ico"/>
    <title>Instructor Course List</title>
    <link
            href="//maxcdn.bootstrapcdn.com/bootstrap/3.3.7/css/bootstrap.min.css"
            rel="stylesheet"
            integrity="sha384-BVYiiSIFeK1dGmJRAkycuHAHRg32OmUcww7on3RYdg4Va+PmSTsz/K68vbdEjh4u"
            crossorigin="anonymous"/>

</head>
<body style="background-color: #e7ebee">
<div class="container">
    <div>
        <p>You have not logged in to the application. Please login to
            continue...</p>
        <a href="/login">Click here to log in!</a>
    </div>

    
</div>
</body>
</html>
    Forwarded URL = null
   Redirected URL = null
          Cookies = []

MockHttpServletRequest:
      HTTP Method = POST
      Request URI = /admin/deleteCourse
       Parameters = {id=[CSCI5308], _csrf=[53f5928c-36d2-4429-ace8-bb4d5306cece]}
          Headers = []
             Body = <no character encoding set>
    Session Attrs = {}

Handler:
             Type = CSCI5308.GroupFormationTool.Course.CourseController
           Method = CSCI5308.GroupFormationTool.Course.CourseController#deleteCourse(String, Model)

Async:
    Async started = false
     Async result = null

Resolved Exception:
             Type = null

ModelAndView:
        View name = course/allCourses
             View = null
        Attribute = successMessage
            value = The course was successfully deleted!
        Attribute = courses
            value = []

FlashMap:
       Attributes = null

MockHttpServletResponse:
           Status = 200
    Error message = null
          Headers = [Content-Language:"en", Content-Type:"text/html;charset=UTF-8", X-Content-Type-Options:"nosniff", X-XSS-Protection:"1; mode=block", Cache-Control:"no-cache, no-store, max-age=0, must-revalidate", Pragma:"no-cache", Expires:"0", X-Frame-Options:"DENY"]
     Content type = text/html;charset=UTF-8
             Body = <!DOCTYPE html>
<html lang="en" xmlns="http://www.w3.org/1999/xhtml">
<head>
    <meta charset="utf-8"/>
    <meta http-equiv="X-UA-Compatible" content="IE=edge"/>
    <meta name="viewport" content="width=device-width, initial-scale=1"/>
    <link rel="icon" href="favicon.ico"/>
    <title>Admin Course List</title>
    <link
            href="//maxcdn.bootstrapcdn.com/bootstrap/3.3.7/css/bootstrap.min.css"
            rel="stylesheet"
            integrity="sha384-BVYiiSIFeK1dGmJRAkycuHAHRg32OmUcww7on3RYdg4Va+PmSTsz/K68vbdEjh4u"
            crossorigin="anonymous"/>

</head>
<body style="background-color: #e7ebee">
<div class="container">
    <div>
        <p>You have not logged in to the application. Please login to
            continue...</p>
        <a href="/login">Click here to log in!</a>
    </div>

    
</div>
</body>
</html>
    Forwarded URL = null
   Redirected URL = null
          Cookies = []

MockHttpServletRequest:
      HTTP Method = POST
      Request URI = /admin/deleteCourse
       Parameters = {id=[CSCI5308], _csrf=[6d696864-0701-4254-bfe3-abc4f468005b]}
          Headers = []
             Body = <no character encoding set>
    Session Attrs = {}

Handler:
             Type = CSCI5308.GroupFormationTool.Course.CourseController
           Method = CSCI5308.GroupFormationTool.Course.CourseController#deleteCourse(String, Model)

Async:
    Async started = false
     Async result = null

Resolved Exception:
             Type = null

ModelAndView:
        View name = course/allCourses
             View = null
        Attribute = failureMessage
            value = The course could not be deleted since the course is used by a student/TA/instructor.
        Attribute = courses
            value = []

FlashMap:
       Attributes = null

MockHttpServletResponse:
           Status = 200
    Error message = null
          Headers = [Content-Language:"en", Content-Type:"text/html;charset=UTF-8", X-Content-Type-Options:"nosniff", X-XSS-Protection:"1; mode=block", Cache-Control:"no-cache, no-store, max-age=0, must-revalidate", Pragma:"no-cache", Expires:"0", X-Frame-Options:"DENY"]
     Content type = text/html;charset=UTF-8
             Body = <!DOCTYPE html>
<html lang="en" xmlns="http://www.w3.org/1999/xhtml">
<head>
    <meta charset="utf-8"/>
    <meta http-equiv="X-UA-Compatible" content="IE=edge"/>
    <meta name="viewport" content="width=device-width, initial-scale=1"/>
    <link rel="icon" href="favicon.ico"/>
    <title>Admin Course List</title>
    <link
            href="//maxcdn.bootstrapcdn.com/bootstrap/3.3.7/css/bootstrap.min.css"
            rel="stylesheet"
            integrity="sha384-BVYiiSIFeK1dGmJRAkycuHAHRg32OmUcww7on3RYdg4Va+PmSTsz/K68vbdEjh4u"
            crossorigin="anonymous"/>

</head>
<body style="background-color: #e7ebee">
<div class="container">
    <div>
        <p>You have not logged in to the application. Please login to
            continue...</p>
        <a href="/login">Click here to log in!</a>
    </div>

    
</div>
</body>
</html>
    Forwarded URL = null
   Redirected URL = null
          Cookies = []

MockHttpServletRequest:
      HTTP Method = GET
      Request URI = /admin/deleteCourse
       Parameters = {id=[CSCI5308]}
          Headers = []
             Body = <no character encoding set>
    Session Attrs = {org.springframework.security.web.csrf.HttpSessionCsrfTokenRepository.CSRF_TOKEN=org.springframework.security.web.csrf.DefaultCsrfToken@6b6243c8}

Handler:
             Type = CSCI5308.GroupFormationTool.Course.CourseController
           Method = CSCI5308.GroupFormationTool.Course.CourseController#deleteCourse(String, Model)

Async:
    Async started = false
     Async result = null

Resolved Exception:
             Type = null

ModelAndView:
        View name = course/allCourses
             View = null
        Attribute = successMessage
            value = The course was successfully deleted!
        Attribute = courses
            value = []

FlashMap:
       Attributes = null

MockHttpServletResponse:
           Status = 200
    Error message = null
          Headers = [Content-Language:"en", Content-Type:"text/html;charset=UTF-8", X-Content-Type-Options:"nosniff", X-XSS-Protection:"1; mode=block", Cache-Control:"no-cache, no-store, max-age=0, must-revalidate", Pragma:"no-cache", Expires:"0", X-Frame-Options:"DENY"]
     Content type = text/html;charset=UTF-8
             Body = <!DOCTYPE html>
<html lang="en" xmlns="http://www.w3.org/1999/xhtml">
<head>
    <meta charset="utf-8"/>
    <meta http-equiv="X-UA-Compatible" content="IE=edge"/>
    <meta name="viewport" content="width=device-width, initial-scale=1"/>
    <link rel="icon" href="favicon.ico"/>
    <title>Admin Course List</title>
    <link
            href="//maxcdn.bootstrapcdn.com/bootstrap/3.3.7/css/bootstrap.min.css"
            rel="stylesheet"
            integrity="sha384-BVYiiSIFeK1dGmJRAkycuHAHRg32OmUcww7on3RYdg4Va+PmSTsz/K68vbdEjh4u"
            crossorigin="anonymous"/>

</head>
<body style="background-color: #e7ebee">
<div class="container">
    <div>
        <p>You have not logged in to the application. Please login to
            continue...</p>
        <a href="/login">Click here to log in!</a>
    </div>

    
</div>
</body>
</html>
    Forwarded URL = null
   Redirected URL = null
          Cookies = []

MockHttpServletRequest:
      HTTP Method = GET
      Request URI = /admin/deleteCourse
       Parameters = {id=[CSCI5308]}
          Headers = []
             Body = <no character encoding set>
    Session Attrs = {org.springframework.security.web.csrf.HttpSessionCsrfTokenRepository.CSRF_TOKEN=org.springframework.security.web.csrf.DefaultCsrfToken@316f8dc5}

Handler:
             Type = CSCI5308.GroupFormationTool.Course.CourseController
           Method = CSCI5308.GroupFormationTool.Course.CourseController#deleteCourse(String, Model)

Async:
    Async started = false
     Async result = null

Resolved Exception:
             Type = null

ModelAndView:
        View name = course/allCourses
             View = null
        Attribute = failureMessage
            value = The course could not be deleted since the course is used by a student/TA/instructor.
        Attribute = courses
            value = []

FlashMap:
       Attributes = null

MockHttpServletResponse:
           Status = 200
    Error message = null
          Headers = [Content-Language:"en", Content-Type:"text/html;charset=UTF-8", X-Content-Type-Options:"nosniff", X-XSS-Protection:"1; mode=block", Cache-Control:"no-cache, no-store, max-age=0, must-revalidate", Pragma:"no-cache", Expires:"0", X-Frame-Options:"DENY"]
     Content type = text/html;charset=UTF-8
             Body = <!DOCTYPE html>
<html lang="en" xmlns="http://www.w3.org/1999/xhtml">
<head>
    <meta charset="utf-8"/>
    <meta http-equiv="X-UA-Compatible" content="IE=edge"/>
    <meta name="viewport" content="width=device-width, initial-scale=1"/>
    <link rel="icon" href="favicon.ico"/>
    <title>Admin Course List</title>
    <link
            href="//maxcdn.bootstrapcdn.com/bootstrap/3.3.7/css/bootstrap.min.css"
            rel="stylesheet"
            integrity="sha384-BVYiiSIFeK1dGmJRAkycuHAHRg32OmUcww7on3RYdg4Va+PmSTsz/K68vbdEjh4u"
            crossorigin="anonymous"/>

</head>
<body style="background-color: #e7ebee">
<div class="container">
    <div>
        <p>You have not logged in to the application. Please login to
            continue...</p>
        <a href="/login">Click here to log in!</a>
    </div>

    
</div>
</body>
</html>
    Forwarded URL = null
   Redirected URL = null
          Cookies = []

MockHttpServletRequest:
      HTTP Method = GET
      Request URI = /admin/addCourse
       Parameters = {}
          Headers = []
             Body = <no character encoding set>
    Session Attrs = {org.springframework.security.web.csrf.HttpSessionCsrfTokenRepository.CSRF_TOKEN=org.springframework.security.web.csrf.DefaultCsrfToken@131d3655}

Handler:
             Type = CSCI5308.GroupFormationTool.Course.CourseController
           Method = CSCI5308.GroupFormationTool.Course.CourseController#addCourseForm(Model)

Async:
    Async started = false
     Async result = null

Resolved Exception:
             Type = null

ModelAndView:
        View name = course/addCourse
             View = null
        Attribute = course
            value = CSCI5308.GroupFormationTool.Course.Course@3ea070c9
           errors = []

FlashMap:
       Attributes = null

MockHttpServletResponse:
           Status = 200
    Error message = null
          Headers = [Content-Language:"en", Content-Type:"text/html;charset=UTF-8", X-Content-Type-Options:"nosniff", X-XSS-Protection:"1; mode=block", Cache-Control:"no-cache, no-store, max-age=0, must-revalidate", Pragma:"no-cache", Expires:"0", X-Frame-Options:"DENY"]
     Content type = text/html;charset=UTF-8
             Body = <!DOCTYPE html>
<html lang="en" xmlns="http://www.w3.org/1999/xhtml">
<head>
    <meta charset="utf-8"/>
    <meta http-equiv="X-UA-Compatible" content="IE=edge"/>
    <meta name="viewport" content="width=device-width, initial-scale=1"/>
    <link rel="icon" href="favicon.ico"/>
    <title>Admin Add Course</title>
    <link
            href="//maxcdn.bootstrapcdn.com/bootstrap/3.3.7/css/bootstrap.min.css"
            rel="stylesheet"
            integrity="sha384-BVYiiSIFeK1dGmJRAkycuHAHRg32OmUcww7on3RYdg4Va+PmSTsz/K68vbdEjh4u"
            crossorigin="anonymous"/>

</head>
<body style="background-color: #e7ebee">
<div class="flex align-items-center text-center">
    <div>
        <p>You have not logged in to the application. Please login to
            continue...</p>
        <a href="/login">Click here to log in!</a>
    </div>

    
</div>
</body>
</html>
    Forwarded URL = null
   Redirected URL = null
          Cookies = []
]]></system-out>
  <system-err><![CDATA[]]></system-err>
</testsuite>
