<?xml version="1.0" encoding="UTF-8"?>
<testsuite name="CSCI5308.GroupFormationTool.Question.ChoiceTest" tests="4" skipped="0" failures="0" errors="0" timestamp="2020-07-16T20:11:33" hostname="Prabhjots-MacBook-Pro.local" time="0.007">
  <properties/>
  <testcase name="getText()" classname="CSCI5308.GroupFormationTool.Question.ChoiceTest" time="0.002"/>
  <testcase name="setValue()" classname="CSCI5308.GroupFormationTool.Question.ChoiceTest" time="0.001"/>
  <testcase name="getValue()" classname="CSCI5308.GroupFormationTool.Question.ChoiceTest" time="0.002"/>
  <testcase name="setText()" classname="CSCI5308.GroupFormationTool.Question.ChoiceTest" time="0.002"/>
  <system-out><![CDATA[]]></system-out>
  <system-err><![CDATA[]]></system-err>
</testsuite>
