<?xml version="1.0" encoding="UTF-8"?>
<testsuite name="CSCI5308.GroupFormationTool.Password.PasswordHistoryRepositoryTest" tests="3" skipped="0" failures="0" errors="0" timestamp="2020-07-16T20:11:28" hostname="Prabhjots-MacBook-Pro.local" time="0.027">
  <properties/>
  <testcase name="addPasswordHistoryTest()" classname="CSCI5308.GroupFormationTool.Password.PasswordHistoryRepositoryTest" time="0.023"/>
  <testcase name="getSettingvalueTest()" classname="CSCI5308.GroupFormationTool.Password.PasswordHistoryRepositoryTest" time="0.002"/>
  <testcase name="getNPasswordsTest()" classname="CSCI5308.GroupFormationTool.Password.PasswordHistoryRepositoryTest" time="0.002"/>
  <system-out><![CDATA[]]></system-out>
  <system-err><![CDATA[]]></system-err>
</testsuite>
