<?xml version="1.0" encoding="UTF-8"?>
<testsuite name="CSCI5308.GroupFormationTool.Course.StudentCSVTest" tests="12" skipped="0" failures="0" errors="0" timestamp="2020-07-09T16:37:31" hostname="Prabhjots-MacBook-Pro.local" time="0.095">
  <properties/>
  <testcase name="getPasswordTest()" classname="CSCI5308.GroupFormationTool.Course.StudentCSVTest" time="0.01"/>
  <testcase name="getFirstNameTest()" classname="CSCI5308.GroupFormationTool.Course.StudentCSVTest" time="0.002"/>
  <testcase name="setLastNameTest()" classname="CSCI5308.GroupFormationTool.Course.StudentCSVTest" time="0.002"/>
  <testcase name="StudentCSVParameterizedTest()" classname="CSCI5308.GroupFormationTool.Course.StudentCSVTest" time="0.001"/>
  <testcase name="setBannerIdTest()" classname="CSCI5308.GroupFormationTool.Course.StudentCSVTest" time="0.001"/>
  <testcase name="setPasswordTest()" classname="CSCI5308.GroupFormationTool.Course.StudentCSVTest" time="0.001"/>
  <testcase name="setEmailIdTest()" classname="CSCI5308.GroupFormationTool.Course.StudentCSVTest" time="0.002"/>
  <testcase name="createStudent()" classname="CSCI5308.GroupFormationTool.Course.StudentCSVTest" time="0.066"/>
  <testcase name="setFirstNameTest()" classname="CSCI5308.GroupFormationTool.Course.StudentCSVTest" time="0.001"/>
  <testcase name="getEmailIdTest()" classname="CSCI5308.GroupFormationTool.Course.StudentCSVTest" time="0.001"/>
  <testcase name="getLastNameTest()" classname="CSCI5308.GroupFormationTool.Course.StudentCSVTest" time="0.001"/>
  <testcase name="getBannerIdTest()" classname="CSCI5308.GroupFormationTool.Course.StudentCSVTest" time="0.001"/>
  <system-out><![CDATA[2020-07-09 13:37:31.470  INFO 7318 --- [    Test worker] .b.t.c.SpringBootTestContextBootstrapper : Neither @ContextConfiguration nor @ContextHierarchy found for test class [CSCI5308.GroupFormationTool.Course.StudentCSVTest], using SpringBootContextLoader
2020-07-09 13:37:31.470  INFO 7318 --- [    Test worker] o.s.t.c.support.AbstractContextLoader    : Could not detect default resource locations for test class [CSCI5308.GroupFormationTool.Course.StudentCSVTest]: no resource found for suffixes {-context.xml, Context.groovy}.
2020-07-09 13:37:31.470  INFO 7318 --- [    Test worker] t.c.s.AnnotationConfigContextLoaderUtils : Could not detect default configuration classes for test class [CSCI5308.GroupFormationTool.Course.StudentCSVTest]: StudentCSVTest does not declare any static, non-private, non-final, nested classes annotated with @Configuration.
2020-07-09 13:37:31.471  INFO 7318 --- [    Test worker] .b.t.c.SpringBootTestContextBootstrapper : Found @SpringBootConfiguration CSCI5308.GroupFormationTool.GroupFormationToolApplication for test class CSCI5308.GroupFormationTool.Course.StudentCSVTest
2020-07-09 13:37:31.472  INFO 7318 --- [    Test worker] .b.t.c.SpringBootTestContextBootstrapper : Loaded default TestExecutionListener class names from location [META-INF/spring.factories]: [org.springframework.security.test.context.support.WithSecurityContextTestExecutionListener, org.springframework.security.test.context.support.ReactorContextTestExecutionListener, org.springframework.boot.test.autoconfigure.restdocs.RestDocsTestExecutionListener, org.springframework.boot.test.autoconfigure.web.client.MockRestServiceServerResetTestExecutionListener, org.springframework.boot.test.autoconfigure.web.servlet.MockMvcPrintOnlyOnFailureTestExecutionListener, org.springframework.boot.test.autoconfigure.web.servlet.WebDriverTestExecutionListener, org.springframework.boot.test.mock.mockito.MockitoTestExecutionListener, org.springframework.boot.test.mock.mockito.ResetMocksTestExecutionListener, org.springframework.test.context.web.ServletTestExecutionListener, org.springframework.test.context.support.DirtiesContextBeforeModesTestExecutionListener, org.springframework.test.context.support.DependencyInjectionTestExecutionListener, org.springframework.test.context.support.DirtiesContextTestExecutionListener, org.springframework.test.context.transaction.TransactionalTestExecutionListener, org.springframework.test.context.jdbc.SqlScriptsTestExecutionListener, org.springframework.test.context.event.EventPublishingTestExecutionListener]
2020-07-09 13:37:31.473  INFO 7318 --- [    Test worker] .b.t.c.SpringBootTestContextBootstrapper : Using TestExecutionListeners: [org.springframework.test.context.web.ServletTestExecutionListener@724da503, org.springframework.test.context.support.DirtiesContextBeforeModesTestExecutionListener@c8430b4, org.springframework.boot.test.mock.mockito.MockitoTestExecutionListener@42079d43, org.springframework.boot.test.autoconfigure.SpringBootDependencyInjectionTestExecutionListener@712d07b2, org.springframework.test.context.support.DirtiesContextTestExecutionListener@6ed7c129, org.springframework.security.test.context.support.WithSecurityContextTestExecutionListener@437b5dd7, org.springframework.test.context.event.EventPublishingTestExecutionListener@3de82d7e, org.springframework.security.test.context.support.ReactorContextTestExecutionListener@2461bde6, org.springframework.boot.test.autoconfigure.restdocs.RestDocsTestExecutionListener@746feeca, org.springframework.boot.test.autoconfigure.web.client.MockRestServiceServerResetTestExecutionListener@6de38075, org.springframework.boot.test.autoconfigure.web.servlet.MockMvcPrintOnlyOnFailureTestExecutionListener@119cc36a, org.springframework.boot.test.autoconfigure.web.servlet.WebDriverTestExecutionListener@383bc232, org.springframework.boot.test.mock.mockito.ResetMocksTestExecutionListener@33a96241]
]]></system-out>
  <system-err><![CDATA[]]></system-err>
</testsuite>
