<?xml version="1.0" encoding="UTF-8"?>
<testsuite name="CSCI5308.GroupFormationTool.RepositoryTest.CourseRepositoryTest" tests="4" skipped="0" failures="0" errors="0" timestamp="2020-06-18T20:08:56" hostname="Prabhjots-MacBook-Pro.local" time="0.008">
  <properties/>
  <testcase name="getCourseById()" classname="CSCI5308.GroupFormationTool.RepositoryTest.CourseRepositoryTest" time="0.002"/>
  <testcase name="deleteCourseTest()" classname="CSCI5308.GroupFormationTool.RepositoryTest.CourseRepositoryTest" time="0.001"/>
  <testcase name="createCourse()" classname="CSCI5308.GroupFormationTool.RepositoryTest.CourseRepositoryTest" time="0.002"/>
  <testcase name="getAllCourses()" classname="CSCI5308.GroupFormationTool.RepositoryTest.CourseRepositoryTest" time="0.001"/>
  <system-out><![CDATA[2020-06-18 17:08:56.780  INFO 17970 --- [    Test worker] .b.t.c.SpringBootTestContextBootstrapper : Neither @ContextConfiguration nor @ContextHierarchy found for test class [CSCI5308.GroupFormationTool.RepositoryTest.CourseRepositoryTest], using SpringBootContextLoader
2020-06-18 17:08:56.781  INFO 17970 --- [    Test worker] o.s.t.c.support.AbstractContextLoader    : Could not detect default resource locations for test class [CSCI5308.GroupFormationTool.RepositoryTest.CourseRepositoryTest]: no resource found for suffixes {-context.xml, Context.groovy}.
2020-06-18 17:08:56.781  INFO 17970 --- [    Test worker] t.c.s.AnnotationConfigContextLoaderUtils : Could not detect default configuration classes for test class [CSCI5308.GroupFormationTool.RepositoryTest.CourseRepositoryTest]: CourseRepositoryTest does not declare any static, non-private, non-final, nested classes annotated with @Configuration.
2020-06-18 17:08:56.782  INFO 17970 --- [    Test worker] .b.t.c.SpringBootTestContextBootstrapper : Found @SpringBootConfiguration CSCI5308.GroupFormationTool.GroupFormationToolApplication for test class CSCI5308.GroupFormationTool.RepositoryTest.CourseRepositoryTest
2020-06-18 17:08:56.783  INFO 17970 --- [    Test worker] .b.t.c.SpringBootTestContextBootstrapper : Loaded default TestExecutionListener class names from location [META-INF/spring.factories]: [org.springframework.security.test.context.support.WithSecurityContextTestExecutionListener, org.springframework.security.test.context.support.ReactorContextTestExecutionListener, org.springframework.boot.test.autoconfigure.restdocs.RestDocsTestExecutionListener, org.springframework.boot.test.autoconfigure.web.client.MockRestServiceServerResetTestExecutionListener, org.springframework.boot.test.autoconfigure.web.servlet.MockMvcPrintOnlyOnFailureTestExecutionListener, org.springframework.boot.test.autoconfigure.web.servlet.WebDriverTestExecutionListener, org.springframework.boot.test.mock.mockito.MockitoTestExecutionListener, org.springframework.boot.test.mock.mockito.ResetMocksTestExecutionListener, org.springframework.test.context.web.ServletTestExecutionListener, org.springframework.test.context.support.DirtiesContextBeforeModesTestExecutionListener, org.springframework.test.context.support.DependencyInjectionTestExecutionListener, org.springframework.test.context.support.DirtiesContextTestExecutionListener, org.springframework.test.context.transaction.TransactionalTestExecutionListener, org.springframework.test.context.jdbc.SqlScriptsTestExecutionListener, org.springframework.test.context.event.EventPublishingTestExecutionListener]
2020-06-18 17:08:56.784  INFO 17970 --- [    Test worker] .b.t.c.SpringBootTestContextBootstrapper : Using TestExecutionListeners: [org.springframework.test.context.web.ServletTestExecutionListener@3f8b0f20, org.springframework.test.context.support.DirtiesContextBeforeModesTestExecutionListener@3a411999, org.springframework.boot.test.mock.mockito.MockitoTestExecutionListener@661856a8, org.springframework.boot.test.autoconfigure.SpringBootDependencyInjectionTestExecutionListener@503f85aa, org.springframework.test.context.support.DirtiesContextTestExecutionListener@372a7282, org.springframework.security.test.context.support.WithSecurityContextTestExecutionListener@515382f, org.springframework.test.context.event.EventPublishingTestExecutionListener@219c8333, org.springframework.security.test.context.support.ReactorContextTestExecutionListener@d22407f, org.springframework.boot.test.autoconfigure.restdocs.RestDocsTestExecutionListener@69788d3b, org.springframework.boot.test.autoconfigure.web.client.MockRestServiceServerResetTestExecutionListener@4500147b, org.springframework.boot.test.autoconfigure.web.servlet.MockMvcPrintOnlyOnFailureTestExecutionListener@4092f3, org.springframework.boot.test.autoconfigure.web.servlet.WebDriverTestExecutionListener@1ffe0b3c, org.springframework.boot.test.mock.mockito.ResetMocksTestExecutionListener@32425cad]
]]></system-out>
  <system-err><![CDATA[]]></system-err>
</testsuite>
