<?xml version="1.0" encoding="UTF-8"?>
<testsuite name="CSCI5308.GroupFormationTool.GroupFormationToolApplicationTests" tests="1" skipped="0" failures="0" errors="0" timestamp="2020-07-09T16:19:41" hostname="Prabhjots-MacBook-Pro.local" time="0.001">
  <properties/>
  <testcase name="contextLoads()" classname="CSCI5308.GroupFormationTool.GroupFormationToolApplicationTests" time="0.001"/>
  <system-out><![CDATA[2020-07-09 13:19:41.633  INFO 7122 --- [    Test worker] .b.t.c.SpringBootTestContextBootstrapper : Neither @ContextConfiguration nor @ContextHierarchy found for test class [CSCI5308.GroupFormationTool.GroupFormationToolApplicationTests], using SpringBootContextLoader
2020-07-09 13:19:41.633  INFO 7122 --- [    Test worker] o.s.t.c.support.AbstractContextLoader    : Could not detect default resource locations for test class [CSCI5308.GroupFormationTool.GroupFormationToolApplicationTests]: no resource found for suffixes {-context.xml, Context.groovy}.
2020-07-09 13:19:41.633  INFO 7122 --- [    Test worker] t.c.s.AnnotationConfigContextLoaderUtils : Could not detect default configuration classes for test class [CSCI5308.GroupFormationTool.GroupFormationToolApplicationTests]: GroupFormationToolApplicationTests does not declare any static, non-private, non-final, nested classes annotated with @Configuration.
2020-07-09 13:19:41.637  INFO 7122 --- [    Test worker] .b.t.c.SpringBootTestContextBootstrapper : Found @SpringBootConfiguration CSCI5308.GroupFormationTool.GroupFormationToolApplication for test class CSCI5308.GroupFormationTool.GroupFormationToolApplicationTests
2020-07-09 13:19:41.638  INFO 7122 --- [    Test worker] .b.t.c.SpringBootTestContextBootstrapper : Loaded default TestExecutionListener class names from location [META-INF/spring.factories]: [org.springframework.security.test.context.support.WithSecurityContextTestExecutionListener, org.springframework.security.test.context.support.ReactorContextTestExecutionListener, org.springframework.boot.test.autoconfigure.restdocs.RestDocsTestExecutionListener, org.springframework.boot.test.autoconfigure.web.client.MockRestServiceServerResetTestExecutionListener, org.springframework.boot.test.autoconfigure.web.servlet.MockMvcPrintOnlyOnFailureTestExecutionListener, org.springframework.boot.test.autoconfigure.web.servlet.WebDriverTestExecutionListener, org.springframework.boot.test.mock.mockito.MockitoTestExecutionListener, org.springframework.boot.test.mock.mockito.ResetMocksTestExecutionListener, org.springframework.test.context.web.ServletTestExecutionListener, org.springframework.test.context.support.DirtiesContextBeforeModesTestExecutionListener, org.springframework.test.context.support.DependencyInjectionTestExecutionListener, org.springframework.test.context.support.DirtiesContextTestExecutionListener, org.springframework.test.context.transaction.TransactionalTestExecutionListener, org.springframework.test.context.jdbc.SqlScriptsTestExecutionListener, org.springframework.test.context.event.EventPublishingTestExecutionListener]
2020-07-09 13:19:41.639  INFO 7122 --- [    Test worker] .b.t.c.SpringBootTestContextBootstrapper : Using TestExecutionListeners: [org.springframework.test.context.web.ServletTestExecutionListener@6b7f2da2, org.springframework.test.context.support.DirtiesContextBeforeModesTestExecutionListener@1c392af, org.springframework.boot.test.mock.mockito.MockitoTestExecutionListener@708bfe8e, org.springframework.boot.test.autoconfigure.SpringBootDependencyInjectionTestExecutionListener@62d873c1, org.springframework.test.context.support.DirtiesContextTestExecutionListener@70584005, org.springframework.security.test.context.support.WithSecurityContextTestExecutionListener@6d13f24b, org.springframework.test.context.event.EventPublishingTestExecutionListener@42430ee9, org.springframework.security.test.context.support.ReactorContextTestExecutionListener@63243b1b, org.springframework.boot.test.autoconfigure.restdocs.RestDocsTestExecutionListener@51ce0712, org.springframework.boot.test.autoconfigure.web.client.MockRestServiceServerResetTestExecutionListener@23bd36ca, org.springframework.boot.test.autoconfigure.web.servlet.MockMvcPrintOnlyOnFailureTestExecutionListener@79d34012, org.springframework.boot.test.autoconfigure.web.servlet.WebDriverTestExecutionListener@3b6d50d0, org.springframework.boot.test.mock.mockito.ResetMocksTestExecutionListener@1a3a3638]
]]></system-out>
  <system-err><![CDATA[]]></system-err>
</testsuite>
