<?xml version="1.0" encoding="UTF-8"?>
<testsuite name="CSCI5308.GroupFormationTool.Course.StudentRepositoryTest" tests="1" skipped="0" failures="0" errors="0" timestamp="2020-07-09T16:19:41" hostname="Prabhjots-MacBook-Pro.local" time="0.001">
  <properties/>
  <testcase name="createStudentTest()" classname="CSCI5308.GroupFormationTool.Course.StudentRepositoryTest" time="0.001"/>
  <system-out><![CDATA[2020-07-09 13:19:41.455  INFO 7122 --- [    Test worker] .b.t.c.SpringBootTestContextBootstrapper : Neither @ContextConfiguration nor @ContextHierarchy found for test class [CSCI5308.GroupFormationTool.Course.StudentRepositoryTest], using SpringBootContextLoader
2020-07-09 13:19:41.456  INFO 7122 --- [    Test worker] o.s.t.c.support.AbstractContextLoader    : Could not detect default resource locations for test class [CSCI5308.GroupFormationTool.Course.StudentRepositoryTest]: no resource found for suffixes {-context.xml, Context.groovy}.
2020-07-09 13:19:41.456  INFO 7122 --- [    Test worker] t.c.s.AnnotationConfigContextLoaderUtils : Could not detect default configuration classes for test class [CSCI5308.GroupFormationTool.Course.StudentRepositoryTest]: StudentRepositoryTest does not declare any static, non-private, non-final, nested classes annotated with @Configuration.
2020-07-09 13:19:41.457  INFO 7122 --- [    Test worker] .b.t.c.SpringBootTestContextBootstrapper : Found @SpringBootConfiguration CSCI5308.GroupFormationTool.GroupFormationToolApplication for test class CSCI5308.GroupFormationTool.Course.StudentRepositoryTest
2020-07-09 13:19:41.458  INFO 7122 --- [    Test worker] .b.t.c.SpringBootTestContextBootstrapper : Loaded default TestExecutionListener class names from location [META-INF/spring.factories]: [org.springframework.security.test.context.support.WithSecurityContextTestExecutionListener, org.springframework.security.test.context.support.ReactorContextTestExecutionListener, org.springframework.boot.test.autoconfigure.restdocs.RestDocsTestExecutionListener, org.springframework.boot.test.autoconfigure.web.client.MockRestServiceServerResetTestExecutionListener, org.springframework.boot.test.autoconfigure.web.servlet.MockMvcPrintOnlyOnFailureTestExecutionListener, org.springframework.boot.test.autoconfigure.web.servlet.WebDriverTestExecutionListener, org.springframework.boot.test.mock.mockito.MockitoTestExecutionListener, org.springframework.boot.test.mock.mockito.ResetMocksTestExecutionListener, org.springframework.test.context.web.ServletTestExecutionListener, org.springframework.test.context.support.DirtiesContextBeforeModesTestExecutionListener, org.springframework.test.context.support.DependencyInjectionTestExecutionListener, org.springframework.test.context.support.DirtiesContextTestExecutionListener, org.springframework.test.context.transaction.TransactionalTestExecutionListener, org.springframework.test.context.jdbc.SqlScriptsTestExecutionListener, org.springframework.test.context.event.EventPublishingTestExecutionListener]
2020-07-09 13:19:41.459  INFO 7122 --- [    Test worker] .b.t.c.SpringBootTestContextBootstrapper : Using TestExecutionListeners: [org.springframework.test.context.web.ServletTestExecutionListener@29545391, org.springframework.test.context.support.DirtiesContextBeforeModesTestExecutionListener@36872e71, org.springframework.boot.test.mock.mockito.MockitoTestExecutionListener@20e903fd, org.springframework.boot.test.autoconfigure.SpringBootDependencyInjectionTestExecutionListener@4290686, org.springframework.test.context.support.DirtiesContextTestExecutionListener@fea1549, org.springframework.security.test.context.support.WithSecurityContextTestExecutionListener@914663, org.springframework.test.context.event.EventPublishingTestExecutionListener@688f4b67, org.springframework.security.test.context.support.ReactorContextTestExecutionListener@24de6dc6, org.springframework.boot.test.autoconfigure.restdocs.RestDocsTestExecutionListener@7bc17449, org.springframework.boot.test.autoconfigure.web.client.MockRestServiceServerResetTestExecutionListener@7169870c, org.springframework.boot.test.autoconfigure.web.servlet.MockMvcPrintOnlyOnFailureTestExecutionListener@63af2e35, org.springframework.boot.test.autoconfigure.web.servlet.WebDriverTestExecutionListener@34c8cfdb, org.springframework.boot.test.mock.mockito.ResetMocksTestExecutionListener@44db8637]
]]></system-out>
  <system-err><![CDATA[]]></system-err>
</testsuite>
