<?xml version="1.0" encoding="UTF-8"?>
<testsuite name="CSCI5308.GroupFormationTool.Model.CourseTest" tests="8" skipped="0" failures="0" errors="0" timestamp="2020-06-18T20:08:56" hostname="Prabhjots-MacBook-Pro.local" time="0.011">
  <properties/>
  <testcase name="getCreditsTest()" classname="CSCI5308.GroupFormationTool.Model.CourseTest" time="0.001"/>
  <testcase name="setNameTest()" classname="CSCI5308.GroupFormationTool.Model.CourseTest" time="0.001"/>
  <testcase name="getNameTest()" classname="CSCI5308.GroupFormationTool.Model.CourseTest" time="0.001"/>
  <testcase name="setIdTest()" classname="CSCI5308.GroupFormationTool.Model.CourseTest" time="0.002"/>
  <testcase name="getIdTest()" classname="CSCI5308.GroupFormationTool.Model.CourseTest" time="0.001"/>
  <testcase name="getDescriptionTest()" classname="CSCI5308.GroupFormationTool.Model.CourseTest" time="0.001"/>
  <testcase name="setDescriptionTest()" classname="CSCI5308.GroupFormationTool.Model.CourseTest" time="0.001"/>
  <testcase name="setCreditsTest()" classname="CSCI5308.GroupFormationTool.Model.CourseTest" time="0.001"/>
  <system-out><![CDATA[2020-06-18 17:08:56.985  INFO 17970 --- [    Test worker] .b.t.c.SpringBootTestContextBootstrapper : Neither @ContextConfiguration nor @ContextHierarchy found for test class [CSCI5308.GroupFormationTool.Model.CourseTest], using SpringBootContextLoader
2020-06-18 17:08:56.986  INFO 17970 --- [    Test worker] o.s.t.c.support.AbstractContextLoader    : Could not detect default resource locations for test class [CSCI5308.GroupFormationTool.Model.CourseTest]: no resource found for suffixes {-context.xml, Context.groovy}.
2020-06-18 17:08:56.986  INFO 17970 --- [    Test worker] t.c.s.AnnotationConfigContextLoaderUtils : Could not detect default configuration classes for test class [CSCI5308.GroupFormationTool.Model.CourseTest]: CourseTest does not declare any static, non-private, non-final, nested classes annotated with @Configuration.
2020-06-18 17:08:56.987  INFO 17970 --- [    Test worker] .b.t.c.SpringBootTestContextBootstrapper : Found @SpringBootConfiguration CSCI5308.GroupFormationTool.GroupFormationToolApplication for test class CSCI5308.GroupFormationTool.Model.CourseTest
2020-06-18 17:08:56.988  INFO 17970 --- [    Test worker] .b.t.c.SpringBootTestContextBootstrapper : Loaded default TestExecutionListener class names from location [META-INF/spring.factories]: [org.springframework.security.test.context.support.WithSecurityContextTestExecutionListener, org.springframework.security.test.context.support.ReactorContextTestExecutionListener, org.springframework.boot.test.autoconfigure.restdocs.RestDocsTestExecutionListener, org.springframework.boot.test.autoconfigure.web.client.MockRestServiceServerResetTestExecutionListener, org.springframework.boot.test.autoconfigure.web.servlet.MockMvcPrintOnlyOnFailureTestExecutionListener, org.springframework.boot.test.autoconfigure.web.servlet.WebDriverTestExecutionListener, org.springframework.boot.test.mock.mockito.MockitoTestExecutionListener, org.springframework.boot.test.mock.mockito.ResetMocksTestExecutionListener, org.springframework.test.context.web.ServletTestExecutionListener, org.springframework.test.context.support.DirtiesContextBeforeModesTestExecutionListener, org.springframework.test.context.support.DependencyInjectionTestExecutionListener, org.springframework.test.context.support.DirtiesContextTestExecutionListener, org.springframework.test.context.transaction.TransactionalTestExecutionListener, org.springframework.test.context.jdbc.SqlScriptsTestExecutionListener, org.springframework.test.context.event.EventPublishingTestExecutionListener]
2020-06-18 17:08:56.989  INFO 17970 --- [    Test worker] .b.t.c.SpringBootTestContextBootstrapper : Using TestExecutionListeners: [org.springframework.test.context.web.ServletTestExecutionListener@79e02efa, org.springframework.test.context.support.DirtiesContextBeforeModesTestExecutionListener@7318bc37, org.springframework.boot.test.mock.mockito.MockitoTestExecutionListener@7e9a3ba0, org.springframework.boot.test.autoconfigure.SpringBootDependencyInjectionTestExecutionListener@600d23f2, org.springframework.test.context.support.DirtiesContextTestExecutionListener@18e256f7, org.springframework.security.test.context.support.WithSecurityContextTestExecutionListener@2eadb8d8, org.springframework.test.context.event.EventPublishingTestExecutionListener@1c5c196, org.springframework.security.test.context.support.ReactorContextTestExecutionListener@85e60ef, org.springframework.boot.test.autoconfigure.restdocs.RestDocsTestExecutionListener@281cafd, org.springframework.boot.test.autoconfigure.web.client.MockRestServiceServerResetTestExecutionListener@41a9d90d, org.springframework.boot.test.autoconfigure.web.servlet.MockMvcPrintOnlyOnFailureTestExecutionListener@6e4f69df, org.springframework.boot.test.autoconfigure.web.servlet.WebDriverTestExecutionListener@156d25e1, org.springframework.boot.test.mock.mockito.ResetMocksTestExecutionListener@19b7d393]
]]></system-out>
  <system-err><![CDATA[]]></system-err>
</testsuite>
