<?xml version="1.0" encoding="UTF-8"?>
<testsuite name="CSCI5308.GroupFormationTool.Password.ForgotPasswordRepositoryTest" tests="7" skipped="0" failures="0" errors="0" timestamp="2020-07-16T02:08:41" hostname="Prabhjots-MacBook-Pro.local" time="0.524">
  <properties/>
  <testcase name="updatePasswordTest()" classname="CSCI5308.GroupFormationTool.Password.ForgotPasswordRepositoryTest" time="0.503"/>
  <testcase name="getEmailByTokenTest()" classname="CSCI5308.GroupFormationTool.Password.ForgotPasswordRepositoryTest" time="0.003"/>
  <testcase name="addTokenTest()" classname="CSCI5308.GroupFormationTool.Password.ForgotPasswordRepositoryTest" time="0.003"/>
  <testcase name="getTokenTest()" classname="CSCI5308.GroupFormationTool.Password.ForgotPasswordRepositoryTest" time="0.003"/>
  <testcase name="deleteTokenTest()" classname="CSCI5308.GroupFormationTool.Password.ForgotPasswordRepositoryTest" time="0.005"/>
  <testcase name="getUserIdTest()" classname="CSCI5308.GroupFormationTool.Password.ForgotPasswordRepositoryTest" time="0.002"/>
  <testcase name="updateTokenTest()" classname="CSCI5308.GroupFormationTool.Password.ForgotPasswordRepositoryTest" time="0.002"/>
  <system-out><![CDATA[23:08:38.944 [Test worker] DEBUG org.springframework.test.context.BootstrapUtils - Instantiating CacheAwareContextLoaderDelegate from class [org.springframework.test.context.cache.DefaultCacheAwareContextLoaderDelegate]
23:08:38.957 [Test worker] DEBUG org.springframework.test.context.BootstrapUtils - Instantiating BootstrapContext using constructor [public org.springframework.test.context.support.DefaultBootstrapContext(java.lang.Class,org.springframework.test.context.CacheAwareContextLoaderDelegate)]
23:08:38.984 [Test worker] DEBUG org.springframework.test.context.BootstrapUtils - Instantiating TestContextBootstrapper for test class [CSCI5308.GroupFormationTool.Password.ForgotPasswordRepositoryTest] from class [org.springframework.boot.test.context.SpringBootTestContextBootstrapper]
23:08:39.000 [Test worker] INFO org.springframework.boot.test.context.SpringBootTestContextBootstrapper - Neither @ContextConfiguration nor @ContextHierarchy found for test class [CSCI5308.GroupFormationTool.Password.ForgotPasswordRepositoryTest], using SpringBootContextLoader
23:08:39.004 [Test worker] DEBUG org.springframework.test.context.support.AbstractContextLoader - Did not detect default resource location for test class [CSCI5308.GroupFormationTool.Password.ForgotPasswordRepositoryTest]: class path resource [CSCI5308/GroupFormationTool/Password/ForgotPasswordRepositoryTest-context.xml] does not exist
23:08:39.005 [Test worker] DEBUG org.springframework.test.context.support.AbstractContextLoader - Did not detect default resource location for test class [CSCI5308.GroupFormationTool.Password.ForgotPasswordRepositoryTest]: class path resource [CSCI5308/GroupFormationTool/Password/ForgotPasswordRepositoryTestContext.groovy] does not exist
23:08:39.005 [Test worker] INFO org.springframework.test.context.support.AbstractContextLoader - Could not detect default resource locations for test class [CSCI5308.GroupFormationTool.Password.ForgotPasswordRepositoryTest]: no resource found for suffixes {-context.xml, Context.groovy}.
23:08:39.006 [Test worker] INFO org.springframework.test.context.support.AnnotationConfigContextLoaderUtils - Could not detect default configuration classes for test class [CSCI5308.GroupFormationTool.Password.ForgotPasswordRepositoryTest]: ForgotPasswordRepositoryTest does not declare any static, non-private, non-final, nested classes annotated with @Configuration.
23:08:39.043 [Test worker] DEBUG org.springframework.test.context.support.ActiveProfilesUtils - Could not find an 'annotation declaring class' for annotation type [org.springframework.test.context.ActiveProfiles] and class [CSCI5308.GroupFormationTool.Password.ForgotPasswordRepositoryTest]
23:08:39.106 [Test worker] DEBUG org.springframework.context.annotation.ClassPathScanningCandidateComponentProvider - Identified candidate component class: file [/Users/prabhjotkaur/git/group22/build/classes/java/main/CSCI5308/GroupFormationTool/GroupFormationToolApplication.class]
23:08:39.107 [Test worker] INFO org.springframework.boot.test.context.SpringBootTestContextBootstrapper - Found @SpringBootConfiguration CSCI5308.GroupFormationTool.GroupFormationToolApplication for test class CSCI5308.GroupFormationTool.Password.ForgotPasswordRepositoryTest
23:08:39.185 [Test worker] DEBUG org.springframework.boot.test.context.SpringBootTestContextBootstrapper - @TestExecutionListeners is not present for class [CSCI5308.GroupFormationTool.Password.ForgotPasswordRepositoryTest]: using defaults.
23:08:39.185 [Test worker] INFO org.springframework.boot.test.context.SpringBootTestContextBootstrapper - Loaded default TestExecutionListener class names from location [META-INF/spring.factories]: [org.springframework.security.test.context.support.WithSecurityContextTestExecutionListener, org.springframework.security.test.context.support.ReactorContextTestExecutionListener, org.springframework.boot.test.autoconfigure.restdocs.RestDocsTestExecutionListener, org.springframework.boot.test.autoconfigure.web.client.MockRestServiceServerResetTestExecutionListener, org.springframework.boot.test.autoconfigure.web.servlet.MockMvcPrintOnlyOnFailureTestExecutionListener, org.springframework.boot.test.autoconfigure.web.servlet.WebDriverTestExecutionListener, org.springframework.boot.test.mock.mockito.MockitoTestExecutionListener, org.springframework.boot.test.mock.mockito.ResetMocksTestExecutionListener, org.springframework.test.context.web.ServletTestExecutionListener, org.springframework.test.context.support.DirtiesContextBeforeModesTestExecutionListener, org.springframework.test.context.support.DependencyInjectionTestExecutionListener, org.springframework.test.context.support.DirtiesContextTestExecutionListener, org.springframework.test.context.transaction.TransactionalTestExecutionListener, org.springframework.test.context.jdbc.SqlScriptsTestExecutionListener, org.springframework.test.context.event.EventPublishingTestExecutionListener]
23:08:39.201 [Test worker] DEBUG org.springframework.boot.test.context.SpringBootTestContextBootstrapper - Skipping candidate TestExecutionListener [org.springframework.test.context.transaction.TransactionalTestExecutionListener] due to a missing dependency. Specify custom listener classes or make the default listener classes and their required dependencies available. Offending class: [org/springframework/transaction/interceptor/TransactionAttributeSource]
23:08:39.202 [Test worker] DEBUG org.springframework.boot.test.context.SpringBootTestContextBootstrapper - Skipping candidate TestExecutionListener [org.springframework.test.context.jdbc.SqlScriptsTestExecutionListener] due to a missing dependency. Specify custom listener classes or make the default listener classes and their required dependencies available. Offending class: [org/springframework/transaction/interceptor/TransactionAttribute]
23:08:39.203 [Test worker] INFO org.springframework.boot.test.context.SpringBootTestContextBootstrapper - Using TestExecutionListeners: [org.springframework.test.context.web.ServletTestExecutionListener@3905aea8, org.springframework.test.context.support.DirtiesContextBeforeModesTestExecutionListener@4e9c3377, org.springframework.boot.test.mock.mockito.MockitoTestExecutionListener@7ca03107, org.springframework.boot.test.autoconfigure.SpringBootDependencyInjectionTestExecutionListener@116a76a9, org.springframework.test.context.support.DirtiesContextTestExecutionListener@50efac2, org.springframework.security.test.context.support.WithSecurityContextTestExecutionListener@2aa6669f, org.springframework.test.context.event.EventPublishingTestExecutionListener@577342c5, org.springframework.security.test.context.support.ReactorContextTestExecutionListener@156eb9bc, org.springframework.boot.test.autoconfigure.restdocs.RestDocsTestExecutionListener@67448939, org.springframework.boot.test.autoconfigure.web.client.MockRestServiceServerResetTestExecutionListener@7ecf99d0, org.springframework.boot.test.autoconfigure.web.servlet.MockMvcPrintOnlyOnFailureTestExecutionListener@33e789a6, org.springframework.boot.test.autoconfigure.web.servlet.WebDriverTestExecutionListener@5324653f, org.springframework.boot.test.mock.mockito.ResetMocksTestExecutionListener@10ea3323]
23:08:39.207 [Test worker] DEBUG org.springframework.test.context.support.AbstractDirtiesContextTestExecutionListener - Before test class: context [DefaultTestContext@34a9c107 testClass = ForgotPasswordRepositoryTest, testInstance = [null], testMethod = [null], testException = [null], mergedContextConfiguration = [WebMergedContextConfiguration@4e5e6d08 testClass = ForgotPasswordRepositoryTest, locations = '{}', classes = '{class CSCI5308.GroupFormationTool.GroupFormationToolApplication}', contextInitializerClasses = '[]', activeProfiles = '{}', propertySourceLocations = '{}', propertySourceProperties = '{org.springframework.boot.test.context.SpringBootTestContextBootstrapper=true}', contextCustomizers = set[org.springframework.boot.test.autoconfigure.properties.PropertyMappingContextCustomizer@0, org.springframework.boot.test.autoconfigure.web.servlet.WebDriverContextCustomizerFactory$Customizer@2f463175, org.springframework.boot.test.context.filter.ExcludeFilterContextCustomizer@1d626bd5, org.springframework.boot.test.json.DuplicateJsonObjectContextCustomizerFactory$DuplicateJsonObjectContextCustomizer@6c4f3053, org.springframework.boot.test.mock.mockito.MockitoContextCustomizer@0, org.springframework.boot.test.web.client.TestRestTemplateContextCustomizer@5658445e, org.springframework.boot.test.context.SpringBootTestArgs@1], resourceBasePath = 'src/main/webapp', contextLoader = 'org.springframework.boot.test.context.SpringBootContextLoader', parent = [null]], attributes = map['org.springframework.test.context.web.ServletTestExecutionListener.activateListener' -> true]], class annotated with @DirtiesContext [false] with mode [null].
23:08:39.238 [Test worker] DEBUG org.springframework.test.context.support.TestPropertySourceUtils - Adding inlined properties to environment: {spring.jmx.enabled=false, org.springframework.boot.test.context.SpringBootTestContextBootstrapper=true, server.port=-1}
LOGBACK: No context given for c.q.l.core.rolling.SizeAndTimeBasedRollingPolicy@1310806355

  .   ____          _            __ _ _
 /\\ / ___'_ __ _ _(_)_ __  __ _ \ \ \ \
( ( )\___ | '_ | '_| | '_ \/ _` | \ \ \ \
 \\/  ___)| |_)| | | | | || (_| |  ) ) ) )
  '  |____| .__|_| |_|_| |_\__, | / / / /
 =========|_|==============|___/=/_/_/_/
 :: Spring Boot ::        (v2.2.7.RELEASE)

2020-07-15 23:08:39.675  INFO 38787 --- [    Test worker] C.G.P.ForgotPasswordRepositoryTest       : Starting ForgotPasswordRepositoryTest on Prabhjots-MacBook-Pro.local with PID 38787 (started by prabhjotkaur in /Users/prabhjotkaur/git/group22)
2020-07-15 23:08:39.677  INFO 38787 --- [    Test worker] C.G.P.ForgotPasswordRepositoryTest       : No active profile set, falling back to default profiles: default
2020-07-15 23:08:41.083  INFO 38787 --- [    Test worker] C.G.P.ForgotPasswordRepositoryTest       : Started ForgotPasswordRepositoryTest in 1.832 seconds (JVM running for 2.909)
]]></system-out>
  <system-err><![CDATA[]]></system-err>
</testsuite>
