<?xml version="1.0" encoding="UTF-8"?>
<testsuite name="CSCI5308.GroupFormationTool.Password.TokenGeneratorTest" tests="1" skipped="0" failures="0" errors="0" timestamp="2020-07-07T18:40:36" hostname="Prabhjots-MacBook-Pro.local" time="0.002">
  <properties/>
  <testcase name="encryptPasswordTest()" classname="CSCI5308.GroupFormationTool.Password.TokenGeneratorTest" time="0.002"/>
  <system-out><![CDATA[2020-07-07 15:40:36.364  INFO 22184 --- [    Test worker] .b.t.c.SpringBootTestContextBootstrapper : Neither @ContextConfiguration nor @ContextHierarchy found for test class [CSCI5308.GroupFormationTool.Password.TokenGeneratorTest], using SpringBootContextLoader
2020-07-07 15:40:36.365  INFO 22184 --- [    Test worker] o.s.t.c.support.AbstractContextLoader    : Could not detect default resource locations for test class [CSCI5308.GroupFormationTool.Password.TokenGeneratorTest]: no resource found for suffixes {-context.xml, Context.groovy}.
2020-07-07 15:40:36.365  INFO 22184 --- [    Test worker] t.c.s.AnnotationConfigContextLoaderUtils : Could not detect default configuration classes for test class [CSCI5308.GroupFormationTool.Password.TokenGeneratorTest]: TokenGeneratorTest does not declare any static, non-private, non-final, nested classes annotated with @Configuration.
2020-07-07 15:40:36.366  INFO 22184 --- [    Test worker] .b.t.c.SpringBootTestContextBootstrapper : Found @SpringBootConfiguration CSCI5308.GroupFormationTool.GroupFormationToolApplication for test class CSCI5308.GroupFormationTool.Password.TokenGeneratorTest
2020-07-07 15:40:36.367  INFO 22184 --- [    Test worker] .b.t.c.SpringBootTestContextBootstrapper : Loaded default TestExecutionListener class names from location [META-INF/spring.factories]: [org.springframework.security.test.context.support.WithSecurityContextTestExecutionListener, org.springframework.security.test.context.support.ReactorContextTestExecutionListener, org.springframework.boot.test.autoconfigure.restdocs.RestDocsTestExecutionListener, org.springframework.boot.test.autoconfigure.web.client.MockRestServiceServerResetTestExecutionListener, org.springframework.boot.test.autoconfigure.web.servlet.MockMvcPrintOnlyOnFailureTestExecutionListener, org.springframework.boot.test.autoconfigure.web.servlet.WebDriverTestExecutionListener, org.springframework.boot.test.mock.mockito.MockitoTestExecutionListener, org.springframework.boot.test.mock.mockito.ResetMocksTestExecutionListener, org.springframework.test.context.web.ServletTestExecutionListener, org.springframework.test.context.support.DirtiesContextBeforeModesTestExecutionListener, org.springframework.test.context.support.DependencyInjectionTestExecutionListener, org.springframework.test.context.support.DirtiesContextTestExecutionListener, org.springframework.test.context.transaction.TransactionalTestExecutionListener, org.springframework.test.context.jdbc.SqlScriptsTestExecutionListener, org.springframework.test.context.event.EventPublishingTestExecutionListener]
2020-07-07 15:40:36.368  INFO 22184 --- [    Test worker] .b.t.c.SpringBootTestContextBootstrapper : Using TestExecutionListeners: [org.springframework.test.context.web.ServletTestExecutionListener@6df7ca7a, org.springframework.test.context.support.DirtiesContextBeforeModesTestExecutionListener@64da88ce, org.springframework.boot.test.mock.mockito.MockitoTestExecutionListener@26205018, org.springframework.boot.test.autoconfigure.SpringBootDependencyInjectionTestExecutionListener@68b7116, org.springframework.test.context.support.DirtiesContextTestExecutionListener@557ccfa7, org.springframework.security.test.context.support.WithSecurityContextTestExecutionListener@6550a13e, org.springframework.test.context.event.EventPublishingTestExecutionListener@41d48d1c, org.springframework.security.test.context.support.ReactorContextTestExecutionListener@1c8a57f1, org.springframework.boot.test.autoconfigure.restdocs.RestDocsTestExecutionListener@2f38b230, org.springframework.boot.test.autoconfigure.web.client.MockRestServiceServerResetTestExecutionListener@4f01bfb8, org.springframework.boot.test.autoconfigure.web.servlet.MockMvcPrintOnlyOnFailureTestExecutionListener@2ad86729, org.springframework.boot.test.autoconfigure.web.servlet.WebDriverTestExecutionListener@6423885c, org.springframework.boot.test.mock.mockito.ResetMocksTestExecutionListener@e600fda]
]]></system-out>
  <system-err><![CDATA[]]></system-err>
</testsuite>
