<?xml version="1.0" encoding="UTF-8"?>
<testsuite name="CSCI5308.GroupFormationTool.Password.TokenGeneratorTest" tests="1" skipped="0" failures="0" errors="0" timestamp="2020-07-09T16:37:31" hostname="Prabhjots-MacBook-Pro.local" time="0.001">
  <properties/>
  <testcase name="encryptPasswordTest()" classname="CSCI5308.GroupFormationTool.Password.TokenGeneratorTest" time="0.001"/>
  <system-out><![CDATA[2020-07-09 13:37:31.364  INFO 7318 --- [    Test worker] .b.t.c.SpringBootTestContextBootstrapper : Neither @ContextConfiguration nor @ContextHierarchy found for test class [CSCI5308.GroupFormationTool.Password.TokenGeneratorTest], using SpringBootContextLoader
2020-07-09 13:37:31.365  INFO 7318 --- [    Test worker] o.s.t.c.support.AbstractContextLoader    : Could not detect default resource locations for test class [CSCI5308.GroupFormationTool.Password.TokenGeneratorTest]: no resource found for suffixes {-context.xml, Context.groovy}.
2020-07-09 13:37:31.365  INFO 7318 --- [    Test worker] t.c.s.AnnotationConfigContextLoaderUtils : Could not detect default configuration classes for test class [CSCI5308.GroupFormationTool.Password.TokenGeneratorTest]: TokenGeneratorTest does not declare any static, non-private, non-final, nested classes annotated with @Configuration.
2020-07-09 13:37:31.366  INFO 7318 --- [    Test worker] .b.t.c.SpringBootTestContextBootstrapper : Found @SpringBootConfiguration CSCI5308.GroupFormationTool.GroupFormationToolApplication for test class CSCI5308.GroupFormationTool.Password.TokenGeneratorTest
2020-07-09 13:37:31.367  INFO 7318 --- [    Test worker] .b.t.c.SpringBootTestContextBootstrapper : Loaded default TestExecutionListener class names from location [META-INF/spring.factories]: [org.springframework.security.test.context.support.WithSecurityContextTestExecutionListener, org.springframework.security.test.context.support.ReactorContextTestExecutionListener, org.springframework.boot.test.autoconfigure.restdocs.RestDocsTestExecutionListener, org.springframework.boot.test.autoconfigure.web.client.MockRestServiceServerResetTestExecutionListener, org.springframework.boot.test.autoconfigure.web.servlet.MockMvcPrintOnlyOnFailureTestExecutionListener, org.springframework.boot.test.autoconfigure.web.servlet.WebDriverTestExecutionListener, org.springframework.boot.test.mock.mockito.MockitoTestExecutionListener, org.springframework.boot.test.mock.mockito.ResetMocksTestExecutionListener, org.springframework.test.context.web.ServletTestExecutionListener, org.springframework.test.context.support.DirtiesContextBeforeModesTestExecutionListener, org.springframework.test.context.support.DependencyInjectionTestExecutionListener, org.springframework.test.context.support.DirtiesContextTestExecutionListener, org.springframework.test.context.transaction.TransactionalTestExecutionListener, org.springframework.test.context.jdbc.SqlScriptsTestExecutionListener, org.springframework.test.context.event.EventPublishingTestExecutionListener]
2020-07-09 13:37:31.368  INFO 7318 --- [    Test worker] .b.t.c.SpringBootTestContextBootstrapper : Using TestExecutionListeners: [org.springframework.test.context.web.ServletTestExecutionListener@6931f2e2, org.springframework.test.context.support.DirtiesContextBeforeModesTestExecutionListener@1818d9b9, org.springframework.boot.test.mock.mockito.MockitoTestExecutionListener@2c9efcf3, org.springframework.boot.test.autoconfigure.SpringBootDependencyInjectionTestExecutionListener@6af0ff81, org.springframework.test.context.support.DirtiesContextTestExecutionListener@c30a6df, org.springframework.security.test.context.support.WithSecurityContextTestExecutionListener@523b73f1, org.springframework.test.context.event.EventPublishingTestExecutionListener@9996421, org.springframework.security.test.context.support.ReactorContextTestExecutionListener@64f88e64, org.springframework.boot.test.autoconfigure.restdocs.RestDocsTestExecutionListener@6df7ca7a, org.springframework.boot.test.autoconfigure.web.client.MockRestServiceServerResetTestExecutionListener@64da88ce, org.springframework.boot.test.autoconfigure.web.servlet.MockMvcPrintOnlyOnFailureTestExecutionListener@26205018, org.springframework.boot.test.autoconfigure.web.servlet.WebDriverTestExecutionListener@68b7116, org.springframework.boot.test.mock.mockito.ResetMocksTestExecutionListener@557ccfa7]
]]></system-out>
  <system-err><![CDATA[]]></system-err>
</testsuite>
