<?xml version="1.0" encoding="UTF-8"?>
<testsuite name="CSCI5308.GroupFormationTool.Course.StudentRepositoryTest" tests="1" skipped="0" failures="0" errors="0" timestamp="2020-07-07T18:40:36" hostname="Prabhjots-MacBook-Pro.local" time="0.001">
  <properties/>
  <testcase name="createStudentTest()" classname="CSCI5308.GroupFormationTool.Course.StudentRepositoryTest" time="0.001"/>
  <system-out><![CDATA[2020-07-07 15:40:36.474  INFO 22184 --- [    Test worker] .b.t.c.SpringBootTestContextBootstrapper : Neither @ContextConfiguration nor @ContextHierarchy found for test class [CSCI5308.GroupFormationTool.Course.StudentRepositoryTest], using SpringBootContextLoader
2020-07-07 15:40:36.475  INFO 22184 --- [    Test worker] o.s.t.c.support.AbstractContextLoader    : Could not detect default resource locations for test class [CSCI5308.GroupFormationTool.Course.StudentRepositoryTest]: no resource found for suffixes {-context.xml, Context.groovy}.
2020-07-07 15:40:36.475  INFO 22184 --- [    Test worker] t.c.s.AnnotationConfigContextLoaderUtils : Could not detect default configuration classes for test class [CSCI5308.GroupFormationTool.Course.StudentRepositoryTest]: StudentRepositoryTest does not declare any static, non-private, non-final, nested classes annotated with @Configuration.
2020-07-07 15:40:36.477  INFO 22184 --- [    Test worker] .b.t.c.SpringBootTestContextBootstrapper : Found @SpringBootConfiguration CSCI5308.GroupFormationTool.GroupFormationToolApplication for test class CSCI5308.GroupFormationTool.Course.StudentRepositoryTest
2020-07-07 15:40:36.478  INFO 22184 --- [    Test worker] .b.t.c.SpringBootTestContextBootstrapper : Loaded default TestExecutionListener class names from location [META-INF/spring.factories]: [org.springframework.security.test.context.support.WithSecurityContextTestExecutionListener, org.springframework.security.test.context.support.ReactorContextTestExecutionListener, org.springframework.boot.test.autoconfigure.restdocs.RestDocsTestExecutionListener, org.springframework.boot.test.autoconfigure.web.client.MockRestServiceServerResetTestExecutionListener, org.springframework.boot.test.autoconfigure.web.servlet.MockMvcPrintOnlyOnFailureTestExecutionListener, org.springframework.boot.test.autoconfigure.web.servlet.WebDriverTestExecutionListener, org.springframework.boot.test.mock.mockito.MockitoTestExecutionListener, org.springframework.boot.test.mock.mockito.ResetMocksTestExecutionListener, org.springframework.test.context.web.ServletTestExecutionListener, org.springframework.test.context.support.DirtiesContextBeforeModesTestExecutionListener, org.springframework.test.context.support.DependencyInjectionTestExecutionListener, org.springframework.test.context.support.DirtiesContextTestExecutionListener, org.springframework.test.context.transaction.TransactionalTestExecutionListener, org.springframework.test.context.jdbc.SqlScriptsTestExecutionListener, org.springframework.test.context.event.EventPublishingTestExecutionListener]
2020-07-07 15:40:36.479  INFO 22184 --- [    Test worker] .b.t.c.SpringBootTestContextBootstrapper : Using TestExecutionListeners: [org.springframework.test.context.web.ServletTestExecutionListener@267d9630, org.springframework.test.context.support.DirtiesContextBeforeModesTestExecutionListener@40381af5, org.springframework.boot.test.mock.mockito.MockitoTestExecutionListener@611bf81c, org.springframework.boot.test.autoconfigure.SpringBootDependencyInjectionTestExecutionListener@73e784b2, org.springframework.test.context.support.DirtiesContextTestExecutionListener@39e140e8, org.springframework.security.test.context.support.WithSecurityContextTestExecutionListener@398e1a93, org.springframework.test.context.event.EventPublishingTestExecutionListener@7ebcea6, org.springframework.security.test.context.support.ReactorContextTestExecutionListener@48e618fd, org.springframework.boot.test.autoconfigure.restdocs.RestDocsTestExecutionListener@7b33e709, org.springframework.boot.test.autoconfigure.web.client.MockRestServiceServerResetTestExecutionListener@32a0207e, org.springframework.boot.test.autoconfigure.web.servlet.MockMvcPrintOnlyOnFailureTestExecutionListener@6b674672, org.springframework.boot.test.autoconfigure.web.servlet.WebDriverTestExecutionListener@13be9a13, org.springframework.boot.test.mock.mockito.ResetMocksTestExecutionListener@77d12cc2]
]]></system-out>
  <system-err><![CDATA[]]></system-err>
</testsuite>
