<?xml version="1.0" encoding="UTF-8"?>
<testsuite name="CSCI5308.GroupFormationTool.Course.CourseControllerTest" tests="9" skipped="0" failures="0" errors="0" timestamp="2020-07-13T16:07:21" hostname="Prabhjots-MacBook-Pro.local" time="0.174">
  <properties/>
  <testcase name="addCourseTest()" classname="CSCI5308.GroupFormationTool.Course.CourseControllerTest" time="0.051"/>
  <testcase name="uploadCSVFileTest()" classname="CSCI5308.GroupFormationTool.Course.CourseControllerTest" time="0.008"/>
  <testcase name="enrollTATest()" classname="CSCI5308.GroupFormationTool.Course.CourseControllerTest" time="0.023"/>
  <testcase name="allCoursesTest()" classname="CSCI5308.GroupFormationTool.Course.CourseControllerTest" time="0.006"/>
  <testcase name="addTATest()" classname="CSCI5308.GroupFormationTool.Course.CourseControllerTest" time="0.015"/>
  <testcase name="courseDetailTest()" classname="CSCI5308.GroupFormationTool.Course.CourseControllerTest" time="0.006"/>
  <testcase name="courseListTest()" classname="CSCI5308.GroupFormationTool.Course.CourseControllerTest" time="0.037"/>
  <testcase name="deleteCourseTest()" classname="CSCI5308.GroupFormationTool.Course.CourseControllerTest" time="0.017"/>
  <testcase name="addCourseFormTest()" classname="CSCI5308.GroupFormationTool.Course.CourseControllerTest" time="0.006"/>
  <system-out><![CDATA[
  .   ____          _            __ _ _
 /\\ / ___'_ __ _ _(_)_ __  __ _ \ \ \ \
( ( )\___ | '_ | '_| | '_ \/ _` | \ \ \ \
 \\/  ___)| |_)| | | | | || (_| |  ) ) ) )
  '  |____| .__|_| |_|_| |_\__, | / / / /
 =========|_|==============|___/=/_/_/_/
 :: Spring Boot ::        (v2.2.7.RELEASE)

2020-07-13 13:07:21.087  INFO 22716 --- [    Test worker] C.G.Course.CourseControllerTest          : Starting CourseControllerTest on Prabhjots-MacBook-Pro.local with PID 22716 (started by prabhjotkaur in /Users/prabhjotkaur/git/group22)
2020-07-13 13:07:21.087  INFO 22716 --- [    Test worker] C.G.Course.CourseControllerTest          : No active profile set, falling back to default profiles: default
2020-07-13 13:07:21.458  INFO 22716 --- [    Test worker] C.G.Course.CourseControllerTest          : Started CourseControllerTest in 0.382 seconds (JVM running for 4.995)
2020-07-13 13:07:21.481  INFO 22716 --- [    Test worker] C.GroupFormationTool.Course.Course       : Creating a new course and storing it in the database
2020-07-13 13:07:21.481  INFO 22716 --- [    Test worker] C.GroupFormationTool.Course.Course       : Calling the courseRepository function to get all courses
2020-07-13 13:07:21.481  WARN 22716 --- [    Test worker] C.G.Course.CourseController              : Course is not added successfully

MockHttpServletRequest:
      HTTP Method = POST
      Request URI = /admin/addCourse
       Parameters = {_csrf=[f294cde9-d606-4a98-97a0-1936ec1d598a]}
          Headers = []
             Body = <no character encoding set>
    Session Attrs = {}

Handler:
             Type = CSCI5308.GroupFormationTool.Course.CourseController
           Method = CSCI5308.GroupFormationTool.Course.CourseController#addCourse(Course, Model)

Async:
    Async started = false
     Async result = null

Resolved Exception:
             Type = null

ModelAndView:
        View name = course/allCourses
             View = null
        Attribute = course
            value = CSCI5308.GroupFormationTool.Course.Course@272f169b
           errors = []
        Attribute = failureMessage
            value = The course could not be added since the course already exists!
        Attribute = courses
            value = []

FlashMap:
       Attributes = null

MockHttpServletResponse:
           Status = 200
    Error message = null
          Headers = [Content-Language:"en", Content-Type:"text/html;charset=UTF-8", X-Content-Type-Options:"nosniff", X-XSS-Protection:"1; mode=block", Cache-Control:"no-cache, no-store, max-age=0, must-revalidate", Pragma:"no-cache", Expires:"0", X-Frame-Options:"DENY"]
     Content type = text/html;charset=UTF-8
             Body = <!DOCTYPE html>
<html lang="en" xmlns="http://www.w3.org/1999/xhtml">
<head>
    <meta charset="utf-8"/>
    <meta http-equiv="X-UA-Compatible" content="IE=edge"/>
    <meta name="viewport" content="width=device-width, initial-scale=1"/>
    <link rel="icon" href="favicon.ico"/>
    <title>Admin Course List</title>
    <link
            href="//maxcdn.bootstrapcdn.com/bootstrap/3.3.7/css/bootstrap.min.css"
            rel="stylesheet"
            integrity="sha384-BVYiiSIFeK1dGmJRAkycuHAHRg32OmUcww7on3RYdg4Va+PmSTsz/K68vbdEjh4u"
            crossorigin="anonymous"/>

</head>
<body style="background-color: #e7ebee">
<div class="container">
    <div>
        <p>You have not logged in to the application. Please login to
            continue...</p>
        <a href="/login">Click here to log in!</a>
    </div>

    
</div>
</body>
</html>
    Forwarded URL = null
   Redirected URL = null
          Cookies = []
2020-07-13 13:07:21.506  INFO 22716 --- [    Test worker] C.GroupFormationTool.Course.Course       : Creating a new course and storing it in the database
2020-07-13 13:07:21.506  INFO 22716 --- [    Test worker] C.GroupFormationTool.Course.Course       : Calling the courseRepository function to get all courses
2020-07-13 13:07:21.506  WARN 22716 --- [    Test worker] C.G.Course.CourseController              : Course is not added successfully

MockHttpServletRequest:
      HTTP Method = POST
      Request URI = /admin/addCourse
       Parameters = {_csrf=[a64d68d0-0997-4b6a-8123-1aad555e5dfd]}
          Headers = []
             Body = <no character encoding set>
    Session Attrs = {}

Handler:
             Type = CSCI5308.GroupFormationTool.Course.CourseController
           Method = CSCI5308.GroupFormationTool.Course.CourseController#addCourse(Course, Model)

Async:
    Async started = false
     Async result = null

Resolved Exception:
             Type = null

ModelAndView:
        View name = course/allCourses
             View = null
        Attribute = course
            value = CSCI5308.GroupFormationTool.Course.Course@74bfc81e
           errors = []
        Attribute = failureMessage
            value = The course could not be added since the course already exists!
        Attribute = courses
            value = []

FlashMap:
       Attributes = null

MockHttpServletResponse:
           Status = 200
    Error message = null
          Headers = [Content-Language:"en", Content-Type:"text/html;charset=UTF-8", X-Content-Type-Options:"nosniff", X-XSS-Protection:"1; mode=block", Cache-Control:"no-cache, no-store, max-age=0, must-revalidate", Pragma:"no-cache", Expires:"0", X-Frame-Options:"DENY"]
     Content type = text/html;charset=UTF-8
             Body = <!DOCTYPE html>
<html lang="en" xmlns="http://www.w3.org/1999/xhtml">
<head>
    <meta charset="utf-8"/>
    <meta http-equiv="X-UA-Compatible" content="IE=edge"/>
    <meta name="viewport" content="width=device-width, initial-scale=1"/>
    <link rel="icon" href="favicon.ico"/>
    <title>Admin Course List</title>
    <link
            href="//maxcdn.bootstrapcdn.com/bootstrap/3.3.7/css/bootstrap.min.css"
            rel="stylesheet"
            integrity="sha384-BVYiiSIFeK1dGmJRAkycuHAHRg32OmUcww7on3RYdg4Va+PmSTsz/K68vbdEjh4u"
            crossorigin="anonymous"/>

</head>
<body style="background-color: #e7ebee">
<div class="container">
    <div>
        <p>You have not logged in to the application. Please login to
            continue...</p>
        <a href="/login">Click here to log in!</a>
    </div>

    
</div>
</body>
</html>
    Forwarded URL = null
   Redirected URL = null
          Cookies = []

MockHttpServletRequest:
      HTTP Method = GET
      Request URI = /uploadCSVFile
       Parameters = {courseId=[CSCI5308]}
          Headers = []
             Body = <no character encoding set>
    Session Attrs = {org.springframework.security.web.csrf.HttpSessionCsrfTokenRepository.CSRF_TOKEN=org.springframework.security.web.csrf.DefaultCsrfToken@1391ac48}

Handler:
             Type = CSCI5308.GroupFormationTool.Course.CourseController
           Method = CSCI5308.GroupFormationTool.Course.CourseController#uploadCSVFile(String, Model)

Async:
    Async started = false
     Async result = null

Resolved Exception:
             Type = null

ModelAndView:
        View name = course/uploadCSVFile
             View = null
        Attribute = CourseId
            value = CSCI5308

FlashMap:
       Attributes = null

MockHttpServletResponse:
           Status = 200
    Error message = null
          Headers = [Content-Language:"en", Content-Type:"text/html;charset=UTF-8", X-Content-Type-Options:"nosniff", X-XSS-Protection:"1; mode=block", Cache-Control:"no-cache, no-store, max-age=0, must-revalidate", Pragma:"no-cache", Expires:"0", X-Frame-Options:"DENY"]
     Content type = text/html;charset=UTF-8
             Body = <!DOCTYPE html>
<html lang="en" xmlns="http://www.w3.org/1999/xhtml">
<head>
    <meta charset="utf-8"/>
    <meta http-equiv="X-UA-Compatible" content="IE=edge"/>
    <meta name="viewport" content="width=device-width, initial-scale=1"/>
    <link rel="icon" href="favicon.ico"/>
    <title>Instructor Course List</title>
    <link
            href="//maxcdn.bootstrapcdn.com/bootstrap/3.3.7/css/bootstrap.min.css"
            rel="stylesheet"
            integrity="sha384-BVYiiSIFeK1dGmJRAkycuHAHRg32OmUcww7on3RYdg4Va+PmSTsz/K68vbdEjh4u"
            crossorigin="anonymous"/>

</head>
<body style="background-color: #e7ebee">
<div class="container">
    <div>
        <p>You have not logged in to the application. Please login to
            continue...</p>
        <a href="/login">Click here to log in!</a>
    </div>

    
</div>
</body>
</html>
    Forwarded URL = null
   Redirected URL = null
          Cookies = []
2020-07-13 13:07:21.522  INFO 22716 --- [    Test worker] C.G.Course.CourseController              : Fetch TA for a course using course Id
2020-07-13 13:07:21.522  INFO 22716 --- [    Test worker] C.GroupFormationTool.Question.Question   : Function call to get TA for a course using course Id

MockHttpServletRequest:
      HTTP Method = GET
      Request URI = /enrollTA
       Parameters = {courseId=[CSCI5308]}
          Headers = []
             Body = <no character encoding set>
    Session Attrs = {org.springframework.security.web.csrf.HttpSessionCsrfTokenRepository.CSRF_TOKEN=org.springframework.security.web.csrf.DefaultCsrfToken@7d09b71a}

Handler:
             Type = CSCI5308.GroupFormationTool.Course.CourseController
           Method = CSCI5308.GroupFormationTool.Course.CourseController#enrollTA(String, Model)

Async:
    Async started = false
     Async result = null

Resolved Exception:
             Type = null

ModelAndView:
        View name = course/enrollTA
             View = null
        Attribute = user
            value = CSCI5308.GroupFormationTool.User.User@1ff4440b
           errors = []
        Attribute = taList
            value = []
        Attribute = courseId
            value = CSCI5308

FlashMap:
       Attributes = null

MockHttpServletResponse:
           Status = 200
    Error message = null
          Headers = [Content-Language:"en", Content-Type:"text/html;charset=UTF-8", X-Content-Type-Options:"nosniff", X-XSS-Protection:"1; mode=block", Cache-Control:"no-cache, no-store, max-age=0, must-revalidate", Pragma:"no-cache", Expires:"0", X-Frame-Options:"DENY"]
     Content type = text/html;charset=UTF-8
             Body = <!DOCTYPE html>
<html lang="en" xmlns="http://www.w3.org/1999/xhtml"
>
<head>
    <meta charset="utf-8"/>
    <meta http-equiv="X-UA-Compatible" content="IE=edge"/>
    <meta name="viewport" content="width=device-width, initial-scale=1"/>
    <link rel="icon" href="favicon.ico"/>
    <title>Enroll TA</title>
    <link
            href="//maxcdn.bootstrapcdn.com/bootstrap/3.3.7/css/bootstrap.min.css"
            rel="stylesheet"
            integrity="sha384-BVYiiSIFeK1dGmJRAkycuHAHRg32OmUcww7on3RYdg4Va+PmSTsz/K68vbdEjh4u"
            crossorigin="anonymous"/>

</head>
<body style="background-color: #e7ebee">
<div class="container" style="padding:20px;">
    <form autocomplete="off" action="/enrollTA?courseId=CSCI5308"
          method="post" class="m-t col-md-4 col-md-offset-4" role="form"
          data-toggle="validator"><input type="hidden" name="_csrf" value="74a57229-5654-4f53-85fb-683d1e62c74a"/>
        
        
        <br>
        <h4>Enter details to add TA!</h4>
        <div class="form-group input-group has-feedback">
            <input type="email" name="emailId" placeholder="Add by Email Address" class="form-control" required id="emailId" value=""/>
        </div>
        <div class="text-center">
            <button type="submit" class="btn btn-primary btn-sm btn-block"
                    style="width: 120px; margin-left: 40px;">Add TA
            </button>
        </div>
    </form>
</div>
<div class="container">
    <h3 class="text-center">Enrolled TA(s)</h3>
    <div class="table-responsive">
        <table class="table table-bordered table-hover">
            <thead>
            <tr>
                <th scope="col">First Name</th>
                <th scope="col">Last Name</th>
                <th scope="col">Email</th>
                <th scope="col">BannerID</th>
            </tr>
            </thead>
            <tbody>
            
            </tbody>
        </table>
    </div>
    <br/>
    <div>
        <a href="/courseList" class="text-primary">Go back to
            course page!</a>
    </div>
</div>
</body>
</html>
    Forwarded URL = null
   Redirected URL = null
          Cookies = []
2020-07-13 13:07:21.546  INFO 22716 --- [    Test worker] C.G.Course.CourseController              : Function call to fetch all the courses details
2020-07-13 13:07:21.546  INFO 22716 --- [    Test worker] C.GroupFormationTool.Course.Course       : Calling the courseRepository function to get all courses

MockHttpServletRequest:
      HTTP Method = GET
      Request URI = /admin/allAdminCourses
       Parameters = {}
          Headers = []
             Body = <no character encoding set>
    Session Attrs = {org.springframework.security.web.csrf.HttpSessionCsrfTokenRepository.CSRF_TOKEN=org.springframework.security.web.csrf.DefaultCsrfToken@28ed0c14}

Handler:
             Type = CSCI5308.GroupFormationTool.Course.CourseController
           Method = CSCI5308.GroupFormationTool.Course.CourseController#allCourses(Model)

Async:
    Async started = false
     Async result = null

Resolved Exception:
             Type = null

ModelAndView:
        View name = course/allCourses
             View = null
        Attribute = courses
            value = []

FlashMap:
       Attributes = null

MockHttpServletResponse:
           Status = 200
    Error message = null
          Headers = [Content-Language:"en", Content-Type:"text/html;charset=UTF-8", X-Content-Type-Options:"nosniff", X-XSS-Protection:"1; mode=block", Cache-Control:"no-cache, no-store, max-age=0, must-revalidate", Pragma:"no-cache", Expires:"0", X-Frame-Options:"DENY"]
     Content type = text/html;charset=UTF-8
             Body = <!DOCTYPE html>
<html lang="en" xmlns="http://www.w3.org/1999/xhtml">
<head>
    <meta charset="utf-8"/>
    <meta http-equiv="X-UA-Compatible" content="IE=edge"/>
    <meta name="viewport" content="width=device-width, initial-scale=1"/>
    <link rel="icon" href="favicon.ico"/>
    <title>Admin Course List</title>
    <link
            href="//maxcdn.bootstrapcdn.com/bootstrap/3.3.7/css/bootstrap.min.css"
            rel="stylesheet"
            integrity="sha384-BVYiiSIFeK1dGmJRAkycuHAHRg32OmUcww7on3RYdg4Va+PmSTsz/K68vbdEjh4u"
            crossorigin="anonymous"/>

</head>
<body style="background-color: #e7ebee">
<div class="container">
    <div>
        <p>You have not logged in to the application. Please login to
            continue...</p>
        <a href="/login">Click here to log in!</a>
    </div>

    
</div>
</body>
</html>
    Forwarded URL = null
   Redirected URL = null
          Cookies = []
2020-07-13 13:07:21.554  INFO 22716 --- [    Test worker] C.GroupFormationTool.Question.Question   : Function call to enroll a TA for the course using email id
2020-07-13 13:07:21.555  WARN 22716 --- [    Test worker] C.G.Course.CourseController              : TA is not successfully added to the course
2020-07-13 13:07:21.555  INFO 22716 --- [    Test worker] C.GroupFormationTool.Question.Question   : Function call to get TA for a course using course Id

MockHttpServletRequest:
      HTTP Method = POST
      Request URI = /enrollTA
       Parameters = {courseId=[CSCI5308], _csrf=[1d88e1bd-1eea-4342-95b3-ca8ea5d35612]}
          Headers = []
             Body = <no character encoding set>
    Session Attrs = {}

Handler:
             Type = CSCI5308.GroupFormationTool.Course.CourseController
           Method = CSCI5308.GroupFormationTool.Course.CourseController#addTA(String, User, Model)

Async:
    Async started = false
     Async result = null

Resolved Exception:
             Type = null

ModelAndView:
        View name = course/enrollTA
             View = null
        Attribute = user
            value = CSCI5308.GroupFormationTool.User.User@70d9ac0b
           errors = []
        Attribute = error
            value = not added
        Attribute = taList
            value = []
        Attribute = courseId
            value = CSCI5308

FlashMap:
       Attributes = null

MockHttpServletResponse:
           Status = 200
    Error message = null
          Headers = [Content-Language:"en", Content-Type:"text/html;charset=UTF-8", X-Content-Type-Options:"nosniff", X-XSS-Protection:"1; mode=block", Cache-Control:"no-cache, no-store, max-age=0, must-revalidate", Pragma:"no-cache", Expires:"0", X-Frame-Options:"DENY"]
     Content type = text/html;charset=UTF-8
             Body = <!DOCTYPE html>
<html lang="en" xmlns="http://www.w3.org/1999/xhtml"
>
<head>
    <meta charset="utf-8"/>
    <meta http-equiv="X-UA-Compatible" content="IE=edge"/>
    <meta name="viewport" content="width=device-width, initial-scale=1"/>
    <link rel="icon" href="favicon.ico"/>
    <title>Enroll TA</title>
    <link
            href="//maxcdn.bootstrapcdn.com/bootstrap/3.3.7/css/bootstrap.min.css"
            rel="stylesheet"
            integrity="sha384-BVYiiSIFeK1dGmJRAkycuHAHRg32OmUcww7on3RYdg4Va+PmSTsz/K68vbdEjh4u"
            crossorigin="anonymous"/>

</head>
<body style="background-color: #e7ebee">
<div class="container" style="padding:20px;">
    <form autocomplete="off" action="/enrollTA?courseId=CSCI5308"
          method="post" class="m-t col-md-4 col-md-offset-4" role="form"
          data-toggle="validator"><input type="hidden" name="_csrf" value="1d88e1bd-1eea-4342-95b3-ca8ea5d35612"/>
        <div class="validation-message alert alert-danger"
             role="alert">TA not added!!
        </div>
        
        <br>
        <h4>Enter details to add TA!</h4>
        <div class="form-group input-group has-feedback">
            <input type="email" name="emailId" placeholder="Add by Email Address" class="form-control" required id="emailId" value=""/>
        </div>
        <div class="text-center">
            <button type="submit" class="btn btn-primary btn-sm btn-block"
                    style="width: 120px; margin-left: 40px;">Add TA
            </button>
        </div>
    </form>
</div>
<div class="container">
    <h3 class="text-center">Enrolled TA(s)</h3>
    <div class="table-responsive">
        <table class="table table-bordered table-hover">
            <thead>
            <tr>
                <th scope="col">First Name</th>
                <th scope="col">Last Name</th>
                <th scope="col">Email</th>
                <th scope="col">BannerID</th>
            </tr>
            </thead>
            <tbody>
            
            </tbody>
        </table>
    </div>
    <br/>
    <div>
        <a href="/courseList" class="text-primary">Go back to
            course page!</a>
    </div>
</div>
</body>
</html>
    Forwarded URL = null
   Redirected URL = null
          Cookies = []
2020-07-13 13:07:21.560  INFO 22716 --- [    Test worker] C.GroupFormationTool.Question.Question   : Function call to enroll a TA for the course using email id
2020-07-13 13:07:21.561  WARN 22716 --- [    Test worker] C.G.Course.CourseController              : TA is not successfully added to the course
2020-07-13 13:07:21.561  INFO 22716 --- [    Test worker] C.GroupFormationTool.Question.Question   : Function call to get TA for a course using course Id

MockHttpServletRequest:
      HTTP Method = POST
      Request URI = /enrollTA
       Parameters = {courseId=[CSCI5308], _csrf=[b4c93fe2-adb0-43f8-b09d-95873c6a9461]}
          Headers = []
             Body = <no character encoding set>
    Session Attrs = {}

Handler:
             Type = CSCI5308.GroupFormationTool.Course.CourseController
           Method = CSCI5308.GroupFormationTool.Course.CourseController#addTA(String, User, Model)

Async:
    Async started = false
     Async result = null

Resolved Exception:
             Type = null

ModelAndView:
        View name = course/enrollTA
             View = null
        Attribute = user
            value = CSCI5308.GroupFormationTool.User.User@382a8165
           errors = []
        Attribute = error
            value = not added
        Attribute = taList
            value = []
        Attribute = courseId
            value = CSCI5308

FlashMap:
       Attributes = null

MockHttpServletResponse:
           Status = 200
    Error message = null
          Headers = [Content-Language:"en", Content-Type:"text/html;charset=UTF-8", X-Content-Type-Options:"nosniff", X-XSS-Protection:"1; mode=block", Cache-Control:"no-cache, no-store, max-age=0, must-revalidate", Pragma:"no-cache", Expires:"0", X-Frame-Options:"DENY"]
     Content type = text/html;charset=UTF-8
             Body = <!DOCTYPE html>
<html lang="en" xmlns="http://www.w3.org/1999/xhtml"
>
<head>
    <meta charset="utf-8"/>
    <meta http-equiv="X-UA-Compatible" content="IE=edge"/>
    <meta name="viewport" content="width=device-width, initial-scale=1"/>
    <link rel="icon" href="favicon.ico"/>
    <title>Enroll TA</title>
    <link
            href="//maxcdn.bootstrapcdn.com/bootstrap/3.3.7/css/bootstrap.min.css"
            rel="stylesheet"
            integrity="sha384-BVYiiSIFeK1dGmJRAkycuHAHRg32OmUcww7on3RYdg4Va+PmSTsz/K68vbdEjh4u"
            crossorigin="anonymous"/>

</head>
<body style="background-color: #e7ebee">
<div class="container" style="padding:20px;">
    <form autocomplete="off" action="/enrollTA?courseId=CSCI5308"
          method="post" class="m-t col-md-4 col-md-offset-4" role="form"
          data-toggle="validator"><input type="hidden" name="_csrf" value="b4c93fe2-adb0-43f8-b09d-95873c6a9461"/>
        <div class="validation-message alert alert-danger"
             role="alert">TA not added!!
        </div>
        
        <br>
        <h4>Enter details to add TA!</h4>
        <div class="form-group input-group has-feedback">
            <input type="email" name="emailId" placeholder="Add by Email Address" class="form-control" required id="emailId" value=""/>
        </div>
        <div class="text-center">
            <button type="submit" class="btn btn-primary btn-sm btn-block"
                    style="width: 120px; margin-left: 40px;">Add TA
            </button>
        </div>
    </form>
</div>
<div class="container">
    <h3 class="text-center">Enrolled TA(s)</h3>
    <div class="table-responsive">
        <table class="table table-bordered table-hover">
            <thead>
            <tr>
                <th scope="col">First Name</th>
                <th scope="col">Last Name</th>
                <th scope="col">Email</th>
                <th scope="col">BannerID</th>
            </tr>
            </thead>
            <tbody>
            
            </tbody>
        </table>
    </div>
    <br/>
    <div>
        <a href="/courseList" class="text-primary">Go back to
            course page!</a>
    </div>
</div>
</body>
</html>
    Forwarded URL = null
   Redirected URL = null
          Cookies = []

MockHttpServletRequest:
      HTTP Method = GET
      Request URI = /courseDetails
       Parameters = {courseName=[CSCI5308 name]}
          Headers = []
             Body = <no character encoding set>
    Session Attrs = {org.springframework.security.web.csrf.HttpSessionCsrfTokenRepository.CSRF_TOKEN=org.springframework.security.web.csrf.DefaultCsrfToken@79bfb93a}

Handler:
             Type = CSCI5308.GroupFormationTool.Course.CourseController
           Method = CSCI5308.GroupFormationTool.Course.CourseController#courseDetail(String, Model)

Async:
    Async started = false
     Async result = null

Resolved Exception:
             Type = null

ModelAndView:
        View name = course/courseDetails
             View = null
        Attribute = courseName
            value = CSCI5308 name

FlashMap:
       Attributes = null

MockHttpServletResponse:
           Status = 200
    Error message = null
          Headers = [Content-Language:"en", Content-Type:"text/html;charset=UTF-8", X-Content-Type-Options:"nosniff", X-XSS-Protection:"1; mode=block", Cache-Control:"no-cache, no-store, max-age=0, must-revalidate", Pragma:"no-cache", Expires:"0", X-Frame-Options:"DENY"]
     Content type = text/html;charset=UTF-8
             Body = <!DOCTYPE html>
<html lang="en" xmlns="http://www.w3.org/1999/xhtml"
>
<head>
    <meta charset="utf-8"/>
    <meta http-equiv="X-UA-Compatible" content="IE=edge"/>
    <meta name="viewport" content="width=device-width, initial-scale=1"/>
    <link rel="icon" href="favicon.ico"/>
    <title>Course Details</title>
    <link
            href="//maxcdn.bootstrapcdn.com/bootstrap/3.3.7/css/bootstrap.min.css"
            rel="stylesheet"
            integrity="sha384-BVYiiSIFeK1dGmJRAkycuHAHRg32OmUcww7on3RYdg4Va+PmSTsz/K68vbdEjh4u"
            crossorigin="anonymous"/>

</head>
<body style="background-color: #e7ebee">
<div class="container">
    <h3 class="text-center">Course Details</h3>
    <div class="table-responsive">
        <table class="table table-bordered table-hover">
            <thead>
            <tr>
                <th scope="col">Course Name</th>
            </tr>
            </thead>
            <tbody>
            <tr>
                <td>CSCI5308 name</td>
            </tr>
            </tbody>
        </table>
    </div>
</div>
</body>
</html>
    Forwarded URL = null
   Redirected URL = null
          Cookies = []
2020-07-13 13:07:21.577  INFO 22716 --- [    Test worker] C.G.Course.CourseController              : Condition check if current user is admin or not
2020-07-13 13:07:21.577  INFO 22716 --- [    Test worker] CSCI5308.GroupFormationTool.User.User    : Checking if current user is admin
2020-07-13 13:07:21.577  INFO 22716 --- [    Test worker] C.GroupFormationTool.Course.Course       : Calling the courseRepository function to get all courses

MockHttpServletRequest:
      HTTP Method = GET
      Request URI = /courseList
       Parameters = {}
          Headers = []
             Body = <no character encoding set>
    Session Attrs = {org.springframework.security.web.csrf.HttpSessionCsrfTokenRepository.CSRF_TOKEN=org.springframework.security.web.csrf.DefaultCsrfToken@79c7e10a}

Handler:
             Type = CSCI5308.GroupFormationTool.Course.CourseController
           Method = CSCI5308.GroupFormationTool.Course.CourseController#courseList(Model)

Async:
    Async started = false
     Async result = null

Resolved Exception:
             Type = null

ModelAndView:
        View name = course/allCourses
             View = null
        Attribute = courses
            value = []

FlashMap:
       Attributes = null

MockHttpServletResponse:
           Status = 200
    Error message = null
          Headers = [Content-Language:"en", Content-Type:"text/html;charset=UTF-8", X-Content-Type-Options:"nosniff", X-XSS-Protection:"1; mode=block", Cache-Control:"no-cache, no-store, max-age=0, must-revalidate", Pragma:"no-cache", Expires:"0", X-Frame-Options:"DENY"]
     Content type = text/html;charset=UTF-8
             Body = <!DOCTYPE html>
<html lang="en" xmlns="http://www.w3.org/1999/xhtml">
<head>
    <meta charset="utf-8"/>
    <meta http-equiv="X-UA-Compatible" content="IE=edge"/>
    <meta name="viewport" content="width=device-width, initial-scale=1"/>
    <link rel="icon" href="favicon.ico"/>
    <title>Admin Course List</title>
    <link
            href="//maxcdn.bootstrapcdn.com/bootstrap/3.3.7/css/bootstrap.min.css"
            rel="stylesheet"
            integrity="sha384-BVYiiSIFeK1dGmJRAkycuHAHRg32OmUcww7on3RYdg4Va+PmSTsz/K68vbdEjh4u"
            crossorigin="anonymous"/>

</head>
<body style="background-color: #e7ebee">
<div class="container">
    <div>
        <p>You have not logged in to the application. Please login to
            continue...</p>
        <a href="/login">Click here to log in!</a>
    </div>

    
</div>
</body>
</html>
    Forwarded URL = null
   Redirected URL = null
          Cookies = []
2020-07-13 13:07:21.584  INFO 22716 --- [    Test worker] C.G.Course.CourseController              : Condition check if current user is admin or not
2020-07-13 13:07:21.584  INFO 22716 --- [    Test worker] CSCI5308.GroupFormationTool.User.User    : Checking if current user is admin
2020-07-13 13:07:21.584  INFO 22716 --- [    Test worker] C.G.Course.CourseController              : Fetch user role based on th email Id
2020-07-13 13:07:21.584  INFO 22716 --- [    Test worker] C.GroupFormationTool.Question.Question   : Get the role of a user by email Id
2020-07-13 13:07:21.585  INFO 22716 --- [    Test worker] C.G.Course.CourseController              : User is a Guest User
2020-07-13 13:07:21.585  INFO 22716 --- [    Test worker] C.G.Course.CourseController              : Function call to fetch all courses details for a guest user
2020-07-13 13:07:21.585  INFO 22716 --- [    Test worker] C.GroupFormationTool.Course.Course       : Calling the courseRepository function to get all courses

MockHttpServletRequest:
      HTTP Method = GET
      Request URI = /courseList
       Parameters = {}
          Headers = []
             Body = <no character encoding set>
    Session Attrs = {org.springframework.security.web.csrf.HttpSessionCsrfTokenRepository.CSRF_TOKEN=org.springframework.security.web.csrf.DefaultCsrfToken@27c3221f}

Handler:
             Type = CSCI5308.GroupFormationTool.Course.CourseController
           Method = CSCI5308.GroupFormationTool.Course.CourseController#courseList(Model)

Async:
    Async started = false
     Async result = null

Resolved Exception:
             Type = null

ModelAndView:
        View name = course/guestCourses
             View = null
        Attribute = courses
            value = []

FlashMap:
       Attributes = null

MockHttpServletResponse:
           Status = 200
    Error message = null
          Headers = [Content-Language:"en", Content-Type:"text/html;charset=UTF-8", X-Content-Type-Options:"nosniff", X-XSS-Protection:"1; mode=block", Cache-Control:"no-cache, no-store, max-age=0, must-revalidate", Pragma:"no-cache", Expires:"0", X-Frame-Options:"DENY"]
     Content type = text/html;charset=UTF-8
             Body = <!DOCTYPE html>
<html lang="en" xmlns="http://www.w3.org/1999/xhtml">
<head>
    <meta charset="utf-8"/>
    <meta http-equiv="X-UA-Compatible" content="IE=edge"/>
    <meta name="viewport" content="width=device-width, initial-scale=1"/>
    <link rel="icon" href="favicon.ico"/>
    <title>Guest Course List</title>
    <link
            href="//maxcdn.bootstrapcdn.com/bootstrap/3.3.7/css/bootstrap.min.css"
            rel="stylesheet"
            integrity="sha384-BVYiiSIFeK1dGmJRAkycuHAHRg32OmUcww7on3RYdg4Va+PmSTsz/K68vbdEjh4u"
            crossorigin="anonymous"/>

</head>
<body style="background-color: #e7ebee">
<div class="container">
    <div>
        <p>You have not logged in to the application. Please login to
            continue...</p>
        <a href="/login">Click here to log in!</a>
    </div>

    
</div>
</body>
</html>
    Forwarded URL = null
   Redirected URL = null
          Cookies = []
2020-07-13 13:07:21.591  INFO 22716 --- [    Test worker] C.G.Course.CourseController              : Condition check if current user is admin or not
2020-07-13 13:07:21.592  INFO 22716 --- [    Test worker] CSCI5308.GroupFormationTool.User.User    : Checking if current user is admin
2020-07-13 13:07:21.592  INFO 22716 --- [    Test worker] C.G.Course.CourseController              : Fetch user role based on th email Id
2020-07-13 13:07:21.592  INFO 22716 --- [    Test worker] C.GroupFormationTool.Question.Question   : Get the role of a user by email Id
2020-07-13 13:07:21.592  INFO 22716 --- [    Test worker] C.G.Course.CourseController              : User is a Student
2020-07-13 13:07:21.592  INFO 22716 --- [    Test worker] C.G.Course.CourseController              : Function call to fetch enrolled courses for a student
2020-07-13 13:07:21.592  INFO 22716 --- [    Test worker] C.GroupFormationTool.Question.Question   : Get the courses enrolled by a student using student's email Id

MockHttpServletRequest:
      HTTP Method = GET
      Request URI = /courseList
       Parameters = {}
          Headers = []
             Body = <no character encoding set>
    Session Attrs = {org.springframework.security.web.csrf.HttpSessionCsrfTokenRepository.CSRF_TOKEN=org.springframework.security.web.csrf.DefaultCsrfToken@5e0afadc}

Handler:
             Type = CSCI5308.GroupFormationTool.Course.CourseController
           Method = CSCI5308.GroupFormationTool.Course.CourseController#courseList(Model)

Async:
    Async started = false
     Async result = null

Resolved Exception:
             Type = null

ModelAndView:
        View name = course/studentCourses
             View = null
        Attribute = courses
            value = []

FlashMap:
       Attributes = null

MockHttpServletResponse:
           Status = 200
    Error message = null
          Headers = [Content-Language:"en", Content-Type:"text/html;charset=UTF-8", X-Content-Type-Options:"nosniff", X-XSS-Protection:"1; mode=block", Cache-Control:"no-cache, no-store, max-age=0, must-revalidate", Pragma:"no-cache", Expires:"0", X-Frame-Options:"DENY"]
     Content type = text/html;charset=UTF-8
             Body = <!DOCTYPE html>
<html lang="en" xmlns="http://www.w3.org/1999/xhtml"
>
<head>
    <meta charset="utf-8"/>
    <meta http-equiv="X-UA-Compatible" content="IE=edge"/>
    <meta name="viewport" content="width=device-width, initial-scale=1"/>
    <link rel="icon" href="favicon.ico"/>
    <title>Student Course List</title>
    <link
            href="//maxcdn.bootstrapcdn.com/bootstrap/3.3.7/css/bootstrap.min.css"
            rel="stylesheet"
            integrity="sha384-BVYiiSIFeK1dGmJRAkycuHAHRg32OmUcww7on3RYdg4Va+PmSTsz/K68vbdEjh4u"
            crossorigin="anonymous"/>

</head>
<body style="background-color: #e7ebee">
<div class="container">
    <h3 class="text-center">Registered Courses</h3>
    <div class="table-responsive">
        <table class="table table-bordered table-hover">
            <thead>
            <tr>
                <th scope="col">Course Id</th>
                <th scope="col">Course Name</th>
                <th scope="col">Course Details</th>
                <th scope="col">Course Credits</th>
            </tr>
            </thead>
            <tbody>
            
            </tbody>
        </table>
    </div>
</div>
</body>
</html>
    Forwarded URL = null
   Redirected URL = null
          Cookies = []
2020-07-13 13:07:21.597  INFO 22716 --- [    Test worker] C.G.Course.CourseController              : Condition check if current user is admin or not
2020-07-13 13:07:21.598  INFO 22716 --- [    Test worker] CSCI5308.GroupFormationTool.User.User    : Checking if current user is admin
2020-07-13 13:07:21.598  INFO 22716 --- [    Test worker] C.G.Course.CourseController              : Fetch user role based on th email Id
2020-07-13 13:07:21.598  INFO 22716 --- [    Test worker] C.GroupFormationTool.Question.Question   : Get the role of a user by email Id
2020-07-13 13:07:21.598  INFO 22716 --- [    Test worker] C.G.Course.CourseController              : User is a TA
2020-07-13 13:07:21.598  INFO 22716 --- [    Test worker] C.G.Course.CourseController              : Function call to get TA courses
2020-07-13 13:07:21.598  INFO 22716 --- [    Test worker] C.GroupFormationTool.Question.Question   : Get the courses for a TA using email Id
2020-07-13 13:07:21.599  INFO 22716 --- [    Test worker] C.G.Course.CourseController              : Function call to fetch student courses
2020-07-13 13:07:21.599  INFO 22716 --- [    Test worker] C.GroupFormationTool.Question.Question   : Get the courses enrolled by a student using student's email Id

MockHttpServletRequest:
      HTTP Method = GET
      Request URI = /courseList
       Parameters = {}
          Headers = []
             Body = <no character encoding set>
    Session Attrs = {org.springframework.security.web.csrf.HttpSessionCsrfTokenRepository.CSRF_TOKEN=org.springframework.security.web.csrf.DefaultCsrfToken@38d947f3}

Handler:
             Type = CSCI5308.GroupFormationTool.Course.CourseController
           Method = CSCI5308.GroupFormationTool.Course.CourseController#courseList(Model)

Async:
    Async started = false
     Async result = null

Resolved Exception:
             Type = null

ModelAndView:
        View name = course/taCourses
             View = null
        Attribute = studentCourses
            value = []
        Attribute = taCourses
            value = []

FlashMap:
       Attributes = null

MockHttpServletResponse:
           Status = 200
    Error message = null
          Headers = [Content-Language:"en", Content-Type:"text/html;charset=UTF-8", X-Content-Type-Options:"nosniff", X-XSS-Protection:"1; mode=block", Cache-Control:"no-cache, no-store, max-age=0, must-revalidate", Pragma:"no-cache", Expires:"0", X-Frame-Options:"DENY"]
     Content type = text/html;charset=UTF-8
             Body = <!DOCTYPE html>
<html lang="en" xmlns="http://www.w3.org/1999/xhtml"
>
<head>
    <meta charset="utf-8"/>
    <meta http-equiv="X-UA-Compatible" content="IE=edge"/>
    <meta name="viewport" content="width=device-width, initial-scale=1"/>
    <link rel="icon" href="favicon.ico"/>
    <title>TA Course List</title>
    <link
            href="//maxcdn.bootstrapcdn.com/bootstrap/3.3.7/css/bootstrap.min.css"
            rel="stylesheet"
            integrity="sha384-BVYiiSIFeK1dGmJRAkycuHAHRg32OmUcww7on3RYdg4Va+PmSTsz/K68vbdEjh4u"
            crossorigin="anonymous"/>

</head>
<body style="background-color: #e7ebee">
<div class="container">
    <h3 class="text-center">Registered Courses(Student)</h3>
    <div class="table-responsive">
        <table class="table table-bordered table-hover">
            <thead>
            <tr>
                <th scope="col">Course Id</th>
                <th scope="col">Course Name</th>
                <th scope="col">Course Details</th>
                <th scope="col">Course Credits</th>
            </tr>
            </thead>
            <tbody>
            
            </tbody>
        </table>
    </div>
    <div></div>
</div>
<div class="container">
    <h3 class="text-center">Registered Courses(TA)</h3>
    <div class="table-responsive">
        <table class="table table-bordered table-hover">
            <thead>
            <tr>
                <th scope="col">Course Id</th>
                <th scope="col">Course Name</th>
                <th scope="col">Course Details</th>
                <th scope="col">Course Credits</th>
            </tr>
            </thead>
            <tbody>
            
            </tbody>
        </table>
    </div>
</div>
</body>
</html>
    Forwarded URL = null
   Redirected URL = null
          Cookies = []
2020-07-13 13:07:21.604  INFO 22716 --- [    Test worker] C.G.Course.CourseController              : Condition check if current user is admin or not
2020-07-13 13:07:21.604  INFO 22716 --- [    Test worker] CSCI5308.GroupFormationTool.User.User    : Checking if current user is admin
2020-07-13 13:07:21.604  INFO 22716 --- [    Test worker] C.G.Course.CourseController              : Fetch user role based on th email Id
2020-07-13 13:07:21.605  INFO 22716 --- [    Test worker] C.GroupFormationTool.Question.Question   : Get the role of a user by email Id
2020-07-13 13:07:21.605  INFO 22716 --- [    Test worker] C.G.Course.CourseController              : User is an Instructor
2020-07-13 13:07:21.605  INFO 22716 --- [    Test worker] C.GroupFormationTool.Question.Question   : Function call to get instructors for a course using email Id

MockHttpServletRequest:
      HTTP Method = GET
      Request URI = /courseList
       Parameters = {}
          Headers = []
             Body = <no character encoding set>
    Session Attrs = {org.springframework.security.web.csrf.HttpSessionCsrfTokenRepository.CSRF_TOKEN=org.springframework.security.web.csrf.DefaultCsrfToken@24a98387}

Handler:
             Type = CSCI5308.GroupFormationTool.Course.CourseController
           Method = CSCI5308.GroupFormationTool.Course.CourseController#courseList(Model)

Async:
    Async started = false
     Async result = null

Resolved Exception:
             Type = null

ModelAndView:
        View name = course/instructorCourses
             View = null
        Attribute = courses
            value = []

FlashMap:
       Attributes = null

MockHttpServletResponse:
           Status = 200
    Error message = null
          Headers = [Content-Language:"en", Content-Type:"text/html;charset=UTF-8", X-Content-Type-Options:"nosniff", X-XSS-Protection:"1; mode=block", Cache-Control:"no-cache, no-store, max-age=0, must-revalidate", Pragma:"no-cache", Expires:"0", X-Frame-Options:"DENY"]
     Content type = text/html;charset=UTF-8
             Body = <!DOCTYPE html>
<html lang="en" xmlns="http://www.w3.org/1999/xhtml">
<head>
    <meta charset="utf-8"/>
    <meta http-equiv="X-UA-Compatible" content="IE=edge"/>
    <meta name="viewport" content="width=device-width, initial-scale=1"/>
    <link rel="icon" href="favicon.ico"/>
    <title>Instructor Course List</title>
    <link
            href="//maxcdn.bootstrapcdn.com/bootstrap/3.3.7/css/bootstrap.min.css"
            rel="stylesheet"
            integrity="sha384-BVYiiSIFeK1dGmJRAkycuHAHRg32OmUcww7on3RYdg4Va+PmSTsz/K68vbdEjh4u"
            crossorigin="anonymous"/>

</head>
<body style="background-color: #e7ebee">
<div class="container">
    <div>
        <p>You have not logged in to the application. Please login to
            continue...</p>
        <a href="/login">Click here to log in!</a>
    </div>
    
</div>
</body>
</html>
    Forwarded URL = null
   Redirected URL = null
          Cookies = []
2020-07-13 13:07:21.613  INFO 22716 --- [    Test worker] C.GroupFormationTool.Course.Course       : Calling the deleteCourse repository function to delete the course from the Database
2020-07-13 13:07:21.613  INFO 22716 --- [    Test worker] C.GroupFormationTool.Course.Course       : Calling the courseRepository function to get all courses
2020-07-13 13:07:21.614  INFO 22716 --- [    Test worker] C.G.Course.CourseController              : Course is deleted successfully

MockHttpServletRequest:
      HTTP Method = POST
      Request URI = /admin/deleteCourse
       Parameters = {id=[CSCI5308], _csrf=[94eb8268-b15e-4263-afe0-611ba614c793]}
          Headers = []
             Body = <no character encoding set>
    Session Attrs = {}

Handler:
             Type = CSCI5308.GroupFormationTool.Course.CourseController
           Method = CSCI5308.GroupFormationTool.Course.CourseController#deleteCourse(String, Model)

Async:
    Async started = false
     Async result = null

Resolved Exception:
             Type = null

ModelAndView:
        View name = course/allCourses
             View = null
        Attribute = successMessage
            value = The course was successfully deleted!
        Attribute = courses
            value = []

FlashMap:
       Attributes = null

MockHttpServletResponse:
           Status = 200
    Error message = null
          Headers = [Content-Language:"en", Content-Type:"text/html;charset=UTF-8", X-Content-Type-Options:"nosniff", X-XSS-Protection:"1; mode=block", Cache-Control:"no-cache, no-store, max-age=0, must-revalidate", Pragma:"no-cache", Expires:"0", X-Frame-Options:"DENY"]
     Content type = text/html;charset=UTF-8
             Body = <!DOCTYPE html>
<html lang="en" xmlns="http://www.w3.org/1999/xhtml">
<head>
    <meta charset="utf-8"/>
    <meta http-equiv="X-UA-Compatible" content="IE=edge"/>
    <meta name="viewport" content="width=device-width, initial-scale=1"/>
    <link rel="icon" href="favicon.ico"/>
    <title>Admin Course List</title>
    <link
            href="//maxcdn.bootstrapcdn.com/bootstrap/3.3.7/css/bootstrap.min.css"
            rel="stylesheet"
            integrity="sha384-BVYiiSIFeK1dGmJRAkycuHAHRg32OmUcww7on3RYdg4Va+PmSTsz/K68vbdEjh4u"
            crossorigin="anonymous"/>

</head>
<body style="background-color: #e7ebee">
<div class="container">
    <div>
        <p>You have not logged in to the application. Please login to
            continue...</p>
        <a href="/login">Click here to log in!</a>
    </div>

    
</div>
</body>
</html>
    Forwarded URL = null
   Redirected URL = null
          Cookies = []
2020-07-13 13:07:21.617  INFO 22716 --- [    Test worker] C.GroupFormationTool.Course.Course       : Calling the deleteCourse repository function to delete the course from the Database
2020-07-13 13:07:21.617  INFO 22716 --- [    Test worker] C.GroupFormationTool.Course.Course       : Calling the courseRepository function to get all courses
2020-07-13 13:07:21.618  INFO 22716 --- [    Test worker] C.G.Course.CourseController              : Course is not deleted successfully

MockHttpServletRequest:
      HTTP Method = POST
      Request URI = /admin/deleteCourse
       Parameters = {id=[CSCI5308], _csrf=[47d8824b-e474-4eb1-a139-90ed6f639cc8]}
          Headers = []
             Body = <no character encoding set>
    Session Attrs = {}

Handler:
             Type = CSCI5308.GroupFormationTool.Course.CourseController
           Method = CSCI5308.GroupFormationTool.Course.CourseController#deleteCourse(String, Model)

Async:
    Async started = false
     Async result = null

Resolved Exception:
             Type = null

ModelAndView:
        View name = course/allCourses
             View = null
        Attribute = failureMessage
            value = The course could not be deleted since the course is used by a student/TA/instructor.
        Attribute = courses
            value = []

FlashMap:
       Attributes = null

MockHttpServletResponse:
           Status = 200
    Error message = null
          Headers = [Content-Language:"en", Content-Type:"text/html;charset=UTF-8", X-Content-Type-Options:"nosniff", X-XSS-Protection:"1; mode=block", Cache-Control:"no-cache, no-store, max-age=0, must-revalidate", Pragma:"no-cache", Expires:"0", X-Frame-Options:"DENY"]
     Content type = text/html;charset=UTF-8
             Body = <!DOCTYPE html>
<html lang="en" xmlns="http://www.w3.org/1999/xhtml">
<head>
    <meta charset="utf-8"/>
    <meta http-equiv="X-UA-Compatible" content="IE=edge"/>
    <meta name="viewport" content="width=device-width, initial-scale=1"/>
    <link rel="icon" href="favicon.ico"/>
    <title>Admin Course List</title>
    <link
            href="//maxcdn.bootstrapcdn.com/bootstrap/3.3.7/css/bootstrap.min.css"
            rel="stylesheet"
            integrity="sha384-BVYiiSIFeK1dGmJRAkycuHAHRg32OmUcww7on3RYdg4Va+PmSTsz/K68vbdEjh4u"
            crossorigin="anonymous"/>

</head>
<body style="background-color: #e7ebee">
<div class="container">
    <div>
        <p>You have not logged in to the application. Please login to
            continue...</p>
        <a href="/login">Click here to log in!</a>
    </div>

    
</div>
</body>
</html>
    Forwarded URL = null
   Redirected URL = null
          Cookies = []
2020-07-13 13:07:21.621  INFO 22716 --- [    Test worker] C.GroupFormationTool.Course.Course       : Calling the deleteCourse repository function to delete the course from the Database
2020-07-13 13:07:21.621  INFO 22716 --- [    Test worker] C.GroupFormationTool.Course.Course       : Calling the courseRepository function to get all courses
2020-07-13 13:07:21.622  INFO 22716 --- [    Test worker] C.G.Course.CourseController              : Course is deleted successfully

MockHttpServletRequest:
      HTTP Method = GET
      Request URI = /admin/deleteCourse
       Parameters = {id=[CSCI5308]}
          Headers = []
             Body = <no character encoding set>
    Session Attrs = {org.springframework.security.web.csrf.HttpSessionCsrfTokenRepository.CSRF_TOKEN=org.springframework.security.web.csrf.DefaultCsrfToken@dbbe00}

Handler:
             Type = CSCI5308.GroupFormationTool.Course.CourseController
           Method = CSCI5308.GroupFormationTool.Course.CourseController#deleteCourse(String, Model)

Async:
    Async started = false
     Async result = null

Resolved Exception:
             Type = null

ModelAndView:
        View name = course/allCourses
             View = null
        Attribute = successMessage
            value = The course was successfully deleted!
        Attribute = courses
            value = []

FlashMap:
       Attributes = null

MockHttpServletResponse:
           Status = 200
    Error message = null
          Headers = [Content-Language:"en", Content-Type:"text/html;charset=UTF-8", X-Content-Type-Options:"nosniff", X-XSS-Protection:"1; mode=block", Cache-Control:"no-cache, no-store, max-age=0, must-revalidate", Pragma:"no-cache", Expires:"0", X-Frame-Options:"DENY"]
     Content type = text/html;charset=UTF-8
             Body = <!DOCTYPE html>
<html lang="en" xmlns="http://www.w3.org/1999/xhtml">
<head>
    <meta charset="utf-8"/>
    <meta http-equiv="X-UA-Compatible" content="IE=edge"/>
    <meta name="viewport" content="width=device-width, initial-scale=1"/>
    <link rel="icon" href="favicon.ico"/>
    <title>Admin Course List</title>
    <link
            href="//maxcdn.bootstrapcdn.com/bootstrap/3.3.7/css/bootstrap.min.css"
            rel="stylesheet"
            integrity="sha384-BVYiiSIFeK1dGmJRAkycuHAHRg32OmUcww7on3RYdg4Va+PmSTsz/K68vbdEjh4u"
            crossorigin="anonymous"/>

</head>
<body style="background-color: #e7ebee">
<div class="container">
    <div>
        <p>You have not logged in to the application. Please login to
            continue...</p>
        <a href="/login">Click here to log in!</a>
    </div>

    
</div>
</body>
</html>
    Forwarded URL = null
   Redirected URL = null
          Cookies = []
2020-07-13 13:07:21.625  INFO 22716 --- [    Test worker] C.GroupFormationTool.Course.Course       : Calling the deleteCourse repository function to delete the course from the Database
2020-07-13 13:07:21.625  INFO 22716 --- [    Test worker] C.GroupFormationTool.Course.Course       : Calling the courseRepository function to get all courses
2020-07-13 13:07:21.625  INFO 22716 --- [    Test worker] C.G.Course.CourseController              : Course is not deleted successfully

MockHttpServletRequest:
      HTTP Method = GET
      Request URI = /admin/deleteCourse
       Parameters = {id=[CSCI5308]}
          Headers = []
             Body = <no character encoding set>
    Session Attrs = {org.springframework.security.web.csrf.HttpSessionCsrfTokenRepository.CSRF_TOKEN=org.springframework.security.web.csrf.DefaultCsrfToken@6886a027}

Handler:
             Type = CSCI5308.GroupFormationTool.Course.CourseController
           Method = CSCI5308.GroupFormationTool.Course.CourseController#deleteCourse(String, Model)

Async:
    Async started = false
     Async result = null

Resolved Exception:
             Type = null

ModelAndView:
        View name = course/allCourses
             View = null
        Attribute = failureMessage
            value = The course could not be deleted since the course is used by a student/TA/instructor.
        Attribute = courses
            value = []

FlashMap:
       Attributes = null

MockHttpServletResponse:
           Status = 200
    Error message = null
          Headers = [Content-Language:"en", Content-Type:"text/html;charset=UTF-8", X-Content-Type-Options:"nosniff", X-XSS-Protection:"1; mode=block", Cache-Control:"no-cache, no-store, max-age=0, must-revalidate", Pragma:"no-cache", Expires:"0", X-Frame-Options:"DENY"]
     Content type = text/html;charset=UTF-8
             Body = <!DOCTYPE html>
<html lang="en" xmlns="http://www.w3.org/1999/xhtml">
<head>
    <meta charset="utf-8"/>
    <meta http-equiv="X-UA-Compatible" content="IE=edge"/>
    <meta name="viewport" content="width=device-width, initial-scale=1"/>
    <link rel="icon" href="favicon.ico"/>
    <title>Admin Course List</title>
    <link
            href="//maxcdn.bootstrapcdn.com/bootstrap/3.3.7/css/bootstrap.min.css"
            rel="stylesheet"
            integrity="sha384-BVYiiSIFeK1dGmJRAkycuHAHRg32OmUcww7on3RYdg4Va+PmSTsz/K68vbdEjh4u"
            crossorigin="anonymous"/>

</head>
<body style="background-color: #e7ebee">
<div class="container">
    <div>
        <p>You have not logged in to the application. Please login to
            continue...</p>
        <a href="/login">Click here to log in!</a>
    </div>

    
</div>
</body>
</html>
    Forwarded URL = null
   Redirected URL = null
          Cookies = []

MockHttpServletRequest:
      HTTP Method = GET
      Request URI = /admin/addCourse
       Parameters = {}
          Headers = []
             Body = <no character encoding set>
    Session Attrs = {org.springframework.security.web.csrf.HttpSessionCsrfTokenRepository.CSRF_TOKEN=org.springframework.security.web.csrf.DefaultCsrfToken@53f13f57}

Handler:
             Type = CSCI5308.GroupFormationTool.Course.CourseController
           Method = CSCI5308.GroupFormationTool.Course.CourseController#addCourseForm(Model)

Async:
    Async started = false
     Async result = null

Resolved Exception:
             Type = null

ModelAndView:
        View name = course/addCourse
             View = null
        Attribute = course
            value = CSCI5308.GroupFormationTool.Course.Course@63cb4bfe
           errors = []

FlashMap:
       Attributes = null

MockHttpServletResponse:
           Status = 200
    Error message = null
          Headers = [Content-Language:"en", Content-Type:"text/html;charset=UTF-8", X-Content-Type-Options:"nosniff", X-XSS-Protection:"1; mode=block", Cache-Control:"no-cache, no-store, max-age=0, must-revalidate", Pragma:"no-cache", Expires:"0", X-Frame-Options:"DENY"]
     Content type = text/html;charset=UTF-8
             Body = <!DOCTYPE html>
<html lang="en" xmlns="http://www.w3.org/1999/xhtml">
<head>
    <meta charset="utf-8"/>
    <meta http-equiv="X-UA-Compatible" content="IE=edge"/>
    <meta name="viewport" content="width=device-width, initial-scale=1"/>
    <link rel="icon" href="favicon.ico"/>
    <title>Admin Add Course</title>
    <link
            href="//maxcdn.bootstrapcdn.com/bootstrap/3.3.7/css/bootstrap.min.css"
            rel="stylesheet"
            integrity="sha384-BVYiiSIFeK1dGmJRAkycuHAHRg32OmUcww7on3RYdg4Va+PmSTsz/K68vbdEjh4u"
            crossorigin="anonymous"/>

</head>
<body style="background-color: #e7ebee">
<div class="flex align-items-center text-center">
    <div>
        <p>You have not logged in to the application. Please login to
            continue...</p>
        <a href="/login">Click here to log in!</a>
    </div>

    
</div>
</body>
</html>
    Forwarded URL = null
   Redirected URL = null
          Cookies = []
]]></system-out>
  <system-err><![CDATA[]]></system-err>
</testsuite>
