<?xml version="1.0" encoding="UTF-8"?>
<testsuite name="CSCI5308.GroupFormationTool.RepositoryTest.ForgotPasswordRepositoryTest" tests="7" skipped="0" failures="0" errors="0" timestamp="2020-06-04T21:50:07" hostname="Prabhjots-MacBook-Pro.local" time="0.126">
  <properties/>
  <testcase name="updatePasswordTest()" classname="CSCI5308.GroupFormationTool.RepositoryTest.ForgotPasswordRepositoryTest" time="0.109"/>
  <testcase name="getEmailByTokenTest()" classname="CSCI5308.GroupFormationTool.RepositoryTest.ForgotPasswordRepositoryTest" time="0.003"/>
  <testcase name="addTokenTest()" classname="CSCI5308.GroupFormationTool.RepositoryTest.ForgotPasswordRepositoryTest" time="0.002"/>
  <testcase name="getTokenTest()" classname="CSCI5308.GroupFormationTool.RepositoryTest.ForgotPasswordRepositoryTest" time="0.002"/>
  <testcase name="deleteTokenTest()" classname="CSCI5308.GroupFormationTool.RepositoryTest.ForgotPasswordRepositoryTest" time="0.002"/>
  <testcase name="getUserIdTest()" classname="CSCI5308.GroupFormationTool.RepositoryTest.ForgotPasswordRepositoryTest" time="0.002"/>
  <testcase name="updateTokenTest()" classname="CSCI5308.GroupFormationTool.RepositoryTest.ForgotPasswordRepositoryTest" time="0.002"/>
  <system-out><![CDATA[2020-06-04 18:50:07.873  INFO 36983 --- [    Test worker] .b.t.c.SpringBootTestContextBootstrapper : Neither @ContextConfiguration nor @ContextHierarchy found for test class [CSCI5308.GroupFormationTool.RepositoryTest.ForgotPasswordRepositoryTest], using SpringBootContextLoader
2020-06-04 18:50:07.874  INFO 36983 --- [    Test worker] o.s.t.c.support.AbstractContextLoader    : Could not detect default resource locations for test class [CSCI5308.GroupFormationTool.RepositoryTest.ForgotPasswordRepositoryTest]: no resource found for suffixes {-context.xml, Context.groovy}.
2020-06-04 18:50:07.874  INFO 36983 --- [    Test worker] t.c.s.AnnotationConfigContextLoaderUtils : Could not detect default configuration classes for test class [CSCI5308.GroupFormationTool.RepositoryTest.ForgotPasswordRepositoryTest]: ForgotPasswordRepositoryTest does not declare any static, non-private, non-final, nested classes annotated with @Configuration.
2020-06-04 18:50:07.879  INFO 36983 --- [    Test worker] .b.t.c.SpringBootTestContextBootstrapper : Found @SpringBootConfiguration CSCI5308.GroupFormationTool.GroupFormationToolApplication for test class CSCI5308.GroupFormationTool.RepositoryTest.ForgotPasswordRepositoryTest
2020-06-04 18:50:07.880  INFO 36983 --- [    Test worker] .b.t.c.SpringBootTestContextBootstrapper : Loaded default TestExecutionListener class names from location [META-INF/spring.factories]: [org.springframework.security.test.context.support.WithSecurityContextTestExecutionListener, org.springframework.security.test.context.support.ReactorContextTestExecutionListener, org.springframework.boot.test.autoconfigure.restdocs.RestDocsTestExecutionListener, org.springframework.boot.test.autoconfigure.web.client.MockRestServiceServerResetTestExecutionListener, org.springframework.boot.test.autoconfigure.web.servlet.MockMvcPrintOnlyOnFailureTestExecutionListener, org.springframework.boot.test.autoconfigure.web.servlet.WebDriverTestExecutionListener, org.springframework.boot.test.mock.mockito.MockitoTestExecutionListener, org.springframework.boot.test.mock.mockito.ResetMocksTestExecutionListener, org.springframework.test.context.web.ServletTestExecutionListener, org.springframework.test.context.support.DirtiesContextBeforeModesTestExecutionListener, org.springframework.test.context.support.DependencyInjectionTestExecutionListener, org.springframework.test.context.support.DirtiesContextTestExecutionListener, org.springframework.test.context.transaction.TransactionalTestExecutionListener, org.springframework.test.context.jdbc.SqlScriptsTestExecutionListener, org.springframework.test.context.event.EventPublishingTestExecutionListener]
2020-06-04 18:50:07.881  INFO 36983 --- [    Test worker] .b.t.c.SpringBootTestContextBootstrapper : Using TestExecutionListeners: [org.springframework.test.context.web.ServletTestExecutionListener@7f421282, org.springframework.test.context.support.DirtiesContextBeforeModesTestExecutionListener@1e3c2290, org.springframework.boot.test.mock.mockito.MockitoTestExecutionListener@5aead00b, org.springframework.boot.test.autoconfigure.SpringBootDependencyInjectionTestExecutionListener@78025e2e, org.springframework.test.context.support.DirtiesContextTestExecutionListener@17bb85ae, org.springframework.security.test.context.support.WithSecurityContextTestExecutionListener@686c0d6b, org.springframework.test.context.event.EventPublishingTestExecutionListener@648af2e5, org.springframework.security.test.context.support.ReactorContextTestExecutionListener@e132374, org.springframework.boot.test.autoconfigure.restdocs.RestDocsTestExecutionListener@454e41ed, org.springframework.boot.test.autoconfigure.web.client.MockRestServiceServerResetTestExecutionListener@4dc10b7a, org.springframework.boot.test.autoconfigure.web.servlet.MockMvcPrintOnlyOnFailureTestExecutionListener@7eefc5fd, org.springframework.boot.test.autoconfigure.web.servlet.WebDriverTestExecutionListener@697041d7, org.springframework.boot.test.mock.mockito.ResetMocksTestExecutionListener@5e86343d]
]]></system-out>
  <system-err><![CDATA[]]></system-err>
</testsuite>
