<?xml version="1.0" encoding="UTF-8"?>
<testsuite name="CSCI5308.GroupFormationTool.Service.UserServiceTest" tests="1" skipped="0" failures="0" errors="0" timestamp="2020-05-29T15:33:50" hostname="Prabhjots-MacBook-Pro.local" time="0.447">
  <properties/>
  <testcase name="createUser()" classname="CSCI5308.GroupFormationTool.Service.UserServiceTest" time="0.447"/>
  <system-out><![CDATA[2020-05-29 12:33:50.210  INFO 4042 --- [    Test worker] .b.t.c.SpringBootTestContextBootstrapper : Neither @ContextConfiguration nor @ContextHierarchy found for test class [CSCI5308.GroupFormationTool.Service.UserServiceTest], using SpringBootContextLoader
2020-05-29 12:33:50.211  INFO 4042 --- [    Test worker] o.s.t.c.support.AbstractContextLoader    : Could not detect default resource locations for test class [CSCI5308.GroupFormationTool.Service.UserServiceTest]: no resource found for suffixes {-context.xml, Context.groovy}.
2020-05-29 12:33:50.211  INFO 4042 --- [    Test worker] t.c.s.AnnotationConfigContextLoaderUtils : Could not detect default configuration classes for test class [CSCI5308.GroupFormationTool.Service.UserServiceTest]: UserServiceTest does not declare any static, non-private, non-final, nested classes annotated with @Configuration.
2020-05-29 12:33:50.214  INFO 4042 --- [    Test worker] .b.t.c.SpringBootTestContextBootstrapper : Found @SpringBootConfiguration CSCI5308.GroupFormationTool.GroupFormationToolApplication for test class CSCI5308.GroupFormationTool.Service.UserServiceTest
2020-05-29 12:33:50.215  INFO 4042 --- [    Test worker] .b.t.c.SpringBootTestContextBootstrapper : Loaded default TestExecutionListener class names from location [META-INF/spring.factories]: [org.springframework.security.test.context.support.WithSecurityContextTestExecutionListener, org.springframework.security.test.context.support.ReactorContextTestExecutionListener, org.springframework.boot.test.autoconfigure.restdocs.RestDocsTestExecutionListener, org.springframework.boot.test.autoconfigure.web.client.MockRestServiceServerResetTestExecutionListener, org.springframework.boot.test.autoconfigure.web.servlet.MockMvcPrintOnlyOnFailureTestExecutionListener, org.springframework.boot.test.autoconfigure.web.servlet.WebDriverTestExecutionListener, org.springframework.boot.test.mock.mockito.MockitoTestExecutionListener, org.springframework.boot.test.mock.mockito.ResetMocksTestExecutionListener, org.springframework.test.context.web.ServletTestExecutionListener, org.springframework.test.context.support.DirtiesContextBeforeModesTestExecutionListener, org.springframework.test.context.support.DependencyInjectionTestExecutionListener, org.springframework.test.context.support.DirtiesContextTestExecutionListener, org.springframework.test.context.transaction.TransactionalTestExecutionListener, org.springframework.test.context.jdbc.SqlScriptsTestExecutionListener, org.springframework.test.context.event.EventPublishingTestExecutionListener]
2020-05-29 12:33:50.217  INFO 4042 --- [    Test worker] .b.t.c.SpringBootTestContextBootstrapper : Using TestExecutionListeners: [org.springframework.test.context.web.ServletTestExecutionListener@57c45b95, org.springframework.test.context.support.DirtiesContextBeforeModesTestExecutionListener@68bf6d95, org.springframework.boot.test.mock.mockito.MockitoTestExecutionListener@415faf66, org.springframework.boot.test.autoconfigure.SpringBootDependencyInjectionTestExecutionListener@1f446fcb, org.springframework.test.context.support.DirtiesContextTestExecutionListener@6a298745, org.springframework.security.test.context.support.WithSecurityContextTestExecutionListener@79e99c50, org.springframework.test.context.event.EventPublishingTestExecutionListener@45f12894, org.springframework.security.test.context.support.ReactorContextTestExecutionListener@79f72dd6, org.springframework.boot.test.autoconfigure.restdocs.RestDocsTestExecutionListener@5fc29e02, org.springframework.boot.test.autoconfigure.web.client.MockRestServiceServerResetTestExecutionListener@6afc82b6, org.springframework.boot.test.autoconfigure.web.servlet.MockMvcPrintOnlyOnFailureTestExecutionListener@2685b2f5, org.springframework.boot.test.autoconfigure.web.servlet.WebDriverTestExecutionListener@66dca26e, org.springframework.boot.test.mock.mockito.ResetMocksTestExecutionListener@2da51239]
$2a$10$l/xs.cU4iuAk7XOiFHPF1ef8HFYmVCuklEZxXeu0aDrEdBuIriQhy
In connectionManager
com.mysql.cj.jdbc.ConnectionImpl@30aafe4c
]]></system-out>
  <system-err><![CDATA[]]></system-err>
</testsuite>
