<?xml version="1.0" encoding="UTF-8"?>
<testsuite name="CSCI5308.GroupFormationTool.Security.LoginControllerTest" tests="1" skipped="0" failures="0" errors="0" timestamp="2020-07-10T05:03:28" hostname="Prabhjots-MacBook-Pro.local" time="0.021">
  <properties/>
  <testcase name="loginTest()" classname="CSCI5308.GroupFormationTool.Security.LoginControllerTest" time="0.021"/>
  <system-out><![CDATA[2020-07-10 02:03:28.126  INFO 10909 --- [    Test worker] .b.t.a.w.s.WebMvcTestContextBootstrapper : Neither @ContextConfiguration nor @ContextHierarchy found for test class [CSCI5308.GroupFormationTool.Security.LoginControllerTest], using SpringBootContextLoader
2020-07-10 02:03:28.126  INFO 10909 --- [    Test worker] o.s.t.c.support.AbstractContextLoader    : Could not detect default resource locations for test class [CSCI5308.GroupFormationTool.Security.LoginControllerTest]: no resource found for suffixes {-context.xml, Context.groovy}.
2020-07-10 02:03:28.126  INFO 10909 --- [    Test worker] t.c.s.AnnotationConfigContextLoaderUtils : Could not detect default configuration classes for test class [CSCI5308.GroupFormationTool.Security.LoginControllerTest]: LoginControllerTest does not declare any static, non-private, non-final, nested classes annotated with @Configuration.
2020-07-10 02:03:28.131  INFO 10909 --- [    Test worker] .b.t.c.SpringBootTestContextBootstrapper : Found @SpringBootConfiguration CSCI5308.GroupFormationTool.GroupFormationToolApplication for test class CSCI5308.GroupFormationTool.Security.LoginControllerTest
2020-07-10 02:03:28.131  INFO 10909 --- [    Test worker] .b.t.a.w.s.WebMvcTestContextBootstrapper : Loaded default TestExecutionListener class names from location [META-INF/spring.factories]: [org.springframework.security.test.context.support.WithSecurityContextTestExecutionListener, org.springframework.security.test.context.support.ReactorContextTestExecutionListener, org.springframework.boot.test.autoconfigure.restdocs.RestDocsTestExecutionListener, org.springframework.boot.test.autoconfigure.web.client.MockRestServiceServerResetTestExecutionListener, org.springframework.boot.test.autoconfigure.web.servlet.MockMvcPrintOnlyOnFailureTestExecutionListener, org.springframework.boot.test.autoconfigure.web.servlet.WebDriverTestExecutionListener, org.springframework.boot.test.mock.mockito.MockitoTestExecutionListener, org.springframework.boot.test.mock.mockito.ResetMocksTestExecutionListener, org.springframework.test.context.web.ServletTestExecutionListener, org.springframework.test.context.support.DirtiesContextBeforeModesTestExecutionListener, org.springframework.test.context.support.DependencyInjectionTestExecutionListener, org.springframework.test.context.support.DirtiesContextTestExecutionListener, org.springframework.test.context.transaction.TransactionalTestExecutionListener, org.springframework.test.context.jdbc.SqlScriptsTestExecutionListener, org.springframework.test.context.event.EventPublishingTestExecutionListener]
2020-07-10 02:03:28.132  INFO 10909 --- [    Test worker] .b.t.a.w.s.WebMvcTestContextBootstrapper : Using TestExecutionListeners: [org.springframework.test.context.web.ServletTestExecutionListener@79cab01f, org.springframework.test.context.support.DirtiesContextBeforeModesTestExecutionListener@6e879c0, org.springframework.boot.test.mock.mockito.MockitoTestExecutionListener@1c532ddb, org.springframework.boot.test.autoconfigure.SpringBootDependencyInjectionTestExecutionListener@190983cc, org.springframework.test.context.support.DirtiesContextTestExecutionListener@35ef82ba, org.springframework.security.test.context.support.WithSecurityContextTestExecutionListener@708ccbbe, org.springframework.test.context.event.EventPublishingTestExecutionListener@75341d81, org.springframework.security.test.context.support.ReactorContextTestExecutionListener@2076e708, org.springframework.boot.test.autoconfigure.restdocs.RestDocsTestExecutionListener@69454bee, org.springframework.boot.test.autoconfigure.web.client.MockRestServiceServerResetTestExecutionListener@7f02bc43, org.springframework.boot.test.autoconfigure.web.servlet.MockMvcPrintOnlyOnFailureTestExecutionListener@2a0f7e37, org.springframework.boot.test.autoconfigure.web.servlet.WebDriverTestExecutionListener@3dd682d9, org.springframework.boot.test.mock.mockito.ResetMocksTestExecutionListener@7e0fa4b6]

  .   ____          _            __ _ _
 /\\ / ___'_ __ _ _(_)_ __  __ _ \ \ \ \
( ( )\___ | '_ | '_| | '_ \/ _` | \ \ \ \
 \\/  ___)| |_)| | | | | || (_| |  ) ) ) )
  '  |____| .__|_| |_|_| |_\__, | / / / /
 =========|_|==============|___/=/_/_/_/
 :: Spring Boot ::        (v2.2.7.RELEASE)

2020-07-10 02:03:28.143  INFO 10909 --- [    Test worker] C.G.Security.LoginControllerTest         : Starting LoginControllerTest on Prabhjots-MacBook-Pro.local with PID 10909 (started by prabhjotkaur in /Users/prabhjotkaur/git/group22)
2020-07-10 02:03:28.143  INFO 10909 --- [    Test worker] C.G.Security.LoginControllerTest         : No active profile set, falling back to default profiles: default
2020-07-10 02:03:28.274  INFO 10909 --- [    Test worker] o.s.s.web.DefaultSecurityFilterChain     : Creating filter chain: Ant [pattern='/resources/**'], []
2020-07-10 02:03:28.317  INFO 10909 --- [    Test worker] o.s.s.web.DefaultSecurityFilterChain     : Creating filter chain: any request, [org.springframework.security.web.context.request.async.WebAsyncManagerIntegrationFilter@13e06e65, org.springframework.security.web.context.SecurityContextPersistenceFilter@6b5d1ace, org.springframework.security.web.header.HeaderWriterFilter@5eca3b8f, org.springframework.security.web.csrf.CsrfFilter@7bf5dbfa, org.springframework.security.web.authentication.logout.LogoutFilter@64dc91e8, org.springframework.security.web.authentication.UsernamePasswordAuthenticationFilter@5bcef56a, org.springframework.security.web.savedrequest.RequestCacheAwareFilter@47a70996, org.springframework.security.web.servletapi.SecurityContextHolderAwareRequestFilter@483e54ae, org.springframework.security.web.authentication.AnonymousAuthenticationFilter@3647e13f, org.springframework.security.web.session.SessionManagementFilter@3e223cfb, org.springframework.security.web.access.ExceptionTranslationFilter@245110fb, org.springframework.security.web.access.intercept.FilterSecurityInterceptor@390151b8]
2020-07-10 02:03:28.385  INFO 10909 --- [    Test worker] o.s.s.concurrent.ThreadPoolTaskExecutor  : Initializing ExecutorService 'applicationTaskExecutor'
2020-07-10 02:03:28.402  INFO 10909 --- [    Test worker] o.s.b.a.w.s.WelcomePageHandlerMapping    : Adding welcome page template: index
2020-07-10 02:03:28.471  INFO 10909 --- [    Test worker] o.s.b.t.m.w.SpringBootMockServletContext : Initializing Spring TestDispatcherServlet ''
2020-07-10 02:03:28.471  INFO 10909 --- [    Test worker] o.s.t.web.servlet.TestDispatcherServlet  : Initializing Servlet ''
2020-07-10 02:03:28.478  INFO 10909 --- [    Test worker] o.s.t.web.servlet.TestDispatcherServlet  : Completed initialization in 7 ms
2020-07-10 02:03:28.487  INFO 10909 --- [    Test worker] C.G.Security.LoginControllerTest         : Started LoginControllerTest in 0.353 seconds (JVM running for 6.936)

MockHttpServletRequest:
      HTTP Method = GET
      Request URI = /login
       Parameters = {}
          Headers = []
             Body = <no character encoding set>
    Session Attrs = {org.springframework.security.web.csrf.HttpSessionCsrfTokenRepository.CSRF_TOKEN=org.springframework.security.web.csrf.DefaultCsrfToken@25bfe79f}

Handler:
             Type = CSCI5308.GroupFormationTool.Security.LoginController
           Method = CSCI5308.GroupFormationTool.Security.LoginController#login(Model)

Async:
    Async started = false
     Async result = null

Resolved Exception:
             Type = null

ModelAndView:
        View name = user/login
             View = null
            Model = null

FlashMap:
       Attributes = null

MockHttpServletResponse:
           Status = 200
    Error message = null
          Headers = [Content-Language:"en", Content-Type:"text/html;charset=UTF-8", X-Content-Type-Options:"nosniff", X-XSS-Protection:"1; mode=block", Cache-Control:"no-cache, no-store, max-age=0, must-revalidate", Pragma:"no-cache", Expires:"0", X-Frame-Options:"DENY"]
     Content type = text/html;charset=UTF-8
             Body = <!DOCTYPE html>
<html lang="en">
<head>
    <meta charset="utf-8"/>
    <meta http-equiv="X-UA-Compatible" content="IE=edge"/>
    <meta name="viewport" content="width=device-width, initial-scale=1"/>
    <link rel="icon" href="favicon.ico"/>
    <title>Login Page</title>
    <link
            href="//maxcdn.bootstrapcdn.com/bootstrap/3.3.7/css/bootstrap.min.css"
            rel="stylesheet"
            integrity="sha384-BVYiiSIFeK1dGmJRAkycuHAHRg32OmUcww7on3RYdg4Va+PmSTsz/K68vbdEjh4u"
            crossorigin="anonymous"/>

</head>
<body style="background-color: #e7ebee">
<div>
    <div class="flex align-items-center text-center">
        <form autocomplete="off" action="/login" method="post" class="m-t col-md-4 col-md-offset-4" role="form"
              data-toggle="validator"><input type="hidden" name="_csrf" value="c66bd5d6-f9d7-4761-a44d-83b536f67903"/>

            <br/>
            <h4>Sign in to continue!</h4>

            
            <br>

            

            <div class="form-group input-group has-feedback">
					<span class="input-group-addon"> <span
                            class="glyphicon glyphicon-envelope"></span>
					</span> <input type="email" name="username" placeholder="Email Address"
                                   class="form-control" required/> <span
                    class="glyphicon form-control-feedback" aria-hidden="true"></span>
            </div>

            <br/>
            <div class="form-group input-group has-feedback">
					<span class="input-group-addon"> <span
                            class="glyphicon glyphicon-lock"></span>
					</span> <input type="password" name="password" placeholder="Password"
                                   class="form-control" required/> <span
                    class="glyphicon form-control-feedback" aria-hidden="true"></span>
            </div>


            <div class="text-center">
                <button type="submit" class="btn btn-primary btn-sm btn-block">Login</button>
            </div>
            <br/>
            <div>
                <a href="/register" class="text-primary">Are you a new
                    user? Click here to register!</a>
            </div>
            <br/>
            <div>
                <a href="/forgotPassword" class="text-secondary">Forgot
                    Password?</a>
            </div>
        </form>
    </div>
</div>
</body>
</html>


    Forwarded URL = null
   Redirected URL = null
          Cookies = []
]]></system-out>
  <system-err><![CDATA[]]></system-err>
</testsuite>
