<?xml version="1.0" encoding="UTF-8"?>
<testsuite name="CSCI5308.GroupFormationTool.Controller.UserControllerTest" tests="1" skipped="0" failures="0" errors="0" timestamp="2020-05-29T15:33:50" hostname="Prabhjots-MacBook-Pro.local" time="0.007">
  <properties/>
  <testcase name="createUser()" classname="CSCI5308.GroupFormationTool.Controller.UserControllerTest" time="0.007"/>
  <system-out><![CDATA[2020-05-29 12:33:50.194  INFO 4042 --- [    Test worker] .b.t.c.SpringBootTestContextBootstrapper : Neither @ContextConfiguration nor @ContextHierarchy found for test class [CSCI5308.GroupFormationTool.Controller.UserControllerTest], using SpringBootContextLoader
2020-05-29 12:33:50.195  INFO 4042 --- [    Test worker] o.s.t.c.support.AbstractContextLoader    : Could not detect default resource locations for test class [CSCI5308.GroupFormationTool.Controller.UserControllerTest]: no resource found for suffixes {-context.xml, Context.groovy}.
2020-05-29 12:33:50.195  INFO 4042 --- [    Test worker] t.c.s.AnnotationConfigContextLoaderUtils : Could not detect default configuration classes for test class [CSCI5308.GroupFormationTool.Controller.UserControllerTest]: UserControllerTest does not declare any static, non-private, non-final, nested classes annotated with @Configuration.
2020-05-29 12:33:50.198  INFO 4042 --- [    Test worker] .b.t.c.SpringBootTestContextBootstrapper : Found @SpringBootConfiguration CSCI5308.GroupFormationTool.GroupFormationToolApplication for test class CSCI5308.GroupFormationTool.Controller.UserControllerTest
2020-05-29 12:33:50.200  INFO 4042 --- [    Test worker] .b.t.c.SpringBootTestContextBootstrapper : Loaded default TestExecutionListener class names from location [META-INF/spring.factories]: [org.springframework.security.test.context.support.WithSecurityContextTestExecutionListener, org.springframework.security.test.context.support.ReactorContextTestExecutionListener, org.springframework.boot.test.autoconfigure.restdocs.RestDocsTestExecutionListener, org.springframework.boot.test.autoconfigure.web.client.MockRestServiceServerResetTestExecutionListener, org.springframework.boot.test.autoconfigure.web.servlet.MockMvcPrintOnlyOnFailureTestExecutionListener, org.springframework.boot.test.autoconfigure.web.servlet.WebDriverTestExecutionListener, org.springframework.boot.test.mock.mockito.MockitoTestExecutionListener, org.springframework.boot.test.mock.mockito.ResetMocksTestExecutionListener, org.springframework.test.context.web.ServletTestExecutionListener, org.springframework.test.context.support.DirtiesContextBeforeModesTestExecutionListener, org.springframework.test.context.support.DependencyInjectionTestExecutionListener, org.springframework.test.context.support.DirtiesContextTestExecutionListener, org.springframework.test.context.transaction.TransactionalTestExecutionListener, org.springframework.test.context.jdbc.SqlScriptsTestExecutionListener, org.springframework.test.context.event.EventPublishingTestExecutionListener]
2020-05-29 12:33:50.200  INFO 4042 --- [    Test worker] .b.t.c.SpringBootTestContextBootstrapper : Using TestExecutionListeners: [org.springframework.test.context.web.ServletTestExecutionListener@7582dba7, org.springframework.test.context.support.DirtiesContextBeforeModesTestExecutionListener@18a5fb6, org.springframework.boot.test.mock.mockito.MockitoTestExecutionListener@1f4802a6, org.springframework.boot.test.autoconfigure.SpringBootDependencyInjectionTestExecutionListener@6ba23217, org.springframework.test.context.support.DirtiesContextTestExecutionListener@81e8327, org.springframework.security.test.context.support.WithSecurityContextTestExecutionListener@5bba0a7d, org.springframework.test.context.event.EventPublishingTestExecutionListener@4b86e9e, org.springframework.security.test.context.support.ReactorContextTestExecutionListener@7ef0d694, org.springframework.boot.test.autoconfigure.restdocs.RestDocsTestExecutionListener@28b65d6, org.springframework.boot.test.autoconfigure.web.client.MockRestServiceServerResetTestExecutionListener@9e96e18, org.springframework.boot.test.autoconfigure.web.servlet.MockMvcPrintOnlyOnFailureTestExecutionListener@4ee22d25, org.springframework.boot.test.autoconfigure.web.servlet.WebDriverTestExecutionListener@365e161b, org.springframework.boot.test.mock.mockito.ResetMocksTestExecutionListener@6fa270d3]
]]></system-out>
  <system-err><![CDATA[]]></system-err>
</testsuite>
