<?xml version="1.0" encoding="UTF-8"?>
<testsuite name="CSCI5308.GroupFormationTool.Controller.UserControllerTest" tests="1" skipped="0" failures="0" errors="0" timestamp="2020-05-29T18:53:34" hostname="Prabhjots-MacBook-Pro.local" time="0.004">
  <properties/>
  <testcase name="createUser()" classname="CSCI5308.GroupFormationTool.Controller.UserControllerTest" time="0.004"/>
  <system-out><![CDATA[2020-05-29 15:53:34.944  INFO 5067 --- [    Test worker] .b.t.c.SpringBootTestContextBootstrapper : Neither @ContextConfiguration nor @ContextHierarchy found for test class [CSCI5308.GroupFormationTool.Controller.UserControllerTest], using SpringBootContextLoader
2020-05-29 15:53:34.944  INFO 5067 --- [    Test worker] o.s.t.c.support.AbstractContextLoader    : Could not detect default resource locations for test class [CSCI5308.GroupFormationTool.Controller.UserControllerTest]: no resource found for suffixes {-context.xml, Context.groovy}.
2020-05-29 15:53:34.945  INFO 5067 --- [    Test worker] t.c.s.AnnotationConfigContextLoaderUtils : Could not detect default configuration classes for test class [CSCI5308.GroupFormationTool.Controller.UserControllerTest]: UserControllerTest does not declare any static, non-private, non-final, nested classes annotated with @Configuration.
2020-05-29 15:53:34.948  INFO 5067 --- [    Test worker] .b.t.c.SpringBootTestContextBootstrapper : Found @SpringBootConfiguration CSCI5308.GroupFormationTool.GroupFormationToolApplication for test class CSCI5308.GroupFormationTool.Controller.UserControllerTest
2020-05-29 15:53:34.949  INFO 5067 --- [    Test worker] .b.t.c.SpringBootTestContextBootstrapper : Loaded default TestExecutionListener class names from location [META-INF/spring.factories]: [org.springframework.security.test.context.support.WithSecurityContextTestExecutionListener, org.springframework.security.test.context.support.ReactorContextTestExecutionListener, org.springframework.boot.test.autoconfigure.restdocs.RestDocsTestExecutionListener, org.springframework.boot.test.autoconfigure.web.client.MockRestServiceServerResetTestExecutionListener, org.springframework.boot.test.autoconfigure.web.servlet.MockMvcPrintOnlyOnFailureTestExecutionListener, org.springframework.boot.test.autoconfigure.web.servlet.WebDriverTestExecutionListener, org.springframework.boot.test.mock.mockito.MockitoTestExecutionListener, org.springframework.boot.test.mock.mockito.ResetMocksTestExecutionListener, org.springframework.test.context.web.ServletTestExecutionListener, org.springframework.test.context.support.DirtiesContextBeforeModesTestExecutionListener, org.springframework.test.context.support.DependencyInjectionTestExecutionListener, org.springframework.test.context.support.DirtiesContextTestExecutionListener, org.springframework.test.context.transaction.TransactionalTestExecutionListener, org.springframework.test.context.jdbc.SqlScriptsTestExecutionListener, org.springframework.test.context.event.EventPublishingTestExecutionListener]
2020-05-29 15:53:34.950  INFO 5067 --- [    Test worker] .b.t.c.SpringBootTestContextBootstrapper : Using TestExecutionListeners: [org.springframework.test.context.web.ServletTestExecutionListener@6a5b57ab, org.springframework.test.context.support.DirtiesContextBeforeModesTestExecutionListener@50330c1f, org.springframework.boot.test.mock.mockito.MockitoTestExecutionListener@63bd2d10, org.springframework.boot.test.autoconfigure.SpringBootDependencyInjectionTestExecutionListener@6e8547aa, org.springframework.test.context.support.DirtiesContextTestExecutionListener@5ed3a3de, org.springframework.security.test.context.support.WithSecurityContextTestExecutionListener@16c81fef, org.springframework.test.context.event.EventPublishingTestExecutionListener@1c17758b, org.springframework.security.test.context.support.ReactorContextTestExecutionListener@58ebc9b4, org.springframework.boot.test.autoconfigure.restdocs.RestDocsTestExecutionListener@1b654c24, org.springframework.boot.test.autoconfigure.web.client.MockRestServiceServerResetTestExecutionListener@4d840fc0, org.springframework.boot.test.autoconfigure.web.servlet.MockMvcPrintOnlyOnFailureTestExecutionListener@6a1890d6, org.springframework.boot.test.autoconfigure.web.servlet.WebDriverTestExecutionListener@6c385248, org.springframework.boot.test.mock.mockito.ResetMocksTestExecutionListener@5d8d2787]
]]></system-out>
  <system-err><![CDATA[]]></system-err>
</testsuite>
