<?xml version="1.0" encoding="UTF-8"?>
<testsuite name="CSCI5308.GroupFormationTool.Service.PolicyServiceTest" tests="2" skipped="0" failures="0" errors="0" timestamp="2020-06-18T20:08:57" hostname="Prabhjots-MacBook-Pro.local" time="0.011">
  <properties/>
  <testcase name="getPoliciesTest()" classname="CSCI5308.GroupFormationTool.Service.PolicyServiceTest" time="0.008"/>
  <testcase name="passwordPolicyCheckTest()" classname="CSCI5308.GroupFormationTool.Service.PolicyServiceTest" time="0.003"/>
  <system-out><![CDATA[2020-06-18 17:08:57.492  INFO 17970 --- [    Test worker] .b.t.c.SpringBootTestContextBootstrapper : Neither @ContextConfiguration nor @ContextHierarchy found for test class [CSCI5308.GroupFormationTool.Service.PolicyServiceTest], using SpringBootContextLoader
2020-06-18 17:08:57.493  INFO 17970 --- [    Test worker] o.s.t.c.support.AbstractContextLoader    : Could not detect default resource locations for test class [CSCI5308.GroupFormationTool.Service.PolicyServiceTest]: no resource found for suffixes {-context.xml, Context.groovy}.
2020-06-18 17:08:57.493  INFO 17970 --- [    Test worker] t.c.s.AnnotationConfigContextLoaderUtils : Could not detect default configuration classes for test class [CSCI5308.GroupFormationTool.Service.PolicyServiceTest]: PolicyServiceTest does not declare any static, non-private, non-final, nested classes annotated with @Configuration.
2020-06-18 17:08:57.494  INFO 17970 --- [    Test worker] .b.t.c.SpringBootTestContextBootstrapper : Found @SpringBootConfiguration CSCI5308.GroupFormationTool.GroupFormationToolApplication for test class CSCI5308.GroupFormationTool.Service.PolicyServiceTest
2020-06-18 17:08:57.495  INFO 17970 --- [    Test worker] .b.t.c.SpringBootTestContextBootstrapper : Loaded default TestExecutionListener class names from location [META-INF/spring.factories]: [org.springframework.security.test.context.support.WithSecurityContextTestExecutionListener, org.springframework.security.test.context.support.ReactorContextTestExecutionListener, org.springframework.boot.test.autoconfigure.restdocs.RestDocsTestExecutionListener, org.springframework.boot.test.autoconfigure.web.client.MockRestServiceServerResetTestExecutionListener, org.springframework.boot.test.autoconfigure.web.servlet.MockMvcPrintOnlyOnFailureTestExecutionListener, org.springframework.boot.test.autoconfigure.web.servlet.WebDriverTestExecutionListener, org.springframework.boot.test.mock.mockito.MockitoTestExecutionListener, org.springframework.boot.test.mock.mockito.ResetMocksTestExecutionListener, org.springframework.test.context.web.ServletTestExecutionListener, org.springframework.test.context.support.DirtiesContextBeforeModesTestExecutionListener, org.springframework.test.context.support.DependencyInjectionTestExecutionListener, org.springframework.test.context.support.DirtiesContextTestExecutionListener, org.springframework.test.context.transaction.TransactionalTestExecutionListener, org.springframework.test.context.jdbc.SqlScriptsTestExecutionListener, org.springframework.test.context.event.EventPublishingTestExecutionListener]
2020-06-18 17:08:57.495  INFO 17970 --- [    Test worker] .b.t.c.SpringBootTestContextBootstrapper : Using TestExecutionListeners: [org.springframework.test.context.web.ServletTestExecutionListener@71d44e9, org.springframework.test.context.support.DirtiesContextBeforeModesTestExecutionListener@163f7f74, org.springframework.boot.test.mock.mockito.MockitoTestExecutionListener@5d59639a, org.springframework.boot.test.autoconfigure.SpringBootDependencyInjectionTestExecutionListener@1ccdd4ff, org.springframework.test.context.support.DirtiesContextTestExecutionListener@711af183, org.springframework.security.test.context.support.WithSecurityContextTestExecutionListener@1cb3e40b, org.springframework.test.context.event.EventPublishingTestExecutionListener@a6011b4, org.springframework.security.test.context.support.ReactorContextTestExecutionListener@78f8462b, org.springframework.boot.test.autoconfigure.restdocs.RestDocsTestExecutionListener@5ec8365e, org.springframework.boot.test.autoconfigure.web.client.MockRestServiceServerResetTestExecutionListener@5dd80230, org.springframework.boot.test.autoconfigure.web.servlet.MockMvcPrintOnlyOnFailureTestExecutionListener@57bf558e, org.springframework.boot.test.autoconfigure.web.servlet.WebDriverTestExecutionListener@6dcc984c, org.springframework.boot.test.mock.mockito.ResetMocksTestExecutionListener@7229296d]
]]></system-out>
  <system-err><![CDATA[]]></system-err>
</testsuite>
