<?xml version="1.0" encoding="UTF-8"?>
<testsuite name="CSCI5308.GroupFormationTool.Model.UserTest" tests="14" skipped="0" failures="0" errors="0" timestamp="2020-06-18T20:08:57" hostname="Prabhjots-MacBook-Pro.local" time="0.017">
  <properties/>
  <testcase name="getPasswordTest()" classname="CSCI5308.GroupFormationTool.Model.UserTest" time="0.001"/>
  <testcase name="getFirstNameTest()" classname="CSCI5308.GroupFormationTool.Model.UserTest" time="0.001"/>
  <testcase name="setLastNameTest()" classname="CSCI5308.GroupFormationTool.Model.UserTest" time="0.001"/>
  <testcase name="setBannerIdTest()" classname="CSCI5308.GroupFormationTool.Model.UserTest" time="0.0"/>
  <testcase name="setPasswordTest()" classname="CSCI5308.GroupFormationTool.Model.UserTest" time="0.001"/>
  <testcase name="setEmailIdTest()" classname="CSCI5308.GroupFormationTool.Model.UserTest" time="0.001"/>
  <testcase name="getConfirmPasswordTest()" classname="CSCI5308.GroupFormationTool.Model.UserTest" time="0.001"/>
  <testcase name="setIdTest()" classname="CSCI5308.GroupFormationTool.Model.UserTest" time="0.0"/>
  <testcase name="setConfirmPasswordTest()" classname="CSCI5308.GroupFormationTool.Model.UserTest" time="0.0"/>
  <testcase name="getIdTest()" classname="CSCI5308.GroupFormationTool.Model.UserTest" time="0.001"/>
  <testcase name="setFirstNameTest()" classname="CSCI5308.GroupFormationTool.Model.UserTest" time="0.001"/>
  <testcase name="getEmailIdTest()" classname="CSCI5308.GroupFormationTool.Model.UserTest" time="0.001"/>
  <testcase name="getLastNameTest()" classname="CSCI5308.GroupFormationTool.Model.UserTest" time="0.001"/>
  <testcase name="getBannerIdTest()" classname="CSCI5308.GroupFormationTool.Model.UserTest" time="0.001"/>
  <system-out><![CDATA[2020-06-18 17:08:57.018  INFO 17970 --- [    Test worker] .b.t.c.SpringBootTestContextBootstrapper : Neither @ContextConfiguration nor @ContextHierarchy found for test class [CSCI5308.GroupFormationTool.Model.UserTest], using SpringBootContextLoader
2020-06-18 17:08:57.019  INFO 17970 --- [    Test worker] o.s.t.c.support.AbstractContextLoader    : Could not detect default resource locations for test class [CSCI5308.GroupFormationTool.Model.UserTest]: no resource found for suffixes {-context.xml, Context.groovy}.
2020-06-18 17:08:57.019  INFO 17970 --- [    Test worker] t.c.s.AnnotationConfigContextLoaderUtils : Could not detect default configuration classes for test class [CSCI5308.GroupFormationTool.Model.UserTest]: UserTest does not declare any static, non-private, non-final, nested classes annotated with @Configuration.
2020-06-18 17:08:57.019  INFO 17970 --- [    Test worker] .b.t.c.SpringBootTestContextBootstrapper : Found @SpringBootConfiguration CSCI5308.GroupFormationTool.GroupFormationToolApplication for test class CSCI5308.GroupFormationTool.Model.UserTest
2020-06-18 17:08:57.020  INFO 17970 --- [    Test worker] .b.t.c.SpringBootTestContextBootstrapper : Loaded default TestExecutionListener class names from location [META-INF/spring.factories]: [org.springframework.security.test.context.support.WithSecurityContextTestExecutionListener, org.springframework.security.test.context.support.ReactorContextTestExecutionListener, org.springframework.boot.test.autoconfigure.restdocs.RestDocsTestExecutionListener, org.springframework.boot.test.autoconfigure.web.client.MockRestServiceServerResetTestExecutionListener, org.springframework.boot.test.autoconfigure.web.servlet.MockMvcPrintOnlyOnFailureTestExecutionListener, org.springframework.boot.test.autoconfigure.web.servlet.WebDriverTestExecutionListener, org.springframework.boot.test.mock.mockito.MockitoTestExecutionListener, org.springframework.boot.test.mock.mockito.ResetMocksTestExecutionListener, org.springframework.test.context.web.ServletTestExecutionListener, org.springframework.test.context.support.DirtiesContextBeforeModesTestExecutionListener, org.springframework.test.context.support.DependencyInjectionTestExecutionListener, org.springframework.test.context.support.DirtiesContextTestExecutionListener, org.springframework.test.context.transaction.TransactionalTestExecutionListener, org.springframework.test.context.jdbc.SqlScriptsTestExecutionListener, org.springframework.test.context.event.EventPublishingTestExecutionListener]
2020-06-18 17:08:57.021  INFO 17970 --- [    Test worker] .b.t.c.SpringBootTestContextBootstrapper : Using TestExecutionListeners: [org.springframework.test.context.web.ServletTestExecutionListener@628c8b00, org.springframework.test.context.support.DirtiesContextBeforeModesTestExecutionListener@656fdd8d, org.springframework.boot.test.mock.mockito.MockitoTestExecutionListener@8ae6121, org.springframework.boot.test.autoconfigure.SpringBootDependencyInjectionTestExecutionListener@46abdfc6, org.springframework.test.context.support.DirtiesContextTestExecutionListener@40798898, org.springframework.security.test.context.support.WithSecurityContextTestExecutionListener@5b61b6af, org.springframework.test.context.event.EventPublishingTestExecutionListener@20bd638b, org.springframework.security.test.context.support.ReactorContextTestExecutionListener@38f0cdb5, org.springframework.boot.test.autoconfigure.restdocs.RestDocsTestExecutionListener@3441af7b, org.springframework.boot.test.autoconfigure.web.client.MockRestServiceServerResetTestExecutionListener@6243b392, org.springframework.boot.test.autoconfigure.web.servlet.MockMvcPrintOnlyOnFailureTestExecutionListener@29a9356a, org.springframework.boot.test.autoconfigure.web.servlet.WebDriverTestExecutionListener@170ad88f, org.springframework.boot.test.mock.mockito.ResetMocksTestExecutionListener@2e098762]
]]></system-out>
  <system-err><![CDATA[]]></system-err>
</testsuite>
