<?xml version="1.0" encoding="UTF-8"?>
<testsuite name="CSCI5308.GroupFormationTool.Password.PolicyRepositoryTest" tests="2" skipped="0" failures="0" errors="0" timestamp="2020-07-10T05:03:24" hostname="Prabhjots-MacBook-Pro.local" time="0.004">
  <properties/>
  <testcase name="getPoliciesTest()" classname="CSCI5308.GroupFormationTool.Password.PolicyRepositoryTest" time="0.001"/>
  <testcase name="passwordSPolicyCheckTest()" classname="CSCI5308.GroupFormationTool.Password.PolicyRepositoryTest" time="0.002"/>
  <system-out><![CDATA[2020-07-10 02:03:24.769  INFO 10909 --- [    Test worker] .b.t.c.SpringBootTestContextBootstrapper : Neither @ContextConfiguration nor @ContextHierarchy found for test class [CSCI5308.GroupFormationTool.Password.PolicyRepositoryTest], using SpringBootContextLoader
2020-07-10 02:03:24.769  INFO 10909 --- [    Test worker] o.s.t.c.support.AbstractContextLoader    : Could not detect default resource locations for test class [CSCI5308.GroupFormationTool.Password.PolicyRepositoryTest]: no resource found for suffixes {-context.xml, Context.groovy}.
2020-07-10 02:03:24.769  INFO 10909 --- [    Test worker] t.c.s.AnnotationConfigContextLoaderUtils : Could not detect default configuration classes for test class [CSCI5308.GroupFormationTool.Password.PolicyRepositoryTest]: PolicyRepositoryTest does not declare any static, non-private, non-final, nested classes annotated with @Configuration.
2020-07-10 02:03:24.771  INFO 10909 --- [    Test worker] .b.t.c.SpringBootTestContextBootstrapper : Found @SpringBootConfiguration CSCI5308.GroupFormationTool.GroupFormationToolApplication for test class CSCI5308.GroupFormationTool.Password.PolicyRepositoryTest
2020-07-10 02:03:24.772  INFO 10909 --- [    Test worker] .b.t.c.SpringBootTestContextBootstrapper : Loaded default TestExecutionListener class names from location [META-INF/spring.factories]: [org.springframework.security.test.context.support.WithSecurityContextTestExecutionListener, org.springframework.security.test.context.support.ReactorContextTestExecutionListener, org.springframework.boot.test.autoconfigure.restdocs.RestDocsTestExecutionListener, org.springframework.boot.test.autoconfigure.web.client.MockRestServiceServerResetTestExecutionListener, org.springframework.boot.test.autoconfigure.web.servlet.MockMvcPrintOnlyOnFailureTestExecutionListener, org.springframework.boot.test.autoconfigure.web.servlet.WebDriverTestExecutionListener, org.springframework.boot.test.mock.mockito.MockitoTestExecutionListener, org.springframework.boot.test.mock.mockito.ResetMocksTestExecutionListener, org.springframework.test.context.web.ServletTestExecutionListener, org.springframework.test.context.support.DirtiesContextBeforeModesTestExecutionListener, org.springframework.test.context.support.DependencyInjectionTestExecutionListener, org.springframework.test.context.support.DirtiesContextTestExecutionListener, org.springframework.test.context.transaction.TransactionalTestExecutionListener, org.springframework.test.context.jdbc.SqlScriptsTestExecutionListener, org.springframework.test.context.event.EventPublishingTestExecutionListener]
2020-07-10 02:03:24.773  INFO 10909 --- [    Test worker] .b.t.c.SpringBootTestContextBootstrapper : Using TestExecutionListeners: [org.springframework.test.context.web.ServletTestExecutionListener@1c48fd64, org.springframework.test.context.support.DirtiesContextBeforeModesTestExecutionListener@10d49383, org.springframework.boot.test.mock.mockito.MockitoTestExecutionListener@40a40d59, org.springframework.boot.test.autoconfigure.SpringBootDependencyInjectionTestExecutionListener@48b2f799, org.springframework.test.context.support.DirtiesContextTestExecutionListener@134a9036, org.springframework.security.test.context.support.WithSecurityContextTestExecutionListener@27b64157, org.springframework.test.context.event.EventPublishingTestExecutionListener@47184e3d, org.springframework.security.test.context.support.ReactorContextTestExecutionListener@18497778, org.springframework.boot.test.autoconfigure.restdocs.RestDocsTestExecutionListener@5f459f67, org.springframework.boot.test.autoconfigure.web.client.MockRestServiceServerResetTestExecutionListener@4a6cc121, org.springframework.boot.test.autoconfigure.web.servlet.MockMvcPrintOnlyOnFailureTestExecutionListener@4f8007f7, org.springframework.boot.test.autoconfigure.web.servlet.WebDriverTestExecutionListener@1c215bc8, org.springframework.boot.test.mock.mockito.ResetMocksTestExecutionListener@6f6c518c]
]]></system-out>
  <system-err><![CDATA[]]></system-err>
</testsuite>
