<?xml version="1.0" encoding="UTF-8"?>
<testsuite name="CSCI5308.GroupFormationTool.Mail.MailManagerTest" tests="3" skipped="0" failures="0" errors="0" timestamp="2020-07-13T16:07:23" hostname="Prabhjots-MacBook-Pro.local" time="0.003">
  <properties/>
  <testcase name="sendBatchMailTest()" classname="CSCI5308.GroupFormationTool.Mail.MailManagerTest" time="0.0"/>
  <testcase name="setupMailSenderTest()" classname="CSCI5308.GroupFormationTool.Mail.MailManagerTest" time="0.002"/>
  <testcase name="sendForgotPasswordMailTest()" classname="CSCI5308.GroupFormationTool.Mail.MailManagerTest" time="0.001"/>
  <system-out><![CDATA[2020-07-13 13:07:23.169  INFO 22716 --- [    Test worker] C.GroupFormationTool.Mail.MailManager    : smtp connection for mail has been setup
2020-07-13 13:07:23.169  INFO 22716 --- [    Test worker] C.GroupFormationTool.Mail.MailManager    : smtp connection for mail has been setup
2020-07-13 13:07:23.169  INFO 22716 --- [    Test worker] C.GroupFormationTool.Mail.MailManager    : smtp connection for mail has been setup
]]></system-out>
  <system-err><![CDATA[]]></system-err>
</testsuite>
