<?xml version="1.0" encoding="UTF-8"?>
<testsuite name="CSCI5308.GroupFormationTool.Security.UserRegistrationControllerTest" tests="1" skipped="0" failures="0" errors="0" timestamp="2020-07-09T16:37:34" hostname="Prabhjots-MacBook-Pro.local" time="0.029">
  <properties/>
  <testcase name="registerTest()" classname="CSCI5308.GroupFormationTool.Security.UserRegistrationControllerTest" time="0.029"/>
  <system-out><![CDATA[2020-07-09 13:37:33.784  INFO 7318 --- [    Test worker] .b.t.a.w.s.WebMvcTestContextBootstrapper : Neither @ContextConfiguration nor @ContextHierarchy found for test class [CSCI5308.GroupFormationTool.Security.UserRegistrationControllerTest], using SpringBootContextLoader
2020-07-09 13:37:33.785  INFO 7318 --- [    Test worker] o.s.t.c.support.AbstractContextLoader    : Could not detect default resource locations for test class [CSCI5308.GroupFormationTool.Security.UserRegistrationControllerTest]: no resource found for suffixes {-context.xml, Context.groovy}.
2020-07-09 13:37:33.785  INFO 7318 --- [    Test worker] t.c.s.AnnotationConfigContextLoaderUtils : Could not detect default configuration classes for test class [CSCI5308.GroupFormationTool.Security.UserRegistrationControllerTest]: UserRegistrationControllerTest does not declare any static, non-private, non-final, nested classes annotated with @Configuration.
2020-07-09 13:37:33.786  INFO 7318 --- [    Test worker] .b.t.c.SpringBootTestContextBootstrapper : Found @SpringBootConfiguration CSCI5308.GroupFormationTool.GroupFormationToolApplication for test class CSCI5308.GroupFormationTool.Security.UserRegistrationControllerTest
2020-07-09 13:37:33.787  INFO 7318 --- [    Test worker] .b.t.a.w.s.WebMvcTestContextBootstrapper : Loaded default TestExecutionListener class names from location [META-INF/spring.factories]: [org.springframework.security.test.context.support.WithSecurityContextTestExecutionListener, org.springframework.security.test.context.support.ReactorContextTestExecutionListener, org.springframework.boot.test.autoconfigure.restdocs.RestDocsTestExecutionListener, org.springframework.boot.test.autoconfigure.web.client.MockRestServiceServerResetTestExecutionListener, org.springframework.boot.test.autoconfigure.web.servlet.MockMvcPrintOnlyOnFailureTestExecutionListener, org.springframework.boot.test.autoconfigure.web.servlet.WebDriverTestExecutionListener, org.springframework.boot.test.mock.mockito.MockitoTestExecutionListener, org.springframework.boot.test.mock.mockito.ResetMocksTestExecutionListener, org.springframework.test.context.web.ServletTestExecutionListener, org.springframework.test.context.support.DirtiesContextBeforeModesTestExecutionListener, org.springframework.test.context.support.DependencyInjectionTestExecutionListener, org.springframework.test.context.support.DirtiesContextTestExecutionListener, org.springframework.test.context.transaction.TransactionalTestExecutionListener, org.springframework.test.context.jdbc.SqlScriptsTestExecutionListener, org.springframework.test.context.event.EventPublishingTestExecutionListener]
2020-07-09 13:37:33.788  INFO 7318 --- [    Test worker] .b.t.a.w.s.WebMvcTestContextBootstrapper : Using TestExecutionListeners: [org.springframework.test.context.web.ServletTestExecutionListener@377bf1ac, org.springframework.test.context.support.DirtiesContextBeforeModesTestExecutionListener@2d6af044, org.springframework.boot.test.mock.mockito.MockitoTestExecutionListener@5e07d79d, org.springframework.boot.test.autoconfigure.SpringBootDependencyInjectionTestExecutionListener@153b9bae, org.springframework.test.context.support.DirtiesContextTestExecutionListener@7d25fe34, org.springframework.security.test.context.support.WithSecurityContextTestExecutionListener@7b7d904, org.springframework.test.context.event.EventPublishingTestExecutionListener@67ec4d50, org.springframework.security.test.context.support.ReactorContextTestExecutionListener@2ec34ce8, org.springframework.boot.test.autoconfigure.restdocs.RestDocsTestExecutionListener@7cc5d35a, org.springframework.boot.test.autoconfigure.web.client.MockRestServiceServerResetTestExecutionListener@45835a3f, org.springframework.boot.test.autoconfigure.web.servlet.MockMvcPrintOnlyOnFailureTestExecutionListener@40001912, org.springframework.boot.test.autoconfigure.web.servlet.WebDriverTestExecutionListener@7410b9f6, org.springframework.boot.test.mock.mockito.ResetMocksTestExecutionListener@261dfb2d]

  .   ____          _            __ _ _
 /\\ / ___'_ __ _ _(_)_ __  __ _ \ \ \ \
( ( )\___ | '_ | '_| | '_ \/ _` | \ \ \ \
 \\/  ___)| |_)| | | | | || (_| |  ) ) ) )
  '  |____| .__|_| |_|_| |_\__, | / / / /
 =========|_|==============|___/=/_/_/_/
 :: Spring Boot ::        (v2.2.7.RELEASE)

2020-07-09 13:37:33.798  INFO 7318 --- [    Test worker] C.G.S.UserRegistrationControllerTest     : Starting UserRegistrationControllerTest on Prabhjots-MacBook-Pro.local with PID 7318 (started by prabhjotkaur in /Users/prabhjotkaur/git/group22)
2020-07-09 13:37:33.798  INFO 7318 --- [    Test worker] C.G.S.UserRegistrationControllerTest     : No active profile set, falling back to default profiles: default
2020-07-09 13:37:33.929  INFO 7318 --- [    Test worker] o.s.s.web.DefaultSecurityFilterChain     : Creating filter chain: Ant [pattern='/resources/**'], []
2020-07-09 13:37:33.974  INFO 7318 --- [    Test worker] o.s.s.web.DefaultSecurityFilterChain     : Creating filter chain: any request, [org.springframework.security.web.context.request.async.WebAsyncManagerIntegrationFilter@eeaced2, org.springframework.security.web.context.SecurityContextPersistenceFilter@18f68471, org.springframework.security.web.header.HeaderWriterFilter@1091cafd, org.springframework.security.web.csrf.CsrfFilter@7c4ba824, org.springframework.security.web.authentication.logout.LogoutFilter@46ac60df, org.springframework.security.web.authentication.UsernamePasswordAuthenticationFilter@4547fa53, org.springframework.security.web.savedrequest.RequestCacheAwareFilter@250e303b, org.springframework.security.web.servletapi.SecurityContextHolderAwareRequestFilter@3b56c045, org.springframework.security.web.authentication.AnonymousAuthenticationFilter@427d7264, org.springframework.security.web.session.SessionManagementFilter@39dd11e6, org.springframework.security.web.access.ExceptionTranslationFilter@1b54d236, org.springframework.security.web.access.intercept.FilterSecurityInterceptor@43a31d8b]
2020-07-09 13:37:34.041  INFO 7318 --- [    Test worker] o.s.s.concurrent.ThreadPoolTaskExecutor  : Initializing ExecutorService 'applicationTaskExecutor'
2020-07-09 13:37:34.057  INFO 7318 --- [    Test worker] o.s.b.a.w.s.WelcomePageHandlerMapping    : Adding welcome page template: index
2020-07-09 13:37:34.129  INFO 7318 --- [    Test worker] o.s.b.t.m.w.SpringBootMockServletContext : Initializing Spring TestDispatcherServlet ''
2020-07-09 13:37:34.129  INFO 7318 --- [    Test worker] o.s.t.web.servlet.TestDispatcherServlet  : Initializing Servlet ''
2020-07-09 13:37:34.133  INFO 7318 --- [    Test worker] o.s.t.web.servlet.TestDispatcherServlet  : Completed initialization in 4 ms
2020-07-09 13:37:34.141  INFO 7318 --- [    Test worker] C.G.S.UserRegistrationControllerTest     : Started UserRegistrationControllerTest in 0.352 seconds (JVM running for 6.37)

MockHttpServletRequest:
      HTTP Method = GET
      Request URI = /register
       Parameters = {}
          Headers = []
             Body = <no character encoding set>
    Session Attrs = {org.springframework.security.web.csrf.HttpSessionCsrfTokenRepository.CSRF_TOKEN=org.springframework.security.web.csrf.DefaultCsrfToken@605bca62}

Handler:
             Type = CSCI5308.GroupFormationTool.Security.UserRegistrationController
           Method = CSCI5308.GroupFormationTool.Security.UserRegistrationController#register(User, Model)

Async:
    Async started = false
     Async result = null

Resolved Exception:
             Type = null

ModelAndView:
        View name = user/signup
             View = null
        Attribute = user
            value = CSCI5308.GroupFormationTool.User.User@3b84fd4b
           errors = []
        Attribute = policies
            value = []

FlashMap:
       Attributes = null

MockHttpServletResponse:
           Status = 200
    Error message = null
          Headers = [Content-Language:"en", Content-Type:"text/html;charset=UTF-8", X-Content-Type-Options:"nosniff", X-XSS-Protection:"1; mode=block", Cache-Control:"no-cache, no-store, max-age=0, must-revalidate", Pragma:"no-cache", Expires:"0", X-Frame-Options:"DENY"]
     Content type = text/html;charset=UTF-8
             Body = <!DOCTYPE html>
<html lang="en">
<head>
    <meta charset="utf-8"/>
    <meta http-equiv="X-UA-Compatible" content="IE=edge"/>
    <meta name="viewport" content="width=device-width, initial-scale=1"/>
    <link rel="icon" href="favicon.ico"/>
    <title>User Registration Page</title>
    <link
            href="//maxcdn.bootstrapcdn.com/bootstrap/3.3.7/css/bootstrap.min.css"
            rel="stylesheet"
            integrity="sha384-BVYiiSIFeK1dGmJRAkycuHAHRg32OmUcww7on3RYdg4Va+PmSTsz/K68vbdEjh4u"
            crossorigin="anonymous"/>

</head>
<body style="background-color: #e7ebee">
<div class="flex align-items-center text-center" style="padding: 20px;">
    <br/>
    <div>
        <h4>Create Account</h4>
        <form autocomplete="off" action="/register" method="post" class="m-t col-md-4 col-md-offset-4" role="form"
              data-toggle="validator"><input type="hidden" name="_csrf" value="c21fbb79-79ea-4b02-b847-1cbd0149e7ab"/>

            
            <br>

            

            

            

            

            

            

            <div class="form-group input-group has-feedback">
                 <span
                    class="input-group-addon"> <span
                    class="glyphicon glyphicon-user"></span>
					</span> <input type="text" placeholder="First Name" class="form-control" required id="firstName" name="firstName" value=""/> <span
                    class="glyphicon form-control-feedback" aria-hidden="true"></span>
            </div>


            <div class="form-group input-group has-feedback">
                 <span
                    class="input-group-addon"> <span
                    class="glyphicon glyphicon-user"></span>
					</span> <input type="text" placeholder="Last Name"
                                   class="form-control" required id="lastName" name="lastName" value=""/> <span
                    class="glyphicon form-control-feedback" aria-hidden="true"></span>
            </div>


            <div class="form-group input-group has-feedback">
                 <span
                    class="input-group-addon"> <span
                    class="glyphicon glyphicon-envelope"></span>
					</span> <input type="email" placeholder="Email address" class="form-control" required id="emailId" name="emailId" value=""/> <span
                    class="glyphicon form-control-feedback" aria-hidden="true"></span>
            </div>

            <div class="form-group input-group has-feedback">
					<span class="input-group-addon"> <span
                            class="glyphicon glyphicon-file"></span>
					</span> <input type="text" placeholder="Banner Id"
                                   class="form-control" id="bannerId" name="bannerId" value=""/> <span
                    class="glyphicon form-control-feedback" aria-hidden="true"></span>
            </div>

            <div class="form-group input-group has-feedback">
                 <span
                    class="input-group-addon"> <span
                    class="glyphicon glyphicon-lock"></span>
					</span> <input type="password" placeholder="Password" class="form-control" required id="password" name="password" value=""/> <span
                    class="glyphicon form-control-feedback" aria-hidden="true"></span>
            </div>

            <div class="form-group input-group has-feedback">
                
                <span class="input-group-addon"> <span
                        class="glyphicon glyphicon-lock"></span>
					</span> <input type="password" placeholder="Confirm Password" class="form-control" required id="confirmPassword" name="confirmPassword" value=""/> <span
                    class="glyphicon form-control-feedback" aria-hidden="true"></span>
            </div>

            <div class="text-center">
                <button type="submit" class="btn btn-primary btn-sm btn-block">Register</button>
                <br/>
                <button type="reset" class="btn btn-danger btn-sm btn-block">Cancel</button>
            </div>

            <br/>
            <div>
                <a href="/login" class="text-primary">Are you an existing
                    user? Click here to log in!</a>
            </div>
        </form>
        <br/>
        
    </div>
</div>
</body>
</html>
    Forwarded URL = null
   Redirected URL = null
          Cookies = []
]]></system-out>
  <system-err><![CDATA[]]></system-err>
</testsuite>
