<?xml version="1.0" encoding="UTF-8"?>
<testsuite name="CSCI5308.GroupFormationTool.Question.QuestionManagerRepositoryTest" tests="2" skipped="0" failures="0" errors="0" timestamp="2020-07-10T05:03:30" hostname="Prabhjots-MacBook-Pro.local" time="0.003">
  <properties/>
  <testcase name="deleteQuestionTest()" classname="CSCI5308.GroupFormationTool.Question.QuestionManagerRepositoryTest" time="0.001"/>
  <testcase name="createQuestionTest()" classname="CSCI5308.GroupFormationTool.Question.QuestionManagerRepositoryTest" time="0.001"/>
  <system-out><![CDATA[2020-07-10 02:03:30.656  INFO 10909 --- [    Test worker] .b.t.c.SpringBootTestContextBootstrapper : Neither @ContextConfiguration nor @ContextHierarchy found for test class [CSCI5308.GroupFormationTool.Question.QuestionManagerRepositoryTest], using SpringBootContextLoader
2020-07-10 02:03:30.657  INFO 10909 --- [    Test worker] o.s.t.c.support.AbstractContextLoader    : Could not detect default resource locations for test class [CSCI5308.GroupFormationTool.Question.QuestionManagerRepositoryTest]: no resource found for suffixes {-context.xml, Context.groovy}.
2020-07-10 02:03:30.657  INFO 10909 --- [    Test worker] t.c.s.AnnotationConfigContextLoaderUtils : Could not detect default configuration classes for test class [CSCI5308.GroupFormationTool.Question.QuestionManagerRepositoryTest]: QuestionManagerRepositoryTest does not declare any static, non-private, non-final, nested classes annotated with @Configuration.
2020-07-10 02:03:30.657  INFO 10909 --- [    Test worker] .b.t.c.SpringBootTestContextBootstrapper : Found @SpringBootConfiguration CSCI5308.GroupFormationTool.GroupFormationToolApplication for test class CSCI5308.GroupFormationTool.Question.QuestionManagerRepositoryTest
2020-07-10 02:03:30.658  INFO 10909 --- [    Test worker] .b.t.c.SpringBootTestContextBootstrapper : Loaded default TestExecutionListener class names from location [META-INF/spring.factories]: [org.springframework.security.test.context.support.WithSecurityContextTestExecutionListener, org.springframework.security.test.context.support.ReactorContextTestExecutionListener, org.springframework.boot.test.autoconfigure.restdocs.RestDocsTestExecutionListener, org.springframework.boot.test.autoconfigure.web.client.MockRestServiceServerResetTestExecutionListener, org.springframework.boot.test.autoconfigure.web.servlet.MockMvcPrintOnlyOnFailureTestExecutionListener, org.springframework.boot.test.autoconfigure.web.servlet.WebDriverTestExecutionListener, org.springframework.boot.test.mock.mockito.MockitoTestExecutionListener, org.springframework.boot.test.mock.mockito.ResetMocksTestExecutionListener, org.springframework.test.context.web.ServletTestExecutionListener, org.springframework.test.context.support.DirtiesContextBeforeModesTestExecutionListener, org.springframework.test.context.support.DependencyInjectionTestExecutionListener, org.springframework.test.context.support.DirtiesContextTestExecutionListener, org.springframework.test.context.transaction.TransactionalTestExecutionListener, org.springframework.test.context.jdbc.SqlScriptsTestExecutionListener, org.springframework.test.context.event.EventPublishingTestExecutionListener]
2020-07-10 02:03:30.659  INFO 10909 --- [    Test worker] .b.t.c.SpringBootTestContextBootstrapper : Using TestExecutionListeners: [org.springframework.test.context.web.ServletTestExecutionListener@49462aef, org.springframework.test.context.support.DirtiesContextBeforeModesTestExecutionListener@7a2b15bc, org.springframework.boot.test.mock.mockito.MockitoTestExecutionListener@46d3fb2e, org.springframework.boot.test.autoconfigure.SpringBootDependencyInjectionTestExecutionListener@69cd4576, org.springframework.test.context.support.DirtiesContextTestExecutionListener@11a41bf2, org.springframework.security.test.context.support.WithSecurityContextTestExecutionListener@33807a8f, org.springframework.test.context.event.EventPublishingTestExecutionListener@6ad3fd5a, org.springframework.security.test.context.support.ReactorContextTestExecutionListener@69b6e383, org.springframework.boot.test.autoconfigure.restdocs.RestDocsTestExecutionListener@587c0ecc, org.springframework.boot.test.autoconfigure.web.client.MockRestServiceServerResetTestExecutionListener@6818534e, org.springframework.boot.test.autoconfigure.web.servlet.MockMvcPrintOnlyOnFailureTestExecutionListener@1dd44a3a, org.springframework.boot.test.autoconfigure.web.servlet.WebDriverTestExecutionListener@432008f8, org.springframework.boot.test.mock.mockito.ResetMocksTestExecutionListener@7b92743e]
]]></system-out>
  <system-err><![CDATA[]]></system-err>
</testsuite>
