<?xml version="1.0" encoding="UTF-8"?>
<testsuite name="CSCI5308.GroupFormationTool.GroupFormation.GroupFormationControllerTest" tests="1" skipped="0" failures="0" errors="0" timestamp="2020-07-15T20:11:54" hostname="Prabhjots-MacBook-Pro.local" time="0.034">
  <properties/>
  <testcase name="formGroupsTest()" classname="CSCI5308.GroupFormationTool.GroupFormation.GroupFormationControllerTest" time="0.034"/>
  <system-out><![CDATA[
  .   ____          _            __ _ _
 /\\ / ___'_ __ _ _(_)_ __  __ _ \ \ \ \
( ( )\___ | '_ | '_| | '_ \/ _` | \ \ \ \
 \\/  ___)| |_)| | | | | || (_| |  ) ) ) )
  '  |____| .__|_| |_|_| |_\__, | / / / /
 =========|_|==============|___/=/_/_/_/
 :: Spring Boot ::        (v2.2.7.RELEASE)

2020-07-15 17:11:54.082  INFO 37430 --- [    Test worker] C.G.G.GroupFormationControllerTest       : Starting GroupFormationControllerTest on Prabhjots-MacBook-Pro.local with PID 37430 (started by prabhjotkaur in /Users/prabhjotkaur/git/group22)
2020-07-15 17:11:54.082  INFO 37430 --- [    Test worker] C.G.G.GroupFormationControllerTest       : No active profile set, falling back to default profiles: default
2020-07-15 17:11:54.403  INFO 37430 --- [    Test worker] C.G.G.GroupFormationControllerTest       : Started GroupFormationControllerTest in 0.33 seconds (JVM running for 8.45)
2020-07-15 17:11:54.413  INFO 37430 --- [    Test worker] C.G.G.GroupFormationController           : Checking if the survey can be used to form groups
2020-07-15 17:11:54.413  INFO 37430 --- [    Test worker] C.GroupFormationTool.Survey.Survey       : Checking if the survey is created for the course from the database
2020-07-15 17:11:54.413  INFO 37430 --- [    Test worker] C.GroupFormationTool.Survey.Survey       : Checking if the survey is published for the course from the database
2020-07-15 17:11:54.413  INFO 37430 --- [    Test worker] C.GroupFormationTool.Survey.Survey       : Checking if the survey has an algorithm for group formation for the course from the database
2020-07-15 17:11:54.414  INFO 37430 --- [    Test worker] C.G.G.GroupFormationController           : Getting the list of groups formed on the instructor's algorithm

MockHttpServletRequest:
      HTTP Method = GET
      Request URI = /groupFormation/getGroups
       Parameters = {courseId=[CSCI 5308], courseName=[SDC]}
          Headers = []
             Body = <no character encoding set>
    Session Attrs = {}

Handler:
             Type = CSCI5308.GroupFormationTool.GroupFormation.GroupFormationController
           Method = CSCI5308.GroupFormationTool.GroupFormation.GroupFormationController#getGroups(String, String, Model)

Async:
    Async started = false
     Async result = null

Resolved Exception:
             Type = null

ModelAndView:
        View name = group/groupDetails
             View = null
        Attribute = groups
            value = {}
        Attribute = showGroups
            value = true
        Attribute = courseId
            value = CSCI 5308
        Attribute = courseName
            value = SDC

FlashMap:
       Attributes = null

MockHttpServletResponse:
           Status = 200
    Error message = null
          Headers = [Content-Language:"en", Content-Type:"text/html;charset=UTF-8", X-Content-Type-Options:"nosniff", X-XSS-Protection:"1; mode=block", Cache-Control:"no-cache, no-store, max-age=0, must-revalidate", Pragma:"no-cache", Expires:"0", X-Frame-Options:"DENY"]
     Content type = text/html;charset=UTF-8
             Body = <!DOCTYPE html>
<html lang="en" xmlns="http://www.w3.org/1999/xhtml">
<head>
    <meta charset="utf-8"/>
    <meta http-equiv="X-UA-Compatible" content="IE=edge"/>
    <meta name="viewport" content="width=device-width, initial-scale=1"/>
    <link rel="icon" href="favicon.ico"/>
    <title>Groups Details</title>
    <link
            href="//maxcdn.bootstrapcdn.com/bootstrap/3.3.7/css/bootstrap.min.css"
            rel="stylesheet"
            integrity="sha384-BVYiiSIFeK1dGmJRAkycuHAHRg32OmUcww7on3RYdg4Va+PmSTsz/K68vbdEjh4u"
            crossorigin="anonymous"/>

</head>
<body style="background-color: #e7ebee">
<div class="container">
    <div>
        <p>You have not yet logged in to the application. Please login to
            continue...</p>
        <a href="/login">Click here to log in!</a>
    </div>
    
</div>
</body>
</html>
    Forwarded URL = null
   Redirected URL = null
          Cookies = []
2020-07-15 17:11:54.427  INFO 37430 --- [    Test worker] C.G.G.GroupFormationController           : Checking if the survey can be used to form groups
2020-07-15 17:11:54.427  INFO 37430 --- [    Test worker] C.GroupFormationTool.Survey.Survey       : Checking if the survey is created for the course from the database

MockHttpServletRequest:
      HTTP Method = GET
      Request URI = /groupFormation/getGroups
       Parameters = {courseId=[CSCI 5308], courseName=[SDC]}
          Headers = []
             Body = <no character encoding set>
    Session Attrs = {}

Handler:
             Type = CSCI5308.GroupFormationTool.GroupFormation.GroupFormationController
           Method = CSCI5308.GroupFormationTool.GroupFormation.GroupFormationController#getGroups(String, String, Model)

Async:
    Async started = false
     Async result = null

Resolved Exception:
             Type = null

ModelAndView:
        View name = group/groupDetails
             View = null
        Attribute = surveyNotCreated
            value = Survey not created yet!
        Attribute = showGroups
            value = false
        Attribute = courseId
            value = CSCI 5308
        Attribute = courseName
            value = SDC

FlashMap:
       Attributes = null

MockHttpServletResponse:
           Status = 200
    Error message = null
          Headers = [Content-Language:"en", Content-Type:"text/html;charset=UTF-8", X-Content-Type-Options:"nosniff", X-XSS-Protection:"1; mode=block", Cache-Control:"no-cache, no-store, max-age=0, must-revalidate", Pragma:"no-cache", Expires:"0", X-Frame-Options:"DENY"]
     Content type = text/html;charset=UTF-8
             Body = <!DOCTYPE html>
<html lang="en" xmlns="http://www.w3.org/1999/xhtml">
<head>
    <meta charset="utf-8"/>
    <meta http-equiv="X-UA-Compatible" content="IE=edge"/>
    <meta name="viewport" content="width=device-width, initial-scale=1"/>
    <link rel="icon" href="favicon.ico"/>
    <title>Groups Details</title>
    <link
            href="//maxcdn.bootstrapcdn.com/bootstrap/3.3.7/css/bootstrap.min.css"
            rel="stylesheet"
            integrity="sha384-BVYiiSIFeK1dGmJRAkycuHAHRg32OmUcww7on3RYdg4Va+PmSTsz/K68vbdEjh4u"
            crossorigin="anonymous"/>

</head>
<body style="background-color: #e7ebee">
<div class="container">
    <div>
        <p>You have not yet logged in to the application. Please login to
            continue...</p>
        <a href="/login">Click here to log in!</a>
    </div>
    
</div>
</body>
</html>
    Forwarded URL = null
   Redirected URL = null
          Cookies = []
2020-07-15 17:11:54.431  INFO 37430 --- [    Test worker] C.G.G.GroupFormationController           : Checking if the survey can be used to form groups
2020-07-15 17:11:54.431  INFO 37430 --- [    Test worker] C.GroupFormationTool.Survey.Survey       : Checking if the survey is created for the course from the database
2020-07-15 17:11:54.431  INFO 37430 --- [    Test worker] C.GroupFormationTool.Survey.Survey       : Checking if the survey is published for the course from the database

MockHttpServletRequest:
      HTTP Method = GET
      Request URI = /groupFormation/getGroups
       Parameters = {courseId=[CSCI 5308], courseName=[SDC]}
          Headers = []
             Body = <no character encoding set>
    Session Attrs = {}

Handler:
             Type = CSCI5308.GroupFormationTool.GroupFormation.GroupFormationController
           Method = CSCI5308.GroupFormationTool.GroupFormation.GroupFormationController#getGroups(String, String, Model)

Async:
    Async started = false
     Async result = null

Resolved Exception:
             Type = null

ModelAndView:
        View name = group/groupDetails
             View = null
        Attribute = surveyNotPublished
            value = Survey not published yet!
        Attribute = showGroups
            value = false
        Attribute = courseId
            value = CSCI 5308
        Attribute = courseName
            value = SDC

FlashMap:
       Attributes = null

MockHttpServletResponse:
           Status = 200
    Error message = null
          Headers = [Content-Language:"en", Content-Type:"text/html;charset=UTF-8", X-Content-Type-Options:"nosniff", X-XSS-Protection:"1; mode=block", Cache-Control:"no-cache, no-store, max-age=0, must-revalidate", Pragma:"no-cache", Expires:"0", X-Frame-Options:"DENY"]
     Content type = text/html;charset=UTF-8
             Body = <!DOCTYPE html>
<html lang="en" xmlns="http://www.w3.org/1999/xhtml">
<head>
    <meta charset="utf-8"/>
    <meta http-equiv="X-UA-Compatible" content="IE=edge"/>
    <meta name="viewport" content="width=device-width, initial-scale=1"/>
    <link rel="icon" href="favicon.ico"/>
    <title>Groups Details</title>
    <link
            href="//maxcdn.bootstrapcdn.com/bootstrap/3.3.7/css/bootstrap.min.css"
            rel="stylesheet"
            integrity="sha384-BVYiiSIFeK1dGmJRAkycuHAHRg32OmUcww7on3RYdg4Va+PmSTsz/K68vbdEjh4u"
            crossorigin="anonymous"/>

</head>
<body style="background-color: #e7ebee">
<div class="container">
    <div>
        <p>You have not yet logged in to the application. Please login to
            continue...</p>
        <a href="/login">Click here to log in!</a>
    </div>
    
</div>
</body>
</html>
    Forwarded URL = null
   Redirected URL = null
          Cookies = []
2020-07-15 17:11:54.435  INFO 37430 --- [    Test worker] C.G.G.GroupFormationController           : Checking if the survey can be used to form groups
2020-07-15 17:11:54.435  INFO 37430 --- [    Test worker] C.GroupFormationTool.Survey.Survey       : Checking if the survey is created for the course from the database
2020-07-15 17:11:54.435  INFO 37430 --- [    Test worker] C.GroupFormationTool.Survey.Survey       : Checking if the survey is published for the course from the database
2020-07-15 17:11:54.435  INFO 37430 --- [    Test worker] C.GroupFormationTool.Survey.Survey       : Checking if the survey has an algorithm for group formation for the course from the database

MockHttpServletRequest:
      HTTP Method = GET
      Request URI = /groupFormation/getGroups
       Parameters = {courseId=[CSCI 5308], courseName=[SDC]}
          Headers = []
             Body = <no character encoding set>
    Session Attrs = {}

Handler:
             Type = CSCI5308.GroupFormationTool.GroupFormation.GroupFormationController
           Method = CSCI5308.GroupFormationTool.GroupFormation.GroupFormationController#getGroups(String, String, Model)

Async:
    Async started = false
     Async result = null

Resolved Exception:
             Type = null

ModelAndView:
        View name = group/groupDetails
             View = null
        Attribute = surveyNotHavingAlgorithm
            value = Survey does not have any group formation algorithm yet!
        Attribute = showGroups
            value = false
        Attribute = courseId
            value = CSCI 5308
        Attribute = courseName
            value = SDC

FlashMap:
       Attributes = null

MockHttpServletResponse:
           Status = 200
    Error message = null
          Headers = [Content-Language:"en", Content-Type:"text/html;charset=UTF-8", X-Content-Type-Options:"nosniff", X-XSS-Protection:"1; mode=block", Cache-Control:"no-cache, no-store, max-age=0, must-revalidate", Pragma:"no-cache", Expires:"0", X-Frame-Options:"DENY"]
     Content type = text/html;charset=UTF-8
             Body = <!DOCTYPE html>
<html lang="en" xmlns="http://www.w3.org/1999/xhtml">
<head>
    <meta charset="utf-8"/>
    <meta http-equiv="X-UA-Compatible" content="IE=edge"/>
    <meta name="viewport" content="width=device-width, initial-scale=1"/>
    <link rel="icon" href="favicon.ico"/>
    <title>Groups Details</title>
    <link
            href="//maxcdn.bootstrapcdn.com/bootstrap/3.3.7/css/bootstrap.min.css"
            rel="stylesheet"
            integrity="sha384-BVYiiSIFeK1dGmJRAkycuHAHRg32OmUcww7on3RYdg4Va+PmSTsz/K68vbdEjh4u"
            crossorigin="anonymous"/>

</head>
<body style="background-color: #e7ebee">
<div class="container">
    <div>
        <p>You have not yet logged in to the application. Please login to
            continue...</p>
        <a href="/login">Click here to log in!</a>
    </div>
    
</div>
</body>
</html>
    Forwarded URL = null
   Redirected URL = null
          Cookies = []
]]></system-out>
  <system-err><![CDATA[]]></system-err>
</testsuite>
