<?xml version="1.0" encoding="UTF-8"?>
<testsuite name="CSCI5308.GroupFormationTool.Course.CourseRepositoryTest" tests="4" skipped="0" failures="0" errors="0" timestamp="2020-07-13T16:07:20" hostname="Prabhjots-MacBook-Pro.local" time="0.007">
  <properties/>
  <testcase name="getCourseById()" classname="CSCI5308.GroupFormationTool.Course.CourseRepositoryTest" time="0.002"/>
  <testcase name="deleteCourseTest()" classname="CSCI5308.GroupFormationTool.Course.CourseRepositoryTest" time="0.001"/>
  <testcase name="createCourse()" classname="CSCI5308.GroupFormationTool.Course.CourseRepositoryTest" time="0.001"/>
  <testcase name="getAllCourses()" classname="CSCI5308.GroupFormationTool.Course.CourseRepositoryTest" time="0.001"/>
  <system-out><![CDATA[]]></system-out>
  <system-err><![CDATA[]]></system-err>
</testsuite>
