<?xml version="1.0" encoding="UTF-8"?>
<testsuite name="CSCI5308.GroupFormationTool.User.UserRepositoryTest" tests="4" skipped="0" failures="0" errors="0" timestamp="2020-07-09T16:37:34" hostname="Prabhjots-MacBook-Pro.local" time="0.005">
  <properties/>
  <testcase name="createUserTest()" classname="CSCI5308.GroupFormationTool.User.UserRepositoryTest" time="0.001"/>
  <testcase name="getUserByBannerIdTest()" classname="CSCI5308.GroupFormationTool.User.UserRepositoryTest" time="0.001"/>
  <testcase name="getUserByEmailIdTest()" classname="CSCI5308.GroupFormationTool.User.UserRepositoryTest" time="0.0"/>
  <testcase name="getAdminDetailsTest()" classname="CSCI5308.GroupFormationTool.User.UserRepositoryTest" time="0.001"/>
  <system-out><![CDATA[2020-07-09 13:37:34.216  INFO 7318 --- [    Test worker] .b.t.c.SpringBootTestContextBootstrapper : Neither @ContextConfiguration nor @ContextHierarchy found for test class [CSCI5308.GroupFormationTool.User.UserRepositoryTest], using SpringBootContextLoader
2020-07-09 13:37:34.216  INFO 7318 --- [    Test worker] o.s.t.c.support.AbstractContextLoader    : Could not detect default resource locations for test class [CSCI5308.GroupFormationTool.User.UserRepositoryTest]: no resource found for suffixes {-context.xml, Context.groovy}.
2020-07-09 13:37:34.216  INFO 7318 --- [    Test worker] t.c.s.AnnotationConfigContextLoaderUtils : Could not detect default configuration classes for test class [CSCI5308.GroupFormationTool.User.UserRepositoryTest]: UserRepositoryTest does not declare any static, non-private, non-final, nested classes annotated with @Configuration.
2020-07-09 13:37:34.217  INFO 7318 --- [    Test worker] .b.t.c.SpringBootTestContextBootstrapper : Found @SpringBootConfiguration CSCI5308.GroupFormationTool.GroupFormationToolApplication for test class CSCI5308.GroupFormationTool.User.UserRepositoryTest
2020-07-09 13:37:34.217  INFO 7318 --- [    Test worker] .b.t.c.SpringBootTestContextBootstrapper : Loaded default TestExecutionListener class names from location [META-INF/spring.factories]: [org.springframework.security.test.context.support.WithSecurityContextTestExecutionListener, org.springframework.security.test.context.support.ReactorContextTestExecutionListener, org.springframework.boot.test.autoconfigure.restdocs.RestDocsTestExecutionListener, org.springframework.boot.test.autoconfigure.web.client.MockRestServiceServerResetTestExecutionListener, org.springframework.boot.test.autoconfigure.web.servlet.MockMvcPrintOnlyOnFailureTestExecutionListener, org.springframework.boot.test.autoconfigure.web.servlet.WebDriverTestExecutionListener, org.springframework.boot.test.mock.mockito.MockitoTestExecutionListener, org.springframework.boot.test.mock.mockito.ResetMocksTestExecutionListener, org.springframework.test.context.web.ServletTestExecutionListener, org.springframework.test.context.support.DirtiesContextBeforeModesTestExecutionListener, org.springframework.test.context.support.DependencyInjectionTestExecutionListener, org.springframework.test.context.support.DirtiesContextTestExecutionListener, org.springframework.test.context.transaction.TransactionalTestExecutionListener, org.springframework.test.context.jdbc.SqlScriptsTestExecutionListener, org.springframework.test.context.event.EventPublishingTestExecutionListener]
2020-07-09 13:37:34.218  INFO 7318 --- [    Test worker] .b.t.c.SpringBootTestContextBootstrapper : Using TestExecutionListeners: [org.springframework.test.context.web.ServletTestExecutionListener@77d15f4c, org.springframework.test.context.support.DirtiesContextBeforeModesTestExecutionListener@3a94abec, org.springframework.boot.test.mock.mockito.MockitoTestExecutionListener@44885c08, org.springframework.boot.test.autoconfigure.SpringBootDependencyInjectionTestExecutionListener@26cb2d76, org.springframework.test.context.support.DirtiesContextTestExecutionListener@5b9d2ddc, org.springframework.security.test.context.support.WithSecurityContextTestExecutionListener@44493688, org.springframework.test.context.event.EventPublishingTestExecutionListener@42275a15, org.springframework.security.test.context.support.ReactorContextTestExecutionListener@3d787fba, org.springframework.boot.test.autoconfigure.restdocs.RestDocsTestExecutionListener@fb94604, org.springframework.boot.test.autoconfigure.web.client.MockRestServiceServerResetTestExecutionListener@2c9cc0d, org.springframework.boot.test.autoconfigure.web.servlet.MockMvcPrintOnlyOnFailureTestExecutionListener@7ac6d9b3, org.springframework.boot.test.autoconfigure.web.servlet.WebDriverTestExecutionListener@4bdfcfe, org.springframework.boot.test.mock.mockito.ResetMocksTestExecutionListener@41f1030b]
]]></system-out>
  <system-err><![CDATA[]]></system-err>
</testsuite>
