<?xml version="1.0" encoding="UTF-8"?>
<testsuite name="CSCI5308.GroupFormationTool.GroupFormation.GroupFormationManagerTest" tests="4" skipped="0" failures="0" errors="0" timestamp="2020-07-16T16:22:16" hostname="Prabhjots-MacBook-Pro.local" time="0.018">
  <properties/>
  <testcase name="insertGroupsToCourse()" classname="CSCI5308.GroupFormationTool.GroupFormation.GroupFormationManagerTest" time="0.01"/>
  <testcase name="formGroupsTest()" classname="CSCI5308.GroupFormationTool.GroupFormation.GroupFormationManagerTest" time="0.005"/>
  <testcase name="deleteGroupsForCourse()" classname="CSCI5308.GroupFormationTool.GroupFormation.GroupFormationManagerTest" time="0.001"/>
  <testcase name="getGroupsForCourseTest()" classname="CSCI5308.GroupFormationTool.GroupFormation.GroupFormationManagerTest" time="0.001"/>
  <system-out><![CDATA[2020-07-16 13:22:16.723  INFO 40985 --- [    Test worker] C.G.G.GroupFormationManager              : Inserting into the groups for the course from the repository
2020-07-16 13:22:16.724  INFO 40985 --- [    Test worker] C.G.G.GroupFormationManager              : Inserting into the groups for the course from the repository
2020-07-16 13:22:16.725  INFO 40985 --- [    Test worker] C.G.G.GroupFormationManager              : Fetching the survey questions
2020-07-16 13:22:16.725  INFO 40985 --- [    Test worker] C.GroupFormationTool.Survey.Survey       : Getting the survey questions for a course
2020-07-16 13:22:16.726  INFO 40985 --- [    Test worker] C.G.G.GroupFormationManager              : Fetching the list of students who took the survey
2020-07-16 13:22:16.726  INFO 40985 --- [    Test worker] C.GroupFormationTool.Survey.Survey       : Getting the users who took the questions for a course survey
2020-07-16 13:22:16.726  INFO 40985 --- [    Test worker] C.G.G.GroupFormationManager              : Fetching the group formation logic to form groups
2020-07-16 13:22:16.726  INFO 40985 --- [    Test worker] C.G.G.GroupFormationManager              : Fetching all the student responses for the survey
2020-07-16 13:22:16.726  INFO 40985 --- [    Test worker] C.GroupFormationTool.Survey.Survey       : Getting the responses of all users who took the course survey
2020-07-16 13:22:16.730  INFO 40985 --- [    Test worker] C.G.G.GroupFormationManager              : Deleting the groups for the course from the repository
2020-07-16 13:22:16.731  INFO 40985 --- [    Test worker] C.G.G.GroupFormationManager              : Fetching the groups for the course from the repository
]]></system-out>
  <system-err><![CDATA[]]></system-err>
</testsuite>
