<?xml version="1.0" encoding="UTF-8"?>
<testsuite name="CSCI5308.GroupFormationTool.Question.QuestionAdminControllerTest" tests="3" skipped="0" failures="0" errors="0" timestamp="2020-07-07T18:40:38" hostname="Prabhjots-MacBook-Pro.local" time="0.039">
  <properties/>
  <testcase name="viewQuestion()" classname="CSCI5308.GroupFormationTool.Question.QuestionAdminControllerTest" time="0.024"/>
  <testcase name="sortQuestion()" classname="CSCI5308.GroupFormationTool.Question.QuestionAdminControllerTest" time="0.008"/>
  <testcase name="questionListTest()" classname="CSCI5308.GroupFormationTool.Question.QuestionAdminControllerTest" time="0.006"/>
  <system-out><![CDATA[2020-07-07 15:40:37.726  INFO 22184 --- [    Test worker] .b.t.a.w.s.WebMvcTestContextBootstrapper : Neither @ContextConfiguration nor @ContextHierarchy found for test class [CSCI5308.GroupFormationTool.Question.QuestionAdminControllerTest], using SpringBootContextLoader
2020-07-07 15:40:37.726  INFO 22184 --- [    Test worker] o.s.t.c.support.AbstractContextLoader    : Could not detect default resource locations for test class [CSCI5308.GroupFormationTool.Question.QuestionAdminControllerTest]: no resource found for suffixes {-context.xml, Context.groovy}.
2020-07-07 15:40:37.726  INFO 22184 --- [    Test worker] t.c.s.AnnotationConfigContextLoaderUtils : Could not detect default configuration classes for test class [CSCI5308.GroupFormationTool.Question.QuestionAdminControllerTest]: QuestionAdminControllerTest does not declare any static, non-private, non-final, nested classes annotated with @Configuration.
2020-07-07 15:40:37.728  INFO 22184 --- [    Test worker] .b.t.c.SpringBootTestContextBootstrapper : Found @SpringBootConfiguration CSCI5308.GroupFormationTool.GroupFormationToolApplication for test class CSCI5308.GroupFormationTool.Question.QuestionAdminControllerTest
2020-07-07 15:40:37.728  INFO 22184 --- [    Test worker] .b.t.a.w.s.WebMvcTestContextBootstrapper : Loaded default TestExecutionListener class names from location [META-INF/spring.factories]: [org.springframework.security.test.context.support.WithSecurityContextTestExecutionListener, org.springframework.security.test.context.support.ReactorContextTestExecutionListener, org.springframework.boot.test.autoconfigure.restdocs.RestDocsTestExecutionListener, org.springframework.boot.test.autoconfigure.web.client.MockRestServiceServerResetTestExecutionListener, org.springframework.boot.test.autoconfigure.web.servlet.MockMvcPrintOnlyOnFailureTestExecutionListener, org.springframework.boot.test.autoconfigure.web.servlet.WebDriverTestExecutionListener, org.springframework.boot.test.mock.mockito.MockitoTestExecutionListener, org.springframework.boot.test.mock.mockito.ResetMocksTestExecutionListener, org.springframework.test.context.web.ServletTestExecutionListener, org.springframework.test.context.support.DirtiesContextBeforeModesTestExecutionListener, org.springframework.test.context.support.DependencyInjectionTestExecutionListener, org.springframework.test.context.support.DirtiesContextTestExecutionListener, org.springframework.test.context.transaction.TransactionalTestExecutionListener, org.springframework.test.context.jdbc.SqlScriptsTestExecutionListener, org.springframework.test.context.event.EventPublishingTestExecutionListener]
2020-07-07 15:40:37.729  INFO 22184 --- [    Test worker] .b.t.a.w.s.WebMvcTestContextBootstrapper : Using TestExecutionListeners: [org.springframework.test.context.web.ServletTestExecutionListener@7a22e205, org.springframework.test.context.support.DirtiesContextBeforeModesTestExecutionListener@36a81927, org.springframework.boot.test.mock.mockito.MockitoTestExecutionListener@70d7d18f, org.springframework.boot.test.autoconfigure.SpringBootDependencyInjectionTestExecutionListener@6e150462, org.springframework.test.context.support.DirtiesContextTestExecutionListener@34af16f, org.springframework.security.test.context.support.WithSecurityContextTestExecutionListener@75ddb100, org.springframework.test.context.event.EventPublishingTestExecutionListener@3b485d9d, org.springframework.security.test.context.support.ReactorContextTestExecutionListener@7db87882, org.springframework.boot.test.autoconfigure.restdocs.RestDocsTestExecutionListener@292d2fd3, org.springframework.boot.test.autoconfigure.web.client.MockRestServiceServerResetTestExecutionListener@3160de47, org.springframework.boot.test.autoconfigure.web.servlet.MockMvcPrintOnlyOnFailureTestExecutionListener@48bdd943, org.springframework.boot.test.autoconfigure.web.servlet.WebDriverTestExecutionListener@76ffd4be, org.springframework.boot.test.mock.mockito.ResetMocksTestExecutionListener@366c2e05]

  .   ____          _            __ _ _
 /\\ / ___'_ __ _ _(_)_ __  __ _ \ \ \ \
( ( )\___ | '_ | '_| | '_ \/ _` | \ \ \ \
 \\/  ___)| |_)| | | | | || (_| |  ) ) ) )
  '  |____| .__|_| |_|_| |_\__, | / / / /
 =========|_|==============|___/=/_/_/_/
 :: Spring Boot ::        (v2.2.7.RELEASE)

2020-07-07 15:40:37.742  INFO 22184 --- [    Test worker] C.G.Q.QuestionAdminControllerTest        : Starting QuestionAdminControllerTest on Prabhjots-MacBook-Pro.local with PID 22184 (started by prabhjotkaur in /Users/prabhjotkaur/git/group22)
2020-07-07 15:40:37.743  INFO 22184 --- [    Test worker] C.G.Q.QuestionAdminControllerTest        : No active profile set, falling back to default profiles: default
2020-07-07 15:40:37.886  INFO 22184 --- [    Test worker] o.s.s.web.DefaultSecurityFilterChain     : Creating filter chain: Ant [pattern='/resources/**'], []
2020-07-07 15:40:37.939  INFO 22184 --- [    Test worker] o.s.s.web.DefaultSecurityFilterChain     : Creating filter chain: any request, [org.springframework.security.web.context.request.async.WebAsyncManagerIntegrationFilter@2a5f978d, org.springframework.security.web.context.SecurityContextPersistenceFilter@21e6f763, org.springframework.security.web.header.HeaderWriterFilter@6b5fff56, org.springframework.security.web.csrf.CsrfFilter@3ce364af, org.springframework.security.web.authentication.logout.LogoutFilter@3d626f48, org.springframework.security.web.authentication.UsernamePasswordAuthenticationFilter@2e0ec55a, org.springframework.security.web.savedrequest.RequestCacheAwareFilter@c8f293, org.springframework.security.web.servletapi.SecurityContextHolderAwareRequestFilter@14791893, org.springframework.security.web.authentication.AnonymousAuthenticationFilter@1f4aa782, org.springframework.security.web.session.SessionManagementFilter@6072d10, org.springframework.security.web.access.ExceptionTranslationFilter@69f91ec2, org.springframework.security.web.access.intercept.FilterSecurityInterceptor@233217cf]
2020-07-07 15:40:38.010  INFO 22184 --- [    Test worker] o.s.s.concurrent.ThreadPoolTaskExecutor  : Initializing ExecutorService 'applicationTaskExecutor'
2020-07-07 15:40:38.030  INFO 22184 --- [    Test worker] o.s.b.a.w.s.WelcomePageHandlerMapping    : Adding welcome page template: index
2020-07-07 15:40:38.111  INFO 22184 --- [    Test worker] o.s.b.t.m.w.SpringBootMockServletContext : Initializing Spring TestDispatcherServlet ''
2020-07-07 15:40:38.111  INFO 22184 --- [    Test worker] o.s.t.web.servlet.TestDispatcherServlet  : Initializing Servlet ''
2020-07-07 15:40:38.116  INFO 22184 --- [    Test worker] o.s.t.web.servlet.TestDispatcherServlet  : Completed initialization in 5 ms
2020-07-07 15:40:38.125  INFO 22184 --- [    Test worker] C.G.Q.QuestionAdminControllerTest        : Started QuestionAdminControllerTest in 0.394 seconds (JVM running for 6.228)

MockHttpServletRequest:
      HTTP Method = GET
      Request URI = /questionManager/viewQuestion
       Parameters = {questionId=[1]}
          Headers = []
             Body = <no character encoding set>
    Session Attrs = {}

Handler:
             Type = CSCI5308.GroupFormationTool.Question.QuestionAdminController
           Method = CSCI5308.GroupFormationTool.Question.QuestionAdminController#viewQuestion(long, Model)

Async:
    Async started = false
     Async result = null

Resolved Exception:
             Type = null

ModelAndView:
        View name = question/viewQuestion
             View = null
        Attribute = question
            value = CSCI5308.GroupFormationTool.Question.Question@5be68673
           errors = []

FlashMap:
       Attributes = null

MockHttpServletResponse:
           Status = 200
    Error message = null
          Headers = [Content-Language:"en", Content-Type:"text/html;charset=UTF-8", X-Content-Type-Options:"nosniff", X-XSS-Protection:"1; mode=block", Cache-Control:"no-cache, no-store, max-age=0, must-revalidate", Pragma:"no-cache", Expires:"0", X-Frame-Options:"DENY"]
     Content type = text/html;charset=UTF-8
             Body = <!DOCTYPE html>
<html lang="en" xmlns="http://www.w3.org/1999/xhtml">
<head>
    <meta charset="utf-8"/>
    <meta http-equiv="X-UA-Compatible" content="IE=edge"/>
    <meta name="viewport" content="width=device-width, initial-scale=1"/>
    <link rel="icon" href="favicon.ico"/>
    <title>View Question</title>
    <link
            href="//maxcdn.bootstrapcdn.com/bootstrap/3.3.7/css/bootstrap.min.css"
            rel="stylesheet"
            integrity="sha384-BVYiiSIFeK1dGmJRAkycuHAHRg32OmUcww7on3RYdg4Va+PmSTsz/K68vbdEjh4u"
            crossorigin="anonymous"/>

</head>
<body style="background-color: #e7ebee">
<div class="container" style="padding: 20px;font-size:24px;">
    <div>
        <p>You have not yet logged in to the application. Please login to
            continue...</p>
        <a href="/login">Click here to log in!</a>
    </div>

    
</div>
</body>
</html>
    Forwarded URL = null
   Redirected URL = null
          Cookies = []

MockHttpServletRequest:
      HTTP Method = GET
      Request URI = /questionManager/sortQuestion
       Parameters = {sortby=[title]}
          Headers = []
             Body = <no character encoding set>
    Session Attrs = {}

Handler:
             Type = CSCI5308.GroupFormationTool.Question.QuestionAdminController
           Method = CSCI5308.GroupFormationTool.Question.QuestionAdminController#sortQuestion(String, Model)

Async:
    Async started = false
     Async result = null

Resolved Exception:
             Type = null

ModelAndView:
        View name = question/questionManager
             View = null
        Attribute = questionList
            value = []

FlashMap:
       Attributes = null

MockHttpServletResponse:
           Status = 200
    Error message = null
          Headers = [Content-Language:"en", Content-Type:"text/html;charset=UTF-8", X-Content-Type-Options:"nosniff", X-XSS-Protection:"1; mode=block", Cache-Control:"no-cache, no-store, max-age=0, must-revalidate", Pragma:"no-cache", Expires:"0", X-Frame-Options:"DENY"]
     Content type = text/html;charset=UTF-8
             Body = <!DOCTYPE html>
<html lang="en" xmlns="http://www.w3.org/1999/xhtml">
<head>
    <meta charset="utf-8"/>
    <meta http-equiv="X-UA-Compatible" content="IE=edge"/>
    <meta name="viewport" content="width=device-width, initial-scale=1"/>
    <link rel="icon" href="favicon.ico"/>
    <title>Instructor Question Manager</title>
    <link
            href="//maxcdn.bootstrapcdn.com/bootstrap/3.3.7/css/bootstrap.min.css"
            rel="stylesheet"
            integrity="sha384-BVYiiSIFeK1dGmJRAkycuHAHRg32OmUcww7on3RYdg4Va+PmSTsz/K68vbdEjh4u"
            crossorigin="anonymous"/>

</head>
<body style="background-color: #e7ebee">
<div class="container">
    <div>
        <p>You have not yet logged in to the application. Please login to
            continue...</p>
        <a href="/login">Click here to log in!</a>
    </div>

    
</div>
</body>
</html>
    Forwarded URL = null
   Redirected URL = null
          Cookies = []

MockHttpServletRequest:
      HTTP Method = GET
      Request URI = /questionManager/questionManager
       Parameters = {}
          Headers = []
             Body = <no character encoding set>
    Session Attrs = {}

Handler:
             Type = CSCI5308.GroupFormationTool.Question.QuestionAdminController
           Method = CSCI5308.GroupFormationTool.Question.QuestionAdminController#questionList(Model)

Async:
    Async started = false
     Async result = null

Resolved Exception:
             Type = null

ModelAndView:
        View name = question/questionManager
             View = null
        Attribute = questionList
            value = []

FlashMap:
       Attributes = null

MockHttpServletResponse:
           Status = 200
    Error message = null
          Headers = [Content-Language:"en", Content-Type:"text/html;charset=UTF-8", X-Content-Type-Options:"nosniff", X-XSS-Protection:"1; mode=block", Cache-Control:"no-cache, no-store, max-age=0, must-revalidate", Pragma:"no-cache", Expires:"0", X-Frame-Options:"DENY"]
     Content type = text/html;charset=UTF-8
             Body = <!DOCTYPE html>
<html lang="en" xmlns="http://www.w3.org/1999/xhtml">
<head>
    <meta charset="utf-8"/>
    <meta http-equiv="X-UA-Compatible" content="IE=edge"/>
    <meta name="viewport" content="width=device-width, initial-scale=1"/>
    <link rel="icon" href="favicon.ico"/>
    <title>Instructor Question Manager</title>
    <link
            href="//maxcdn.bootstrapcdn.com/bootstrap/3.3.7/css/bootstrap.min.css"
            rel="stylesheet"
            integrity="sha384-BVYiiSIFeK1dGmJRAkycuHAHRg32OmUcww7on3RYdg4Va+PmSTsz/K68vbdEjh4u"
            crossorigin="anonymous"/>

</head>
<body style="background-color: #e7ebee">
<div class="container">
    <div>
        <p>You have not yet logged in to the application. Please login to
            continue...</p>
        <a href="/login">Click here to log in!</a>
    </div>

    
</div>
</body>
</html>
    Forwarded URL = null
   Redirected URL = null
          Cookies = []
]]></system-out>
  <system-err><![CDATA[]]></system-err>
</testsuite>
