<?xml version="1.0" encoding="UTF-8"?>
<testsuite name="CSCI5308.GroupFormationTool.SecurityTest.BCryptEncryptionTest" tests="1" skipped="0" failures="0" errors="0" timestamp="2020-06-04T21:50:08" hostname="Prabhjots-MacBook-Pro.local" time="0.001">
  <properties/>
  <testcase name="encryptPasswordTest()" classname="CSCI5308.GroupFormationTool.SecurityTest.BCryptEncryptionTest" time="0.001"/>
  <system-out><![CDATA[2020-06-04 18:50:08.200  INFO 36983 --- [    Test worker] .b.t.c.SpringBootTestContextBootstrapper : Neither @ContextConfiguration nor @ContextHierarchy found for test class [CSCI5308.GroupFormationTool.SecurityTest.BCryptEncryptionTest], using SpringBootContextLoader
2020-06-04 18:50:08.201  INFO 36983 --- [    Test worker] o.s.t.c.support.AbstractContextLoader    : Could not detect default resource locations for test class [CSCI5308.GroupFormationTool.SecurityTest.BCryptEncryptionTest]: no resource found for suffixes {-context.xml, Context.groovy}.
2020-06-04 18:50:08.201  INFO 36983 --- [    Test worker] t.c.s.AnnotationConfigContextLoaderUtils : Could not detect default configuration classes for test class [CSCI5308.GroupFormationTool.SecurityTest.BCryptEncryptionTest]: BCryptEncryptionTest does not declare any static, non-private, non-final, nested classes annotated with @Configuration.
2020-06-04 18:50:08.204  INFO 36983 --- [    Test worker] .b.t.c.SpringBootTestContextBootstrapper : Found @SpringBootConfiguration CSCI5308.GroupFormationTool.GroupFormationToolApplication for test class CSCI5308.GroupFormationTool.SecurityTest.BCryptEncryptionTest
2020-06-04 18:50:08.205  INFO 36983 --- [    Test worker] .b.t.c.SpringBootTestContextBootstrapper : Loaded default TestExecutionListener class names from location [META-INF/spring.factories]: [org.springframework.security.test.context.support.WithSecurityContextTestExecutionListener, org.springframework.security.test.context.support.ReactorContextTestExecutionListener, org.springframework.boot.test.autoconfigure.restdocs.RestDocsTestExecutionListener, org.springframework.boot.test.autoconfigure.web.client.MockRestServiceServerResetTestExecutionListener, org.springframework.boot.test.autoconfigure.web.servlet.MockMvcPrintOnlyOnFailureTestExecutionListener, org.springframework.boot.test.autoconfigure.web.servlet.WebDriverTestExecutionListener, org.springframework.boot.test.mock.mockito.MockitoTestExecutionListener, org.springframework.boot.test.mock.mockito.ResetMocksTestExecutionListener, org.springframework.test.context.web.ServletTestExecutionListener, org.springframework.test.context.support.DirtiesContextBeforeModesTestExecutionListener, org.springframework.test.context.support.DependencyInjectionTestExecutionListener, org.springframework.test.context.support.DirtiesContextTestExecutionListener, org.springframework.test.context.transaction.TransactionalTestExecutionListener, org.springframework.test.context.jdbc.SqlScriptsTestExecutionListener, org.springframework.test.context.event.EventPublishingTestExecutionListener]
2020-06-04 18:50:08.206  INFO 36983 --- [    Test worker] .b.t.c.SpringBootTestContextBootstrapper : Using TestExecutionListeners: [org.springframework.test.context.web.ServletTestExecutionListener@134a9036, org.springframework.test.context.support.DirtiesContextBeforeModesTestExecutionListener@27b64157, org.springframework.boot.test.mock.mockito.MockitoTestExecutionListener@47184e3d, org.springframework.boot.test.autoconfigure.SpringBootDependencyInjectionTestExecutionListener@18497778, org.springframework.test.context.support.DirtiesContextTestExecutionListener@5f459f67, org.springframework.security.test.context.support.WithSecurityContextTestExecutionListener@4a6cc121, org.springframework.test.context.event.EventPublishingTestExecutionListener@4f8007f7, org.springframework.security.test.context.support.ReactorContextTestExecutionListener@1c215bc8, org.springframework.boot.test.autoconfigure.restdocs.RestDocsTestExecutionListener@6f6c518c, org.springframework.boot.test.autoconfigure.web.client.MockRestServiceServerResetTestExecutionListener@4325f089, org.springframework.boot.test.autoconfigure.web.servlet.MockMvcPrintOnlyOnFailureTestExecutionListener@c55f8a5, org.springframework.boot.test.autoconfigure.web.servlet.WebDriverTestExecutionListener@1a3c0dfc, org.springframework.boot.test.mock.mockito.ResetMocksTestExecutionListener@17d1df06]
]]></system-out>
  <system-err><![CDATA[]]></system-err>
</testsuite>
