<?xml version="1.0" encoding="UTF-8"?>
<testsuite name="CSCI5308.GroupFormationTool.Model.CourseTest" tests="8" skipped="0" failures="0" errors="0" timestamp="2020-06-04T21:36:13" hostname="Prabhjots-MacBook-Pro.local" time="0.013">
  <properties/>
  <testcase name="getCreditsTest()" classname="CSCI5308.GroupFormationTool.Model.CourseTest" time="0.002"/>
  <testcase name="setNameTest()" classname="CSCI5308.GroupFormationTool.Model.CourseTest" time="0.001"/>
  <testcase name="getNameTest()" classname="CSCI5308.GroupFormationTool.Model.CourseTest" time="0.001"/>
  <testcase name="setIdTest()" classname="CSCI5308.GroupFormationTool.Model.CourseTest" time="0.001"/>
  <testcase name="getIdTest()" classname="CSCI5308.GroupFormationTool.Model.CourseTest" time="0.001"/>
  <testcase name="getDescriptionTest()" classname="CSCI5308.GroupFormationTool.Model.CourseTest" time="0.002"/>
  <testcase name="setDescriptionTest()" classname="CSCI5308.GroupFormationTool.Model.CourseTest" time="0.001"/>
  <testcase name="setCreditsTest()" classname="CSCI5308.GroupFormationTool.Model.CourseTest" time="0.001"/>
  <system-out><![CDATA[2020-06-04 18:36:13.789  INFO 35965 --- [    Test worker] .b.t.c.SpringBootTestContextBootstrapper : Neither @ContextConfiguration nor @ContextHierarchy found for test class [CSCI5308.GroupFormationTool.Model.CourseTest], using SpringBootContextLoader
2020-06-04 18:36:13.789  INFO 35965 --- [    Test worker] o.s.t.c.support.AbstractContextLoader    : Could not detect default resource locations for test class [CSCI5308.GroupFormationTool.Model.CourseTest]: no resource found for suffixes {-context.xml, Context.groovy}.
2020-06-04 18:36:13.790  INFO 35965 --- [    Test worker] t.c.s.AnnotationConfigContextLoaderUtils : Could not detect default configuration classes for test class [CSCI5308.GroupFormationTool.Model.CourseTest]: CourseTest does not declare any static, non-private, non-final, nested classes annotated with @Configuration.
2020-06-04 18:36:13.790  INFO 35965 --- [    Test worker] .b.t.c.SpringBootTestContextBootstrapper : Found @SpringBootConfiguration CSCI5308.GroupFormationTool.GroupFormationToolApplication for test class CSCI5308.GroupFormationTool.Model.CourseTest
2020-06-04 18:36:13.791  INFO 35965 --- [    Test worker] .b.t.c.SpringBootTestContextBootstrapper : Loaded default TestExecutionListener class names from location [META-INF/spring.factories]: [org.springframework.security.test.context.support.WithSecurityContextTestExecutionListener, org.springframework.security.test.context.support.ReactorContextTestExecutionListener, org.springframework.boot.test.autoconfigure.restdocs.RestDocsTestExecutionListener, org.springframework.boot.test.autoconfigure.web.client.MockRestServiceServerResetTestExecutionListener, org.springframework.boot.test.autoconfigure.web.servlet.MockMvcPrintOnlyOnFailureTestExecutionListener, org.springframework.boot.test.autoconfigure.web.servlet.WebDriverTestExecutionListener, org.springframework.boot.test.mock.mockito.MockitoTestExecutionListener, org.springframework.boot.test.mock.mockito.ResetMocksTestExecutionListener, org.springframework.test.context.web.ServletTestExecutionListener, org.springframework.test.context.support.DirtiesContextBeforeModesTestExecutionListener, org.springframework.test.context.support.DependencyInjectionTestExecutionListener, org.springframework.test.context.support.DirtiesContextTestExecutionListener, org.springframework.test.context.transaction.TransactionalTestExecutionListener, org.springframework.test.context.jdbc.SqlScriptsTestExecutionListener, org.springframework.test.context.event.EventPublishingTestExecutionListener]
2020-06-04 18:36:13.792  INFO 35965 --- [    Test worker] .b.t.c.SpringBootTestContextBootstrapper : Using TestExecutionListeners: [org.springframework.test.context.web.ServletTestExecutionListener@4e5a0e, org.springframework.test.context.support.DirtiesContextBeforeModesTestExecutionListener@6eed3020, org.springframework.boot.test.mock.mockito.MockitoTestExecutionListener@c689b5f, org.springframework.boot.test.autoconfigure.SpringBootDependencyInjectionTestExecutionListener@7cb198b0, org.springframework.test.context.support.DirtiesContextTestExecutionListener@e5d2302, org.springframework.security.test.context.support.WithSecurityContextTestExecutionListener@9b67ed9, org.springframework.test.context.event.EventPublishingTestExecutionListener@414cbed3, org.springframework.security.test.context.support.ReactorContextTestExecutionListener@31c8ca52, org.springframework.boot.test.autoconfigure.restdocs.RestDocsTestExecutionListener@566aba5a, org.springframework.boot.test.autoconfigure.web.client.MockRestServiceServerResetTestExecutionListener@6c1056f8, org.springframework.boot.test.autoconfigure.web.servlet.MockMvcPrintOnlyOnFailureTestExecutionListener@480ed78f, org.springframework.boot.test.autoconfigure.web.servlet.WebDriverTestExecutionListener@3fe31e86, org.springframework.boot.test.mock.mockito.ResetMocksTestExecutionListener@3cd8cb4a]
]]></system-out>
  <system-err><![CDATA[]]></system-err>
</testsuite>
