<?xml version="1.0" encoding="UTF-8"?>
<testsuite name="CSCI5308.GroupFormationTool.Question.QuestionManagerRepositoryTest" tests="2" skipped="0" failures="0" errors="0" timestamp="2020-07-09T16:37:35" hostname="Prabhjots-MacBook-Pro.local" time="0.001">
  <properties/>
  <testcase name="deleteQuestionTest()" classname="CSCI5308.GroupFormationTool.Question.QuestionManagerRepositoryTest" time="0.0"/>
  <testcase name="createQuestionTest()" classname="CSCI5308.GroupFormationTool.Question.QuestionManagerRepositoryTest" time="0.0"/>
  <system-out><![CDATA[2020-07-09 13:37:35.040  INFO 7318 --- [    Test worker] .b.t.c.SpringBootTestContextBootstrapper : Neither @ContextConfiguration nor @ContextHierarchy found for test class [CSCI5308.GroupFormationTool.Question.QuestionManagerRepositoryTest], using SpringBootContextLoader
2020-07-09 13:37:35.041  INFO 7318 --- [    Test worker] o.s.t.c.support.AbstractContextLoader    : Could not detect default resource locations for test class [CSCI5308.GroupFormationTool.Question.QuestionManagerRepositoryTest]: no resource found for suffixes {-context.xml, Context.groovy}.
2020-07-09 13:37:35.041  INFO 7318 --- [    Test worker] t.c.s.AnnotationConfigContextLoaderUtils : Could not detect default configuration classes for test class [CSCI5308.GroupFormationTool.Question.QuestionManagerRepositoryTest]: QuestionManagerRepositoryTest does not declare any static, non-private, non-final, nested classes annotated with @Configuration.
2020-07-09 13:37:35.041  INFO 7318 --- [    Test worker] .b.t.c.SpringBootTestContextBootstrapper : Found @SpringBootConfiguration CSCI5308.GroupFormationTool.GroupFormationToolApplication for test class CSCI5308.GroupFormationTool.Question.QuestionManagerRepositoryTest
2020-07-09 13:37:35.042  INFO 7318 --- [    Test worker] .b.t.c.SpringBootTestContextBootstrapper : Loaded default TestExecutionListener class names from location [META-INF/spring.factories]: [org.springframework.security.test.context.support.WithSecurityContextTestExecutionListener, org.springframework.security.test.context.support.ReactorContextTestExecutionListener, org.springframework.boot.test.autoconfigure.restdocs.RestDocsTestExecutionListener, org.springframework.boot.test.autoconfigure.web.client.MockRestServiceServerResetTestExecutionListener, org.springframework.boot.test.autoconfigure.web.servlet.MockMvcPrintOnlyOnFailureTestExecutionListener, org.springframework.boot.test.autoconfigure.web.servlet.WebDriverTestExecutionListener, org.springframework.boot.test.mock.mockito.MockitoTestExecutionListener, org.springframework.boot.test.mock.mockito.ResetMocksTestExecutionListener, org.springframework.test.context.web.ServletTestExecutionListener, org.springframework.test.context.support.DirtiesContextBeforeModesTestExecutionListener, org.springframework.test.context.support.DependencyInjectionTestExecutionListener, org.springframework.test.context.support.DirtiesContextTestExecutionListener, org.springframework.test.context.transaction.TransactionalTestExecutionListener, org.springframework.test.context.jdbc.SqlScriptsTestExecutionListener, org.springframework.test.context.event.EventPublishingTestExecutionListener]
2020-07-09 13:37:35.043  INFO 7318 --- [    Test worker] .b.t.c.SpringBootTestContextBootstrapper : Using TestExecutionListeners: [org.springframework.test.context.web.ServletTestExecutionListener@1c2f3c03, org.springframework.test.context.support.DirtiesContextBeforeModesTestExecutionListener@7ee3e770, org.springframework.boot.test.mock.mockito.MockitoTestExecutionListener@7da272cc, org.springframework.boot.test.autoconfigure.SpringBootDependencyInjectionTestExecutionListener@148f0ba6, org.springframework.test.context.support.DirtiesContextTestExecutionListener@71a5f210, org.springframework.security.test.context.support.WithSecurityContextTestExecutionListener@101c4333, org.springframework.test.context.event.EventPublishingTestExecutionListener@7e4667ee, org.springframework.security.test.context.support.ReactorContextTestExecutionListener@127881bb, org.springframework.boot.test.autoconfigure.restdocs.RestDocsTestExecutionListener@4c13d496, org.springframework.boot.test.autoconfigure.web.client.MockRestServiceServerResetTestExecutionListener@3ee413fc, org.springframework.boot.test.autoconfigure.web.servlet.MockMvcPrintOnlyOnFailureTestExecutionListener@73d07ad9, org.springframework.boot.test.autoconfigure.web.servlet.WebDriverTestExecutionListener@25f35841, org.springframework.boot.test.mock.mockito.ResetMocksTestExecutionListener@77168f0d]
]]></system-out>
  <system-err><![CDATA[]]></system-err>
</testsuite>
