<?xml version="1.0" encoding="UTF-8"?>
<testsuite name="CSCI5308.GroupFormationTool.GroupFormationToolApplicationTests" tests="1" skipped="0" failures="0" errors="0" timestamp="2020-05-29T15:33:50" hostname="Prabhjots-MacBook-Pro.local" time="0.001">
  <properties/>
  <testcase name="contextLoads()" classname="CSCI5308.GroupFormationTool.GroupFormationToolApplicationTests" time="0.001"/>
  <system-out><![CDATA[2020-05-29 12:33:50.182  INFO 4042 --- [    Test worker] .b.t.c.SpringBootTestContextBootstrapper : Neither @ContextConfiguration nor @ContextHierarchy found for test class [CSCI5308.GroupFormationTool.GroupFormationToolApplicationTests], using SpringBootContextLoader
2020-05-29 12:33:50.183  INFO 4042 --- [    Test worker] o.s.t.c.support.AbstractContextLoader    : Could not detect default resource locations for test class [CSCI5308.GroupFormationTool.GroupFormationToolApplicationTests]: no resource found for suffixes {-context.xml, Context.groovy}.
2020-05-29 12:33:50.183  INFO 4042 --- [    Test worker] t.c.s.AnnotationConfigContextLoaderUtils : Could not detect default configuration classes for test class [CSCI5308.GroupFormationTool.GroupFormationToolApplicationTests]: GroupFormationToolApplicationTests does not declare any static, non-private, non-final, nested classes annotated with @Configuration.
2020-05-29 12:33:50.187  INFO 4042 --- [    Test worker] .b.t.c.SpringBootTestContextBootstrapper : Found @SpringBootConfiguration CSCI5308.GroupFormationTool.GroupFormationToolApplication for test class CSCI5308.GroupFormationTool.GroupFormationToolApplicationTests
2020-05-29 12:33:50.189  INFO 4042 --- [    Test worker] .b.t.c.SpringBootTestContextBootstrapper : Loaded default TestExecutionListener class names from location [META-INF/spring.factories]: [org.springframework.security.test.context.support.WithSecurityContextTestExecutionListener, org.springframework.security.test.context.support.ReactorContextTestExecutionListener, org.springframework.boot.test.autoconfigure.restdocs.RestDocsTestExecutionListener, org.springframework.boot.test.autoconfigure.web.client.MockRestServiceServerResetTestExecutionListener, org.springframework.boot.test.autoconfigure.web.servlet.MockMvcPrintOnlyOnFailureTestExecutionListener, org.springframework.boot.test.autoconfigure.web.servlet.WebDriverTestExecutionListener, org.springframework.boot.test.mock.mockito.MockitoTestExecutionListener, org.springframework.boot.test.mock.mockito.ResetMocksTestExecutionListener, org.springframework.test.context.web.ServletTestExecutionListener, org.springframework.test.context.support.DirtiesContextBeforeModesTestExecutionListener, org.springframework.test.context.support.DependencyInjectionTestExecutionListener, org.springframework.test.context.support.DirtiesContextTestExecutionListener, org.springframework.test.context.transaction.TransactionalTestExecutionListener, org.springframework.test.context.jdbc.SqlScriptsTestExecutionListener, org.springframework.test.context.event.EventPublishingTestExecutionListener]
2020-05-29 12:33:50.189  INFO 4042 --- [    Test worker] .b.t.c.SpringBootTestContextBootstrapper : Using TestExecutionListeners: [org.springframework.test.context.web.ServletTestExecutionListener@1b654c24, org.springframework.test.context.support.DirtiesContextBeforeModesTestExecutionListener@4d840fc0, org.springframework.boot.test.mock.mockito.MockitoTestExecutionListener@6a1890d6, org.springframework.boot.test.autoconfigure.SpringBootDependencyInjectionTestExecutionListener@6c385248, org.springframework.test.context.support.DirtiesContextTestExecutionListener@5d8d2787, org.springframework.security.test.context.support.WithSecurityContextTestExecutionListener@301ad9f9, org.springframework.test.context.event.EventPublishingTestExecutionListener@1e2a610c, org.springframework.security.test.context.support.ReactorContextTestExecutionListener@30aeca93, org.springframework.boot.test.autoconfigure.restdocs.RestDocsTestExecutionListener@42b721e, org.springframework.boot.test.autoconfigure.web.client.MockRestServiceServerResetTestExecutionListener@6218a673, org.springframework.boot.test.autoconfigure.web.servlet.MockMvcPrintOnlyOnFailureTestExecutionListener@2ff7893d, org.springframework.boot.test.autoconfigure.web.servlet.WebDriverTestExecutionListener@69cb3402, org.springframework.boot.test.mock.mockito.ResetMocksTestExecutionListener@36af00a7]
]]></system-out>
  <system-err><![CDATA[]]></system-err>
</testsuite>
