<?xml version="1.0" encoding="UTF-8"?>
<testsuite name="CSCI5308.GroupFormationTool.Password.PolicyTest" tests="10" skipped="0" failures="0" errors="0" timestamp="2020-07-15T20:11:49" hostname="Prabhjots-MacBook-Pro.local" time="0.037">
  <properties/>
  <testcase name="getEnabledTest()" classname="CSCI5308.GroupFormationTool.Password.PolicyTest" time="0.012"/>
  <testcase name="getPoliciesTest()" classname="CSCI5308.GroupFormationTool.Password.PolicyTest" time="0.003"/>
  <testcase name="getValueTest()" classname="CSCI5308.GroupFormationTool.Password.PolicyTest" time="0.002"/>
  <testcase name="getSettingTest()" classname="CSCI5308.GroupFormationTool.Password.PolicyTest" time="0.002"/>
  <testcase name="setIdTest()" classname="CSCI5308.GroupFormationTool.Password.PolicyTest" time="0.002"/>
  <testcase name="setEnabledTest()" classname="CSCI5308.GroupFormationTool.Password.PolicyTest" time="0.002"/>
  <testcase name="getIdTest()" classname="CSCI5308.GroupFormationTool.Password.PolicyTest" time="0.001"/>
  <testcase name="setValueTest()" classname="CSCI5308.GroupFormationTool.Password.PolicyTest" time="0.001"/>
  <testcase name="passwordPolicyCheckTest()" classname="CSCI5308.GroupFormationTool.Password.PolicyTest" time="0.008"/>
  <testcase name="setSettingTest()" classname="CSCI5308.GroupFormationTool.Password.PolicyTest" time="0.001"/>
  <system-out><![CDATA[2020-07-15 17:11:49.599  INFO 37430 --- [    Test worker] C.GroupFormationTool.Password.Policy     : Calling the Policy Repository to fetch all the password security policies from database
2020-07-15 17:11:49.600  INFO 37430 --- [    Test worker] C.GroupFormationTool.Password.Policy     : Calling the Policy Repository to fetch all the password security policies from database
2020-07-15 17:11:49.614  INFO 37430 --- [    Test worker] C.GroupFormationTool.Password.Policy     : Calling the Policy Repository to check if the password follows enabled security policies
2020-07-15 17:11:49.615  INFO 37430 --- [    Test worker] C.GroupFormationTool.Password.Policy     : Checking if the password follows enabled security policies
2020-07-15 17:11:49.615  INFO 37430 --- [    Test worker] C.GroupFormationTool.Password.Policy     : Calling the Policy Repository to check if the password follows enabled security policies
2020-07-15 17:11:49.616  INFO 37430 --- [    Test worker] C.GroupFormationTool.Password.Policy     : Checking if the password follows enabled security policies
2020-07-15 17:11:49.616 ERROR 37430 --- [    Test worker] C.GroupFormationTool.Password.Policy     : Minimum password length security policy is violated
2020-07-15 17:11:49.616  INFO 37430 --- [    Test worker] C.GroupFormationTool.Password.Policy     : Calling the Policy Repository to check if the password follows enabled security policies
2020-07-15 17:11:49.616  INFO 37430 --- [    Test worker] C.GroupFormationTool.Password.Policy     : Checking if the password follows enabled security policies
2020-07-15 17:11:49.616 ERROR 37430 --- [    Test worker] C.GroupFormationTool.Password.Policy     : Maximum password length security policy is violated
2020-07-15 17:11:49.617  INFO 37430 --- [    Test worker] C.GroupFormationTool.Password.Policy     : Calling the Policy Repository to check if the password follows enabled security policies
2020-07-15 17:11:49.617  INFO 37430 --- [    Test worker] C.GroupFormationTool.Password.Policy     : Checking if the password follows enabled security policies
2020-07-15 17:11:49.617 ERROR 37430 --- [    Test worker] C.GroupFormationTool.Password.Policy     : Minimum upper case charachters required password security policy is violated
2020-07-15 17:11:49.617  INFO 37430 --- [    Test worker] C.GroupFormationTool.Password.Policy     : Calling the Policy Repository to check if the password follows enabled security policies
2020-07-15 17:11:49.618  INFO 37430 --- [    Test worker] C.GroupFormationTool.Password.Policy     : Checking if the password follows enabled security policies
2020-07-15 17:11:49.618 ERROR 37430 --- [    Test worker] C.GroupFormationTool.Password.Policy     : Minimum lower case charachters required password security policy is violated
2020-07-15 17:11:49.618  INFO 37430 --- [    Test worker] C.GroupFormationTool.Password.Policy     : Calling the Policy Repository to check if the password follows enabled security policies
2020-07-15 17:11:49.619  INFO 37430 --- [    Test worker] C.GroupFormationTool.Password.Policy     : Checking if the password follows enabled security policies
2020-07-15 17:11:49.619 ERROR 37430 --- [    Test worker] C.GroupFormationTool.Password.Policy     : Minimum special symbols required password security policy is violated
2020-07-15 17:11:49.619  INFO 37430 --- [    Test worker] C.GroupFormationTool.Password.Policy     : Calling the Policy Repository to check if the password follows enabled security policies
2020-07-15 17:11:49.620  INFO 37430 --- [    Test worker] C.GroupFormationTool.Password.Policy     : Checking if the password follows enabled security policies
2020-07-15 17:11:49.620 ERROR 37430 --- [    Test worker] C.GroupFormationTool.Password.Policy     : Charachters not allowed in password security policy is violated
]]></system-out>
  <system-err><![CDATA[]]></system-err>
</testsuite>
