<?xml version="1.0" encoding="UTF-8"?>
<testsuite name="CSCI5308.GroupFormationTool.Password.PasswordHistoryManagerTest" tests="3" skipped="0" failures="0" errors="0" timestamp="2020-07-16T16:22:12" hostname="Prabhjots-MacBook-Pro.local" time="0.011">
  <properties/>
  <testcase name="isHistoryViolatedTest()" classname="CSCI5308.GroupFormationTool.Password.PasswordHistoryManagerTest" time="0.01"/>
  <testcase name="getSettingValueTest()" classname="CSCI5308.GroupFormationTool.Password.PasswordHistoryManagerTest" time="0.001"/>
  <testcase name="addPasswordHistoryTest()" classname="CSCI5308.GroupFormationTool.Password.PasswordHistoryManagerTest" time="0.0"/>
  <system-out><![CDATA[2020-07-16 13:22:12.624  WARN 40985 --- [    Test worker] C.G.Password.PasswordHistoryManager      : Could not fetch history setting value
]]></system-out>
  <system-err><![CDATA[]]></system-err>
</testsuite>
