<?xml version="1.0" encoding="UTF-8"?>
<testsuite name="CSCI5308.GroupFormationTool.Course.UserCoursesRepositoryTest" tests="7" skipped="0" failures="0" errors="0" timestamp="2020-07-09T16:19:41" hostname="Prabhjots-MacBook-Pro.local" time="0.012">
  <properties/>
  <testcase name="getInstructorCoursesTest()" classname="CSCI5308.GroupFormationTool.Course.UserCoursesRepositoryTest" time="0.001"/>
  <testcase name="getStudentCoursesTest()" classname="CSCI5308.GroupFormationTool.Course.UserCoursesRepositoryTest" time="0.001"/>
  <testcase name="getTAForCourseTest()" classname="CSCI5308.GroupFormationTool.Course.UserCoursesRepositoryTest" time="0.001"/>
  <testcase name="enrollTAForCourseUsingEmailIdTest()" classname="CSCI5308.GroupFormationTool.Course.UserCoursesRepositoryTest" time="0.002"/>
  <testcase name="getUserRoleByEmailIdTest()" classname="CSCI5308.GroupFormationTool.Course.UserCoursesRepositoryTest" time="0.003"/>
  <testcase name="getTACoursesTest()" classname="CSCI5308.GroupFormationTool.Course.UserCoursesRepositoryTest" time="0.001"/>
  <testcase name="getInstructorsForCourseTest()" classname="CSCI5308.GroupFormationTool.Course.UserCoursesRepositoryTest" time="0.002"/>
  <system-out><![CDATA[2020-07-09 13:19:41.602  INFO 7122 --- [    Test worker] .b.t.c.SpringBootTestContextBootstrapper : Neither @ContextConfiguration nor @ContextHierarchy found for test class [CSCI5308.GroupFormationTool.Course.UserCoursesRepositoryTest], using SpringBootContextLoader
2020-07-09 13:19:41.602  INFO 7122 --- [    Test worker] o.s.t.c.support.AbstractContextLoader    : Could not detect default resource locations for test class [CSCI5308.GroupFormationTool.Course.UserCoursesRepositoryTest]: no resource found for suffixes {-context.xml, Context.groovy}.
2020-07-09 13:19:41.603  INFO 7122 --- [    Test worker] t.c.s.AnnotationConfigContextLoaderUtils : Could not detect default configuration classes for test class [CSCI5308.GroupFormationTool.Course.UserCoursesRepositoryTest]: UserCoursesRepositoryTest does not declare any static, non-private, non-final, nested classes annotated with @Configuration.
2020-07-09 13:19:41.603  INFO 7122 --- [    Test worker] .b.t.c.SpringBootTestContextBootstrapper : Found @SpringBootConfiguration CSCI5308.GroupFormationTool.GroupFormationToolApplication for test class CSCI5308.GroupFormationTool.Course.UserCoursesRepositoryTest
2020-07-09 13:19:41.604  INFO 7122 --- [    Test worker] .b.t.c.SpringBootTestContextBootstrapper : Loaded default TestExecutionListener class names from location [META-INF/spring.factories]: [org.springframework.security.test.context.support.WithSecurityContextTestExecutionListener, org.springframework.security.test.context.support.ReactorContextTestExecutionListener, org.springframework.boot.test.autoconfigure.restdocs.RestDocsTestExecutionListener, org.springframework.boot.test.autoconfigure.web.client.MockRestServiceServerResetTestExecutionListener, org.springframework.boot.test.autoconfigure.web.servlet.MockMvcPrintOnlyOnFailureTestExecutionListener, org.springframework.boot.test.autoconfigure.web.servlet.WebDriverTestExecutionListener, org.springframework.boot.test.mock.mockito.MockitoTestExecutionListener, org.springframework.boot.test.mock.mockito.ResetMocksTestExecutionListener, org.springframework.test.context.web.ServletTestExecutionListener, org.springframework.test.context.support.DirtiesContextBeforeModesTestExecutionListener, org.springframework.test.context.support.DependencyInjectionTestExecutionListener, org.springframework.test.context.support.DirtiesContextTestExecutionListener, org.springframework.test.context.transaction.TransactionalTestExecutionListener, org.springframework.test.context.jdbc.SqlScriptsTestExecutionListener, org.springframework.test.context.event.EventPublishingTestExecutionListener]
2020-07-09 13:19:41.605  INFO 7122 --- [    Test worker] .b.t.c.SpringBootTestContextBootstrapper : Using TestExecutionListeners: [org.springframework.test.context.web.ServletTestExecutionListener@1f346133, org.springframework.test.context.support.DirtiesContextBeforeModesTestExecutionListener@5a6d8dea, org.springframework.boot.test.mock.mockito.MockitoTestExecutionListener@6c1e4abc, org.springframework.boot.test.autoconfigure.SpringBootDependencyInjectionTestExecutionListener@3294e92f, org.springframework.test.context.support.DirtiesContextTestExecutionListener@e153bb7, org.springframework.security.test.context.support.WithSecurityContextTestExecutionListener@38a1e542, org.springframework.test.context.event.EventPublishingTestExecutionListener@26f41340, org.springframework.security.test.context.support.ReactorContextTestExecutionListener@333c4b20, org.springframework.boot.test.autoconfigure.restdocs.RestDocsTestExecutionListener@14531673, org.springframework.boot.test.autoconfigure.web.client.MockRestServiceServerResetTestExecutionListener@236f6a4e, org.springframework.boot.test.autoconfigure.web.servlet.MockMvcPrintOnlyOnFailureTestExecutionListener@25070370, org.springframework.boot.test.autoconfigure.web.servlet.WebDriverTestExecutionListener@743339bb, org.springframework.boot.test.mock.mockito.ResetMocksTestExecutionListener@785f49c0]
]]></system-out>
  <system-err><![CDATA[]]></system-err>
</testsuite>
