<?xml version="1.0" encoding="UTF-8"?>
<testsuite name="CSCI5308.GroupFormationTool.Password.ForgotPasswordManagerTest" tests="2" skipped="0" failures="0" errors="0" timestamp="2020-07-09T16:37:31" hostname="Prabhjots-MacBook-Pro.local" time="0.054">
  <properties/>
  <testcase name="updatePasswordTest()" classname="CSCI5308.GroupFormationTool.Password.ForgotPasswordManagerTest" time="0.049"/>
  <testcase name="notifyUserTest()" classname="CSCI5308.GroupFormationTool.Password.ForgotPasswordManagerTest" time="0.004"/>
  <system-out><![CDATA[2020-07-09 13:37:31.303  INFO 7318 --- [    Test worker] .b.t.c.SpringBootTestContextBootstrapper : Neither @ContextConfiguration nor @ContextHierarchy found for test class [CSCI5308.GroupFormationTool.Password.ForgotPasswordManagerTest], using SpringBootContextLoader
2020-07-09 13:37:31.304  INFO 7318 --- [    Test worker] o.s.t.c.support.AbstractContextLoader    : Could not detect default resource locations for test class [CSCI5308.GroupFormationTool.Password.ForgotPasswordManagerTest]: no resource found for suffixes {-context.xml, Context.groovy}.
2020-07-09 13:37:31.304  INFO 7318 --- [    Test worker] t.c.s.AnnotationConfigContextLoaderUtils : Could not detect default configuration classes for test class [CSCI5308.GroupFormationTool.Password.ForgotPasswordManagerTest]: ForgotPasswordManagerTest does not declare any static, non-private, non-final, nested classes annotated with @Configuration.
2020-07-09 13:37:31.305  INFO 7318 --- [    Test worker] .b.t.c.SpringBootTestContextBootstrapper : Found @SpringBootConfiguration CSCI5308.GroupFormationTool.GroupFormationToolApplication for test class CSCI5308.GroupFormationTool.Password.ForgotPasswordManagerTest
2020-07-09 13:37:31.306  INFO 7318 --- [    Test worker] .b.t.c.SpringBootTestContextBootstrapper : Loaded default TestExecutionListener class names from location [META-INF/spring.factories]: [org.springframework.security.test.context.support.WithSecurityContextTestExecutionListener, org.springframework.security.test.context.support.ReactorContextTestExecutionListener, org.springframework.boot.test.autoconfigure.restdocs.RestDocsTestExecutionListener, org.springframework.boot.test.autoconfigure.web.client.MockRestServiceServerResetTestExecutionListener, org.springframework.boot.test.autoconfigure.web.servlet.MockMvcPrintOnlyOnFailureTestExecutionListener, org.springframework.boot.test.autoconfigure.web.servlet.WebDriverTestExecutionListener, org.springframework.boot.test.mock.mockito.MockitoTestExecutionListener, org.springframework.boot.test.mock.mockito.ResetMocksTestExecutionListener, org.springframework.test.context.web.ServletTestExecutionListener, org.springframework.test.context.support.DirtiesContextBeforeModesTestExecutionListener, org.springframework.test.context.support.DependencyInjectionTestExecutionListener, org.springframework.test.context.support.DirtiesContextTestExecutionListener, org.springframework.test.context.transaction.TransactionalTestExecutionListener, org.springframework.test.context.jdbc.SqlScriptsTestExecutionListener, org.springframework.test.context.event.EventPublishingTestExecutionListener]
2020-07-09 13:37:31.307  INFO 7318 --- [    Test worker] .b.t.c.SpringBootTestContextBootstrapper : Using TestExecutionListeners: [org.springframework.test.context.web.ServletTestExecutionListener@7318bc37, org.springframework.test.context.support.DirtiesContextBeforeModesTestExecutionListener@7e9a3ba0, org.springframework.boot.test.mock.mockito.MockitoTestExecutionListener@600d23f2, org.springframework.boot.test.autoconfigure.SpringBootDependencyInjectionTestExecutionListener@18e256f7, org.springframework.test.context.support.DirtiesContextTestExecutionListener@2eadb8d8, org.springframework.security.test.context.support.WithSecurityContextTestExecutionListener@1c5c196, org.springframework.test.context.event.EventPublishingTestExecutionListener@85e60ef, org.springframework.security.test.context.support.ReactorContextTestExecutionListener@281cafd, org.springframework.boot.test.autoconfigure.restdocs.RestDocsTestExecutionListener@41a9d90d, org.springframework.boot.test.autoconfigure.web.client.MockRestServiceServerResetTestExecutionListener@6e4f69df, org.springframework.boot.test.autoconfigure.web.servlet.MockMvcPrintOnlyOnFailureTestExecutionListener@156d25e1, org.springframework.boot.test.autoconfigure.web.servlet.WebDriverTestExecutionListener@19b7d393, org.springframework.boot.test.mock.mockito.ResetMocksTestExecutionListener@16d90019]
]]></system-out>
  <system-err><![CDATA[]]></system-err>
</testsuite>
