<?xml version="1.0" encoding="UTF-8"?>
<testsuite name="CSCI5308.GroupFormationTool.Security.LoginControllerTest" tests="1" skipped="0" failures="0" errors="0" timestamp="2020-07-15T20:11:52" hostname="Prabhjots-MacBook-Pro.local" time="0.015">
  <properties/>
  <testcase name="loginTest()" classname="CSCI5308.GroupFormationTool.Security.LoginControllerTest" time="0.015"/>
  <system-out><![CDATA[
  .   ____          _            __ _ _
 /\\ / ___'_ __ _ _(_)_ __  __ _ \ \ \ \
( ( )\___ | '_ | '_| | '_ \/ _` | \ \ \ \
 \\/  ___)| |_)| | | | | || (_| |  ) ) ) )
  '  |____| .__|_| |_|_| |_\__, | / / / /
 =========|_|==============|___/=/_/_/_/
 :: Spring Boot ::        (v2.2.7.RELEASE)

2020-07-15 17:11:52.514  INFO 37430 --- [    Test worker] C.G.Security.LoginControllerTest         : Starting LoginControllerTest on Prabhjots-MacBook-Pro.local with PID 37430 (started by prabhjotkaur in /Users/prabhjotkaur/git/group22)
2020-07-15 17:11:52.514  INFO 37430 --- [    Test worker] C.G.Security.LoginControllerTest         : No active profile set, falling back to default profiles: default
2020-07-15 17:11:52.829  INFO 37430 --- [    Test worker] C.G.Security.LoginControllerTest         : Started LoginControllerTest in 0.327 seconds (JVM running for 6.876)

MockHttpServletRequest:
      HTTP Method = GET
      Request URI = /login
       Parameters = {}
          Headers = []
             Body = <no character encoding set>
    Session Attrs = {org.springframework.security.web.csrf.HttpSessionCsrfTokenRepository.CSRF_TOKEN=org.springframework.security.web.csrf.DefaultCsrfToken@35be05f4}

Handler:
             Type = CSCI5308.GroupFormationTool.Security.LoginController
           Method = CSCI5308.GroupFormationTool.Security.LoginController#login(Model)

Async:
    Async started = false
     Async result = null

Resolved Exception:
             Type = null

ModelAndView:
        View name = user/login
             View = null
            Model = null

FlashMap:
       Attributes = null

MockHttpServletResponse:
           Status = 200
    Error message = null
          Headers = [Content-Language:"en", Content-Type:"text/html;charset=UTF-8", X-Content-Type-Options:"nosniff", X-XSS-Protection:"1; mode=block", Cache-Control:"no-cache, no-store, max-age=0, must-revalidate", Pragma:"no-cache", Expires:"0", X-Frame-Options:"DENY"]
     Content type = text/html;charset=UTF-8
             Body = <!DOCTYPE html>
<html lang="en">
<head>
    <meta charset="utf-8"/>
    <meta http-equiv="X-UA-Compatible" content="IE=edge"/>
    <meta name="viewport" content="width=device-width, initial-scale=1"/>
    <link rel="icon" href="favicon.ico"/>
    <title>Login Page</title>
    <link
            href="//maxcdn.bootstrapcdn.com/bootstrap/3.3.7/css/bootstrap.min.css"
            rel="stylesheet"
            integrity="sha384-BVYiiSIFeK1dGmJRAkycuHAHRg32OmUcww7on3RYdg4Va+PmSTsz/K68vbdEjh4u"
            crossorigin="anonymous"/>

</head>
<body style="background-color: #e7ebee">
<div>
    <div class="flex align-items-center text-center">
        <form autocomplete="off" action="/login" method="post" class="m-t col-md-4 col-md-offset-4" role="form"
              data-toggle="validator"><input type="hidden" name="_csrf" value="c51cc6ee-4f73-45d7-a7f5-fcb61eddcab7"/>

            <br/>
            <h4>Sign in to continue!</h4>

            
            <br>

            

            <div class="form-group input-group has-feedback">
					<span class="input-group-addon"> <span
                            class="glyphicon glyphicon-envelope"></span>
					</span> <input type="email" name="username" placeholder="Email Address"
                                   class="form-control" required/> <span
                    class="glyphicon form-control-feedback" aria-hidden="true"></span>
            </div>

            <br/>
            <div class="form-group input-group has-feedback">
					<span class="input-group-addon"> <span
                            class="glyphicon glyphicon-lock"></span>
					</span> <input type="password" name="password" placeholder="Password"
                                   class="form-control" required/> <span
                    class="glyphicon form-control-feedback" aria-hidden="true"></span>
            </div>


            <div class="text-center">
                <button type="submit" class="btn btn-primary btn-sm btn-block">Login</button>
            </div>
            <br/>
            <div>
                <a href="/register" class="text-primary">Are you a new
                    user? Click here to register!</a>
            </div>
            <br/>
            <div>
                <a href="/forgotPassword" class="text-secondary">Forgot
                    Password?</a>
            </div>
        </form>
    </div>
</div>
</body>
</html>


    Forwarded URL = null
   Redirected URL = null
          Cookies = []
]]></system-out>
  <system-err><![CDATA[]]></system-err>
</testsuite>
