<?xml version="1.0" encoding="UTF-8"?>
<testsuite name="CSCI5308.GroupFormationTool.User.UserRepositoryTest" tests="4" skipped="0" failures="0" errors="0" timestamp="2020-07-10T05:03:29" hostname="Prabhjots-MacBook-Pro.local" time="0.006">
  <properties/>
  <testcase name="createUserTest()" classname="CSCI5308.GroupFormationTool.User.UserRepositoryTest" time="0.001"/>
  <testcase name="getUserByBannerIdTest()" classname="CSCI5308.GroupFormationTool.User.UserRepositoryTest" time="0.002"/>
  <testcase name="getUserByEmailIdTest()" classname="CSCI5308.GroupFormationTool.User.UserRepositoryTest" time="0.001"/>
  <testcase name="getAdminDetailsTest()" classname="CSCI5308.GroupFormationTool.User.UserRepositoryTest" time="0.001"/>
  <system-out><![CDATA[2020-07-10 02:03:29.787  INFO 10909 --- [    Test worker] .b.t.c.SpringBootTestContextBootstrapper : Neither @ContextConfiguration nor @ContextHierarchy found for test class [CSCI5308.GroupFormationTool.User.UserRepositoryTest], using SpringBootContextLoader
2020-07-10 02:03:29.787  INFO 10909 --- [    Test worker] o.s.t.c.support.AbstractContextLoader    : Could not detect default resource locations for test class [CSCI5308.GroupFormationTool.User.UserRepositoryTest]: no resource found for suffixes {-context.xml, Context.groovy}.
2020-07-10 02:03:29.787  INFO 10909 --- [    Test worker] t.c.s.AnnotationConfigContextLoaderUtils : Could not detect default configuration classes for test class [CSCI5308.GroupFormationTool.User.UserRepositoryTest]: UserRepositoryTest does not declare any static, non-private, non-final, nested classes annotated with @Configuration.
2020-07-10 02:03:29.788  INFO 10909 --- [    Test worker] .b.t.c.SpringBootTestContextBootstrapper : Found @SpringBootConfiguration CSCI5308.GroupFormationTool.GroupFormationToolApplication for test class CSCI5308.GroupFormationTool.User.UserRepositoryTest
2020-07-10 02:03:29.790  INFO 10909 --- [    Test worker] .b.t.c.SpringBootTestContextBootstrapper : Loaded default TestExecutionListener class names from location [META-INF/spring.factories]: [org.springframework.security.test.context.support.WithSecurityContextTestExecutionListener, org.springframework.security.test.context.support.ReactorContextTestExecutionListener, org.springframework.boot.test.autoconfigure.restdocs.RestDocsTestExecutionListener, org.springframework.boot.test.autoconfigure.web.client.MockRestServiceServerResetTestExecutionListener, org.springframework.boot.test.autoconfigure.web.servlet.MockMvcPrintOnlyOnFailureTestExecutionListener, org.springframework.boot.test.autoconfigure.web.servlet.WebDriverTestExecutionListener, org.springframework.boot.test.mock.mockito.MockitoTestExecutionListener, org.springframework.boot.test.mock.mockito.ResetMocksTestExecutionListener, org.springframework.test.context.web.ServletTestExecutionListener, org.springframework.test.context.support.DirtiesContextBeforeModesTestExecutionListener, org.springframework.test.context.support.DependencyInjectionTestExecutionListener, org.springframework.test.context.support.DirtiesContextTestExecutionListener, org.springframework.test.context.transaction.TransactionalTestExecutionListener, org.springframework.test.context.jdbc.SqlScriptsTestExecutionListener, org.springframework.test.context.event.EventPublishingTestExecutionListener]
2020-07-10 02:03:29.791  INFO 10909 --- [    Test worker] .b.t.c.SpringBootTestContextBootstrapper : Using TestExecutionListeners: [org.springframework.test.context.web.ServletTestExecutionListener@8b7cdef, org.springframework.test.context.support.DirtiesContextBeforeModesTestExecutionListener@5465f377, org.springframework.boot.test.mock.mockito.MockitoTestExecutionListener@5fd3ced1, org.springframework.boot.test.autoconfigure.SpringBootDependencyInjectionTestExecutionListener@4e8bce5e, org.springframework.test.context.support.DirtiesContextTestExecutionListener@7865aad5, org.springframework.security.test.context.support.WithSecurityContextTestExecutionListener@3e010e5, org.springframework.test.context.event.EventPublishingTestExecutionListener@4204f30e, org.springframework.security.test.context.support.ReactorContextTestExecutionListener@52ed3c2e, org.springframework.boot.test.autoconfigure.restdocs.RestDocsTestExecutionListener@78b07a4, org.springframework.boot.test.autoconfigure.web.client.MockRestServiceServerResetTestExecutionListener@4ef5888, org.springframework.boot.test.autoconfigure.web.servlet.MockMvcPrintOnlyOnFailureTestExecutionListener@61164798, org.springframework.boot.test.autoconfigure.web.servlet.WebDriverTestExecutionListener@5a210bd8, org.springframework.boot.test.mock.mockito.ResetMocksTestExecutionListener@5c8911f]
]]></system-out>
  <system-err><![CDATA[]]></system-err>
</testsuite>
