<?xml version="1.0" encoding="UTF-8"?>
<testsuite name="CSCI5308.GroupFormationTool.Password.PolicyTest" tests="10" skipped="0" failures="0" errors="0" timestamp="2020-07-09T16:19:41" hostname="Prabhjots-MacBook-Pro.local" time="0.044">
  <properties/>
  <testcase name="getEnabledTest()" classname="CSCI5308.GroupFormationTool.Password.PolicyTest" time="0.022"/>
  <testcase name="getPoliciesTest()" classname="CSCI5308.GroupFormationTool.Password.PolicyTest" time="0.002"/>
  <testcase name="getValueTest()" classname="CSCI5308.GroupFormationTool.Password.PolicyTest" time="0.003"/>
  <testcase name="getSettingTest()" classname="CSCI5308.GroupFormationTool.Password.PolicyTest" time="0.002"/>
  <testcase name="setIdTest()" classname="CSCI5308.GroupFormationTool.Password.PolicyTest" time="0.001"/>
  <testcase name="setEnabledTest()" classname="CSCI5308.GroupFormationTool.Password.PolicyTest" time="0.001"/>
  <testcase name="getIdTest()" classname="CSCI5308.GroupFormationTool.Password.PolicyTest" time="0.001"/>
  <testcase name="setValueTest()" classname="CSCI5308.GroupFormationTool.Password.PolicyTest" time="0.002"/>
  <testcase name="passwordPolicyCheckTest()" classname="CSCI5308.GroupFormationTool.Password.PolicyTest" time="0.003"/>
  <testcase name="setSettingTest()" classname="CSCI5308.GroupFormationTool.Password.PolicyTest" time="0.002"/>
  <system-out><![CDATA[2020-07-09 13:19:41.238  INFO 7122 --- [    Test worker] .b.t.c.SpringBootTestContextBootstrapper : Neither @ContextConfiguration nor @ContextHierarchy found for test class [CSCI5308.GroupFormationTool.Password.PolicyTest], using SpringBootContextLoader
2020-07-09 13:19:41.239  INFO 7122 --- [    Test worker] o.s.t.c.support.AbstractContextLoader    : Could not detect default resource locations for test class [CSCI5308.GroupFormationTool.Password.PolicyTest]: no resource found for suffixes {-context.xml, Context.groovy}.
2020-07-09 13:19:41.239  INFO 7122 --- [    Test worker] t.c.s.AnnotationConfigContextLoaderUtils : Could not detect default configuration classes for test class [CSCI5308.GroupFormationTool.Password.PolicyTest]: PolicyTest does not declare any static, non-private, non-final, nested classes annotated with @Configuration.
2020-07-09 13:19:41.240  INFO 7122 --- [    Test worker] .b.t.c.SpringBootTestContextBootstrapper : Found @SpringBootConfiguration CSCI5308.GroupFormationTool.GroupFormationToolApplication for test class CSCI5308.GroupFormationTool.Password.PolicyTest
2020-07-09 13:19:41.242  INFO 7122 --- [    Test worker] .b.t.c.SpringBootTestContextBootstrapper : Loaded default TestExecutionListener class names from location [META-INF/spring.factories]: [org.springframework.security.test.context.support.WithSecurityContextTestExecutionListener, org.springframework.security.test.context.support.ReactorContextTestExecutionListener, org.springframework.boot.test.autoconfigure.restdocs.RestDocsTestExecutionListener, org.springframework.boot.test.autoconfigure.web.client.MockRestServiceServerResetTestExecutionListener, org.springframework.boot.test.autoconfigure.web.servlet.MockMvcPrintOnlyOnFailureTestExecutionListener, org.springframework.boot.test.autoconfigure.web.servlet.WebDriverTestExecutionListener, org.springframework.boot.test.mock.mockito.MockitoTestExecutionListener, org.springframework.boot.test.mock.mockito.ResetMocksTestExecutionListener, org.springframework.test.context.web.ServletTestExecutionListener, org.springframework.test.context.support.DirtiesContextBeforeModesTestExecutionListener, org.springframework.test.context.support.DependencyInjectionTestExecutionListener, org.springframework.test.context.support.DirtiesContextTestExecutionListener, org.springframework.test.context.transaction.TransactionalTestExecutionListener, org.springframework.test.context.jdbc.SqlScriptsTestExecutionListener, org.springframework.test.context.event.EventPublishingTestExecutionListener]
2020-07-09 13:19:41.243  INFO 7122 --- [    Test worker] .b.t.c.SpringBootTestContextBootstrapper : Using TestExecutionListeners: [org.springframework.test.context.web.ServletTestExecutionListener@3ee4c335, org.springframework.test.context.support.DirtiesContextBeforeModesTestExecutionListener@74c1cc36, org.springframework.boot.test.mock.mockito.MockitoTestExecutionListener@5e354d58, org.springframework.boot.test.autoconfigure.SpringBootDependencyInjectionTestExecutionListener@1be4608b, org.springframework.test.context.support.DirtiesContextTestExecutionListener@381f5a9, org.springframework.security.test.context.support.WithSecurityContextTestExecutionListener@795b3993, org.springframework.test.context.event.EventPublishingTestExecutionListener@d70f46d, org.springframework.security.test.context.support.ReactorContextTestExecutionListener@35a83d70, org.springframework.boot.test.autoconfigure.restdocs.RestDocsTestExecutionListener@3908bad1, org.springframework.boot.test.autoconfigure.web.client.MockRestServiceServerResetTestExecutionListener@19bf8bc2, org.springframework.boot.test.autoconfigure.web.servlet.MockMvcPrintOnlyOnFailureTestExecutionListener@1366c704, org.springframework.boot.test.autoconfigure.web.servlet.WebDriverTestExecutionListener@67d13ba5, org.springframework.boot.test.mock.mockito.ResetMocksTestExecutionListener@1b73cbbc]
]]></system-out>
  <system-err><![CDATA[]]></system-err>
</testsuite>
