<?xml version="1.0" encoding="UTF-8"?>
<testsuite name="CSCI5308.GroupFormationTool.Survey.SurveyTest" tests="15" skipped="0" failures="0" errors="0" timestamp="2020-07-16T20:11:34" hostname="Prabhjots-MacBook-Pro.local" time="0.025">
  <properties/>
  <testcase name="getSurveyIdTest()" classname="CSCI5308.GroupFormationTool.Survey.SurveyTest" time="0.001"/>
  <testcase name="getQuestionsForSurveyTest()" classname="CSCI5308.GroupFormationTool.Survey.SurveyTest" time="0.002"/>
  <testcase name="addQuestionToSurveyTest()" classname="CSCI5308.GroupFormationTool.Survey.SurveyTest" time="0.001"/>
  <testcase name="isSurveyPublishedTest()" classname="CSCI5308.GroupFormationTool.Survey.SurveyTest" time="0.001"/>
  <testcase name="getSurveyQuestionsTest()" classname="CSCI5308.GroupFormationTool.Survey.SurveyTest" time="0.001"/>
  <testcase name="checkIfSurveyCreatedTest()" classname="CSCI5308.GroupFormationTool.Survey.SurveyTest" time="0.0"/>
  <testcase name="getQuestionListForSurveyTest()" classname="CSCI5308.GroupFormationTool.Survey.SurveyTest" time="0.003"/>
  <testcase name="deleteQuestionFromSurveyTest()" classname="CSCI5308.GroupFormationTool.Survey.SurveyTest" time="0.001"/>
  <testcase name="checkIfGroupsCanBeFormedForSurveyTest()" classname="CSCI5308.GroupFormationTool.Survey.SurveyTest" time="0.004"/>
  <testcase name="checkIfSurveyPublishedTest()" classname="CSCI5308.GroupFormationTool.Survey.SurveyTest" time="0.001"/>
  <testcase name="isSurveyCompletedTest()" classname="CSCI5308.GroupFormationTool.Survey.SurveyTest" time="0.001"/>
  <testcase name="createSurveyTest()" classname="CSCI5308.GroupFormationTool.Survey.SurveyTest" time="0.001"/>
  <testcase name="getSurveyIdByCourseId()" classname="CSCI5308.GroupFormationTool.Survey.SurveyTest" time="0.0"/>
  <testcase name="checkIfSurveyHasFormulaTest()" classname="CSCI5308.GroupFormationTool.Survey.SurveyTest" time="0.0"/>
  <testcase name="publishSurvey()" classname="CSCI5308.GroupFormationTool.Survey.SurveyTest" time="0.001"/>
  <system-out><![CDATA[2020-07-16 17:11:34.890  INFO 42868 --- [    Test worker] C.GroupFormationTool.Survey.Survey       : Getting the survey Id for a course CSCI 6509
2020-07-16 17:11:34.891  INFO 42868 --- [    Test worker] C.GroupFormationTool.Survey.Survey       : Getting the survey questions for a course CSCI 6509
2020-07-16 17:11:34.891  INFO 42868 --- [    Test worker] C.GroupFormationTool.Survey.Survey       : Getting the survey questions for a course 2
2020-07-16 17:11:34.892  INFO 42868 --- [    Test worker] C.GroupFormationTool.Survey.Survey       : Adding question 32 to a survey 23
2020-07-16 17:11:34.894  INFO 42868 --- [    Test worker] C.GroupFormationTool.Survey.Survey       : Checks if the survey is published for a course CSCI 6509
2020-07-16 17:11:34.895  INFO 42868 --- [    Test worker] C.GroupFormationTool.Survey.Survey       : Getting the survey questions for a course by survey id CSCI 6509
2020-07-16 17:11:34.895  INFO 42868 --- [    Test worker] C.GroupFormationTool.Survey.Survey       : Getting the survey questions for a course by survey id CSCI 6509
2020-07-16 17:11:34.896  INFO 42868 --- [    Test worker] C.GroupFormationTool.Survey.Survey       : Checking if the survey is created for the course 1 from the database
2020-07-16 17:11:34.898  INFO 42868 --- [    Test worker] C.GroupFormationTool.Survey.Survey       : Getting the survey questions for a course based on the searched value: title
2020-07-16 17:11:34.900  INFO 42868 --- [    Test worker] C.GroupFormationTool.Survey.Survey       : Getting the survey questions for a course based on the searched value: title
2020-07-16 17:11:34.902  INFO 42868 --- [    Test worker] C.GroupFormationTool.Survey.Survey       : Deleting the survey question 32 from a survey 2
2020-07-16 17:11:34.902  INFO 42868 --- [    Test worker] C.GroupFormationTool.Survey.Survey       : Deleting the survey question 2 from a survey 22
2020-07-16 17:11:34.904  INFO 42868 --- [    Test worker] C.GroupFormationTool.Survey.Survey       : Checking if the survey is created for the course 1 from the database
2020-07-16 17:11:34.904  INFO 42868 --- [    Test worker] C.GroupFormationTool.Survey.Survey       : Checking if the survey is published for the course 1 from the database
2020-07-16 17:11:34.904  INFO 42868 --- [    Test worker] C.GroupFormationTool.Survey.Survey       : Checking if the survey has an algorithm for group formation for the course 1 from the database
2020-07-16 17:11:34.905  INFO 42868 --- [    Test worker] C.GroupFormationTool.Survey.Survey       : Checking if the survey is created for the course 1 from the database
2020-07-16 17:11:34.905  INFO 42868 --- [    Test worker] C.GroupFormationTool.Survey.Survey       : Checking if the survey is created for the course 1 from the database
2020-07-16 17:11:34.905  INFO 42868 --- [    Test worker] C.GroupFormationTool.Survey.Survey       : Checking if the survey is published for the course 1 from the database
2020-07-16 17:11:34.906  INFO 42868 --- [    Test worker] C.GroupFormationTool.Survey.Survey       : Checking if the survey is created for the course 1 from the database
2020-07-16 17:11:34.907  INFO 42868 --- [    Test worker] C.GroupFormationTool.Survey.Survey       : Checking if the survey is published for the course 1 from the database
2020-07-16 17:11:34.907  INFO 42868 --- [    Test worker] C.GroupFormationTool.Survey.Survey       : Checking if the survey has an algorithm for group formation for the course 1 from the database
2020-07-16 17:11:34.908  INFO 42868 --- [    Test worker] C.GroupFormationTool.Survey.Survey       : Checking if the survey is published for the course 1 from the database
2020-07-16 17:11:34.909  INFO 42868 --- [    Test worker] C.GroupFormationTool.Survey.Survey       : Checking if the survey2is completed for a course CSCI 6509 by the user 2
2020-07-16 17:11:34.910  INFO 42868 --- [    Test worker] C.GroupFormationTool.Survey.Survey       : Creating the survey for a course 1
2020-07-16 17:11:34.911  INFO 42868 --- [    Test worker] C.GroupFormationTool.Survey.Survey       : Getting survey id based on course id 1
2020-07-16 17:11:34.912  INFO 42868 --- [    Test worker] C.GroupFormationTool.Survey.Survey       : Checking if the survey has an algorithm for group formation for the course 1 from the database
2020-07-16 17:11:34.914  INFO 42868 --- [    Test worker] C.GroupFormationTool.Survey.Survey       : Publishing the survey for the course 1
]]></system-out>
  <system-err><![CDATA[]]></system-err>
</testsuite>
