<?xml version="1.0" encoding="UTF-8"?>
<testsuite name="CSCI5308.GroupFormationTool.Model.ChoiceTest" tests="4" skipped="0" failures="0" errors="0" timestamp="2020-06-18T20:08:57" hostname="Prabhjots-MacBook-Pro.local" time="0.005">
  <properties/>
  <testcase name="getText()" classname="CSCI5308.GroupFormationTool.Model.ChoiceTest" time="0.001"/>
  <testcase name="setValue()" classname="CSCI5308.GroupFormationTool.Model.ChoiceTest" time="0.001"/>
  <testcase name="getValue()" classname="CSCI5308.GroupFormationTool.Model.ChoiceTest" time="0.001"/>
  <testcase name="setText()" classname="CSCI5308.GroupFormationTool.Model.ChoiceTest" time="0.001"/>
  <system-out><![CDATA[2020-06-18 17:08:57.040  INFO 17970 --- [    Test worker] .b.t.c.SpringBootTestContextBootstrapper : Neither @ContextConfiguration nor @ContextHierarchy found for test class [CSCI5308.GroupFormationTool.Model.ChoiceTest], using SpringBootContextLoader
2020-06-18 17:08:57.041  INFO 17970 --- [    Test worker] o.s.t.c.support.AbstractContextLoader    : Could not detect default resource locations for test class [CSCI5308.GroupFormationTool.Model.ChoiceTest]: no resource found for suffixes {-context.xml, Context.groovy}.
2020-06-18 17:08:57.041  INFO 17970 --- [    Test worker] t.c.s.AnnotationConfigContextLoaderUtils : Could not detect default configuration classes for test class [CSCI5308.GroupFormationTool.Model.ChoiceTest]: ChoiceTest does not declare any static, non-private, non-final, nested classes annotated with @Configuration.
2020-06-18 17:08:57.042  INFO 17970 --- [    Test worker] .b.t.c.SpringBootTestContextBootstrapper : Found @SpringBootConfiguration CSCI5308.GroupFormationTool.GroupFormationToolApplication for test class CSCI5308.GroupFormationTool.Model.ChoiceTest
2020-06-18 17:08:57.043  INFO 17970 --- [    Test worker] .b.t.c.SpringBootTestContextBootstrapper : Loaded default TestExecutionListener class names from location [META-INF/spring.factories]: [org.springframework.security.test.context.support.WithSecurityContextTestExecutionListener, org.springframework.security.test.context.support.ReactorContextTestExecutionListener, org.springframework.boot.test.autoconfigure.restdocs.RestDocsTestExecutionListener, org.springframework.boot.test.autoconfigure.web.client.MockRestServiceServerResetTestExecutionListener, org.springframework.boot.test.autoconfigure.web.servlet.MockMvcPrintOnlyOnFailureTestExecutionListener, org.springframework.boot.test.autoconfigure.web.servlet.WebDriverTestExecutionListener, org.springframework.boot.test.mock.mockito.MockitoTestExecutionListener, org.springframework.boot.test.mock.mockito.ResetMocksTestExecutionListener, org.springframework.test.context.web.ServletTestExecutionListener, org.springframework.test.context.support.DirtiesContextBeforeModesTestExecutionListener, org.springframework.test.context.support.DependencyInjectionTestExecutionListener, org.springframework.test.context.support.DirtiesContextTestExecutionListener, org.springframework.test.context.transaction.TransactionalTestExecutionListener, org.springframework.test.context.jdbc.SqlScriptsTestExecutionListener, org.springframework.test.context.event.EventPublishingTestExecutionListener]
2020-06-18 17:08:57.044  INFO 17970 --- [    Test worker] .b.t.c.SpringBootTestContextBootstrapper : Using TestExecutionListeners: [org.springframework.test.context.web.ServletTestExecutionListener@51296e12, org.springframework.test.context.support.DirtiesContextBeforeModesTestExecutionListener@31cb0338, org.springframework.boot.test.mock.mockito.MockitoTestExecutionListener@70c47b2e, org.springframework.boot.test.autoconfigure.SpringBootDependencyInjectionTestExecutionListener@1214d0c3, org.springframework.test.context.support.DirtiesContextTestExecutionListener@857656d, org.springframework.security.test.context.support.WithSecurityContextTestExecutionListener@616c659c, org.springframework.test.context.event.EventPublishingTestExecutionListener@32227f94, org.springframework.security.test.context.support.ReactorContextTestExecutionListener@68423db, org.springframework.boot.test.autoconfigure.restdocs.RestDocsTestExecutionListener@35cb526b, org.springframework.boot.test.autoconfigure.web.client.MockRestServiceServerResetTestExecutionListener@378991cb, org.springframework.boot.test.autoconfigure.web.servlet.MockMvcPrintOnlyOnFailureTestExecutionListener@16769671, org.springframework.boot.test.autoconfigure.web.servlet.WebDriverTestExecutionListener@31cbf59f, org.springframework.boot.test.mock.mockito.ResetMocksTestExecutionListener@5efca1c7]
]]></system-out>
  <system-err><![CDATA[]]></system-err>
</testsuite>
