<?xml version="1.0" encoding="UTF-8"?>
<testsuite name="CSCI5308.GroupFormationTool.Question.QuestionAdminRepositoryTest" tests="4" skipped="0" failures="0" errors="0" timestamp="2020-07-07T18:40:36" hostname="Prabhjots-MacBook-Pro.local" time="0.006">
  <properties/>
  <testcase name="getQuestionListForInstructorTest()" classname="CSCI5308.GroupFormationTool.Question.QuestionAdminRepositoryTest" time="0.002"/>
  <testcase name="getSortedQuestionListForInstructorTest()" classname="CSCI5308.GroupFormationTool.Question.QuestionAdminRepositoryTest" time="0.002"/>
  <testcase name="getQuestionByIdTest()" classname="CSCI5308.GroupFormationTool.Question.QuestionAdminRepositoryTest" time="0.001"/>
  <testcase name="getOptionsForTheQuestionTest()" classname="CSCI5308.GroupFormationTool.Question.QuestionAdminRepositoryTest" time="0.001"/>
  <system-out><![CDATA[2020-07-07 15:40:36.838  INFO 22184 --- [    Test worker] .b.t.c.SpringBootTestContextBootstrapper : Neither @ContextConfiguration nor @ContextHierarchy found for test class [CSCI5308.GroupFormationTool.Question.QuestionAdminRepositoryTest], using SpringBootContextLoader
2020-07-07 15:40:36.839  INFO 22184 --- [    Test worker] o.s.t.c.support.AbstractContextLoader    : Could not detect default resource locations for test class [CSCI5308.GroupFormationTool.Question.QuestionAdminRepositoryTest]: no resource found for suffixes {-context.xml, Context.groovy}.
2020-07-07 15:40:36.839  INFO 22184 --- [    Test worker] t.c.s.AnnotationConfigContextLoaderUtils : Could not detect default configuration classes for test class [CSCI5308.GroupFormationTool.Question.QuestionAdminRepositoryTest]: QuestionAdminRepositoryTest does not declare any static, non-private, non-final, nested classes annotated with @Configuration.
2020-07-07 15:40:36.840  INFO 22184 --- [    Test worker] .b.t.c.SpringBootTestContextBootstrapper : Found @SpringBootConfiguration CSCI5308.GroupFormationTool.GroupFormationToolApplication for test class CSCI5308.GroupFormationTool.Question.QuestionAdminRepositoryTest
2020-07-07 15:40:36.841  INFO 22184 --- [    Test worker] .b.t.c.SpringBootTestContextBootstrapper : Loaded default TestExecutionListener class names from location [META-INF/spring.factories]: [org.springframework.security.test.context.support.WithSecurityContextTestExecutionListener, org.springframework.security.test.context.support.ReactorContextTestExecutionListener, org.springframework.boot.test.autoconfigure.restdocs.RestDocsTestExecutionListener, org.springframework.boot.test.autoconfigure.web.client.MockRestServiceServerResetTestExecutionListener, org.springframework.boot.test.autoconfigure.web.servlet.MockMvcPrintOnlyOnFailureTestExecutionListener, org.springframework.boot.test.autoconfigure.web.servlet.WebDriverTestExecutionListener, org.springframework.boot.test.mock.mockito.MockitoTestExecutionListener, org.springframework.boot.test.mock.mockito.ResetMocksTestExecutionListener, org.springframework.test.context.web.ServletTestExecutionListener, org.springframework.test.context.support.DirtiesContextBeforeModesTestExecutionListener, org.springframework.test.context.support.DependencyInjectionTestExecutionListener, org.springframework.test.context.support.DirtiesContextTestExecutionListener, org.springframework.test.context.transaction.TransactionalTestExecutionListener, org.springframework.test.context.jdbc.SqlScriptsTestExecutionListener, org.springframework.test.context.event.EventPublishingTestExecutionListener]
2020-07-07 15:40:36.842  INFO 22184 --- [    Test worker] .b.t.c.SpringBootTestContextBootstrapper : Using TestExecutionListeners: [org.springframework.test.context.web.ServletTestExecutionListener@26dee01d, org.springframework.test.context.support.DirtiesContextBeforeModesTestExecutionListener@2661feeb, org.springframework.boot.test.mock.mockito.MockitoTestExecutionListener@5d830f9e, org.springframework.boot.test.autoconfigure.SpringBootDependencyInjectionTestExecutionListener@40f62078, org.springframework.test.context.support.DirtiesContextTestExecutionListener@11f9fe73, org.springframework.security.test.context.support.WithSecurityContextTestExecutionListener@3846dc01, org.springframework.test.context.event.EventPublishingTestExecutionListener@7d7ccb68, org.springframework.security.test.context.support.ReactorContextTestExecutionListener@c78d15f, org.springframework.boot.test.autoconfigure.restdocs.RestDocsTestExecutionListener@522cacc5, org.springframework.boot.test.autoconfigure.web.client.MockRestServiceServerResetTestExecutionListener@5c04c455, org.springframework.boot.test.autoconfigure.web.servlet.MockMvcPrintOnlyOnFailureTestExecutionListener@47b86336, org.springframework.boot.test.autoconfigure.web.servlet.WebDriverTestExecutionListener@d00a0b7, org.springframework.boot.test.mock.mockito.ResetMocksTestExecutionListener@3afd7f56]
null
[CSCI5308.GroupFormationTool.Question.Choice@40a13230, CSCI5308.GroupFormationTool.Question.Choice@440448c1]
]]></system-out>
  <system-err><![CDATA[]]></system-err>
</testsuite>
