<?xml version="1.0" encoding="UTF-8"?>
<testsuite name="CSCI5308.GroupFormationTool.Service.ForgotPasswordServiceTest" tests="2" skipped="0" failures="0" errors="0" timestamp="2020-06-18T20:08:57" hostname="Prabhjots-MacBook-Pro.local" time="0.024">
  <properties/>
  <testcase name="updatePasswordTest()" classname="CSCI5308.GroupFormationTool.Service.ForgotPasswordServiceTest" time="0.019"/>
  <testcase name="notifyUserTest()" classname="CSCI5308.GroupFormationTool.Service.ForgotPasswordServiceTest" time="0.004"/>
  <system-out><![CDATA[2020-06-18 17:08:57.421  INFO 17970 --- [    Test worker] .b.t.c.SpringBootTestContextBootstrapper : Neither @ContextConfiguration nor @ContextHierarchy found for test class [CSCI5308.GroupFormationTool.Service.ForgotPasswordServiceTest], using SpringBootContextLoader
2020-06-18 17:08:57.422  INFO 17970 --- [    Test worker] o.s.t.c.support.AbstractContextLoader    : Could not detect default resource locations for test class [CSCI5308.GroupFormationTool.Service.ForgotPasswordServiceTest]: no resource found for suffixes {-context.xml, Context.groovy}.
2020-06-18 17:08:57.422  INFO 17970 --- [    Test worker] t.c.s.AnnotationConfigContextLoaderUtils : Could not detect default configuration classes for test class [CSCI5308.GroupFormationTool.Service.ForgotPasswordServiceTest]: ForgotPasswordServiceTest does not declare any static, non-private, non-final, nested classes annotated with @Configuration.
2020-06-18 17:08:57.423  INFO 17970 --- [    Test worker] .b.t.c.SpringBootTestContextBootstrapper : Found @SpringBootConfiguration CSCI5308.GroupFormationTool.GroupFormationToolApplication for test class CSCI5308.GroupFormationTool.Service.ForgotPasswordServiceTest
2020-06-18 17:08:57.424  INFO 17970 --- [    Test worker] .b.t.c.SpringBootTestContextBootstrapper : Loaded default TestExecutionListener class names from location [META-INF/spring.factories]: [org.springframework.security.test.context.support.WithSecurityContextTestExecutionListener, org.springframework.security.test.context.support.ReactorContextTestExecutionListener, org.springframework.boot.test.autoconfigure.restdocs.RestDocsTestExecutionListener, org.springframework.boot.test.autoconfigure.web.client.MockRestServiceServerResetTestExecutionListener, org.springframework.boot.test.autoconfigure.web.servlet.MockMvcPrintOnlyOnFailureTestExecutionListener, org.springframework.boot.test.autoconfigure.web.servlet.WebDriverTestExecutionListener, org.springframework.boot.test.mock.mockito.MockitoTestExecutionListener, org.springframework.boot.test.mock.mockito.ResetMocksTestExecutionListener, org.springframework.test.context.web.ServletTestExecutionListener, org.springframework.test.context.support.DirtiesContextBeforeModesTestExecutionListener, org.springframework.test.context.support.DependencyInjectionTestExecutionListener, org.springframework.test.context.support.DirtiesContextTestExecutionListener, org.springframework.test.context.transaction.TransactionalTestExecutionListener, org.springframework.test.context.jdbc.SqlScriptsTestExecutionListener, org.springframework.test.context.event.EventPublishingTestExecutionListener]
2020-06-18 17:08:57.425  INFO 17970 --- [    Test worker] .b.t.c.SpringBootTestContextBootstrapper : Using TestExecutionListeners: [org.springframework.test.context.web.ServletTestExecutionListener@2f4c821e, org.springframework.test.context.support.DirtiesContextBeforeModesTestExecutionListener@68fcaf60, org.springframework.boot.test.mock.mockito.MockitoTestExecutionListener@3ea69830, org.springframework.boot.test.autoconfigure.SpringBootDependencyInjectionTestExecutionListener@6e66531c, org.springframework.test.context.support.DirtiesContextTestExecutionListener@257170bc, org.springframework.security.test.context.support.WithSecurityContextTestExecutionListener@287b5cdd, org.springframework.test.context.event.EventPublishingTestExecutionListener@229636fa, org.springframework.security.test.context.support.ReactorContextTestExecutionListener@7e347f07, org.springframework.boot.test.autoconfigure.restdocs.RestDocsTestExecutionListener@506e14ed, org.springframework.boot.test.autoconfigure.web.client.MockRestServiceServerResetTestExecutionListener@22812789, org.springframework.boot.test.autoconfigure.web.servlet.MockMvcPrintOnlyOnFailureTestExecutionListener@3133f4c5, org.springframework.boot.test.autoconfigure.web.servlet.WebDriverTestExecutionListener@6c2279a3, org.springframework.boot.test.mock.mockito.ResetMocksTestExecutionListener@4c4bd1b6]
]]></system-out>
  <system-err><![CDATA[]]></system-err>
</testsuite>
