<?xml version="1.0" encoding="UTF-8"?>
<testsuite name="CSCI5308.GroupFormationTool.Service.UserServiceTest" tests="1" skipped="0" failures="0" errors="0" timestamp="2020-06-04T21:50:08" hostname="Prabhjots-MacBook-Pro.local" time="0.001">
  <properties/>
  <testcase name="createUserTest()" classname="CSCI5308.GroupFormationTool.Service.UserServiceTest" time="0.001"/>
  <system-out><![CDATA[2020-06-04 18:50:08.215  INFO 36983 --- [    Test worker] .b.t.c.SpringBootTestContextBootstrapper : Neither @ContextConfiguration nor @ContextHierarchy found for test class [CSCI5308.GroupFormationTool.Service.UserServiceTest], using SpringBootContextLoader
2020-06-04 18:50:08.216  INFO 36983 --- [    Test worker] o.s.t.c.support.AbstractContextLoader    : Could not detect default resource locations for test class [CSCI5308.GroupFormationTool.Service.UserServiceTest]: no resource found for suffixes {-context.xml, Context.groovy}.
2020-06-04 18:50:08.216  INFO 36983 --- [    Test worker] t.c.s.AnnotationConfigContextLoaderUtils : Could not detect default configuration classes for test class [CSCI5308.GroupFormationTool.Service.UserServiceTest]: UserServiceTest does not declare any static, non-private, non-final, nested classes annotated with @Configuration.
2020-06-04 18:50:08.221  INFO 36983 --- [    Test worker] .b.t.c.SpringBootTestContextBootstrapper : Found @SpringBootConfiguration CSCI5308.GroupFormationTool.GroupFormationToolApplication for test class CSCI5308.GroupFormationTool.Service.UserServiceTest
2020-06-04 18:50:08.222  INFO 36983 --- [    Test worker] .b.t.c.SpringBootTestContextBootstrapper : Loaded default TestExecutionListener class names from location [META-INF/spring.factories]: [org.springframework.security.test.context.support.WithSecurityContextTestExecutionListener, org.springframework.security.test.context.support.ReactorContextTestExecutionListener, org.springframework.boot.test.autoconfigure.restdocs.RestDocsTestExecutionListener, org.springframework.boot.test.autoconfigure.web.client.MockRestServiceServerResetTestExecutionListener, org.springframework.boot.test.autoconfigure.web.servlet.MockMvcPrintOnlyOnFailureTestExecutionListener, org.springframework.boot.test.autoconfigure.web.servlet.WebDriverTestExecutionListener, org.springframework.boot.test.mock.mockito.MockitoTestExecutionListener, org.springframework.boot.test.mock.mockito.ResetMocksTestExecutionListener, org.springframework.test.context.web.ServletTestExecutionListener, org.springframework.test.context.support.DirtiesContextBeforeModesTestExecutionListener, org.springframework.test.context.support.DependencyInjectionTestExecutionListener, org.springframework.test.context.support.DirtiesContextTestExecutionListener, org.springframework.test.context.transaction.TransactionalTestExecutionListener, org.springframework.test.context.jdbc.SqlScriptsTestExecutionListener, org.springframework.test.context.event.EventPublishingTestExecutionListener]
2020-06-04 18:50:08.223  INFO 36983 --- [    Test worker] .b.t.c.SpringBootTestContextBootstrapper : Using TestExecutionListeners: [org.springframework.test.context.web.ServletTestExecutionListener@38c18e76, org.springframework.test.context.support.DirtiesContextBeforeModesTestExecutionListener@1614db70, org.springframework.boot.test.mock.mockito.MockitoTestExecutionListener@4e73332c, org.springframework.boot.test.autoconfigure.SpringBootDependencyInjectionTestExecutionListener@6e563564, org.springframework.test.context.support.DirtiesContextTestExecutionListener@5ad0b4e6, org.springframework.security.test.context.support.WithSecurityContextTestExecutionListener@6a2f2b97, org.springframework.test.context.event.EventPublishingTestExecutionListener@3d129fad, org.springframework.security.test.context.support.ReactorContextTestExecutionListener@6230607e, org.springframework.boot.test.autoconfigure.restdocs.RestDocsTestExecutionListener@3d989f5a, org.springframework.boot.test.autoconfigure.web.client.MockRestServiceServerResetTestExecutionListener@2ef868ed, org.springframework.boot.test.autoconfigure.web.servlet.MockMvcPrintOnlyOnFailureTestExecutionListener@73e6568, org.springframework.boot.test.autoconfigure.web.servlet.WebDriverTestExecutionListener@66ecd661, org.springframework.boot.test.mock.mockito.ResetMocksTestExecutionListener@1ff7f7a9]
]]></system-out>
  <system-err><![CDATA[]]></system-err>
</testsuite>
