<?xml version="1.0" encoding="UTF-8"?>
<testsuite name="CSCI5308.GroupFormationTool.Model.StudentCSVTest" tests="10" skipped="0" failures="0" errors="0" timestamp="2020-06-04T21:50:08" hostname="Prabhjots-MacBook-Pro.local" time="0.022">
  <properties/>
  <testcase name="getPasswordTest()" classname="CSCI5308.GroupFormationTool.Model.StudentCSVTest" time="0.005"/>
  <testcase name="getFirstNameTest()" classname="CSCI5308.GroupFormationTool.Model.StudentCSVTest" time="0.001"/>
  <testcase name="setLastNameTest()" classname="CSCI5308.GroupFormationTool.Model.StudentCSVTest" time="0.001"/>
  <testcase name="setBannerIdTest()" classname="CSCI5308.GroupFormationTool.Model.StudentCSVTest" time="0.001"/>
  <testcase name="setPasswordTest()" classname="CSCI5308.GroupFormationTool.Model.StudentCSVTest" time="0.001"/>
  <testcase name="setEmailIdTest()" classname="CSCI5308.GroupFormationTool.Model.StudentCSVTest" time="0.001"/>
  <testcase name="setFirstNameTest()" classname="CSCI5308.GroupFormationTool.Model.StudentCSVTest" time="0.001"/>
  <testcase name="getEmailIdTest()" classname="CSCI5308.GroupFormationTool.Model.StudentCSVTest" time="0.002"/>
  <testcase name="getLastNameTest()" classname="CSCI5308.GroupFormationTool.Model.StudentCSVTest" time="0.003"/>
  <testcase name="getBannerIdTest()" classname="CSCI5308.GroupFormationTool.Model.StudentCSVTest" time="0.002"/>
  <system-out><![CDATA[2020-06-04 18:50:08.126  INFO 36983 --- [    Test worker] .b.t.c.SpringBootTestContextBootstrapper : Neither @ContextConfiguration nor @ContextHierarchy found for test class [CSCI5308.GroupFormationTool.Model.StudentCSVTest], using SpringBootContextLoader
2020-06-04 18:50:08.127  INFO 36983 --- [    Test worker] o.s.t.c.support.AbstractContextLoader    : Could not detect default resource locations for test class [CSCI5308.GroupFormationTool.Model.StudentCSVTest]: no resource found for suffixes {-context.xml, Context.groovy}.
2020-06-04 18:50:08.127  INFO 36983 --- [    Test worker] t.c.s.AnnotationConfigContextLoaderUtils : Could not detect default configuration classes for test class [CSCI5308.GroupFormationTool.Model.StudentCSVTest]: StudentCSVTest does not declare any static, non-private, non-final, nested classes annotated with @Configuration.
2020-06-04 18:50:08.128  INFO 36983 --- [    Test worker] .b.t.c.SpringBootTestContextBootstrapper : Found @SpringBootConfiguration CSCI5308.GroupFormationTool.GroupFormationToolApplication for test class CSCI5308.GroupFormationTool.Model.StudentCSVTest
2020-06-04 18:50:08.129  INFO 36983 --- [    Test worker] .b.t.c.SpringBootTestContextBootstrapper : Loaded default TestExecutionListener class names from location [META-INF/spring.factories]: [org.springframework.security.test.context.support.WithSecurityContextTestExecutionListener, org.springframework.security.test.context.support.ReactorContextTestExecutionListener, org.springframework.boot.test.autoconfigure.restdocs.RestDocsTestExecutionListener, org.springframework.boot.test.autoconfigure.web.client.MockRestServiceServerResetTestExecutionListener, org.springframework.boot.test.autoconfigure.web.servlet.MockMvcPrintOnlyOnFailureTestExecutionListener, org.springframework.boot.test.autoconfigure.web.servlet.WebDriverTestExecutionListener, org.springframework.boot.test.mock.mockito.MockitoTestExecutionListener, org.springframework.boot.test.mock.mockito.ResetMocksTestExecutionListener, org.springframework.test.context.web.ServletTestExecutionListener, org.springframework.test.context.support.DirtiesContextBeforeModesTestExecutionListener, org.springframework.test.context.support.DependencyInjectionTestExecutionListener, org.springframework.test.context.support.DirtiesContextTestExecutionListener, org.springframework.test.context.transaction.TransactionalTestExecutionListener, org.springframework.test.context.jdbc.SqlScriptsTestExecutionListener, org.springframework.test.context.event.EventPublishingTestExecutionListener]
2020-06-04 18:50:08.130  INFO 36983 --- [    Test worker] .b.t.c.SpringBootTestContextBootstrapper : Using TestExecutionListeners: [org.springframework.test.context.web.ServletTestExecutionListener@7a053edf, org.springframework.test.context.support.DirtiesContextBeforeModesTestExecutionListener@2d7ec290, org.springframework.boot.test.mock.mockito.MockitoTestExecutionListener@55b8da5e, org.springframework.boot.test.autoconfigure.SpringBootDependencyInjectionTestExecutionListener@34061f3f, org.springframework.test.context.support.DirtiesContextTestExecutionListener@67262ca6, org.springframework.security.test.context.support.WithSecurityContextTestExecutionListener@3c971890, org.springframework.test.context.event.EventPublishingTestExecutionListener@2f6e5f76, org.springframework.security.test.context.support.ReactorContextTestExecutionListener@2b955243, org.springframework.boot.test.autoconfigure.restdocs.RestDocsTestExecutionListener@7d00188b, org.springframework.boot.test.autoconfigure.web.client.MockRestServiceServerResetTestExecutionListener@79d7dc23, org.springframework.boot.test.autoconfigure.web.servlet.MockMvcPrintOnlyOnFailureTestExecutionListener@249fb980, org.springframework.boot.test.autoconfigure.web.servlet.WebDriverTestExecutionListener@2599f01a, org.springframework.boot.test.mock.mockito.ResetMocksTestExecutionListener@58207062]
]]></system-out>
  <system-err><![CDATA[]]></system-err>
</testsuite>
