<?xml version="1.0" encoding="UTF-8"?>
<testsuite name="CSCI5308.GroupFormationTool.RepositoryTest.PasswordHistoryRepositoryTest" tests="3" skipped="0" failures="0" errors="0" timestamp="2020-06-18T20:08:56" hostname="Prabhjots-MacBook-Pro.local" time="0.018">
  <properties/>
  <testcase name="addPasswordHistoryTest()" classname="CSCI5308.GroupFormationTool.RepositoryTest.PasswordHistoryRepositoryTest" time="0.015"/>
  <testcase name="getSettingvalueTest()" classname="CSCI5308.GroupFormationTool.RepositoryTest.PasswordHistoryRepositoryTest" time="0.001"/>
  <testcase name="getNPasswordsTest()" classname="CSCI5308.GroupFormationTool.RepositoryTest.PasswordHistoryRepositoryTest" time="0.001"/>
  <system-out><![CDATA[]]></system-out>
  <system-err><![CDATA[]]></system-err>
</testsuite>
