<?xml version="1.0" encoding="UTF-8"?>
<testsuite name="CSCI5308.GroupFormationTool.Service.PasswordHistoryServiceTest" tests="3" skipped="0" failures="0" errors="0" timestamp="2020-06-18T20:08:57" hostname="Prabhjots-MacBook-Pro.local" time="0.011">
  <properties/>
  <testcase name="isHistoryViolatedTest()" classname="CSCI5308.GroupFormationTool.Service.PasswordHistoryServiceTest" time="0.01"/>
  <testcase name="getSettingValueTest()" classname="CSCI5308.GroupFormationTool.Service.PasswordHistoryServiceTest" time="0.001"/>
  <testcase name="addPasswordHistoryTest()" classname="CSCI5308.GroupFormationTool.Service.PasswordHistoryServiceTest" time="0.0"/>
  <system-out><![CDATA[]]></system-out>
  <system-err><![CDATA[]]></system-err>
</testsuite>
