<?xml version="1.0" encoding="UTF-8"?>
<testsuite name="CSCI5308.GroupFormationTool.Password.ForgotPasswordManagerTest" tests="2" skipped="0" failures="0" errors="0" timestamp="2020-07-16T20:11:28" hostname="Prabhjots-MacBook-Pro.local" time="0.081">
  <properties/>
  <testcase name="updatePasswordTest()" classname="CSCI5308.GroupFormationTool.Password.ForgotPasswordManagerTest" time="0.073"/>
  <testcase name="notifyUserTest()" classname="CSCI5308.GroupFormationTool.Password.ForgotPasswordManagerTest" time="0.007"/>
  <system-out><![CDATA[2020-07-16 17:11:28.253  INFO 42868 --- [    Test worker] C.GroupFormationTool.Password.Policy     : Calling the Policy Repository to check if the password follows enabled security policies
2020-07-16 17:11:28.254  INFO 42868 --- [    Test worker] C.GroupFormationTool.Password.Policy     : Checking if the password follows enabled security policies
2020-07-16 17:11:28.255  INFO 42868 --- [    Test worker] C.GroupFormationTool.Password.Policy     : Calling the Policy Repository to check if the password follows enabled security policies
2020-07-16 17:11:28.255  INFO 42868 --- [    Test worker] C.GroupFormationTool.Password.Policy     : Checking if the password follows enabled security policies
2020-07-16 17:11:28.258 ERROR 42868 --- [    Test worker] C.GroupFormationTool.Password.Policy     : Minimum password length security policy is violated
2020-07-16 17:11:28.259  INFO 42868 --- [    Test worker] C.GroupFormationTool.Password.Policy     : Calling the Policy Repository to check if the password follows enabled security policies
2020-07-16 17:11:28.259  INFO 42868 --- [    Test worker] C.GroupFormationTool.Password.Policy     : Checking if the password follows enabled security policies
2020-07-16 17:11:28.261  INFO 42868 --- [    Test worker] C.GroupFormationTool.Password.Policy     : Calling the Policy Repository to check if the password follows enabled security policies
2020-07-16 17:11:28.261  INFO 42868 --- [    Test worker] C.GroupFormationTool.Password.Policy     : Checking if the password follows enabled security policies
2020-07-16 17:11:28.262  INFO 42868 --- [    Test worker] C.G.Password.ForgotPasswordManager       : User violated history while updating password
2020-07-16 17:11:28.263  INFO 42868 --- [    Test worker] C.GroupFormationTool.Password.Policy     : Calling the Policy Repository to check if the password follows enabled security policies
2020-07-16 17:11:28.263  INFO 42868 --- [    Test worker] C.GroupFormationTool.Password.Policy     : Checking if the password follows enabled security policies
2020-07-16 17:11:28.268  INFO 42868 --- [    Test worker] C.G.Password.ForgotPasswordManager       : User is updating existing token
2020-07-16 17:11:28.270  INFO 42868 --- [    Test worker] C.G.Password.ForgotPasswordManager       : User is adding new token
]]></system-out>
  <system-err><![CDATA[]]></system-err>
</testsuite>
