<?xml version="1.0" encoding="UTF-8"?>
<testsuite name="CSCI5308.GroupFormationTool.Course.CourseTest" tests="12" skipped="0" failures="0" errors="0" timestamp="2020-07-07T18:40:36" hostname="Prabhjots-MacBook-Pro.local" time="0.041">
  <properties/>
  <testcase name="getAllCoursesTest()" classname="CSCI5308.GroupFormationTool.Course.CourseTest" time="0.015"/>
  <testcase name="getCreditsTest()" classname="CSCI5308.GroupFormationTool.Course.CourseTest" time="0.002"/>
  <testcase name="setNameTest()" classname="CSCI5308.GroupFormationTool.Course.CourseTest" time="0.002"/>
  <testcase name="getNameTest()" classname="CSCI5308.GroupFormationTool.Course.CourseTest" time="0.002"/>
  <testcase name="createCourseTest()" classname="CSCI5308.GroupFormationTool.Course.CourseTest" time="0.002"/>
  <testcase name="getCourseByIdTest()" classname="CSCI5308.GroupFormationTool.Course.CourseTest" time="0.002"/>
  <testcase name="setIdTest()" classname="CSCI5308.GroupFormationTool.Course.CourseTest" time="0.002"/>
  <testcase name="getIdTest()" classname="CSCI5308.GroupFormationTool.Course.CourseTest" time="0.002"/>
  <testcase name="getDescriptionTest()" classname="CSCI5308.GroupFormationTool.Course.CourseTest" time="0.001"/>
  <testcase name="deleteCourseTest()" classname="CSCI5308.GroupFormationTool.Course.CourseTest" time="0.002"/>
  <testcase name="setDescriptionTest()" classname="CSCI5308.GroupFormationTool.Course.CourseTest" time="0.002"/>
  <testcase name="setCreditsTest()" classname="CSCI5308.GroupFormationTool.Course.CourseTest" time="0.002"/>
  <system-out><![CDATA[2020-07-07 15:40:36.601  INFO 22184 --- [    Test worker] .b.t.c.SpringBootTestContextBootstrapper : Neither @ContextConfiguration nor @ContextHierarchy found for test class [CSCI5308.GroupFormationTool.Course.CourseTest], using SpringBootContextLoader
2020-07-07 15:40:36.602  INFO 22184 --- [    Test worker] o.s.t.c.support.AbstractContextLoader    : Could not detect default resource locations for test class [CSCI5308.GroupFormationTool.Course.CourseTest]: no resource found for suffixes {-context.xml, Context.groovy}.
2020-07-07 15:40:36.602  INFO 22184 --- [    Test worker] t.c.s.AnnotationConfigContextLoaderUtils : Could not detect default configuration classes for test class [CSCI5308.GroupFormationTool.Course.CourseTest]: CourseTest does not declare any static, non-private, non-final, nested classes annotated with @Configuration.
2020-07-07 15:40:36.603  INFO 22184 --- [    Test worker] .b.t.c.SpringBootTestContextBootstrapper : Found @SpringBootConfiguration CSCI5308.GroupFormationTool.GroupFormationToolApplication for test class CSCI5308.GroupFormationTool.Course.CourseTest
2020-07-07 15:40:36.605  INFO 22184 --- [    Test worker] .b.t.c.SpringBootTestContextBootstrapper : Loaded default TestExecutionListener class names from location [META-INF/spring.factories]: [org.springframework.security.test.context.support.WithSecurityContextTestExecutionListener, org.springframework.security.test.context.support.ReactorContextTestExecutionListener, org.springframework.boot.test.autoconfigure.restdocs.RestDocsTestExecutionListener, org.springframework.boot.test.autoconfigure.web.client.MockRestServiceServerResetTestExecutionListener, org.springframework.boot.test.autoconfigure.web.servlet.MockMvcPrintOnlyOnFailureTestExecutionListener, org.springframework.boot.test.autoconfigure.web.servlet.WebDriverTestExecutionListener, org.springframework.boot.test.mock.mockito.MockitoTestExecutionListener, org.springframework.boot.test.mock.mockito.ResetMocksTestExecutionListener, org.springframework.test.context.web.ServletTestExecutionListener, org.springframework.test.context.support.DirtiesContextBeforeModesTestExecutionListener, org.springframework.test.context.support.DependencyInjectionTestExecutionListener, org.springframework.test.context.support.DirtiesContextTestExecutionListener, org.springframework.test.context.transaction.TransactionalTestExecutionListener, org.springframework.test.context.jdbc.SqlScriptsTestExecutionListener, org.springframework.test.context.event.EventPublishingTestExecutionListener]
2020-07-07 15:40:36.606  INFO 22184 --- [    Test worker] .b.t.c.SpringBootTestContextBootstrapper : Using TestExecutionListeners: [org.springframework.test.context.web.ServletTestExecutionListener@506e14ed, org.springframework.test.context.support.DirtiesContextBeforeModesTestExecutionListener@22812789, org.springframework.boot.test.mock.mockito.MockitoTestExecutionListener@3133f4c5, org.springframework.boot.test.autoconfigure.SpringBootDependencyInjectionTestExecutionListener@6c2279a3, org.springframework.test.context.support.DirtiesContextTestExecutionListener@4c4bd1b6, org.springframework.security.test.context.support.WithSecurityContextTestExecutionListener@675d0ad9, org.springframework.test.context.event.EventPublishingTestExecutionListener@49665f2b, org.springframework.security.test.context.support.ReactorContextTestExecutionListener@3676d8c5, org.springframework.boot.test.autoconfigure.restdocs.RestDocsTestExecutionListener@24a269dc, org.springframework.boot.test.autoconfigure.web.client.MockRestServiceServerResetTestExecutionListener@2ba6b453, org.springframework.boot.test.autoconfigure.web.servlet.MockMvcPrintOnlyOnFailureTestExecutionListener@5042390b, org.springframework.boot.test.autoconfigure.web.servlet.WebDriverTestExecutionListener@50f26336, org.springframework.boot.test.mock.mockito.ResetMocksTestExecutionListener@67a91c7d]
]]></system-out>
  <system-err><![CDATA[]]></system-err>
</testsuite>
