<?xml version="1.0" encoding="UTF-8"?>
<testsuite name="CSCI5308.GroupFormationTool.RepositoryTest.UserRepositoryTest" tests="4" skipped="0" failures="0" errors="0" timestamp="2020-06-04T21:36:13" hostname="Prabhjots-MacBook-Pro.local" time="0.008">
  <properties/>
  <testcase name="createUserTest()" classname="CSCI5308.GroupFormationTool.RepositoryTest.UserRepositoryTest" time="0.001"/>
  <testcase name="getUserByBannerIdTest()" classname="CSCI5308.GroupFormationTool.RepositoryTest.UserRepositoryTest" time="0.002"/>
  <testcase name="getUserByEmailIdTest()" classname="CSCI5308.GroupFormationTool.RepositoryTest.UserRepositoryTest" time="0.001"/>
  <testcase name="getAdminDetailsTest()" classname="CSCI5308.GroupFormationTool.RepositoryTest.UserRepositoryTest" time="0.002"/>
  <system-out><![CDATA[2020-06-04 18:36:13.717  INFO 35965 --- [    Test worker] .b.t.c.SpringBootTestContextBootstrapper : Neither @ContextConfiguration nor @ContextHierarchy found for test class [CSCI5308.GroupFormationTool.RepositoryTest.UserRepositoryTest], using SpringBootContextLoader
2020-06-04 18:36:13.718  INFO 35965 --- [    Test worker] o.s.t.c.support.AbstractContextLoader    : Could not detect default resource locations for test class [CSCI5308.GroupFormationTool.RepositoryTest.UserRepositoryTest]: no resource found for suffixes {-context.xml, Context.groovy}.
2020-06-04 18:36:13.718  INFO 35965 --- [    Test worker] t.c.s.AnnotationConfigContextLoaderUtils : Could not detect default configuration classes for test class [CSCI5308.GroupFormationTool.RepositoryTest.UserRepositoryTest]: UserRepositoryTest does not declare any static, non-private, non-final, nested classes annotated with @Configuration.
2020-06-04 18:36:13.719  INFO 35965 --- [    Test worker] .b.t.c.SpringBootTestContextBootstrapper : Found @SpringBootConfiguration CSCI5308.GroupFormationTool.GroupFormationToolApplication for test class CSCI5308.GroupFormationTool.RepositoryTest.UserRepositoryTest
2020-06-04 18:36:13.720  INFO 35965 --- [    Test worker] .b.t.c.SpringBootTestContextBootstrapper : Loaded default TestExecutionListener class names from location [META-INF/spring.factories]: [org.springframework.security.test.context.support.WithSecurityContextTestExecutionListener, org.springframework.security.test.context.support.ReactorContextTestExecutionListener, org.springframework.boot.test.autoconfigure.restdocs.RestDocsTestExecutionListener, org.springframework.boot.test.autoconfigure.web.client.MockRestServiceServerResetTestExecutionListener, org.springframework.boot.test.autoconfigure.web.servlet.MockMvcPrintOnlyOnFailureTestExecutionListener, org.springframework.boot.test.autoconfigure.web.servlet.WebDriverTestExecutionListener, org.springframework.boot.test.mock.mockito.MockitoTestExecutionListener, org.springframework.boot.test.mock.mockito.ResetMocksTestExecutionListener, org.springframework.test.context.web.ServletTestExecutionListener, org.springframework.test.context.support.DirtiesContextBeforeModesTestExecutionListener, org.springframework.test.context.support.DependencyInjectionTestExecutionListener, org.springframework.test.context.support.DirtiesContextTestExecutionListener, org.springframework.test.context.transaction.TransactionalTestExecutionListener, org.springframework.test.context.jdbc.SqlScriptsTestExecutionListener, org.springframework.test.context.event.EventPublishingTestExecutionListener]
2020-06-04 18:36:13.721  INFO 35965 --- [    Test worker] .b.t.c.SpringBootTestContextBootstrapper : Using TestExecutionListeners: [org.springframework.test.context.web.ServletTestExecutionListener@1366c704, org.springframework.test.context.support.DirtiesContextBeforeModesTestExecutionListener@67d13ba5, org.springframework.boot.test.mock.mockito.MockitoTestExecutionListener@1b73cbbc, org.springframework.boot.test.autoconfigure.SpringBootDependencyInjectionTestExecutionListener@7e77a28b, org.springframework.test.context.support.DirtiesContextTestExecutionListener@5b0c14a6, org.springframework.security.test.context.support.WithSecurityContextTestExecutionListener@356e0071, org.springframework.test.context.event.EventPublishingTestExecutionListener@3045034b, org.springframework.security.test.context.support.ReactorContextTestExecutionListener@73e59c32, org.springframework.boot.test.autoconfigure.restdocs.RestDocsTestExecutionListener@48770fcc, org.springframework.boot.test.autoconfigure.web.client.MockRestServiceServerResetTestExecutionListener@d5ff33b, org.springframework.boot.test.autoconfigure.web.servlet.MockMvcPrintOnlyOnFailureTestExecutionListener@1518e680, org.springframework.boot.test.autoconfigure.web.servlet.WebDriverTestExecutionListener@4ac3fc1d, org.springframework.boot.test.mock.mockito.ResetMocksTestExecutionListener@3aba93e6]
]]></system-out>
  <system-err><![CDATA[]]></system-err>
</testsuite>
