<?xml version="1.0" encoding="UTF-8"?>
<testsuite name="CSCI5308.GroupFormationTool.Password.ForgotPasswordRepositoryTest" tests="7" skipped="0" failures="0" errors="0" timestamp="2020-07-09T16:37:30" hostname="Prabhjots-MacBook-Pro.local" time="0.509">
  <properties/>
  <testcase name="updatePasswordTest()" classname="CSCI5308.GroupFormationTool.Password.ForgotPasswordRepositoryTest" time="0.491"/>
  <testcase name="getEmailByTokenTest()" classname="CSCI5308.GroupFormationTool.Password.ForgotPasswordRepositoryTest" time="0.003"/>
  <testcase name="addTokenTest()" classname="CSCI5308.GroupFormationTool.Password.ForgotPasswordRepositoryTest" time="0.003"/>
  <testcase name="getTokenTest()" classname="CSCI5308.GroupFormationTool.Password.ForgotPasswordRepositoryTest" time="0.002"/>
  <testcase name="deleteTokenTest()" classname="CSCI5308.GroupFormationTool.Password.ForgotPasswordRepositoryTest" time="0.002"/>
  <testcase name="getUserIdTest()" classname="CSCI5308.GroupFormationTool.Password.ForgotPasswordRepositoryTest" time="0.002"/>
  <testcase name="updateTokenTest()" classname="CSCI5308.GroupFormationTool.Password.ForgotPasswordRepositoryTest" time="0.002"/>
  <system-out><![CDATA[13:37:28.574 [Test worker] DEBUG org.springframework.test.context.BootstrapUtils - Instantiating CacheAwareContextLoaderDelegate from class [org.springframework.test.context.cache.DefaultCacheAwareContextLoaderDelegate]
13:37:28.587 [Test worker] DEBUG org.springframework.test.context.BootstrapUtils - Instantiating BootstrapContext using constructor [public org.springframework.test.context.support.DefaultBootstrapContext(java.lang.Class,org.springframework.test.context.CacheAwareContextLoaderDelegate)]
13:37:28.614 [Test worker] DEBUG org.springframework.test.context.BootstrapUtils - Instantiating TestContextBootstrapper for test class [CSCI5308.GroupFormationTool.Password.ForgotPasswordRepositoryTest] from class [org.springframework.boot.test.context.SpringBootTestContextBootstrapper]
13:37:28.630 [Test worker] INFO org.springframework.boot.test.context.SpringBootTestContextBootstrapper - Neither @ContextConfiguration nor @ContextHierarchy found for test class [CSCI5308.GroupFormationTool.Password.ForgotPasswordRepositoryTest], using SpringBootContextLoader
13:37:28.633 [Test worker] DEBUG org.springframework.test.context.support.AbstractContextLoader - Did not detect default resource location for test class [CSCI5308.GroupFormationTool.Password.ForgotPasswordRepositoryTest]: class path resource [CSCI5308/GroupFormationTool/Password/ForgotPasswordRepositoryTest-context.xml] does not exist
13:37:28.634 [Test worker] DEBUG org.springframework.test.context.support.AbstractContextLoader - Did not detect default resource location for test class [CSCI5308.GroupFormationTool.Password.ForgotPasswordRepositoryTest]: class path resource [CSCI5308/GroupFormationTool/Password/ForgotPasswordRepositoryTestContext.groovy] does not exist
13:37:28.634 [Test worker] INFO org.springframework.test.context.support.AbstractContextLoader - Could not detect default resource locations for test class [CSCI5308.GroupFormationTool.Password.ForgotPasswordRepositoryTest]: no resource found for suffixes {-context.xml, Context.groovy}.
13:37:28.635 [Test worker] INFO org.springframework.test.context.support.AnnotationConfigContextLoaderUtils - Could not detect default configuration classes for test class [CSCI5308.GroupFormationTool.Password.ForgotPasswordRepositoryTest]: ForgotPasswordRepositoryTest does not declare any static, non-private, non-final, nested classes annotated with @Configuration.
13:37:28.672 [Test worker] DEBUG org.springframework.test.context.support.ActiveProfilesUtils - Could not find an 'annotation declaring class' for annotation type [org.springframework.test.context.ActiveProfiles] and class [CSCI5308.GroupFormationTool.Password.ForgotPasswordRepositoryTest]
13:37:28.751 [Test worker] DEBUG org.springframework.context.annotation.ClassPathScanningCandidateComponentProvider - Identified candidate component class: file [/Users/prabhjotkaur/git/group22/build/classes/java/main/CSCI5308/GroupFormationTool/GroupFormationToolApplication.class]
13:37:28.752 [Test worker] INFO org.springframework.boot.test.context.SpringBootTestContextBootstrapper - Found @SpringBootConfiguration CSCI5308.GroupFormationTool.GroupFormationToolApplication for test class CSCI5308.GroupFormationTool.Password.ForgotPasswordRepositoryTest
13:37:28.826 [Test worker] DEBUG org.springframework.boot.test.context.SpringBootTestContextBootstrapper - @TestExecutionListeners is not present for class [CSCI5308.GroupFormationTool.Password.ForgotPasswordRepositoryTest]: using defaults.
13:37:28.826 [Test worker] INFO org.springframework.boot.test.context.SpringBootTestContextBootstrapper - Loaded default TestExecutionListener class names from location [META-INF/spring.factories]: [org.springframework.security.test.context.support.WithSecurityContextTestExecutionListener, org.springframework.security.test.context.support.ReactorContextTestExecutionListener, org.springframework.boot.test.autoconfigure.restdocs.RestDocsTestExecutionListener, org.springframework.boot.test.autoconfigure.web.client.MockRestServiceServerResetTestExecutionListener, org.springframework.boot.test.autoconfigure.web.servlet.MockMvcPrintOnlyOnFailureTestExecutionListener, org.springframework.boot.test.autoconfigure.web.servlet.WebDriverTestExecutionListener, org.springframework.boot.test.mock.mockito.MockitoTestExecutionListener, org.springframework.boot.test.mock.mockito.ResetMocksTestExecutionListener, org.springframework.test.context.web.ServletTestExecutionListener, org.springframework.test.context.support.DirtiesContextBeforeModesTestExecutionListener, org.springframework.test.context.support.DependencyInjectionTestExecutionListener, org.springframework.test.context.support.DirtiesContextTestExecutionListener, org.springframework.test.context.transaction.TransactionalTestExecutionListener, org.springframework.test.context.jdbc.SqlScriptsTestExecutionListener, org.springframework.test.context.event.EventPublishingTestExecutionListener]
13:37:28.839 [Test worker] DEBUG org.springframework.boot.test.context.SpringBootTestContextBootstrapper - Skipping candidate TestExecutionListener [org.springframework.test.context.transaction.TransactionalTestExecutionListener] due to a missing dependency. Specify custom listener classes or make the default listener classes and their required dependencies available. Offending class: [org/springframework/transaction/interceptor/TransactionAttributeSource]
13:37:28.840 [Test worker] DEBUG org.springframework.boot.test.context.SpringBootTestContextBootstrapper - Skipping candidate TestExecutionListener [org.springframework.test.context.jdbc.SqlScriptsTestExecutionListener] due to a missing dependency. Specify custom listener classes or make the default listener classes and their required dependencies available. Offending class: [org/springframework/transaction/interceptor/TransactionAttribute]
13:37:28.840 [Test worker] INFO org.springframework.boot.test.context.SpringBootTestContextBootstrapper - Using TestExecutionListeners: [org.springframework.test.context.web.ServletTestExecutionListener@40b524f9, org.springframework.test.context.support.DirtiesContextBeforeModesTestExecutionListener@6c8785ae, org.springframework.boot.test.mock.mockito.MockitoTestExecutionListener@76b67f08, org.springframework.boot.test.autoconfigure.SpringBootDependencyInjectionTestExecutionListener@4ca2ecfd, org.springframework.test.context.support.DirtiesContextTestExecutionListener@25599b7c, org.springframework.security.test.context.support.WithSecurityContextTestExecutionListener@75a3c08c, org.springframework.test.context.event.EventPublishingTestExecutionListener@30a8bf0f, org.springframework.security.test.context.support.ReactorContextTestExecutionListener@6b3678e3, org.springframework.boot.test.autoconfigure.restdocs.RestDocsTestExecutionListener@25d8c82, org.springframework.boot.test.autoconfigure.web.client.MockRestServiceServerResetTestExecutionListener@69919be5, org.springframework.boot.test.autoconfigure.web.servlet.MockMvcPrintOnlyOnFailureTestExecutionListener@1cb4111f, org.springframework.boot.test.autoconfigure.web.servlet.WebDriverTestExecutionListener@449d930a, org.springframework.boot.test.mock.mockito.ResetMocksTestExecutionListener@2aca3e87]
13:37:28.843 [Test worker] DEBUG org.springframework.test.context.support.AbstractDirtiesContextTestExecutionListener - Before test class: context [DefaultTestContext@722538b0 testClass = ForgotPasswordRepositoryTest, testInstance = [null], testMethod = [null], testException = [null], mergedContextConfiguration = [WebMergedContextConfiguration@7b073447 testClass = ForgotPasswordRepositoryTest, locations = '{}', classes = '{class CSCI5308.GroupFormationTool.GroupFormationToolApplication}', contextInitializerClasses = '[]', activeProfiles = '{}', propertySourceLocations = '{}', propertySourceProperties = '{org.springframework.boot.test.context.SpringBootTestContextBootstrapper=true}', contextCustomizers = set[org.springframework.boot.test.autoconfigure.properties.PropertyMappingContextCustomizer@0, org.springframework.boot.test.autoconfigure.web.servlet.WebDriverContextCustomizerFactory$Customizer@2636007d, org.springframework.boot.test.context.filter.ExcludeFilterContextCustomizer@4b580ed0, org.springframework.boot.test.json.DuplicateJsonObjectContextCustomizerFactory$DuplicateJsonObjectContextCustomizer@3ab55179, org.springframework.boot.test.mock.mockito.MockitoContextCustomizer@0, org.springframework.boot.test.web.client.TestRestTemplateContextCustomizer@23af206, org.springframework.boot.test.context.SpringBootTestArgs@1], resourceBasePath = 'src/main/webapp', contextLoader = 'org.springframework.boot.test.context.SpringBootContextLoader', parent = [null]], attributes = map['org.springframework.test.context.web.ServletTestExecutionListener.activateListener' -> true]], class annotated with @DirtiesContext [false] with mode [null].
13:37:28.869 [Test worker] DEBUG org.springframework.test.context.support.TestPropertySourceUtils - Adding inlined properties to environment: {spring.jmx.enabled=false, org.springframework.boot.test.context.SpringBootTestContextBootstrapper=true, server.port=-1}

  .   ____          _            __ _ _
 /\\ / ___'_ __ _ _(_)_ __  __ _ \ \ \ \
( ( )\___ | '_ | '_| | '_ \/ _` | \ \ \ \
 \\/  ___)| |_)| | | | | || (_| |  ) ) ) )
  '  |____| .__|_| |_|_| |_\__, | / / / /
 =========|_|==============|___/=/_/_/_/
 :: Spring Boot ::        (v2.2.7.RELEASE)

2020-07-09 13:37:29.128  INFO 7318 --- [    Test worker] C.G.P.ForgotPasswordRepositoryTest       : Starting ForgotPasswordRepositoryTest on Prabhjots-MacBook-Pro.local with PID 7318 (started by prabhjotkaur in /Users/prabhjotkaur/git/group22)
2020-07-09 13:37:29.130  INFO 7318 --- [    Test worker] C.G.P.ForgotPasswordRepositoryTest       : No active profile set, falling back to default profiles: default
2020-07-09 13:37:30.086  INFO 7318 --- [    Test worker] o.s.s.web.DefaultSecurityFilterChain     : Creating filter chain: Ant [pattern='/resources/**'], []
2020-07-09 13:37:30.175  INFO 7318 --- [    Test worker] o.s.s.web.DefaultSecurityFilterChain     : Creating filter chain: any request, [org.springframework.security.web.context.request.async.WebAsyncManagerIntegrationFilter@615f6001, org.springframework.security.web.context.SecurityContextPersistenceFilter@57fe6b0c, org.springframework.security.web.header.HeaderWriterFilter@42cfca69, org.springframework.security.web.csrf.CsrfFilter@2cc3bac4, org.springframework.security.web.authentication.logout.LogoutFilter@4d7c3bc8, org.springframework.security.web.authentication.UsernamePasswordAuthenticationFilter@60e32410, org.springframework.security.web.savedrequest.RequestCacheAwareFilter@6428bd5f, org.springframework.security.web.servletapi.SecurityContextHolderAwareRequestFilter@4cc43b6f, org.springframework.security.web.authentication.AnonymousAuthenticationFilter@50496e56, org.springframework.security.web.session.SessionManagementFilter@4ce4a02, org.springframework.security.web.access.ExceptionTranslationFilter@5cc87127, org.springframework.security.web.access.intercept.FilterSecurityInterceptor@17c131ad]
2020-07-09 13:37:30.413  INFO 7318 --- [    Test worker] o.s.s.concurrent.ThreadPoolTaskExecutor  : Initializing ExecutorService 'applicationTaskExecutor'
2020-07-09 13:37:30.493  INFO 7318 --- [    Test worker] o.s.b.a.w.s.WelcomePageHandlerMapping    : Adding welcome page template: index
2020-07-09 13:37:30.678  INFO 7318 --- [    Test worker] C.G.P.ForgotPasswordRepositoryTest       : Started ForgotPasswordRepositoryTest in 1.797 seconds (JVM running for 2.906)
]]></system-out>
  <system-err><![CDATA[]]></system-err>
</testsuite>
