<?xml version="1.0" encoding="UTF-8"?>
<testsuite name="CSCI5308.GroupFormationTool.Question.ChoiceTest" tests="4" skipped="0" failures="0" errors="0" timestamp="2020-07-09T16:37:35" hostname="Prabhjots-MacBook-Pro.local" time="0.005">
  <properties/>
  <testcase name="getText()" classname="CSCI5308.GroupFormationTool.Question.ChoiceTest" time="0.001"/>
  <testcase name="setValue()" classname="CSCI5308.GroupFormationTool.Question.ChoiceTest" time="0.001"/>
  <testcase name="getValue()" classname="CSCI5308.GroupFormationTool.Question.ChoiceTest" time="0.001"/>
  <testcase name="setText()" classname="CSCI5308.GroupFormationTool.Question.ChoiceTest" time="0.001"/>
  <system-out><![CDATA[2020-07-09 13:37:35.046  INFO 7318 --- [    Test worker] .b.t.c.SpringBootTestContextBootstrapper : Neither @ContextConfiguration nor @ContextHierarchy found for test class [CSCI5308.GroupFormationTool.Question.ChoiceTest], using SpringBootContextLoader
2020-07-09 13:37:35.047  INFO 7318 --- [    Test worker] o.s.t.c.support.AbstractContextLoader    : Could not detect default resource locations for test class [CSCI5308.GroupFormationTool.Question.ChoiceTest]: no resource found for suffixes {-context.xml, Context.groovy}.
2020-07-09 13:37:35.047  INFO 7318 --- [    Test worker] t.c.s.AnnotationConfigContextLoaderUtils : Could not detect default configuration classes for test class [CSCI5308.GroupFormationTool.Question.ChoiceTest]: ChoiceTest does not declare any static, non-private, non-final, nested classes annotated with @Configuration.
2020-07-09 13:37:35.047  INFO 7318 --- [    Test worker] .b.t.c.SpringBootTestContextBootstrapper : Found @SpringBootConfiguration CSCI5308.GroupFormationTool.GroupFormationToolApplication for test class CSCI5308.GroupFormationTool.Question.ChoiceTest
2020-07-09 13:37:35.048  INFO 7318 --- [    Test worker] .b.t.c.SpringBootTestContextBootstrapper : Loaded default TestExecutionListener class names from location [META-INF/spring.factories]: [org.springframework.security.test.context.support.WithSecurityContextTestExecutionListener, org.springframework.security.test.context.support.ReactorContextTestExecutionListener, org.springframework.boot.test.autoconfigure.restdocs.RestDocsTestExecutionListener, org.springframework.boot.test.autoconfigure.web.client.MockRestServiceServerResetTestExecutionListener, org.springframework.boot.test.autoconfigure.web.servlet.MockMvcPrintOnlyOnFailureTestExecutionListener, org.springframework.boot.test.autoconfigure.web.servlet.WebDriverTestExecutionListener, org.springframework.boot.test.mock.mockito.MockitoTestExecutionListener, org.springframework.boot.test.mock.mockito.ResetMocksTestExecutionListener, org.springframework.test.context.web.ServletTestExecutionListener, org.springframework.test.context.support.DirtiesContextBeforeModesTestExecutionListener, org.springframework.test.context.support.DependencyInjectionTestExecutionListener, org.springframework.test.context.support.DirtiesContextTestExecutionListener, org.springframework.test.context.transaction.TransactionalTestExecutionListener, org.springframework.test.context.jdbc.SqlScriptsTestExecutionListener, org.springframework.test.context.event.EventPublishingTestExecutionListener]
2020-07-09 13:37:35.049  INFO 7318 --- [    Test worker] .b.t.c.SpringBootTestContextBootstrapper : Using TestExecutionListeners: [org.springframework.test.context.web.ServletTestExecutionListener@697309e0, org.springframework.test.context.support.DirtiesContextBeforeModesTestExecutionListener@1985b0a5, org.springframework.boot.test.mock.mockito.MockitoTestExecutionListener@260bc284, org.springframework.boot.test.autoconfigure.SpringBootDependencyInjectionTestExecutionListener@65a64faf, org.springframework.test.context.support.DirtiesContextTestExecutionListener@146b66f2, org.springframework.security.test.context.support.WithSecurityContextTestExecutionListener@20dffc42, org.springframework.test.context.event.EventPublishingTestExecutionListener@58b8153f, org.springframework.security.test.context.support.ReactorContextTestExecutionListener@fb4e2b0, org.springframework.boot.test.autoconfigure.restdocs.RestDocsTestExecutionListener@40a74942, org.springframework.boot.test.autoconfigure.web.client.MockRestServiceServerResetTestExecutionListener@1fc590f8, org.springframework.boot.test.autoconfigure.web.servlet.MockMvcPrintOnlyOnFailureTestExecutionListener@7cc6fd2, org.springframework.boot.test.autoconfigure.web.servlet.WebDriverTestExecutionListener@2fc5acf9, org.springframework.boot.test.mock.mockito.ResetMocksTestExecutionListener@55520d1a]
]]></system-out>
  <system-err><![CDATA[]]></system-err>
</testsuite>
