<?xml version="1.0" encoding="UTF-8"?>
<testsuite name="CSCI5308.GroupFormationTool.GroupFormationToolApplicationTests" tests="1" skipped="0" failures="0" errors="0" timestamp="2020-07-16T20:11:32" hostname="Prabhjots-MacBook-Pro.local" time="0.001">
  <properties/>
  <testcase name="contextLoads()" classname="CSCI5308.GroupFormationTool.GroupFormationToolApplicationTests" time="0.001"/>
  <system-out><![CDATA[]]></system-out>
  <system-err><![CDATA[]]></system-err>
</testsuite>
