<?xml version="1.0" encoding="UTF-8"?>
<testsuite name="CSCI5308.GroupFormationTool.Password.ForgotPasswordManagerTest" tests="2" skipped="0" failures="0" errors="0" timestamp="2020-07-09T16:19:41" hostname="Prabhjots-MacBook-Pro.local" time="0.053">
  <properties/>
  <testcase name="updatePasswordTest()" classname="CSCI5308.GroupFormationTool.Password.ForgotPasswordManagerTest" time="0.048"/>
  <testcase name="notifyUserTest()" classname="CSCI5308.GroupFormationTool.Password.ForgotPasswordManagerTest" time="0.005"/>
  <system-out><![CDATA[2020-07-09 13:19:41.303  INFO 7122 --- [    Test worker] .b.t.c.SpringBootTestContextBootstrapper : Neither @ContextConfiguration nor @ContextHierarchy found for test class [CSCI5308.GroupFormationTool.Password.ForgotPasswordManagerTest], using SpringBootContextLoader
2020-07-09 13:19:41.303  INFO 7122 --- [    Test worker] o.s.t.c.support.AbstractContextLoader    : Could not detect default resource locations for test class [CSCI5308.GroupFormationTool.Password.ForgotPasswordManagerTest]: no resource found for suffixes {-context.xml, Context.groovy}.
2020-07-09 13:19:41.304  INFO 7122 --- [    Test worker] t.c.s.AnnotationConfigContextLoaderUtils : Could not detect default configuration classes for test class [CSCI5308.GroupFormationTool.Password.ForgotPasswordManagerTest]: ForgotPasswordManagerTest does not declare any static, non-private, non-final, nested classes annotated with @Configuration.
2020-07-09 13:19:41.305  INFO 7122 --- [    Test worker] .b.t.c.SpringBootTestContextBootstrapper : Found @SpringBootConfiguration CSCI5308.GroupFormationTool.GroupFormationToolApplication for test class CSCI5308.GroupFormationTool.Password.ForgotPasswordManagerTest
2020-07-09 13:19:41.306  INFO 7122 --- [    Test worker] .b.t.c.SpringBootTestContextBootstrapper : Loaded default TestExecutionListener class names from location [META-INF/spring.factories]: [org.springframework.security.test.context.support.WithSecurityContextTestExecutionListener, org.springframework.security.test.context.support.ReactorContextTestExecutionListener, org.springframework.boot.test.autoconfigure.restdocs.RestDocsTestExecutionListener, org.springframework.boot.test.autoconfigure.web.client.MockRestServiceServerResetTestExecutionListener, org.springframework.boot.test.autoconfigure.web.servlet.MockMvcPrintOnlyOnFailureTestExecutionListener, org.springframework.boot.test.autoconfigure.web.servlet.WebDriverTestExecutionListener, org.springframework.boot.test.mock.mockito.MockitoTestExecutionListener, org.springframework.boot.test.mock.mockito.ResetMocksTestExecutionListener, org.springframework.test.context.web.ServletTestExecutionListener, org.springframework.test.context.support.DirtiesContextBeforeModesTestExecutionListener, org.springframework.test.context.support.DependencyInjectionTestExecutionListener, org.springframework.test.context.support.DirtiesContextTestExecutionListener, org.springframework.test.context.transaction.TransactionalTestExecutionListener, org.springframework.test.context.jdbc.SqlScriptsTestExecutionListener, org.springframework.test.context.event.EventPublishingTestExecutionListener]
2020-07-09 13:19:41.307  INFO 7122 --- [    Test worker] .b.t.c.SpringBootTestContextBootstrapper : Using TestExecutionListeners: [org.springframework.test.context.web.ServletTestExecutionListener@7e5f1272, org.springframework.test.context.support.DirtiesContextBeforeModesTestExecutionListener@3aada37e, org.springframework.boot.test.mock.mockito.MockitoTestExecutionListener@23d15c76, org.springframework.boot.test.autoconfigure.SpringBootDependencyInjectionTestExecutionListener@112a6f03, org.springframework.test.context.support.DirtiesContextTestExecutionListener@17e033d6, org.springframework.security.test.context.support.WithSecurityContextTestExecutionListener@4081c407, org.springframework.test.context.event.EventPublishingTestExecutionListener@699a128d, org.springframework.security.test.context.support.ReactorContextTestExecutionListener@2b0a3aca, org.springframework.boot.test.autoconfigure.restdocs.RestDocsTestExecutionListener@3de2d2fe, org.springframework.boot.test.autoconfigure.web.client.MockRestServiceServerResetTestExecutionListener@730d88b9, org.springframework.boot.test.autoconfigure.web.servlet.MockMvcPrintOnlyOnFailureTestExecutionListener@4abaf22f, org.springframework.boot.test.autoconfigure.web.servlet.WebDriverTestExecutionListener@309c5dd8, org.springframework.boot.test.mock.mockito.ResetMocksTestExecutionListener@1bc20c17]
]]></system-out>
  <system-err><![CDATA[]]></system-err>
</testsuite>
