<?xml version="1.0" encoding="UTF-8"?>
<testsuite name="CSCI5308.GroupFormationTool.RepositoryTest.UserCoursesRepositoryTest" tests="7" skipped="0" failures="0" errors="0" timestamp="2020-06-04T21:50:08" hostname="Prabhjots-MacBook-Pro.local" time="0.041">
  <properties/>
  <testcase name="getInstructorCoursesTest()" classname="CSCI5308.GroupFormationTool.RepositoryTest.UserCoursesRepositoryTest" time="0.025"/>
  <testcase name="getStudentCoursesTest()" classname="CSCI5308.GroupFormationTool.RepositoryTest.UserCoursesRepositoryTest" time="0.002"/>
  <testcase name="getTAForCourseTest()" classname="CSCI5308.GroupFormationTool.RepositoryTest.UserCoursesRepositoryTest" time="0.003"/>
  <testcase name="getRoleBasedCoursesTest()" classname="CSCI5308.GroupFormationTool.RepositoryTest.UserCoursesRepositoryTest" time="0.002"/>
  <testcase name="enrollTAForCourseUsingEmailIdTest()" classname="CSCI5308.GroupFormationTool.RepositoryTest.UserCoursesRepositoryTest" time="0.003"/>
  <testcase name="getUserRoleByEmailIdTest()" classname="CSCI5308.GroupFormationTool.RepositoryTest.UserCoursesRepositoryTest" time="0.003"/>
  <testcase name="getTACoursesTest()" classname="CSCI5308.GroupFormationTool.RepositoryTest.UserCoursesRepositoryTest" time="0.002"/>
  <system-out><![CDATA[2020-06-04 18:50:08.035  INFO 36983 --- [    Test worker] .b.t.c.SpringBootTestContextBootstrapper : Neither @ContextConfiguration nor @ContextHierarchy found for test class [CSCI5308.GroupFormationTool.RepositoryTest.UserCoursesRepositoryTest], using SpringBootContextLoader
2020-06-04 18:50:08.035  INFO 36983 --- [    Test worker] o.s.t.c.support.AbstractContextLoader    : Could not detect default resource locations for test class [CSCI5308.GroupFormationTool.RepositoryTest.UserCoursesRepositoryTest]: no resource found for suffixes {-context.xml, Context.groovy}.
2020-06-04 18:50:08.036  INFO 36983 --- [    Test worker] t.c.s.AnnotationConfigContextLoaderUtils : Could not detect default configuration classes for test class [CSCI5308.GroupFormationTool.RepositoryTest.UserCoursesRepositoryTest]: UserCoursesRepositoryTest does not declare any static, non-private, non-final, nested classes annotated with @Configuration.
2020-06-04 18:50:08.036  INFO 36983 --- [    Test worker] .b.t.c.SpringBootTestContextBootstrapper : Found @SpringBootConfiguration CSCI5308.GroupFormationTool.GroupFormationToolApplication for test class CSCI5308.GroupFormationTool.RepositoryTest.UserCoursesRepositoryTest
2020-06-04 18:50:08.037  INFO 36983 --- [    Test worker] .b.t.c.SpringBootTestContextBootstrapper : Loaded default TestExecutionListener class names from location [META-INF/spring.factories]: [org.springframework.security.test.context.support.WithSecurityContextTestExecutionListener, org.springframework.security.test.context.support.ReactorContextTestExecutionListener, org.springframework.boot.test.autoconfigure.restdocs.RestDocsTestExecutionListener, org.springframework.boot.test.autoconfigure.web.client.MockRestServiceServerResetTestExecutionListener, org.springframework.boot.test.autoconfigure.web.servlet.MockMvcPrintOnlyOnFailureTestExecutionListener, org.springframework.boot.test.autoconfigure.web.servlet.WebDriverTestExecutionListener, org.springframework.boot.test.mock.mockito.MockitoTestExecutionListener, org.springframework.boot.test.mock.mockito.ResetMocksTestExecutionListener, org.springframework.test.context.web.ServletTestExecutionListener, org.springframework.test.context.support.DirtiesContextBeforeModesTestExecutionListener, org.springframework.test.context.support.DependencyInjectionTestExecutionListener, org.springframework.test.context.support.DirtiesContextTestExecutionListener, org.springframework.test.context.transaction.TransactionalTestExecutionListener, org.springframework.test.context.jdbc.SqlScriptsTestExecutionListener, org.springframework.test.context.event.EventPublishingTestExecutionListener]
2020-06-04 18:50:08.038  INFO 36983 --- [    Test worker] .b.t.c.SpringBootTestContextBootstrapper : Using TestExecutionListeners: [org.springframework.test.context.web.ServletTestExecutionListener@63a0d24f, org.springframework.test.context.support.DirtiesContextBeforeModesTestExecutionListener@10a68977, org.springframework.boot.test.mock.mockito.MockitoTestExecutionListener@6f49687b, org.springframework.boot.test.autoconfigure.SpringBootDependencyInjectionTestExecutionListener@5a3bfe86, org.springframework.test.context.support.DirtiesContextTestExecutionListener@3fec7d24, org.springframework.security.test.context.support.WithSecurityContextTestExecutionListener@1ba5a69f, org.springframework.test.context.event.EventPublishingTestExecutionListener@3f8b0f20, org.springframework.security.test.context.support.ReactorContextTestExecutionListener@3a411999, org.springframework.boot.test.autoconfigure.restdocs.RestDocsTestExecutionListener@661856a8, org.springframework.boot.test.autoconfigure.web.client.MockRestServiceServerResetTestExecutionListener@503f85aa, org.springframework.boot.test.autoconfigure.web.servlet.MockMvcPrintOnlyOnFailureTestExecutionListener@372a7282, org.springframework.boot.test.autoconfigure.web.servlet.WebDriverTestExecutionListener@515382f, org.springframework.boot.test.mock.mockito.ResetMocksTestExecutionListener@219c8333]
]]></system-out>
  <system-err><![CDATA[]]></system-err>
</testsuite>
