<?xml version="1.0" encoding="UTF-8"?>
<testsuite name="CSCI5308.GroupFormationTool.Password.ForgotPasswordRepositoryTest" tests="7" skipped="0" failures="0" errors="0" timestamp="2020-07-13T16:07:19" hostname="Prabhjots-MacBook-Pro.local" time="0.526">
  <properties/>
  <testcase name="updatePasswordTest()" classname="CSCI5308.GroupFormationTool.Password.ForgotPasswordRepositoryTest" time="0.507"/>
  <testcase name="getEmailByTokenTest()" classname="CSCI5308.GroupFormationTool.Password.ForgotPasswordRepositoryTest" time="0.003"/>
  <testcase name="addTokenTest()" classname="CSCI5308.GroupFormationTool.Password.ForgotPasswordRepositoryTest" time="0.002"/>
  <testcase name="getTokenTest()" classname="CSCI5308.GroupFormationTool.Password.ForgotPasswordRepositoryTest" time="0.002"/>
  <testcase name="deleteTokenTest()" classname="CSCI5308.GroupFormationTool.Password.ForgotPasswordRepositoryTest" time="0.002"/>
  <testcase name="getUserIdTest()" classname="CSCI5308.GroupFormationTool.Password.ForgotPasswordRepositoryTest" time="0.002"/>
  <testcase name="updateTokenTest()" classname="CSCI5308.GroupFormationTool.Password.ForgotPasswordRepositoryTest" time="0.003"/>
  <system-out><![CDATA[13:07:17.316 [Test worker] DEBUG org.springframework.test.context.BootstrapUtils - Instantiating CacheAwareContextLoaderDelegate from class [org.springframework.test.context.cache.DefaultCacheAwareContextLoaderDelegate]
13:07:17.329 [Test worker] DEBUG org.springframework.test.context.BootstrapUtils - Instantiating BootstrapContext using constructor [public org.springframework.test.context.support.DefaultBootstrapContext(java.lang.Class,org.springframework.test.context.CacheAwareContextLoaderDelegate)]
13:07:17.354 [Test worker] DEBUG org.springframework.test.context.BootstrapUtils - Instantiating TestContextBootstrapper for test class [CSCI5308.GroupFormationTool.Password.ForgotPasswordRepositoryTest] from class [org.springframework.boot.test.context.SpringBootTestContextBootstrapper]
13:07:17.372 [Test worker] INFO org.springframework.boot.test.context.SpringBootTestContextBootstrapper - Neither @ContextConfiguration nor @ContextHierarchy found for test class [CSCI5308.GroupFormationTool.Password.ForgotPasswordRepositoryTest], using SpringBootContextLoader
13:07:17.375 [Test worker] DEBUG org.springframework.test.context.support.AbstractContextLoader - Did not detect default resource location for test class [CSCI5308.GroupFormationTool.Password.ForgotPasswordRepositoryTest]: class path resource [CSCI5308/GroupFormationTool/Password/ForgotPasswordRepositoryTest-context.xml] does not exist
13:07:17.375 [Test worker] DEBUG org.springframework.test.context.support.AbstractContextLoader - Did not detect default resource location for test class [CSCI5308.GroupFormationTool.Password.ForgotPasswordRepositoryTest]: class path resource [CSCI5308/GroupFormationTool/Password/ForgotPasswordRepositoryTestContext.groovy] does not exist
13:07:17.376 [Test worker] INFO org.springframework.test.context.support.AbstractContextLoader - Could not detect default resource locations for test class [CSCI5308.GroupFormationTool.Password.ForgotPasswordRepositoryTest]: no resource found for suffixes {-context.xml, Context.groovy}.
13:07:17.377 [Test worker] INFO org.springframework.test.context.support.AnnotationConfigContextLoaderUtils - Could not detect default configuration classes for test class [CSCI5308.GroupFormationTool.Password.ForgotPasswordRepositoryTest]: ForgotPasswordRepositoryTest does not declare any static, non-private, non-final, nested classes annotated with @Configuration.
13:07:17.416 [Test worker] DEBUG org.springframework.test.context.support.ActiveProfilesUtils - Could not find an 'annotation declaring class' for annotation type [org.springframework.test.context.ActiveProfiles] and class [CSCI5308.GroupFormationTool.Password.ForgotPasswordRepositoryTest]
13:07:17.480 [Test worker] DEBUG org.springframework.context.annotation.ClassPathScanningCandidateComponentProvider - Identified candidate component class: file [/Users/prabhjotkaur/git/group22/build/classes/java/main/CSCI5308/GroupFormationTool/GroupFormationToolApplication.class]
13:07:17.480 [Test worker] INFO org.springframework.boot.test.context.SpringBootTestContextBootstrapper - Found @SpringBootConfiguration CSCI5308.GroupFormationTool.GroupFormationToolApplication for test class CSCI5308.GroupFormationTool.Password.ForgotPasswordRepositoryTest
13:07:17.561 [Test worker] DEBUG org.springframework.boot.test.context.SpringBootTestContextBootstrapper - @TestExecutionListeners is not present for class [CSCI5308.GroupFormationTool.Password.ForgotPasswordRepositoryTest]: using defaults.
13:07:17.562 [Test worker] INFO org.springframework.boot.test.context.SpringBootTestContextBootstrapper - Loaded default TestExecutionListener class names from location [META-INF/spring.factories]: [org.springframework.security.test.context.support.WithSecurityContextTestExecutionListener, org.springframework.security.test.context.support.ReactorContextTestExecutionListener, org.springframework.boot.test.autoconfigure.restdocs.RestDocsTestExecutionListener, org.springframework.boot.test.autoconfigure.web.client.MockRestServiceServerResetTestExecutionListener, org.springframework.boot.test.autoconfigure.web.servlet.MockMvcPrintOnlyOnFailureTestExecutionListener, org.springframework.boot.test.autoconfigure.web.servlet.WebDriverTestExecutionListener, org.springframework.boot.test.mock.mockito.MockitoTestExecutionListener, org.springframework.boot.test.mock.mockito.ResetMocksTestExecutionListener, org.springframework.test.context.web.ServletTestExecutionListener, org.springframework.test.context.support.DirtiesContextBeforeModesTestExecutionListener, org.springframework.test.context.support.DependencyInjectionTestExecutionListener, org.springframework.test.context.support.DirtiesContextTestExecutionListener, org.springframework.test.context.transaction.TransactionalTestExecutionListener, org.springframework.test.context.jdbc.SqlScriptsTestExecutionListener, org.springframework.test.context.event.EventPublishingTestExecutionListener]
13:07:17.575 [Test worker] DEBUG org.springframework.boot.test.context.SpringBootTestContextBootstrapper - Skipping candidate TestExecutionListener [org.springframework.test.context.transaction.TransactionalTestExecutionListener] due to a missing dependency. Specify custom listener classes or make the default listener classes and their required dependencies available. Offending class: [org/springframework/transaction/interceptor/TransactionAttributeSource]
13:07:17.576 [Test worker] DEBUG org.springframework.boot.test.context.SpringBootTestContextBootstrapper - Skipping candidate TestExecutionListener [org.springframework.test.context.jdbc.SqlScriptsTestExecutionListener] due to a missing dependency. Specify custom listener classes or make the default listener classes and their required dependencies available. Offending class: [org/springframework/transaction/interceptor/TransactionAttribute]
13:07:17.576 [Test worker] INFO org.springframework.boot.test.context.SpringBootTestContextBootstrapper - Using TestExecutionListeners: [org.springframework.test.context.web.ServletTestExecutionListener@4fe1c688, org.springframework.test.context.support.DirtiesContextBeforeModesTestExecutionListener@73e11a82, org.springframework.boot.test.mock.mockito.MockitoTestExecutionListener@5b4cd237, org.springframework.boot.test.autoconfigure.SpringBootDependencyInjectionTestExecutionListener@2009f1df, org.springframework.test.context.support.DirtiesContextTestExecutionListener@619db6d0, org.springframework.security.test.context.support.WithSecurityContextTestExecutionListener@1ad3956b, org.springframework.test.context.event.EventPublishingTestExecutionListener@27b3316c, org.springframework.security.test.context.support.ReactorContextTestExecutionListener@48dbbb4c, org.springframework.boot.test.autoconfigure.restdocs.RestDocsTestExecutionListener@44fcbfb1, org.springframework.boot.test.autoconfigure.web.client.MockRestServiceServerResetTestExecutionListener@42821288, org.springframework.boot.test.autoconfigure.web.servlet.MockMvcPrintOnlyOnFailureTestExecutionListener@7c0463e5, org.springframework.boot.test.autoconfigure.web.servlet.WebDriverTestExecutionListener@6910b6f2, org.springframework.boot.test.mock.mockito.ResetMocksTestExecutionListener@48308d56]
13:07:17.579 [Test worker] DEBUG org.springframework.test.context.support.AbstractDirtiesContextTestExecutionListener - Before test class: context [DefaultTestContext@60024c79 testClass = ForgotPasswordRepositoryTest, testInstance = [null], testMethod = [null], testException = [null], mergedContextConfiguration = [WebMergedContextConfiguration@748bb1e5 testClass = ForgotPasswordRepositoryTest, locations = '{}', classes = '{class CSCI5308.GroupFormationTool.GroupFormationToolApplication}', contextInitializerClasses = '[]', activeProfiles = '{}', propertySourceLocations = '{}', propertySourceProperties = '{org.springframework.boot.test.context.SpringBootTestContextBootstrapper=true}', contextCustomizers = set[org.springframework.boot.test.autoconfigure.properties.PropertyMappingContextCustomizer@0, org.springframework.boot.test.autoconfigure.web.servlet.WebDriverContextCustomizerFactory$Customizer@3ced6639, org.springframework.boot.test.context.filter.ExcludeFilterContextCustomizer@5421b860, org.springframework.boot.test.json.DuplicateJsonObjectContextCustomizerFactory$DuplicateJsonObjectContextCustomizer@6f4a48c, org.springframework.boot.test.mock.mockito.MockitoContextCustomizer@0, org.springframework.boot.test.web.client.TestRestTemplateContextCustomizer@2c7f42a4, org.springframework.boot.test.context.SpringBootTestArgs@1], resourceBasePath = 'src/main/webapp', contextLoader = 'org.springframework.boot.test.context.SpringBootContextLoader', parent = [null]], attributes = map['org.springframework.test.context.web.ServletTestExecutionListener.activateListener' -> true]], class annotated with @DirtiesContext [false] with mode [null].
13:07:17.606 [Test worker] DEBUG org.springframework.test.context.support.TestPropertySourceUtils - Adding inlined properties to environment: {spring.jmx.enabled=false, org.springframework.boot.test.context.SpringBootTestContextBootstrapper=true, server.port=-1}
LOGBACK: No context given for c.q.l.core.rolling.SizeAndTimeBasedRollingPolicy@1560222295

  .   ____          _            __ _ _
 /\\ / ___'_ __ _ _(_)_ __  __ _ \ \ \ \
( ( )\___ | '_ | '_| | '_ \/ _` | \ \ \ \
 \\/  ___)| |_)| | | | | || (_| |  ) ) ) )
  '  |____| .__|_| |_|_| |_\__, | / / / /
 =========|_|==============|___/=/_/_/_/
 :: Spring Boot ::        (v2.2.7.RELEASE)

2020-07-13 13:07:17.881  INFO 22716 --- [    Test worker] C.G.P.ForgotPasswordRepositoryTest       : Starting ForgotPasswordRepositoryTest on Prabhjots-MacBook-Pro.local with PID 22716 (started by prabhjotkaur in /Users/prabhjotkaur/git/group22)
2020-07-13 13:07:17.882  INFO 22716 --- [    Test worker] C.G.P.ForgotPasswordRepositoryTest       : No active profile set, falling back to default profiles: default
2020-07-13 13:07:19.361  INFO 22716 --- [    Test worker] C.G.P.ForgotPasswordRepositoryTest       : Started ForgotPasswordRepositoryTest in 1.743 seconds (JVM running for 2.898)
]]></system-out>
  <system-err><![CDATA[]]></system-err>
</testsuite>
