<?xml version="1.0" encoding="UTF-8"?>
<testsuite name="CSCI5308.GroupFormationTool.Model.StudentCSVTest" tests="10" skipped="0" failures="0" errors="0" timestamp="2020-06-04T21:36:13" hostname="Prabhjots-MacBook-Pro.local" time="0.02">
  <properties/>
  <testcase name="getPasswordTest()" classname="CSCI5308.GroupFormationTool.Model.StudentCSVTest" time="0.005"/>
  <testcase name="getFirstNameTest()" classname="CSCI5308.GroupFormationTool.Model.StudentCSVTest" time="0.001"/>
  <testcase name="setLastNameTest()" classname="CSCI5308.GroupFormationTool.Model.StudentCSVTest" time="0.001"/>
  <testcase name="setBannerIdTest()" classname="CSCI5308.GroupFormationTool.Model.StudentCSVTest" time="0.001"/>
  <testcase name="setPasswordTest()" classname="CSCI5308.GroupFormationTool.Model.StudentCSVTest" time="0.002"/>
  <testcase name="setEmailIdTest()" classname="CSCI5308.GroupFormationTool.Model.StudentCSVTest" time="0.001"/>
  <testcase name="setFirstNameTest()" classname="CSCI5308.GroupFormationTool.Model.StudentCSVTest" time="0.001"/>
  <testcase name="getEmailIdTest()" classname="CSCI5308.GroupFormationTool.Model.StudentCSVTest" time="0.002"/>
  <testcase name="getLastNameTest()" classname="CSCI5308.GroupFormationTool.Model.StudentCSVTest" time="0.002"/>
  <testcase name="getBannerIdTest()" classname="CSCI5308.GroupFormationTool.Model.StudentCSVTest" time="0.001"/>
  <system-out><![CDATA[2020-06-04 18:36:13.762  INFO 35965 --- [    Test worker] .b.t.c.SpringBootTestContextBootstrapper : Neither @ContextConfiguration nor @ContextHierarchy found for test class [CSCI5308.GroupFormationTool.Model.StudentCSVTest], using SpringBootContextLoader
2020-06-04 18:36:13.763  INFO 35965 --- [    Test worker] o.s.t.c.support.AbstractContextLoader    : Could not detect default resource locations for test class [CSCI5308.GroupFormationTool.Model.StudentCSVTest]: no resource found for suffixes {-context.xml, Context.groovy}.
2020-06-04 18:36:13.763  INFO 35965 --- [    Test worker] t.c.s.AnnotationConfigContextLoaderUtils : Could not detect default configuration classes for test class [CSCI5308.GroupFormationTool.Model.StudentCSVTest]: StudentCSVTest does not declare any static, non-private, non-final, nested classes annotated with @Configuration.
2020-06-04 18:36:13.764  INFO 35965 --- [    Test worker] .b.t.c.SpringBootTestContextBootstrapper : Found @SpringBootConfiguration CSCI5308.GroupFormationTool.GroupFormationToolApplication for test class CSCI5308.GroupFormationTool.Model.StudentCSVTest
2020-06-04 18:36:13.765  INFO 35965 --- [    Test worker] .b.t.c.SpringBootTestContextBootstrapper : Loaded default TestExecutionListener class names from location [META-INF/spring.factories]: [org.springframework.security.test.context.support.WithSecurityContextTestExecutionListener, org.springframework.security.test.context.support.ReactorContextTestExecutionListener, org.springframework.boot.test.autoconfigure.restdocs.RestDocsTestExecutionListener, org.springframework.boot.test.autoconfigure.web.client.MockRestServiceServerResetTestExecutionListener, org.springframework.boot.test.autoconfigure.web.servlet.MockMvcPrintOnlyOnFailureTestExecutionListener, org.springframework.boot.test.autoconfigure.web.servlet.WebDriverTestExecutionListener, org.springframework.boot.test.mock.mockito.MockitoTestExecutionListener, org.springframework.boot.test.mock.mockito.ResetMocksTestExecutionListener, org.springframework.test.context.web.ServletTestExecutionListener, org.springframework.test.context.support.DirtiesContextBeforeModesTestExecutionListener, org.springframework.test.context.support.DependencyInjectionTestExecutionListener, org.springframework.test.context.support.DirtiesContextTestExecutionListener, org.springframework.test.context.transaction.TransactionalTestExecutionListener, org.springframework.test.context.jdbc.SqlScriptsTestExecutionListener, org.springframework.test.context.event.EventPublishingTestExecutionListener]
2020-06-04 18:36:13.765  INFO 35965 --- [    Test worker] .b.t.c.SpringBootTestContextBootstrapper : Using TestExecutionListeners: [org.springframework.test.context.web.ServletTestExecutionListener@55b8da5e, org.springframework.test.context.support.DirtiesContextBeforeModesTestExecutionListener@34061f3f, org.springframework.boot.test.mock.mockito.MockitoTestExecutionListener@67262ca6, org.springframework.boot.test.autoconfigure.SpringBootDependencyInjectionTestExecutionListener@3c971890, org.springframework.test.context.support.DirtiesContextTestExecutionListener@2f6e5f76, org.springframework.security.test.context.support.WithSecurityContextTestExecutionListener@2b955243, org.springframework.test.context.event.EventPublishingTestExecutionListener@7d00188b, org.springframework.security.test.context.support.ReactorContextTestExecutionListener@79d7dc23, org.springframework.boot.test.autoconfigure.restdocs.RestDocsTestExecutionListener@249fb980, org.springframework.boot.test.autoconfigure.web.client.MockRestServiceServerResetTestExecutionListener@2599f01a, org.springframework.boot.test.autoconfigure.web.servlet.MockMvcPrintOnlyOnFailureTestExecutionListener@58207062, org.springframework.boot.test.autoconfigure.web.servlet.WebDriverTestExecutionListener@1f518981, org.springframework.boot.test.mock.mockito.ResetMocksTestExecutionListener@46db6052]
]]></system-out>
  <system-err><![CDATA[]]></system-err>
</testsuite>
