<?xml version="1.0" encoding="UTF-8"?>
<testsuite name="CSCI5308.GroupFormationTool.Model.UserCoursesTest" tests="10" skipped="0" failures="0" errors="0" timestamp="2020-07-06T19:13:45" hostname="Prabhjots-MacBook-Pro.local" time="0.019">
  <properties/>
  <testcase name="getCourseIdTest()" classname="CSCI5308.GroupFormationTool.Model.UserCoursesTest" time="0.002"/>
  <testcase name="setBannerIdTest()" classname="CSCI5308.GroupFormationTool.Model.UserCoursesTest" time="0.002"/>
  <testcase name="setCourseDescriptionTest()" classname="CSCI5308.GroupFormationTool.Model.UserCoursesTest" time="0.001"/>
  <testcase name="setCourseNameTest()" classname="CSCI5308.GroupFormationTool.Model.UserCoursesTest" time="0.001"/>
  <testcase name="setIdTest()" classname="CSCI5308.GroupFormationTool.Model.UserCoursesTest" time="0.001"/>
  <testcase name="getCourseDescriptionTest()" classname="CSCI5308.GroupFormationTool.Model.UserCoursesTest" time="0.002"/>
  <testcase name="getUserRoleTest()" classname="CSCI5308.GroupFormationTool.Model.UserCoursesTest" time="0.001"/>
  <testcase name="getCourseNameTest()" classname="CSCI5308.GroupFormationTool.Model.UserCoursesTest" time="0.001"/>
  <testcase name="setUserRoleTest()" classname="CSCI5308.GroupFormationTool.Model.UserCoursesTest" time="0.001"/>
  <testcase name="getBannerIdTest()" classname="CSCI5308.GroupFormationTool.Model.UserCoursesTest" time="0.002"/>
  <system-out><![CDATA[2020-07-06 16:13:45.881  INFO 19189 --- [    Test worker] .b.t.c.SpringBootTestContextBootstrapper : Neither @ContextConfiguration nor @ContextHierarchy found for test class [CSCI5308.GroupFormationTool.Model.UserCoursesTest], using SpringBootContextLoader
2020-07-06 16:13:45.881  INFO 19189 --- [    Test worker] o.s.t.c.support.AbstractContextLoader    : Could not detect default resource locations for test class [CSCI5308.GroupFormationTool.Model.UserCoursesTest]: no resource found for suffixes {-context.xml, Context.groovy}.
2020-07-06 16:13:45.882  INFO 19189 --- [    Test worker] t.c.s.AnnotationConfigContextLoaderUtils : Could not detect default configuration classes for test class [CSCI5308.GroupFormationTool.Model.UserCoursesTest]: UserCoursesTest does not declare any static, non-private, non-final, nested classes annotated with @Configuration.
2020-07-06 16:13:45.883  INFO 19189 --- [    Test worker] .b.t.c.SpringBootTestContextBootstrapper : Found @SpringBootConfiguration CSCI5308.GroupFormationTool.GroupFormationToolApplication for test class CSCI5308.GroupFormationTool.Model.UserCoursesTest
2020-07-06 16:13:45.884  INFO 19189 --- [    Test worker] .b.t.c.SpringBootTestContextBootstrapper : Loaded default TestExecutionListener class names from location [META-INF/spring.factories]: [org.springframework.security.test.context.support.WithSecurityContextTestExecutionListener, org.springframework.security.test.context.support.ReactorContextTestExecutionListener, org.springframework.boot.test.autoconfigure.restdocs.RestDocsTestExecutionListener, org.springframework.boot.test.autoconfigure.web.client.MockRestServiceServerResetTestExecutionListener, org.springframework.boot.test.autoconfigure.web.servlet.MockMvcPrintOnlyOnFailureTestExecutionListener, org.springframework.boot.test.autoconfigure.web.servlet.WebDriverTestExecutionListener, org.springframework.boot.test.mock.mockito.MockitoTestExecutionListener, org.springframework.boot.test.mock.mockito.ResetMocksTestExecutionListener, org.springframework.test.context.web.ServletTestExecutionListener, org.springframework.test.context.support.DirtiesContextBeforeModesTestExecutionListener, org.springframework.test.context.support.DependencyInjectionTestExecutionListener, org.springframework.test.context.support.DirtiesContextTestExecutionListener, org.springframework.test.context.transaction.TransactionalTestExecutionListener, org.springframework.test.context.jdbc.SqlScriptsTestExecutionListener, org.springframework.test.context.event.EventPublishingTestExecutionListener]
2020-07-06 16:13:45.885  INFO 19189 --- [    Test worker] .b.t.c.SpringBootTestContextBootstrapper : Using TestExecutionListeners: [org.springframework.test.context.web.ServletTestExecutionListener@699a128d, org.springframework.test.context.support.DirtiesContextBeforeModesTestExecutionListener@2b0a3aca, org.springframework.boot.test.mock.mockito.MockitoTestExecutionListener@3de2d2fe, org.springframework.boot.test.autoconfigure.SpringBootDependencyInjectionTestExecutionListener@730d88b9, org.springframework.test.context.support.DirtiesContextTestExecutionListener@4abaf22f, org.springframework.security.test.context.support.WithSecurityContextTestExecutionListener@309c5dd8, org.springframework.test.context.event.EventPublishingTestExecutionListener@1bc20c17, org.springframework.security.test.context.support.ReactorContextTestExecutionListener@4950796, org.springframework.boot.test.autoconfigure.restdocs.RestDocsTestExecutionListener@19a3a6a1, org.springframework.boot.test.autoconfigure.web.client.MockRestServiceServerResetTestExecutionListener@4b034ad0, org.springframework.boot.test.autoconfigure.web.servlet.MockMvcPrintOnlyOnFailureTestExecutionListener@40aa4513, org.springframework.boot.test.autoconfigure.web.servlet.WebDriverTestExecutionListener@6caf4327, org.springframework.boot.test.mock.mockito.ResetMocksTestExecutionListener@683d76bd]
]]></system-out>
  <system-err><![CDATA[]]></system-err>
</testsuite>
