<?xml version="1.0" encoding="UTF-8"?>
<testsuite name="CSCI5308.GroupFormationTool.Question.QuestionAdminControllerTest" tests="3" skipped="0" failures="0" errors="0" timestamp="2020-07-09T16:19:42" hostname="Prabhjots-MacBook-Pro.local" time="0.041">
  <properties/>
  <testcase name="viewQuestion()" classname="CSCI5308.GroupFormationTool.Question.QuestionAdminControllerTest" time="0.026"/>
  <testcase name="sortQuestion()" classname="CSCI5308.GroupFormationTool.Question.QuestionAdminControllerTest" time="0.008"/>
  <testcase name="questionListTest()" classname="CSCI5308.GroupFormationTool.Question.QuestionAdminControllerTest" time="0.006"/>
  <system-out><![CDATA[2020-07-09 13:19:42.539  INFO 7122 --- [    Test worker] .b.t.a.w.s.WebMvcTestContextBootstrapper : Neither @ContextConfiguration nor @ContextHierarchy found for test class [CSCI5308.GroupFormationTool.Question.QuestionAdminControllerTest], using SpringBootContextLoader
2020-07-09 13:19:42.540  INFO 7122 --- [    Test worker] o.s.t.c.support.AbstractContextLoader    : Could not detect default resource locations for test class [CSCI5308.GroupFormationTool.Question.QuestionAdminControllerTest]: no resource found for suffixes {-context.xml, Context.groovy}.
2020-07-09 13:19:42.540  INFO 7122 --- [    Test worker] t.c.s.AnnotationConfigContextLoaderUtils : Could not detect default configuration classes for test class [CSCI5308.GroupFormationTool.Question.QuestionAdminControllerTest]: QuestionAdminControllerTest does not declare any static, non-private, non-final, nested classes annotated with @Configuration.
2020-07-09 13:19:42.542  INFO 7122 --- [    Test worker] .b.t.c.SpringBootTestContextBootstrapper : Found @SpringBootConfiguration CSCI5308.GroupFormationTool.GroupFormationToolApplication for test class CSCI5308.GroupFormationTool.Question.QuestionAdminControllerTest
2020-07-09 13:19:42.542  INFO 7122 --- [    Test worker] .b.t.a.w.s.WebMvcTestContextBootstrapper : Loaded default TestExecutionListener class names from location [META-INF/spring.factories]: [org.springframework.security.test.context.support.WithSecurityContextTestExecutionListener, org.springframework.security.test.context.support.ReactorContextTestExecutionListener, org.springframework.boot.test.autoconfigure.restdocs.RestDocsTestExecutionListener, org.springframework.boot.test.autoconfigure.web.client.MockRestServiceServerResetTestExecutionListener, org.springframework.boot.test.autoconfigure.web.servlet.MockMvcPrintOnlyOnFailureTestExecutionListener, org.springframework.boot.test.autoconfigure.web.servlet.WebDriverTestExecutionListener, org.springframework.boot.test.mock.mockito.MockitoTestExecutionListener, org.springframework.boot.test.mock.mockito.ResetMocksTestExecutionListener, org.springframework.test.context.web.ServletTestExecutionListener, org.springframework.test.context.support.DirtiesContextBeforeModesTestExecutionListener, org.springframework.test.context.support.DependencyInjectionTestExecutionListener, org.springframework.test.context.support.DirtiesContextTestExecutionListener, org.springframework.test.context.transaction.TransactionalTestExecutionListener, org.springframework.test.context.jdbc.SqlScriptsTestExecutionListener, org.springframework.test.context.event.EventPublishingTestExecutionListener]
2020-07-09 13:19:42.543  INFO 7122 --- [    Test worker] .b.t.a.w.s.WebMvcTestContextBootstrapper : Using TestExecutionListeners: [org.springframework.test.context.web.ServletTestExecutionListener@1fed70c5, org.springframework.test.context.support.DirtiesContextBeforeModesTestExecutionListener@2606ad04, org.springframework.boot.test.mock.mockito.MockitoTestExecutionListener@454e123f, org.springframework.boot.test.autoconfigure.SpringBootDependencyInjectionTestExecutionListener@4b40a234, org.springframework.test.context.support.DirtiesContextTestExecutionListener@3f5f88c1, org.springframework.security.test.context.support.WithSecurityContextTestExecutionListener@2c227ca3, org.springframework.test.context.event.EventPublishingTestExecutionListener@19485cf2, org.springframework.security.test.context.support.ReactorContextTestExecutionListener@57d70ced, org.springframework.boot.test.autoconfigure.restdocs.RestDocsTestExecutionListener@148d8f56, org.springframework.boot.test.autoconfigure.web.client.MockRestServiceServerResetTestExecutionListener@2bf53e00, org.springframework.boot.test.autoconfigure.web.servlet.MockMvcPrintOnlyOnFailureTestExecutionListener@70015840, org.springframework.boot.test.autoconfigure.web.servlet.WebDriverTestExecutionListener@1fde82c9, org.springframework.boot.test.mock.mockito.ResetMocksTestExecutionListener@67d1495b]

  .   ____          _            __ _ _
 /\\ / ___'_ __ _ _(_)_ __  __ _ \ \ \ \
( ( )\___ | '_ | '_| | '_ \/ _` | \ \ \ \
 \\/  ___)| |_)| | | | | || (_| |  ) ) ) )
  '  |____| .__|_| |_|_| |_\__, | / / / /
 =========|_|==============|___/=/_/_/_/
 :: Spring Boot ::        (v2.2.7.RELEASE)

2020-07-09 13:19:42.554  INFO 7122 --- [    Test worker] C.G.Q.QuestionAdminControllerTest        : Starting QuestionAdminControllerTest on Prabhjots-MacBook-Pro.local with PID 7122 (started by prabhjotkaur in /Users/prabhjotkaur/git/group22)
2020-07-09 13:19:42.555  INFO 7122 --- [    Test worker] C.G.Q.QuestionAdminControllerTest        : No active profile set, falling back to default profiles: default
2020-07-09 13:19:42.701  INFO 7122 --- [    Test worker] o.s.s.web.DefaultSecurityFilterChain     : Creating filter chain: Ant [pattern='/resources/**'], []
2020-07-09 13:19:42.744  INFO 7122 --- [    Test worker] o.s.s.web.DefaultSecurityFilterChain     : Creating filter chain: any request, [org.springframework.security.web.context.request.async.WebAsyncManagerIntegrationFilter@41e396c9, org.springframework.security.web.context.SecurityContextPersistenceFilter@f5df60f, org.springframework.security.web.header.HeaderWriterFilter@315ddd5e, org.springframework.security.web.csrf.CsrfFilter@c0abb19, org.springframework.security.web.authentication.logout.LogoutFilter@13862aa9, org.springframework.security.web.authentication.UsernamePasswordAuthenticationFilter@355f8f85, org.springframework.security.web.savedrequest.RequestCacheAwareFilter@48bc48cd, org.springframework.security.web.servletapi.SecurityContextHolderAwareRequestFilter@1754cba9, org.springframework.security.web.authentication.AnonymousAuthenticationFilter@1be1b090, org.springframework.security.web.session.SessionManagementFilter@56d65dbf, org.springframework.security.web.access.ExceptionTranslationFilter@1feb19b0, org.springframework.security.web.access.intercept.FilterSecurityInterceptor@130d07f]
2020-07-09 13:19:42.811  INFO 7122 --- [    Test worker] o.s.s.concurrent.ThreadPoolTaskExecutor  : Initializing ExecutorService 'applicationTaskExecutor'
2020-07-09 13:19:42.829  INFO 7122 --- [    Test worker] o.s.b.a.w.s.WelcomePageHandlerMapping    : Adding welcome page template: index
2020-07-09 13:19:42.912  INFO 7122 --- [    Test worker] o.s.b.t.m.w.SpringBootMockServletContext : Initializing Spring TestDispatcherServlet ''
2020-07-09 13:19:42.913  INFO 7122 --- [    Test worker] o.s.t.web.servlet.TestDispatcherServlet  : Initializing Servlet ''
2020-07-09 13:19:42.917  INFO 7122 --- [    Test worker] o.s.t.web.servlet.TestDispatcherServlet  : Completed initialization in 4 ms
2020-07-09 13:19:42.935  INFO 7122 --- [    Test worker] C.G.Q.QuestionAdminControllerTest        : Started QuestionAdminControllerTest in 0.39 seconds (JVM running for 5.093)

MockHttpServletRequest:
      HTTP Method = GET
      Request URI = /questionManager/viewQuestion
       Parameters = {questionId=[1]}
          Headers = []
             Body = <no character encoding set>
    Session Attrs = {}

Handler:
             Type = CSCI5308.GroupFormationTool.Question.QuestionAdminController
           Method = CSCI5308.GroupFormationTool.Question.QuestionAdminController#viewQuestion(long, Model)

Async:
    Async started = false
     Async result = null

Resolved Exception:
             Type = null

ModelAndView:
        View name = question/viewQuestion
             View = null
        Attribute = question
            value = CSCI5308.GroupFormationTool.Question.Question@35abb89
           errors = []

FlashMap:
       Attributes = null

MockHttpServletResponse:
           Status = 200
    Error message = null
          Headers = [Content-Language:"en", Content-Type:"text/html;charset=UTF-8", X-Content-Type-Options:"nosniff", X-XSS-Protection:"1; mode=block", Cache-Control:"no-cache, no-store, max-age=0, must-revalidate", Pragma:"no-cache", Expires:"0", X-Frame-Options:"DENY"]
     Content type = text/html;charset=UTF-8
             Body = <!DOCTYPE html>
<html lang="en" xmlns="http://www.w3.org/1999/xhtml">
<head>
    <meta charset="utf-8"/>
    <meta http-equiv="X-UA-Compatible" content="IE=edge"/>
    <meta name="viewport" content="width=device-width, initial-scale=1"/>
    <link rel="icon" href="favicon.ico"/>
    <title>View Question</title>
    <link
            href="//maxcdn.bootstrapcdn.com/bootstrap/3.3.7/css/bootstrap.min.css"
            rel="stylesheet"
            integrity="sha384-BVYiiSIFeK1dGmJRAkycuHAHRg32OmUcww7on3RYdg4Va+PmSTsz/K68vbdEjh4u"
            crossorigin="anonymous"/>

</head>
<body style="background-color: #e7ebee">
<div class="container" style="padding: 20px;font-size:24px;">
    <div>
        <p>You have not yet logged in to the application. Please login to
            continue...</p>
        <a href="/login">Click here to log in!</a>
    </div>

    
</div>
</body>
</html>
    Forwarded URL = null
   Redirected URL = null
          Cookies = []

MockHttpServletRequest:
      HTTP Method = GET
      Request URI = /questionManager/sortQuestion
       Parameters = {sortby=[title]}
          Headers = []
             Body = <no character encoding set>
    Session Attrs = {}

Handler:
             Type = CSCI5308.GroupFormationTool.Question.QuestionAdminController
           Method = CSCI5308.GroupFormationTool.Question.QuestionAdminController#sortQuestion(String, Model)

Async:
    Async started = false
     Async result = null

Resolved Exception:
             Type = null

ModelAndView:
        View name = question/questionManager
             View = null
        Attribute = questionList
            value = []

FlashMap:
       Attributes = null

MockHttpServletResponse:
           Status = 200
    Error message = null
          Headers = [Content-Language:"en", Content-Type:"text/html;charset=UTF-8", X-Content-Type-Options:"nosniff", X-XSS-Protection:"1; mode=block", Cache-Control:"no-cache, no-store, max-age=0, must-revalidate", Pragma:"no-cache", Expires:"0", X-Frame-Options:"DENY"]
     Content type = text/html;charset=UTF-8
             Body = <!DOCTYPE html>
<html lang="en" xmlns="http://www.w3.org/1999/xhtml">
<head>
    <meta charset="utf-8"/>
    <meta http-equiv="X-UA-Compatible" content="IE=edge"/>
    <meta name="viewport" content="width=device-width, initial-scale=1"/>
    <link rel="icon" href="favicon.ico"/>
    <title>Instructor Question Manager</title>
    <link
            href="//maxcdn.bootstrapcdn.com/bootstrap/3.3.7/css/bootstrap.min.css"
            rel="stylesheet"
            integrity="sha384-BVYiiSIFeK1dGmJRAkycuHAHRg32OmUcww7on3RYdg4Va+PmSTsz/K68vbdEjh4u"
            crossorigin="anonymous"/>

</head>
<body style="background-color: #e7ebee">
<div class="container">
    <div>
        <p>You have not yet logged in to the application. Please login to
            continue...</p>
        <a href="/login">Click here to log in!</a>
    </div>

    
</div>
</body>
</html>
    Forwarded URL = null
   Redirected URL = null
          Cookies = []

MockHttpServletRequest:
      HTTP Method = GET
      Request URI = /questionManager/questionManager
       Parameters = {}
          Headers = []
             Body = <no character encoding set>
    Session Attrs = {}

Handler:
             Type = CSCI5308.GroupFormationTool.Question.QuestionAdminController
           Method = CSCI5308.GroupFormationTool.Question.QuestionAdminController#questionList(Model)

Async:
    Async started = false
     Async result = null

Resolved Exception:
             Type = null

ModelAndView:
        View name = question/questionManager
             View = null
        Attribute = questionList
            value = []

FlashMap:
       Attributes = null

MockHttpServletResponse:
           Status = 200
    Error message = null
          Headers = [Content-Language:"en", Content-Type:"text/html;charset=UTF-8", X-Content-Type-Options:"nosniff", X-XSS-Protection:"1; mode=block", Cache-Control:"no-cache, no-store, max-age=0, must-revalidate", Pragma:"no-cache", Expires:"0", X-Frame-Options:"DENY"]
     Content type = text/html;charset=UTF-8
             Body = <!DOCTYPE html>
<html lang="en" xmlns="http://www.w3.org/1999/xhtml">
<head>
    <meta charset="utf-8"/>
    <meta http-equiv="X-UA-Compatible" content="IE=edge"/>
    <meta name="viewport" content="width=device-width, initial-scale=1"/>
    <link rel="icon" href="favicon.ico"/>
    <title>Instructor Question Manager</title>
    <link
            href="//maxcdn.bootstrapcdn.com/bootstrap/3.3.7/css/bootstrap.min.css"
            rel="stylesheet"
            integrity="sha384-BVYiiSIFeK1dGmJRAkycuHAHRg32OmUcww7on3RYdg4Va+PmSTsz/K68vbdEjh4u"
            crossorigin="anonymous"/>

</head>
<body style="background-color: #e7ebee">
<div class="container">
    <div>
        <p>You have not yet logged in to the application. Please login to
            continue...</p>
        <a href="/login">Click here to log in!</a>
    </div>

    
</div>
</body>
</html>
    Forwarded URL = null
   Redirected URL = null
          Cookies = []
]]></system-out>
  <system-err><![CDATA[]]></system-err>
</testsuite>
