<?xml version="1.0" encoding="UTF-8"?>
<testsuite name="CSCI5308.GroupFormationTool.GroupFormationToolApplicationTests" tests="1" skipped="0" failures="0" errors="0" timestamp="2020-07-06T19:13:45" hostname="Prabhjots-MacBook-Pro.local" time="0.351">
  <properties/>
  <testcase name="contextLoads()" classname="CSCI5308.GroupFormationTool.GroupFormationToolApplicationTests" time="0.351"/>
  <system-out><![CDATA[16:13:43.141 [Test worker] DEBUG org.springframework.test.context.BootstrapUtils - Instantiating CacheAwareContextLoaderDelegate from class [org.springframework.test.context.cache.DefaultCacheAwareContextLoaderDelegate]
16:13:43.160 [Test worker] DEBUG org.springframework.test.context.BootstrapUtils - Instantiating BootstrapContext using constructor [public org.springframework.test.context.support.DefaultBootstrapContext(java.lang.Class,org.springframework.test.context.CacheAwareContextLoaderDelegate)]
16:13:43.184 [Test worker] DEBUG org.springframework.test.context.BootstrapUtils - Instantiating TestContextBootstrapper for test class [CSCI5308.GroupFormationTool.GroupFormationToolApplicationTests] from class [org.springframework.boot.test.context.SpringBootTestContextBootstrapper]
16:13:43.198 [Test worker] INFO org.springframework.boot.test.context.SpringBootTestContextBootstrapper - Neither @ContextConfiguration nor @ContextHierarchy found for test class [CSCI5308.GroupFormationTool.GroupFormationToolApplicationTests], using SpringBootContextLoader
16:13:43.201 [Test worker] DEBUG org.springframework.test.context.support.AbstractContextLoader - Did not detect default resource location for test class [CSCI5308.GroupFormationTool.GroupFormationToolApplicationTests]: class path resource [CSCI5308/GroupFormationTool/GroupFormationToolApplicationTests-context.xml] does not exist
16:13:43.201 [Test worker] DEBUG org.springframework.test.context.support.AbstractContextLoader - Did not detect default resource location for test class [CSCI5308.GroupFormationTool.GroupFormationToolApplicationTests]: class path resource [CSCI5308/GroupFormationTool/GroupFormationToolApplicationTestsContext.groovy] does not exist
16:13:43.202 [Test worker] INFO org.springframework.test.context.support.AbstractContextLoader - Could not detect default resource locations for test class [CSCI5308.GroupFormationTool.GroupFormationToolApplicationTests]: no resource found for suffixes {-context.xml, Context.groovy}.
16:13:43.202 [Test worker] INFO org.springframework.test.context.support.AnnotationConfigContextLoaderUtils - Could not detect default configuration classes for test class [CSCI5308.GroupFormationTool.GroupFormationToolApplicationTests]: GroupFormationToolApplicationTests does not declare any static, non-private, non-final, nested classes annotated with @Configuration.
16:13:43.237 [Test worker] DEBUG org.springframework.test.context.support.ActiveProfilesUtils - Could not find an 'annotation declaring class' for annotation type [org.springframework.test.context.ActiveProfiles] and class [CSCI5308.GroupFormationTool.GroupFormationToolApplicationTests]
16:13:43.286 [Test worker] DEBUG org.springframework.context.annotation.ClassPathScanningCandidateComponentProvider - Identified candidate component class: file [/Users/prabhjotkaur/git/group22/build/classes/java/main/CSCI5308/GroupFormationTool/GroupFormationToolApplication.class]
16:13:43.287 [Test worker] INFO org.springframework.boot.test.context.SpringBootTestContextBootstrapper - Found @SpringBootConfiguration CSCI5308.GroupFormationTool.GroupFormationToolApplication for test class CSCI5308.GroupFormationTool.GroupFormationToolApplicationTests
16:13:43.354 [Test worker] DEBUG org.springframework.boot.test.context.SpringBootTestContextBootstrapper - @TestExecutionListeners is not present for class [CSCI5308.GroupFormationTool.GroupFormationToolApplicationTests]: using defaults.
16:13:43.354 [Test worker] INFO org.springframework.boot.test.context.SpringBootTestContextBootstrapper - Loaded default TestExecutionListener class names from location [META-INF/spring.factories]: [org.springframework.security.test.context.support.WithSecurityContextTestExecutionListener, org.springframework.security.test.context.support.ReactorContextTestExecutionListener, org.springframework.boot.test.autoconfigure.restdocs.RestDocsTestExecutionListener, org.springframework.boot.test.autoconfigure.web.client.MockRestServiceServerResetTestExecutionListener, org.springframework.boot.test.autoconfigure.web.servlet.MockMvcPrintOnlyOnFailureTestExecutionListener, org.springframework.boot.test.autoconfigure.web.servlet.WebDriverTestExecutionListener, org.springframework.boot.test.mock.mockito.MockitoTestExecutionListener, org.springframework.boot.test.mock.mockito.ResetMocksTestExecutionListener, org.springframework.test.context.web.ServletTestExecutionListener, org.springframework.test.context.support.DirtiesContextBeforeModesTestExecutionListener, org.springframework.test.context.support.DependencyInjectionTestExecutionListener, org.springframework.test.context.support.DirtiesContextTestExecutionListener, org.springframework.test.context.transaction.TransactionalTestExecutionListener, org.springframework.test.context.jdbc.SqlScriptsTestExecutionListener, org.springframework.test.context.event.EventPublishingTestExecutionListener]
16:13:43.367 [Test worker] DEBUG org.springframework.boot.test.context.SpringBootTestContextBootstrapper - Skipping candidate TestExecutionListener [org.springframework.test.context.transaction.TransactionalTestExecutionListener] due to a missing dependency. Specify custom listener classes or make the default listener classes and their required dependencies available. Offending class: [org/springframework/transaction/interceptor/TransactionAttributeSource]
16:13:43.367 [Test worker] DEBUG org.springframework.boot.test.context.SpringBootTestContextBootstrapper - Skipping candidate TestExecutionListener [org.springframework.test.context.jdbc.SqlScriptsTestExecutionListener] due to a missing dependency. Specify custom listener classes or make the default listener classes and their required dependencies available. Offending class: [org/springframework/transaction/interceptor/TransactionAttribute]
16:13:43.367 [Test worker] INFO org.springframework.boot.test.context.SpringBootTestContextBootstrapper - Using TestExecutionListeners: [org.springframework.test.context.web.ServletTestExecutionListener@22327c86, org.springframework.test.context.support.DirtiesContextBeforeModesTestExecutionListener@7bf8a2a3, org.springframework.boot.test.mock.mockito.MockitoTestExecutionListener@50b6ad0e, org.springframework.boot.test.autoconfigure.SpringBootDependencyInjectionTestExecutionListener@22654a02, org.springframework.test.context.support.DirtiesContextTestExecutionListener@1302d484, org.springframework.security.test.context.support.WithSecurityContextTestExecutionListener@2dd191fd, org.springframework.test.context.event.EventPublishingTestExecutionListener@486a8794, org.springframework.security.test.context.support.ReactorContextTestExecutionListener@4057f1c1, org.springframework.boot.test.autoconfigure.restdocs.RestDocsTestExecutionListener@4574bbbb, org.springframework.boot.test.autoconfigure.web.client.MockRestServiceServerResetTestExecutionListener@640b9491, org.springframework.boot.test.autoconfigure.web.servlet.MockMvcPrintOnlyOnFailureTestExecutionListener@78c1e9a3, org.springframework.boot.test.autoconfigure.web.servlet.WebDriverTestExecutionListener@767d683, org.springframework.boot.test.mock.mockito.ResetMocksTestExecutionListener@672e0cb7]
16:13:43.370 [Test worker] DEBUG org.springframework.test.context.support.AbstractDirtiesContextTestExecutionListener - Before test class: context [DefaultTestContext@64b325b1 testClass = GroupFormationToolApplicationTests, testInstance = [null], testMethod = [null], testException = [null], mergedContextConfiguration = [WebMergedContextConfiguration@2fda4a9b testClass = GroupFormationToolApplicationTests, locations = '{}', classes = '{class CSCI5308.GroupFormationTool.GroupFormationToolApplication}', contextInitializerClasses = '[]', activeProfiles = '{}', propertySourceLocations = '{}', propertySourceProperties = '{org.springframework.boot.test.context.SpringBootTestContextBootstrapper=true}', contextCustomizers = set[org.springframework.boot.test.autoconfigure.properties.PropertyMappingContextCustomizer@0, org.springframework.boot.test.autoconfigure.web.servlet.WebDriverContextCustomizerFactory$Customizer@b01185, org.springframework.boot.test.context.filter.ExcludeFilterContextCustomizer@709e681b, org.springframework.boot.test.json.DuplicateJsonObjectContextCustomizerFactory$DuplicateJsonObjectContextCustomizer@24c89b95, org.springframework.boot.test.mock.mockito.MockitoContextCustomizer@0, org.springframework.boot.test.web.client.TestRestTemplateContextCustomizer@340c2a26, org.springframework.boot.test.context.SpringBootTestArgs@1], resourceBasePath = 'src/main/webapp', contextLoader = 'org.springframework.boot.test.context.SpringBootContextLoader', parent = [null]], attributes = map['org.springframework.test.context.web.ServletTestExecutionListener.activateListener' -> true]], class annotated with @DirtiesContext [false] with mode [null].
16:13:43.391 [Test worker] DEBUG org.springframework.test.context.support.TestPropertySourceUtils - Adding inlined properties to environment: {spring.jmx.enabled=false, org.springframework.boot.test.context.SpringBootTestContextBootstrapper=true, server.port=-1}

  .   ____          _            __ _ _
 /\\ / ___'_ __ _ _(_)_ __  __ _ \ \ \ \
( ( )\___ | '_ | '_| | '_ \/ _` | \ \ \ \
 \\/  ___)| |_)| | | | | || (_| |  ) ) ) )
  '  |____| .__|_| |_|_| |_\__, | / / / /
 =========|_|==============|___/=/_/_/_/
 :: Spring Boot ::        (v2.2.7.RELEASE)

2020-07-06 16:13:43.609  INFO 19189 --- [    Test worker] C.G.GroupFormationToolApplicationTests   : Starting GroupFormationToolApplicationTests on Prabhjots-MacBook-Pro.local with PID 19189 (started by prabhjotkaur in /Users/prabhjotkaur/git/group22)
2020-07-06 16:13:43.610  INFO 19189 --- [    Test worker] C.G.GroupFormationToolApplicationTests   : No active profile set, falling back to default profiles: default
2020-07-06 16:13:44.522  INFO 19189 --- [    Test worker] o.s.s.web.DefaultSecurityFilterChain     : Creating filter chain: Ant [pattern='/resources/**'], []
2020-07-06 16:13:44.609  INFO 19189 --- [    Test worker] o.s.s.web.DefaultSecurityFilterChain     : Creating filter chain: any request, [org.springframework.security.web.context.request.async.WebAsyncManagerIntegrationFilter@4ce4a02, org.springframework.security.web.context.SecurityContextPersistenceFilter@330d558b, org.springframework.security.web.header.HeaderWriterFilter@58284d4a, org.springframework.security.web.csrf.CsrfFilter@4f978d5e, org.springframework.security.web.authentication.logout.LogoutFilter@2952f215, org.springframework.security.web.authentication.UsernamePasswordAuthenticationFilter@1438aee7, org.springframework.security.web.savedrequest.RequestCacheAwareFilter@4bc115b0, org.springframework.security.web.servletapi.SecurityContextHolderAwareRequestFilter@5a4347ab, org.springframework.security.web.authentication.AnonymousAuthenticationFilter@38ee4470, org.springframework.security.web.session.SessionManagementFilter@244f05b1, org.springframework.security.web.access.ExceptionTranslationFilter@7bc25e6c, org.springframework.security.web.access.intercept.FilterSecurityInterceptor@351a8045]
2020-07-06 16:13:44.947  INFO 19189 --- [    Test worker] o.s.s.concurrent.ThreadPoolTaskExecutor  : Initializing ExecutorService 'applicationTaskExecutor'
2020-07-06 16:13:45.025  INFO 19189 --- [    Test worker] o.s.b.a.w.s.WelcomePageHandlerMapping    : Adding welcome page template: index
2020-07-06 16:13:45.203  INFO 19189 --- [    Test worker] C.G.GroupFormationToolApplicationTests   : Started GroupFormationToolApplicationTests in 1.802 seconds (JVM running for 2.769)
]]></system-out>
  <system-err><![CDATA[]]></system-err>
</testsuite>
