<?xml version="1.0" encoding="UTF-8"?>
<testsuite name="CSCI5308.GroupFormationTool.Question.QuestionManagerControllerTest" tests="3" skipped="0" failures="0" errors="0" timestamp="2020-07-10T05:03:30" hostname="Prabhjots-MacBook-Pro.local" time="0.041">
  <properties/>
  <testcase name="saveQuestionTest()" classname="CSCI5308.GroupFormationTool.Question.QuestionManagerControllerTest" time="0.027"/>
  <testcase name="deleteQuestionTest()" classname="CSCI5308.GroupFormationTool.Question.QuestionManagerControllerTest" time="0.009"/>
  <testcase name="createQuestionTest()" classname="CSCI5308.GroupFormationTool.Question.QuestionManagerControllerTest" time="0.003"/>
  <system-out><![CDATA[2020-07-10 02:03:29.886  INFO 10909 --- [    Test worker] .b.t.a.w.s.WebMvcTestContextBootstrapper : Neither @ContextConfiguration nor @ContextHierarchy found for test class [CSCI5308.GroupFormationTool.Question.QuestionManagerControllerTest], using SpringBootContextLoader
2020-07-10 02:03:29.886  INFO 10909 --- [    Test worker] o.s.t.c.support.AbstractContextLoader    : Could not detect default resource locations for test class [CSCI5308.GroupFormationTool.Question.QuestionManagerControllerTest]: no resource found for suffixes {-context.xml, Context.groovy}.
2020-07-10 02:03:29.886  INFO 10909 --- [    Test worker] t.c.s.AnnotationConfigContextLoaderUtils : Could not detect default configuration classes for test class [CSCI5308.GroupFormationTool.Question.QuestionManagerControllerTest]: QuestionManagerControllerTest does not declare any static, non-private, non-final, nested classes annotated with @Configuration.
2020-07-10 02:03:29.888  INFO 10909 --- [    Test worker] .b.t.c.SpringBootTestContextBootstrapper : Found @SpringBootConfiguration CSCI5308.GroupFormationTool.GroupFormationToolApplication for test class CSCI5308.GroupFormationTool.Question.QuestionManagerControllerTest
2020-07-10 02:03:29.888  INFO 10909 --- [    Test worker] .b.t.a.w.s.WebMvcTestContextBootstrapper : Loaded default TestExecutionListener class names from location [META-INF/spring.factories]: [org.springframework.security.test.context.support.WithSecurityContextTestExecutionListener, org.springframework.security.test.context.support.ReactorContextTestExecutionListener, org.springframework.boot.test.autoconfigure.restdocs.RestDocsTestExecutionListener, org.springframework.boot.test.autoconfigure.web.client.MockRestServiceServerResetTestExecutionListener, org.springframework.boot.test.autoconfigure.web.servlet.MockMvcPrintOnlyOnFailureTestExecutionListener, org.springframework.boot.test.autoconfigure.web.servlet.WebDriverTestExecutionListener, org.springframework.boot.test.mock.mockito.MockitoTestExecutionListener, org.springframework.boot.test.mock.mockito.ResetMocksTestExecutionListener, org.springframework.test.context.web.ServletTestExecutionListener, org.springframework.test.context.support.DirtiesContextBeforeModesTestExecutionListener, org.springframework.test.context.support.DependencyInjectionTestExecutionListener, org.springframework.test.context.support.DirtiesContextTestExecutionListener, org.springframework.test.context.transaction.TransactionalTestExecutionListener, org.springframework.test.context.jdbc.SqlScriptsTestExecutionListener, org.springframework.test.context.event.EventPublishingTestExecutionListener]
2020-07-10 02:03:29.889  INFO 10909 --- [    Test worker] .b.t.a.w.s.WebMvcTestContextBootstrapper : Using TestExecutionListeners: [org.springframework.test.context.web.ServletTestExecutionListener@bf3dd9, org.springframework.test.context.support.DirtiesContextBeforeModesTestExecutionListener@2e38ccd4, org.springframework.boot.test.mock.mockito.MockitoTestExecutionListener@36759e6, org.springframework.boot.test.autoconfigure.SpringBootDependencyInjectionTestExecutionListener@da38390, org.springframework.test.context.support.DirtiesContextTestExecutionListener@740b2608, org.springframework.security.test.context.support.WithSecurityContextTestExecutionListener@1c3d0a31, org.springframework.test.context.event.EventPublishingTestExecutionListener@25acd839, org.springframework.security.test.context.support.ReactorContextTestExecutionListener@3402701f, org.springframework.boot.test.autoconfigure.restdocs.RestDocsTestExecutionListener@19943bf1, org.springframework.boot.test.autoconfigure.web.client.MockRestServiceServerResetTestExecutionListener@6d8cd670, org.springframework.boot.test.autoconfigure.web.servlet.MockMvcPrintOnlyOnFailureTestExecutionListener@2e22a6e8, org.springframework.boot.test.autoconfigure.web.servlet.WebDriverTestExecutionListener@907b9bb, org.springframework.boot.test.mock.mockito.ResetMocksTestExecutionListener@31f440d9]

  .   ____          _            __ _ _
 /\\ / ___'_ __ _ _(_)_ __  __ _ \ \ \ \
( ( )\___ | '_ | '_| | '_ \/ _` | \ \ \ \
 \\/  ___)| |_)| | | | | || (_| |  ) ) ) )
  '  |____| .__|_| |_|_| |_\__, | / / / /
 =========|_|==============|___/=/_/_/_/
 :: Spring Boot ::        (v2.2.7.RELEASE)

2020-07-10 02:03:29.904  INFO 10909 --- [    Test worker] C.G.Q.QuestionManagerControllerTest      : Starting QuestionManagerControllerTest on Prabhjots-MacBook-Pro.local with PID 10909 (started by prabhjotkaur in /Users/prabhjotkaur/git/group22)
2020-07-10 02:03:29.904  INFO 10909 --- [    Test worker] C.G.Q.QuestionManagerControllerTest      : No active profile set, falling back to default profiles: default
2020-07-10 02:03:30.025  INFO 10909 --- [    Test worker] o.s.s.web.DefaultSecurityFilterChain     : Creating filter chain: Ant [pattern='/resources/**'], []
2020-07-10 02:03:30.069  INFO 10909 --- [    Test worker] o.s.s.web.DefaultSecurityFilterChain     : Creating filter chain: any request, [org.springframework.security.web.context.request.async.WebAsyncManagerIntegrationFilter@18f171e1, org.springframework.security.web.context.SecurityContextPersistenceFilter@1b97ed06, org.springframework.security.web.header.HeaderWriterFilter@12d8098c, org.springframework.security.web.csrf.CsrfFilter@297d564a, org.springframework.security.web.authentication.logout.LogoutFilter@1e7d35d7, org.springframework.security.web.authentication.UsernamePasswordAuthenticationFilter@278c32ad, org.springframework.security.web.savedrequest.RequestCacheAwareFilter@6980e1cb, org.springframework.security.web.servletapi.SecurityContextHolderAwareRequestFilter@3bc6011e, org.springframework.security.web.authentication.AnonymousAuthenticationFilter@5b03877, org.springframework.security.web.session.SessionManagementFilter@581b2f49, org.springframework.security.web.access.ExceptionTranslationFilter@48f74255, org.springframework.security.web.access.intercept.FilterSecurityInterceptor@3c865761]
2020-07-10 02:03:30.132  INFO 10909 --- [    Test worker] o.s.s.concurrent.ThreadPoolTaskExecutor  : Initializing ExecutorService 'applicationTaskExecutor'
2020-07-10 02:03:30.149  INFO 10909 --- [    Test worker] o.s.b.a.w.s.WelcomePageHandlerMapping    : Adding welcome page template: index
2020-07-10 02:03:30.215  INFO 10909 --- [    Test worker] o.s.b.t.m.w.SpringBootMockServletContext : Initializing Spring TestDispatcherServlet ''
2020-07-10 02:03:30.215  INFO 10909 --- [    Test worker] o.s.t.web.servlet.TestDispatcherServlet  : Initializing Servlet ''
2020-07-10 02:03:30.221  INFO 10909 --- [    Test worker] o.s.t.web.servlet.TestDispatcherServlet  : Completed initialization in 6 ms
2020-07-10 02:03:30.228  INFO 10909 --- [    Test worker] C.G.Q.QuestionManagerControllerTest      : Started QuestionManagerControllerTest in 0.337 seconds (JVM running for 8.678)

MockHttpServletRequest:
      HTTP Method = POST
      Request URI = /questionManager/createQuestion
       Parameters = {questionTitle=[Sample title], questionText=[Sample text], questionType=[1], optionText=[], optionValue=[], _csrf=[4014f73c-0fb1-4818-9d11-8cc346f7a09c]}
          Headers = []
             Body = <no character encoding set>
    Session Attrs = {}

Handler:
             Type = CSCI5308.GroupFormationTool.Question.QuestionManagerController
           Method = CSCI5308.GroupFormationTool.Question.QuestionManagerController#saveQuestion(Model, String, String, String, List, List)

Async:
    Async started = false
     Async result = null

Resolved Exception:
             Type = null

ModelAndView:
        View name = redirect:/questionManager/viewQuestion?questionId=5
             View = null
            Model = null

FlashMap:
       Attributes = null

MockHttpServletResponse:
           Status = 302
    Error message = null
          Headers = [Content-Language:"en", X-Content-Type-Options:"nosniff", X-XSS-Protection:"1; mode=block", Cache-Control:"no-cache, no-store, max-age=0, must-revalidate", Pragma:"no-cache", Expires:"0", X-Frame-Options:"DENY", Location:"/questionManager/viewQuestion?questionId=5"]
     Content type = null
             Body = 
    Forwarded URL = null
   Redirected URL = /questionManager/viewQuestion?questionId=5
          Cookies = []

MockHttpServletRequest:
      HTTP Method = POST
      Request URI = /questionManager/createQuestion
       Parameters = {questionTitle=[], questionText=[Sample text], questionType=[1], optionText=[], optionValue=[], _csrf=[c279dac4-210e-4dce-b429-cd555c0ea9b9]}
          Headers = []
             Body = <no character encoding set>
    Session Attrs = {}

Handler:
             Type = CSCI5308.GroupFormationTool.Question.QuestionManagerController
           Method = CSCI5308.GroupFormationTool.Question.QuestionManagerController#saveQuestion(Model, String, String, String, List, List)

Async:
    Async started = false
     Async result = null

Resolved Exception:
             Type = null

ModelAndView:
        View name = question/createQuestion
             View = null
        Attribute = invalidData
            value = One or more fields have invalid/empty data! Please enter and try again

FlashMap:
       Attributes = null

MockHttpServletResponse:
           Status = 200
    Error message = null
          Headers = [Content-Language:"en", Content-Type:"text/html;charset=UTF-8", X-Content-Type-Options:"nosniff", X-XSS-Protection:"1; mode=block", Cache-Control:"no-cache, no-store, max-age=0, must-revalidate", Pragma:"no-cache", Expires:"0", X-Frame-Options:"DENY"]
     Content type = text/html;charset=UTF-8
             Body = <!DOCTYPE html>
<html lang="en" xmlns="http://www.w3.org/1999/xhtml">
<head>
    <meta charset="utf-8"/>
    <meta http-equiv="X-UA-Compatible" content="IE=edge"/>
    <meta name="viewport" content="width=device-width, initial-scale=1"/>

    <link rel="icon" href="favicon.ico"/>
    <title>Instructor Create Question</title>
    <link
            href="//maxcdn.bootstrapcdn.com/bootstrap/3.3.7/css/bootstrap.min.css"
            rel="stylesheet"
            integrity="sha384-BVYiiSIFeK1dGmJRAkycuHAHRg32OmUcww7on3RYdg4Va+PmSTsz/K68vbdEjh4u"
            crossorigin="anonymous"/>

    <style>
	hr {
		margin-top: 2rem;
		margin-bottom: 2rem;
		border-top: 3px solid #2e6da4;
	}
	textarea {
		resize: vertical;
	}
    </style>

</head>
<body style="background-color: #e7ebee">
<div class="container" style="padding: 10px;">
    <div>
        <p>You have not yet logged in to the application. Please login to
            continue...</p>
        <a href="/login">Click here to log in!</a>
    </div>

    
</div>

</body>
<script>
	document
			.getElementById('questionType')
			.addEventListener(
					'change',
					function(e) {
						if (this.value == 2 || this.value == 3) {
							document.getElementById("choices").style.display = "block";
							document.getElementById("addMoreBtn").style.display = "block";
						} else {
							document.getElementById("choices").style.display = "none";
							document.getElementById("addMoreBtn").style.display = "none";
							document.getElementById("addedChoices").innerHTML = '';
							document.getElementById("addedChoices").style.display = "none";
						}
					});

	function showMoreOptions() {
		document.getElementById("addedChoices").style.display = "block";
		document.getElementById("addedChoices").innerHTML += "<br /><div class='row' style='margin-left: -30px'>"
				+ "<div class='col-xs-6' style='width: 35%;'><label for='questionTitle'>Enter the option displayed as"
				+ " here</label> <input type='text' name='optionText'"
				+ "placeholder='Option display text' class='form-control'/>"
				+ "<span class='glyphicon form-control-feedback' aria-hidden='true'></span></div>"
				+ "<div class='col-xs-6' style='width: 35%;'><label for='questionTitle'>Enter the option stored as"
				+ " here</label> <input type='text' name='optionValue'"
				+ "placeholder='Option stored as value' class='form-control'"
				+ " /> <span class='glyphicon form-control-feedback'"
				+ "aria-hidden='true'></span></div></div>";
	}
</script>
</html>

    Forwarded URL = null
   Redirected URL = null
          Cookies = []

MockHttpServletRequest:
      HTTP Method = GET
      Request URI = /questionManager/deleteQuestion
       Parameters = {questionId=[1]}
          Headers = []
             Body = <no character encoding set>
    Session Attrs = {org.springframework.security.web.csrf.HttpSessionCsrfTokenRepository.CSRF_TOKEN=org.springframework.security.web.csrf.DefaultCsrfToken@1971c8b6}

Handler:
             Type = CSCI5308.GroupFormationTool.Question.QuestionManagerController
           Method = CSCI5308.GroupFormationTool.Question.QuestionManagerController#deleteQuestion(long, Model)

Async:
    Async started = false
     Async result = null

Resolved Exception:
             Type = null

ModelAndView:
        View name = question/questionManager
             View = null
        Attribute = successMessage
            value = The question 1 is successfully deleted!
        Attribute = questionList
            value = []

FlashMap:
       Attributes = null

MockHttpServletResponse:
           Status = 200
    Error message = null
          Headers = [Content-Language:"en", Content-Type:"text/html;charset=UTF-8", X-Content-Type-Options:"nosniff", X-XSS-Protection:"1; mode=block", Cache-Control:"no-cache, no-store, max-age=0, must-revalidate", Pragma:"no-cache", Expires:"0", X-Frame-Options:"DENY"]
     Content type = text/html;charset=UTF-8
             Body = <!DOCTYPE html>
<html lang="en" xmlns="http://www.w3.org/1999/xhtml">
<head>
    <meta charset="utf-8"/>
    <meta http-equiv="X-UA-Compatible" content="IE=edge"/>
    <meta name="viewport" content="width=device-width, initial-scale=1"/>
    <link rel="icon" href="favicon.ico"/>
    <title>Instructor Question Manager</title>
    <link
            href="//maxcdn.bootstrapcdn.com/bootstrap/3.3.7/css/bootstrap.min.css"
            rel="stylesheet"
            integrity="sha384-BVYiiSIFeK1dGmJRAkycuHAHRg32OmUcww7on3RYdg4Va+PmSTsz/K68vbdEjh4u"
            crossorigin="anonymous"/>

</head>
<body style="background-color: #e7ebee">
<div class="container">
    <div>
        <p>You have not yet logged in to the application. Please login to
            continue...</p>
        <a href="/login">Click here to log in!</a>
    </div>

    
</div>
</body>
</html>
    Forwarded URL = null
   Redirected URL = null
          Cookies = []

MockHttpServletRequest:
      HTTP Method = GET
      Request URI = /questionManager/deleteQuestion
       Parameters = {questionId=[1]}
          Headers = []
             Body = <no character encoding set>
    Session Attrs = {org.springframework.security.web.csrf.HttpSessionCsrfTokenRepository.CSRF_TOKEN=org.springframework.security.web.csrf.DefaultCsrfToken@647ce093}

Handler:
             Type = CSCI5308.GroupFormationTool.Question.QuestionManagerController
           Method = CSCI5308.GroupFormationTool.Question.QuestionManagerController#deleteQuestion(long, Model)

Async:
    Async started = false
     Async result = null

Resolved Exception:
             Type = null

ModelAndView:
        View name = question/questionManager
             View = null
        Attribute = failureMessage
            value = The question can not not be deleted.
        Attribute = questionList
            value = []

FlashMap:
       Attributes = null

MockHttpServletResponse:
           Status = 200
    Error message = null
          Headers = [Content-Language:"en", Content-Type:"text/html;charset=UTF-8", X-Content-Type-Options:"nosniff", X-XSS-Protection:"1; mode=block", Cache-Control:"no-cache, no-store, max-age=0, must-revalidate", Pragma:"no-cache", Expires:"0", X-Frame-Options:"DENY"]
     Content type = text/html;charset=UTF-8
             Body = <!DOCTYPE html>
<html lang="en" xmlns="http://www.w3.org/1999/xhtml">
<head>
    <meta charset="utf-8"/>
    <meta http-equiv="X-UA-Compatible" content="IE=edge"/>
    <meta name="viewport" content="width=device-width, initial-scale=1"/>
    <link rel="icon" href="favicon.ico"/>
    <title>Instructor Question Manager</title>
    <link
            href="//maxcdn.bootstrapcdn.com/bootstrap/3.3.7/css/bootstrap.min.css"
            rel="stylesheet"
            integrity="sha384-BVYiiSIFeK1dGmJRAkycuHAHRg32OmUcww7on3RYdg4Va+PmSTsz/K68vbdEjh4u"
            crossorigin="anonymous"/>

</head>
<body style="background-color: #e7ebee">
<div class="container">
    <div>
        <p>You have not yet logged in to the application. Please login to
            continue...</p>
        <a href="/login">Click here to log in!</a>
    </div>

    
</div>
</body>
</html>
    Forwarded URL = null
   Redirected URL = null
          Cookies = []

MockHttpServletRequest:
      HTTP Method = GET
      Request URI = /questionManager/createQuestion
       Parameters = {}
          Headers = []
             Body = <no character encoding set>
    Session Attrs = {org.springframework.security.web.csrf.HttpSessionCsrfTokenRepository.CSRF_TOKEN=org.springframework.security.web.csrf.DefaultCsrfToken@65ef50f2}

Handler:
             Type = CSCI5308.GroupFormationTool.Question.QuestionManagerController
           Method = CSCI5308.GroupFormationTool.Question.QuestionManagerController#createQuestion(Model)

Async:
    Async started = false
     Async result = null

Resolved Exception:
             Type = null

ModelAndView:
        View name = question/createQuestion
             View = null
            Model = null

FlashMap:
       Attributes = null

MockHttpServletResponse:
           Status = 200
    Error message = null
          Headers = [Content-Language:"en", Content-Type:"text/html;charset=UTF-8", X-Content-Type-Options:"nosniff", X-XSS-Protection:"1; mode=block", Cache-Control:"no-cache, no-store, max-age=0, must-revalidate", Pragma:"no-cache", Expires:"0", X-Frame-Options:"DENY"]
     Content type = text/html;charset=UTF-8
             Body = <!DOCTYPE html>
<html lang="en" xmlns="http://www.w3.org/1999/xhtml">
<head>
    <meta charset="utf-8"/>
    <meta http-equiv="X-UA-Compatible" content="IE=edge"/>
    <meta name="viewport" content="width=device-width, initial-scale=1"/>

    <link rel="icon" href="favicon.ico"/>
    <title>Instructor Create Question</title>
    <link
            href="//maxcdn.bootstrapcdn.com/bootstrap/3.3.7/css/bootstrap.min.css"
            rel="stylesheet"
            integrity="sha384-BVYiiSIFeK1dGmJRAkycuHAHRg32OmUcww7on3RYdg4Va+PmSTsz/K68vbdEjh4u"
            crossorigin="anonymous"/>

    <style>
	hr {
		margin-top: 2rem;
		margin-bottom: 2rem;
		border-top: 3px solid #2e6da4;
	}
	textarea {
		resize: vertical;
	}
    </style>

</head>
<body style="background-color: #e7ebee">
<div class="container" style="padding: 10px;">
    <div>
        <p>You have not yet logged in to the application. Please login to
            continue...</p>
        <a href="/login">Click here to log in!</a>
    </div>

    
</div>

</body>
<script>
	document
			.getElementById('questionType')
			.addEventListener(
					'change',
					function(e) {
						if (this.value == 2 || this.value == 3) {
							document.getElementById("choices").style.display = "block";
							document.getElementById("addMoreBtn").style.display = "block";
						} else {
							document.getElementById("choices").style.display = "none";
							document.getElementById("addMoreBtn").style.display = "none";
							document.getElementById("addedChoices").innerHTML = '';
							document.getElementById("addedChoices").style.display = "none";
						}
					});

	function showMoreOptions() {
		document.getElementById("addedChoices").style.display = "block";
		document.getElementById("addedChoices").innerHTML += "<br /><div class='row' style='margin-left: -30px'>"
				+ "<div class='col-xs-6' style='width: 35%;'><label for='questionTitle'>Enter the option displayed as"
				+ " here</label> <input type='text' name='optionText'"
				+ "placeholder='Option display text' class='form-control'/>"
				+ "<span class='glyphicon form-control-feedback' aria-hidden='true'></span></div>"
				+ "<div class='col-xs-6' style='width: 35%;'><label for='questionTitle'>Enter the option stored as"
				+ " here</label> <input type='text' name='optionValue'"
				+ "placeholder='Option stored as value' class='form-control'"
				+ " /> <span class='glyphicon form-control-feedback'"
				+ "aria-hidden='true'></span></div></div>";
	}
</script>
</html>

    Forwarded URL = null
   Redirected URL = null
          Cookies = []
]]></system-out>
  <system-err><![CDATA[]]></system-err>
</testsuite>
