<?xml version="1.0" encoding="UTF-8"?>
<testsuite name="CSCI5308.GroupFormationTool.Question.QuestionAdminRepositoryTest" tests="4" skipped="0" failures="0" errors="0" timestamp="2020-07-10T05:03:29" hostname="Prabhjots-MacBook-Pro.local" time="0.007">
  <properties/>
  <testcase name="getQuestionListForInstructorTest()" classname="CSCI5308.GroupFormationTool.Question.QuestionAdminRepositoryTest" time="0.001"/>
  <testcase name="getSortedQuestionListForInstructorTest()" classname="CSCI5308.GroupFormationTool.Question.QuestionAdminRepositoryTest" time="0.002"/>
  <testcase name="getQuestionByIdTest()" classname="CSCI5308.GroupFormationTool.Question.QuestionAdminRepositoryTest" time="0.001"/>
  <testcase name="getOptionsForTheQuestionTest()" classname="CSCI5308.GroupFormationTool.Question.QuestionAdminRepositoryTest" time="0.002"/>
  <system-out><![CDATA[2020-07-10 02:03:29.874  INFO 10909 --- [    Test worker] .b.t.c.SpringBootTestContextBootstrapper : Neither @ContextConfiguration nor @ContextHierarchy found for test class [CSCI5308.GroupFormationTool.Question.QuestionAdminRepositoryTest], using SpringBootContextLoader
2020-07-10 02:03:29.875  INFO 10909 --- [    Test worker] o.s.t.c.support.AbstractContextLoader    : Could not detect default resource locations for test class [CSCI5308.GroupFormationTool.Question.QuestionAdminRepositoryTest]: no resource found for suffixes {-context.xml, Context.groovy}.
2020-07-10 02:03:29.875  INFO 10909 --- [    Test worker] t.c.s.AnnotationConfigContextLoaderUtils : Could not detect default configuration classes for test class [CSCI5308.GroupFormationTool.Question.QuestionAdminRepositoryTest]: QuestionAdminRepositoryTest does not declare any static, non-private, non-final, nested classes annotated with @Configuration.
2020-07-10 02:03:29.876  INFO 10909 --- [    Test worker] .b.t.c.SpringBootTestContextBootstrapper : Found @SpringBootConfiguration CSCI5308.GroupFormationTool.GroupFormationToolApplication for test class CSCI5308.GroupFormationTool.Question.QuestionAdminRepositoryTest
2020-07-10 02:03:29.876  INFO 10909 --- [    Test worker] .b.t.c.SpringBootTestContextBootstrapper : Loaded default TestExecutionListener class names from location [META-INF/spring.factories]: [org.springframework.security.test.context.support.WithSecurityContextTestExecutionListener, org.springframework.security.test.context.support.ReactorContextTestExecutionListener, org.springframework.boot.test.autoconfigure.restdocs.RestDocsTestExecutionListener, org.springframework.boot.test.autoconfigure.web.client.MockRestServiceServerResetTestExecutionListener, org.springframework.boot.test.autoconfigure.web.servlet.MockMvcPrintOnlyOnFailureTestExecutionListener, org.springframework.boot.test.autoconfigure.web.servlet.WebDriverTestExecutionListener, org.springframework.boot.test.mock.mockito.MockitoTestExecutionListener, org.springframework.boot.test.mock.mockito.ResetMocksTestExecutionListener, org.springframework.test.context.web.ServletTestExecutionListener, org.springframework.test.context.support.DirtiesContextBeforeModesTestExecutionListener, org.springframework.test.context.support.DependencyInjectionTestExecutionListener, org.springframework.test.context.support.DirtiesContextTestExecutionListener, org.springframework.test.context.transaction.TransactionalTestExecutionListener, org.springframework.test.context.jdbc.SqlScriptsTestExecutionListener, org.springframework.test.context.event.EventPublishingTestExecutionListener]
2020-07-10 02:03:29.877  INFO 10909 --- [    Test worker] .b.t.c.SpringBootTestContextBootstrapper : Using TestExecutionListeners: [org.springframework.test.context.web.ServletTestExecutionListener@9ee4caa, org.springframework.test.context.support.DirtiesContextBeforeModesTestExecutionListener@503cdb7a, org.springframework.boot.test.mock.mockito.MockitoTestExecutionListener@41fd713f, org.springframework.boot.test.autoconfigure.SpringBootDependencyInjectionTestExecutionListener@1581a276, org.springframework.test.context.support.DirtiesContextTestExecutionListener@6e713770, org.springframework.security.test.context.support.WithSecurityContextTestExecutionListener@5820d6cf, org.springframework.test.context.event.EventPublishingTestExecutionListener@727e307d, org.springframework.security.test.context.support.ReactorContextTestExecutionListener@6af4ae56, org.springframework.boot.test.autoconfigure.restdocs.RestDocsTestExecutionListener@dd9cecf, org.springframework.boot.test.autoconfigure.web.client.MockRestServiceServerResetTestExecutionListener@5391f715, org.springframework.boot.test.autoconfigure.web.servlet.MockMvcPrintOnlyOnFailureTestExecutionListener@506fc8c2, org.springframework.boot.test.autoconfigure.web.servlet.WebDriverTestExecutionListener@1fa64a87, org.springframework.boot.test.mock.mockito.ResetMocksTestExecutionListener@5cca400a]
]]></system-out>
  <system-err><![CDATA[]]></system-err>
</testsuite>
