<?xml version="1.0" encoding="UTF-8"?>
<testsuite name="CSCI5308.GroupFormationTool.Course.CourseTest" tests="12" skipped="0" failures="0" errors="0" timestamp="2020-07-16T20:11:29" hostname="Prabhjots-MacBook-Pro.local" time="0.05">
  <properties/>
  <testcase name="getAllCoursesTest()" classname="CSCI5308.GroupFormationTool.Course.CourseTest" time="0.022"/>
  <testcase name="getCreditsTest()" classname="CSCI5308.GroupFormationTool.Course.CourseTest" time="0.002"/>
  <testcase name="setNameTest()" classname="CSCI5308.GroupFormationTool.Course.CourseTest" time="0.002"/>
  <testcase name="getNameTest()" classname="CSCI5308.GroupFormationTool.Course.CourseTest" time="0.002"/>
  <testcase name="createCourseTest()" classname="CSCI5308.GroupFormationTool.Course.CourseTest" time="0.004"/>
  <testcase name="getCourseByIdTest()" classname="CSCI5308.GroupFormationTool.Course.CourseTest" time="0.004"/>
  <testcase name="setIdTest()" classname="CSCI5308.GroupFormationTool.Course.CourseTest" time="0.001"/>
  <testcase name="getIdTest()" classname="CSCI5308.GroupFormationTool.Course.CourseTest" time="0.002"/>
  <testcase name="getDescriptionTest()" classname="CSCI5308.GroupFormationTool.Course.CourseTest" time="0.001"/>
  <testcase name="deleteCourseTest()" classname="CSCI5308.GroupFormationTool.Course.CourseTest" time="0.003"/>
  <testcase name="setDescriptionTest()" classname="CSCI5308.GroupFormationTool.Course.CourseTest" time="0.001"/>
  <testcase name="setCreditsTest()" classname="CSCI5308.GroupFormationTool.Course.CourseTest" time="0.001"/>
  <system-out><![CDATA[2020-07-16 17:11:29.637  INFO 42868 --- [    Test worker] C.GroupFormationTool.Course.Course       : Calling the courseRepository function to get all courses
2020-07-16 17:11:29.638  INFO 42868 --- [    Test worker] C.GroupFormationTool.Course.Course       : Calling the courseRepository function to get all courses
2020-07-16 17:11:29.638  INFO 42868 --- [    Test worker] C.GroupFormationTool.Course.Course       : Calling the courseRepository function to get all courses
2020-07-16 17:11:29.639  INFO 42868 --- [    Test worker] C.GroupFormationTool.Course.Course       : Calling the courseRepository function to get all courses
2020-07-16 17:11:29.650  INFO 42868 --- [    Test worker] C.GroupFormationTool.Course.Course       : Creating a new course and storing it in the database
2020-07-16 17:11:29.651  INFO 42868 --- [    Test worker] C.GroupFormationTool.Course.Course       : Creating a new course and storing it in the database
2020-07-16 17:11:29.654  INFO 42868 --- [    Test worker] C.GroupFormationTool.Course.Course       : Calling the courseRepository function to get courses details by course id: CSCI 5000
2020-07-16 17:11:29.654  INFO 42868 --- [    Test worker] C.GroupFormationTool.Course.Course       : Calling the courseRepository function to get courses details by course id: CSCI 5000
2020-07-16 17:11:29.655  INFO 42868 --- [    Test worker] C.GroupFormationTool.Course.Course       : Calling the courseRepository function to get courses details by course id: CSCI 9182
2020-07-16 17:11:29.655  INFO 42868 --- [    Test worker] C.GroupFormationTool.Course.Course       : Calling the courseRepository function to get courses details by course id: CSCI 9182
2020-07-16 17:11:29.662  INFO 42868 --- [    Test worker] C.GroupFormationTool.Course.Course       : Calling the deleteCourse repository function to delete the courseCSCI 5100from the Database
2020-07-16 17:11:29.663  INFO 42868 --- [    Test worker] C.GroupFormationTool.Course.Course       : Calling the deleteCourse repository function to delete the courseCSCI 3220from the Database
]]></system-out>
  <system-err><![CDATA[]]></system-err>
</testsuite>
