<?xml version="1.0" encoding="UTF-8"?>
<testsuite name="CSCI5308.GroupFormationTool.Model.UserCoursesTest" tests="10" skipped="0" failures="0" errors="0" timestamp="2020-06-04T21:50:08" hostname="Prabhjots-MacBook-Pro.local" time="0.018">
  <properties/>
  <testcase name="getCourseIdTest()" classname="CSCI5308.GroupFormationTool.Model.UserCoursesTest" time="0.002"/>
  <testcase name="setBannerIdTest()" classname="CSCI5308.GroupFormationTool.Model.UserCoursesTest" time="0.001"/>
  <testcase name="setCourseDescriptionTest()" classname="CSCI5308.GroupFormationTool.Model.UserCoursesTest" time="0.001"/>
  <testcase name="setCourseNameTest()" classname="CSCI5308.GroupFormationTool.Model.UserCoursesTest" time="0.001"/>
  <testcase name="setIdTest()" classname="CSCI5308.GroupFormationTool.Model.UserCoursesTest" time="0.001"/>
  <testcase name="getCourseDescriptionTest()" classname="CSCI5308.GroupFormationTool.Model.UserCoursesTest" time="0.002"/>
  <testcase name="getUserRoleTest()" classname="CSCI5308.GroupFormationTool.Model.UserCoursesTest" time="0.001"/>
  <testcase name="getCourseNameTest()" classname="CSCI5308.GroupFormationTool.Model.UserCoursesTest" time="0.001"/>
  <testcase name="setUserRoleTest()" classname="CSCI5308.GroupFormationTool.Model.UserCoursesTest" time="0.001"/>
  <testcase name="getBannerIdTest()" classname="CSCI5308.GroupFormationTool.Model.UserCoursesTest" time="0.001"/>
  <system-out><![CDATA[2020-06-04 18:50:08.096  INFO 36983 --- [    Test worker] .b.t.c.SpringBootTestContextBootstrapper : Neither @ContextConfiguration nor @ContextHierarchy found for test class [CSCI5308.GroupFormationTool.Model.UserCoursesTest], using SpringBootContextLoader
2020-06-04 18:50:08.097  INFO 36983 --- [    Test worker] o.s.t.c.support.AbstractContextLoader    : Could not detect default resource locations for test class [CSCI5308.GroupFormationTool.Model.UserCoursesTest]: no resource found for suffixes {-context.xml, Context.groovy}.
2020-06-04 18:50:08.097  INFO 36983 --- [    Test worker] t.c.s.AnnotationConfigContextLoaderUtils : Could not detect default configuration classes for test class [CSCI5308.GroupFormationTool.Model.UserCoursesTest]: UserCoursesTest does not declare any static, non-private, non-final, nested classes annotated with @Configuration.
2020-06-04 18:50:08.101  INFO 36983 --- [    Test worker] .b.t.c.SpringBootTestContextBootstrapper : Found @SpringBootConfiguration CSCI5308.GroupFormationTool.GroupFormationToolApplication for test class CSCI5308.GroupFormationTool.Model.UserCoursesTest
2020-06-04 18:50:08.102  INFO 36983 --- [    Test worker] .b.t.c.SpringBootTestContextBootstrapper : Loaded default TestExecutionListener class names from location [META-INF/spring.factories]: [org.springframework.security.test.context.support.WithSecurityContextTestExecutionListener, org.springframework.security.test.context.support.ReactorContextTestExecutionListener, org.springframework.boot.test.autoconfigure.restdocs.RestDocsTestExecutionListener, org.springframework.boot.test.autoconfigure.web.client.MockRestServiceServerResetTestExecutionListener, org.springframework.boot.test.autoconfigure.web.servlet.MockMvcPrintOnlyOnFailureTestExecutionListener, org.springframework.boot.test.autoconfigure.web.servlet.WebDriverTestExecutionListener, org.springframework.boot.test.mock.mockito.MockitoTestExecutionListener, org.springframework.boot.test.mock.mockito.ResetMocksTestExecutionListener, org.springframework.test.context.web.ServletTestExecutionListener, org.springframework.test.context.support.DirtiesContextBeforeModesTestExecutionListener, org.springframework.test.context.support.DependencyInjectionTestExecutionListener, org.springframework.test.context.support.DirtiesContextTestExecutionListener, org.springframework.test.context.transaction.TransactionalTestExecutionListener, org.springframework.test.context.jdbc.SqlScriptsTestExecutionListener, org.springframework.test.context.event.EventPublishingTestExecutionListener]
2020-06-04 18:50:08.106  INFO 36983 --- [    Test worker] .b.t.c.SpringBootTestContextBootstrapper : Using TestExecutionListeners: [org.springframework.test.context.web.ServletTestExecutionListener@1a70bac6, org.springframework.test.context.support.DirtiesContextBeforeModesTestExecutionListener@4f068e81, org.springframework.boot.test.mock.mockito.MockitoTestExecutionListener@21cd0124, org.springframework.boot.test.autoconfigure.SpringBootDependencyInjectionTestExecutionListener@1a35a7cd, org.springframework.test.context.support.DirtiesContextTestExecutionListener@50c98c7, org.springframework.security.test.context.support.WithSecurityContextTestExecutionListener@7e056c61, org.springframework.test.context.event.EventPublishingTestExecutionListener@370886a4, org.springframework.security.test.context.support.ReactorContextTestExecutionListener@345447, org.springframework.boot.test.autoconfigure.restdocs.RestDocsTestExecutionListener@619f2e26, org.springframework.boot.test.autoconfigure.web.client.MockRestServiceServerResetTestExecutionListener@34ac3010, org.springframework.boot.test.autoconfigure.web.servlet.MockMvcPrintOnlyOnFailureTestExecutionListener@4762bd87, org.springframework.boot.test.autoconfigure.web.servlet.WebDriverTestExecutionListener@65d64f40, org.springframework.boot.test.mock.mockito.ResetMocksTestExecutionListener@7d20b3c2]
]]></system-out>
  <system-err><![CDATA[]]></system-err>
</testsuite>
